<?xml version="1.0" encoding="UTF-8"?>
<testsuite name="tests.WebQuizEngineTest" tests="1" skipped="0" failures="0" errors="0" timestamp="2021-05-11T19:55:29" hostname="Air-Petr" time="38.405">
  <properties/>
  <testcase name="start" classname="tests.WebQuizEngineTest" time="38.405"/>
  <system-out><![CDATA[?[1;31m
Start test 1?[0m

  .   ____          _            __ _ _
 /\\ / ___'_ __ _ _(_)_ __  __ _ \ \ \ \
( ( )\___ | '_ | '_| | '_ \/ _` | \ \ \ \
 \\/  ___)| |_)| | | | | || (_| |  ) ) ) )
  '  |____| .__|_| |_|_| |_\__, | / / / /
 =========|_|==============|___/=/_/_/_/
 :: Spring Boot ::        (v2.2.2.RELEASE)

2021-05-11 22:55:30.553  INFO 2142 --- [    Test worker] engine.WebQuizEngine                     : Starting WebQuizEngine on Air-Petr with PID 2142 (started by petrkireev in /Users/petrkireev/IdeaProjects/Web Quiz Engine/Web Quiz Engine/task)
2021-05-11 22:55:30.559  INFO 2142 --- [    Test worker] engine.WebQuizEngine                     : No active profile set, falling back to default profiles: default
2021-05-11 22:55:32.640  INFO 2142 --- [    Test worker] .s.d.r.c.RepositoryConfigurationDelegate : Bootstrapping Spring Data JPA repositories in DEFAULT mode.
2021-05-11 22:55:32.769  INFO 2142 --- [    Test worker] .s.d.r.c.RepositoryConfigurationDelegate : Finished Spring Data repository scanning in 106ms. Found 4 JPA repository interfaces.
2021-05-11 22:55:33.511  INFO 2142 --- [    Test worker] trationDelegate$BeanPostProcessorChecker : Bean 'org.springframework.transaction.annotation.ProxyTransactionManagementConfiguration' of type [org.springframework.transaction.annotation.ProxyTransactionManagementConfiguration] is not eligible for getting processed by all BeanPostProcessors (for example: not eligible for auto-proxying)
2021-05-11 22:55:33.997  INFO 2142 --- [    Test worker] o.s.b.w.embedded.tomcat.TomcatWebServer  : Tomcat initialized with port(s): 8889 (http)
2021-05-11 22:55:34.021  INFO 2142 --- [    Test worker] o.apache.catalina.core.StandardService   : Starting service [Tomcat]
2021-05-11 22:55:34.022  INFO 2142 --- [    Test worker] org.apache.catalina.core.StandardEngine  : Starting Servlet engine: [Apache Tomcat/9.0.29]
2021-05-11 22:55:34.238  INFO 2142 --- [    Test worker] o.a.c.c.C.[Tomcat].[localhost].[/]       : Initializing Spring embedded WebApplicationContext
2021-05-11 22:55:34.239  INFO 2142 --- [    Test worker] o.s.web.context.ContextLoader            : Root WebApplicationContext: initialization completed in 3561 ms
2021-05-11 22:55:34.476  INFO 2142 --- [    Test worker] com.zaxxer.hikari.HikariDataSource       : HikariPool-1 - Starting...
2021-05-11 22:55:34.925  INFO 2142 --- [    Test worker] com.zaxxer.hikari.HikariDataSource       : HikariPool-1 - Start completed.
2021-05-11 22:55:34.939  INFO 2142 --- [    Test worker] o.s.b.a.h2.H2ConsoleAutoConfiguration    : H2 console available at '/h2-console'. Database available at 'jdbc:h2:file:../quizdb'
2021-05-11 22:55:35.410  INFO 2142 --- [    Test worker] o.hibernate.jpa.internal.util.LogHelper  : HHH000204: Processing PersistenceUnitInfo [name: default]
2021-05-11 22:55:35.648  INFO 2142 --- [    Test worker] org.hibernate.Version                    : HHH000412: Hibernate Core {5.4.9.Final}
2021-05-11 22:55:36.087  INFO 2142 --- [    Test worker] o.hibernate.annotations.common.Version   : HCANN000001: Hibernate Commons Annotations {5.1.0.Final}
2021-05-11 22:55:36.382  INFO 2142 --- [    Test worker] org.hibernate.dialect.Dialect            : HHH000400: Using dialect: org.hibernate.dialect.H2Dialect
Hibernate: create table quizzes (id integer not null, answer binary(255), creator varchar(255), options binary(255) not null, text varchar(255), title varchar(255), primary key (id))
Hibernate: create table roles (id integer not null, name varchar(255), primary key (id))
Hibernate: create table solved_quizzes (record_id integer not null, completed_at timestamp, id integer not null, user varchar(255), primary key (record_id))
Hibernate: create table users (id integer not null, email varchar(255), password varchar(255) not null, primary key (id))
Hibernate: create table users_roles (user_id integer not null, roles_id integer not null, primary key (user_id, roles_id))
Hibernate: create sequence hibernate_sequence start with 1 increment by 1
Hibernate: alter table users_roles add constraint FKa62j07k5mhgifpp955h37ponj foreign key (roles_id) references roles
Hibernate: alter table users_roles add constraint FK2o0jvgh89lemvvo17cbqvdxaa foreign key (user_id) references users
2021-05-11 22:55:38.190  INFO 2142 --- [    Test worker] o.h.e.t.j.p.i.JtaPlatformInitiator       : HHH000490: Using JtaPlatform implementation: [org.hibernate.engine.transaction.jta.platform.internal.NoJtaPlatform]
2021-05-11 22:55:38.205  INFO 2142 --- [    Test worker] j.LocalContainerEntityManagerFactoryBean : Initialized JPA EntityManagerFactory for persistence unit 'default'
2021-05-11 22:55:39.046  WARN 2142 --- [    Test worker] JpaBaseConfiguration$JpaWebConfiguration : spring.jpa.open-in-view is enabled by default. Therefore, database queries may be performed during view rendering. Explicitly configure spring.jpa.open-in-view to disable this warning
2021-05-11 22:55:39.502  INFO 2142 --- [    Test worker] o.s.s.web.DefaultSecurityFilterChain     : Creating filter chain: any request, [org.springframework.security.web.context.request.async.WebAsyncManagerIntegrationFilter@3374910f, org.springframework.security.web.context.SecurityContextPersistenceFilter@2a35f0f5, org.springframework.security.web.header.HeaderWriterFilter@604c1ec1, org.springframework.security.web.authentication.logout.LogoutFilter@452bae63, org.springframework.security.web.authentication.www.BasicAuthenticationFilter@42026b78, org.springframework.security.web.savedrequest.RequestCacheAwareFilter@43e0a657, org.springframework.security.web.servletapi.SecurityContextHolderAwareRequestFilter@2a35ea53, org.springframework.security.web.authentication.AnonymousAuthenticationFilter@673e5bcc, org.springframework.security.web.access.ExceptionTranslationFilter@572771b7, org.springframework.security.web.access.intercept.FilterSecurityInterceptor@748dcf80]
2021-05-11 22:55:39.727  INFO 2142 --- [    Test worker] o.s.s.concurrent.ThreadPoolTaskExecutor  : Initializing ExecutorService 'applicationTaskExecutor'
2021-05-11 22:55:40.206  INFO 2142 --- [    Test worker] o.s.b.a.e.web.EndpointLinksResolver      : Exposing 14 endpoint(s) beneath base path '/actuator'
2021-05-11 22:55:40.316  INFO 2142 --- [    Test worker] o.s.b.w.embedded.tomcat.TomcatWebServer  : Tomcat started on port(s): 8889 (http) with context path ''
2021-05-11 22:55:40.322  INFO 2142 --- [    Test worker] engine.WebQuizEngine                     : Started WebQuizEngine in 10.495 seconds (JVM running for 11.984)
2021-05-11 22:55:41.085  INFO 2142 --- [nio-8889-exec-1] o.a.c.c.C.[Tomcat].[localhost].[/]       : Initializing Spring DispatcherServlet 'dispatcherServlet'
2021-05-11 22:55:41.086  INFO 2142 --- [nio-8889-exec-1] o.s.web.servlet.DispatcherServlet        : Initializing Servlet 'dispatcherServlet'
2021-05-11 22:55:41.103  INFO 2142 --- [nio-8889-exec-1] o.s.web.servlet.DispatcherServlet        : Completed initialization in 16 ms
Hibernate: select user0_.id as id1_3_, user0_.email as email2_3_, user0_.password as password3_3_ from users user0_ where user0_.email=?
Hibernate: call next value for hibernate_sequence
Hibernate: insert into roles (name, id) values (?, ?)
Hibernate: call next value for hibernate_sequence
Hibernate: insert into users (email, password, id) values (?, ?, ?)
Hibernate: insert into users_roles (user_id, roles_id) values (?, ?)
?[1;31m
Start test 2?[0m
Hibernate: select user0_.id as id1_3_, user0_.email as email2_3_, user0_.password as password3_3_ from users user0_ where user0_.email=?
Hibernate: call next value for hibernate_sequence
Hibernate: insert into roles (name, id) values (?, ?)
Hibernate: call next value for hibernate_sequence
Hibernate: insert into users (email, password, id) values (?, ?, ?)
Hibernate: insert into users_roles (user_id, roles_id) values (?, ?)
?[1;31m
Start test 3?[0m
2021-05-11 22:55:42.190  WARN 2142 --- [nio-8889-exec-3] .w.s.m.s.DefaultHandlerExceptionResolver : Resolved [org.springframework.web.bind.MethodArgumentNotValidException: Validation failed for argument [0] in public void engine.QuizController.createUser(engine.User): [Field error in object 'user' on field 'email': rejected value [google.com]; codes [Pattern.user.email,Pattern.email,Pattern.java.lang.String,Pattern]; arguments [org.springframework.context.support.DefaultMessageSourceResolvable: codes [user.email,email]; arguments []; default message [email],[Ljavax.validation.constraints.Pattern$Flag;@1b434f90,\w+@\w+\.\w+]; default message [must match "\w+@\w+\.\w+"]] ]
?[1;31m
Start test 4?[0m
2021-05-11 22:55:42.317  WARN 2142 --- [nio-8889-exec-4] .w.s.m.s.DefaultHandlerExceptionResolver : Resolved [org.springframework.web.bind.MethodArgumentNotValidException: Validation failed for argument [0] in public void engine.QuizController.createUser(engine.User): [Field error in object 'user' on field 'email': rejected value [well@googlecom]; codes [Pattern.user.email,Pattern.email,Pattern.java.lang.String,Pattern]; arguments [org.springframework.context.support.DefaultMessageSourceResolvable: codes [user.email,email]; arguments []; default message [email],[Ljavax.validation.constraints.Pattern$Flag;@1b434f90,\w+@\w+\.\w+]; default message [must match "\w+@\w+\.\w+"]] ]
?[1;31m
Start test 5?[0m
Hibernate: select user0_.id as id1_3_, user0_.email as email2_3_, user0_.password as password3_3_ from users user0_ where user0_.email=?
Hibernate: select roles0_.user_id as user_id1_4_0_, roles0_.roles_id as roles_id2_4_0_, role1_.id as id1_1_1_, role1_.name as name2_1_1_ from users_roles roles0_ inner join roles role1_ on roles0_.roles_id=role1_.id where roles0_.user_id=?
?[1;31m
Start test 6?[0m
2021-05-11 22:55:42.391  WARN 2142 --- [nio-8889-exec-6] .w.s.m.s.DefaultHandlerExceptionResolver : Resolved [org.springframework.web.bind.MethodArgumentNotValidException: Validation failed for argument [0] in public void engine.QuizController.createUser(engine.User): [Field error in object 'user' on field 'password': rejected value [1234]; codes [Size.user.password,Size.password,Size.java.lang.String,Size]; arguments [org.springframework.context.support.DefaultMessageSourceResolvable: codes [user.password,password]; arguments []; default message [password],2147483647,5]; default message [size must be between 5 and 2147483647]] ]
?[1;31m
Start test 7?[0m
2021-05-11 22:55:42.403  WARN 2142 --- [nio-8889-exec-7] .w.s.m.s.DefaultHandlerExceptionResolver : Resolved [org.springframework.web.bind.MethodArgumentNotValidException: Validation failed for argument [0] in public void engine.QuizController.createUser(engine.User): [Field error in object 'user' on field 'password': rejected value [123]; codes [Size.user.password,Size.password,Size.java.lang.String,Size]; arguments [org.springframework.context.support.DefaultMessageSourceResolvable: codes [user.password,password]; arguments []; default message [password],2147483647,5]; default message [size must be between 5 and 2147483647]] ]
?[1;31m
Start test 8?[0m
Hibernate: select user0_.id as id1_3_, user0_.email as email2_3_, user0_.password as password3_3_ from users user0_ where user0_.email=?
Hibernate: select roles0_.user_id as user_id1_4_0_, roles0_.roles_id as roles_id2_4_0_, role1_.id as id1_1_1_, role1_.name as name2_1_1_ from users_roles roles0_ inner join roles role1_ on roles0_.roles_id=role1_.id where roles0_.user_id=?
Hibernate: select quiz0_.id as id1_0_, quiz0_.answer as answer2_0_, quiz0_.creator as creator3_0_, quiz0_.options as options4_0_, quiz0_.text as text5_0_, quiz0_.title as title6_0_ from quizzes quiz0_ limit ?
?[1;31m
Start test 9?[0m
Hibernate: select user0_.id as id1_3_, user0_.email as email2_3_, user0_.password as password3_3_ from users user0_ where user0_.email=?
Hibernate: select roles0_.user_id as user_id1_4_0_, roles0_.roles_id as roles_id2_4_0_, role1_.id as id1_1_1_, role1_.name as name2_1_1_ from users_roles roles0_ inner join roles role1_ on roles0_.roles_id=role1_.id where roles0_.user_id=?
Hibernate: select quiz0_.id as id1_0_, quiz0_.answer as answer2_0_, quiz0_.creator as creator3_0_, quiz0_.options as options4_0_, quiz0_.text as text5_0_, quiz0_.title as title6_0_ from quizzes quiz0_ limit ?
?[1;31m
Start test 10?[0m
Hibernate: select user0_.id as id1_3_, user0_.email as email2_3_, user0_.password as password3_3_ from users user0_ where user0_.email=?
Hibernate: select roles0_.user_id as user_id1_4_0_, roles0_.roles_id as roles_id2_4_0_, role1_.id as id1_1_1_, role1_.name as name2_1_1_ from users_roles roles0_ inner join roles role1_ on roles0_.roles_id=role1_.id where roles0_.user_id=?
Hibernate: call next value for hibernate_sequence
Hibernate: insert into quizzes (answer, creator, options, text, title, id) values (?, ?, ?, ?, ?, ?)
?[1;31m
Start test 11?[0m
Hibernate: select user0_.id as id1_3_, user0_.email as email2_3_, user0_.password as password3_3_ from users user0_ where user0_.email=?
Hibernate: select roles0_.user_id as user_id1_4_0_, roles0_.roles_id as roles_id2_4_0_, role1_.id as id1_1_1_, role1_.name as name2_1_1_ from users_roles roles0_ inner join roles role1_ on roles0_.roles_id=role1_.id where roles0_.user_id=?
Hibernate: select quiz0_.id as id1_0_0_, quiz0_.answer as answer2_0_0_, quiz0_.creator as creator3_0_0_, quiz0_.options as options4_0_0_, quiz0_.text as text5_0_0_, quiz0_.title as title6_0_0_ from quizzes quiz0_ where quiz0_.id=?
?[1;31m
Start test 12?[0m
Hibernate: select user0_.id as id1_3_, user0_.email as email2_3_, user0_.password as password3_3_ from users user0_ where user0_.email=?
Hibernate: select roles0_.user_id as user_id1_4_0_, roles0_.roles_id as roles_id2_4_0_, role1_.id as id1_1_1_, role1_.name as name2_1_1_ from users_roles roles0_ inner join roles role1_ on roles0_.roles_id=role1_.id where roles0_.user_id=?
Hibernate: select quiz0_.id as id1_0_0_, quiz0_.answer as answer2_0_0_, quiz0_.creator as creator3_0_0_, quiz0_.options as options4_0_0_, quiz0_.text as text5_0_0_, quiz0_.title as title6_0_0_ from quizzes quiz0_ where quiz0_.id=?
?[1;31m
Start test 13?[0m
Hibernate: select user0_.id as id1_3_, user0_.email as email2_3_, user0_.password as password3_3_ from users user0_ where user0_.email=?
Hibernate: select roles0_.user_id as user_id1_4_0_, roles0_.roles_id as roles_id2_4_0_, role1_.id as id1_1_1_, role1_.name as name2_1_1_ from users_roles roles0_ inner join roles role1_ on roles0_.roles_id=role1_.id where roles0_.user_id=?
Hibernate: select quiz0_.id as id1_0_, quiz0_.answer as answer2_0_, quiz0_.creator as creator3_0_, quiz0_.options as options4_0_, quiz0_.text as text5_0_, quiz0_.title as title6_0_ from quizzes quiz0_ limit ?
?[1;31m
Start test 14?[0m
Hibernate: select user0_.id as id1_3_, user0_.email as email2_3_, user0_.password as password3_3_ from users user0_ where user0_.email=?
Hibernate: select roles0_.user_id as user_id1_4_0_, roles0_.roles_id as roles_id2_4_0_, role1_.id as id1_1_1_, role1_.name as name2_1_1_ from users_roles roles0_ inner join roles role1_ on roles0_.roles_id=role1_.id where roles0_.user_id=?
Hibernate: call next value for hibernate_sequence
Hibernate: insert into quizzes (answer, creator, options, text, title, id) values (?, ?, ?, ?, ?, ?)
?[1;31m
Start test 15?[0m
Hibernate: select user0_.id as id1_3_, user0_.email as email2_3_, user0_.password as password3_3_ from users user0_ where user0_.email=?
Hibernate: select roles0_.user_id as user_id1_4_0_, roles0_.roles_id as roles_id2_4_0_, role1_.id as id1_1_1_, role1_.name as name2_1_1_ from users_roles roles0_ inner join roles role1_ on roles0_.roles_id=role1_.id where roles0_.user_id=?
Hibernate: select quiz0_.id as id1_0_0_, quiz0_.answer as answer2_0_0_, quiz0_.creator as creator3_0_0_, quiz0_.options as options4_0_0_, quiz0_.text as text5_0_0_, quiz0_.title as title6_0_0_ from quizzes quiz0_ where quiz0_.id=?
?[1;31m
Start test 16?[0m
Hibernate: select user0_.id as id1_3_, user0_.email as email2_3_, user0_.password as password3_3_ from users user0_ where user0_.email=?
Hibernate: select roles0_.user_id as user_id1_4_0_, roles0_.roles_id as roles_id2_4_0_, role1_.id as id1_1_1_, role1_.name as name2_1_1_ from users_roles roles0_ inner join roles role1_ on roles0_.roles_id=role1_.id where roles0_.user_id=?
Hibernate: select quiz0_.id as id1_0_0_, quiz0_.answer as answer2_0_0_, quiz0_.creator as creator3_0_0_, quiz0_.options as options4_0_0_, quiz0_.text as text5_0_0_, quiz0_.title as title6_0_0_ from quizzes quiz0_ where quiz0_.id=?
?[1;31m
Start test 17?[0m
Hibernate: select user0_.id as id1_3_, user0_.email as email2_3_, user0_.password as password3_3_ from users user0_ where user0_.email=?
Hibernate: select roles0_.user_id as user_id1_4_0_, roles0_.roles_id as roles_id2_4_0_, role1_.id as id1_1_1_, role1_.name as name2_1_1_ from users_roles roles0_ inner join roles role1_ on roles0_.roles_id=role1_.id where roles0_.user_id=?
Hibernate: select quiz0_.id as id1_0_, quiz0_.answer as answer2_0_, quiz0_.creator as creator3_0_, quiz0_.options as options4_0_, quiz0_.text as text5_0_, quiz0_.title as title6_0_ from quizzes quiz0_ limit ?
?[1;31m
Start test 18?[0m
?[1;31m
Start test 19?[0m
?[1;31m
Start test 20?[0m
?[1;31m
Start test 21?[0m
?[1;31m
Start test 22?[0m
?[1;31m
Start test 23?[0m
?[1;31m
Start test 24?[0m
?[1;31m
Start test 25?[0m
?[1;31m
Start test 26?[0m
Hibernate: select user0_.id as id1_3_, user0_.email as email2_3_, user0_.password as password3_3_ from users user0_ where user0_.email=?
?[1;31m
Start test 27?[0m
Hibernate: select user0_.id as id1_3_, user0_.email as email2_3_, user0_.password as password3_3_ from users user0_ where user0_.email=?
?[1;31m
Start test 28?[0m
Hibernate: select user0_.id as id1_3_, user0_.email as email2_3_, user0_.password as password3_3_ from users user0_ where user0_.email=?
?[1;31m
Start test 29?[0m
Hibernate: select user0_.id as id1_3_, user0_.email as email2_3_, user0_.password as password3_3_ from users user0_ where user0_.email=?
?[1;31m
Start test 30?[0m
Hibernate: select user0_.id as id1_3_, user0_.email as email2_3_, user0_.password as password3_3_ from users user0_ where user0_.email=?
?[1;31m
Start test 31?[0m
Hibernate: select user0_.id as id1_3_, user0_.email as email2_3_, user0_.password as password3_3_ from users user0_ where user0_.email=?
?[1;31m
Start test 32?[0m
Hibernate: select user0_.id as id1_3_, user0_.email as email2_3_, user0_.password as password3_3_ from users user0_ where user0_.email=?
?[1;31m
Start test 33?[0m
Hibernate: select user0_.id as id1_3_, user0_.email as email2_3_, user0_.password as password3_3_ from users user0_ where user0_.email=?
?[1;31m
Start test 34?[0m
Hibernate: select user0_.id as id1_3_, user0_.email as email2_3_, user0_.password as password3_3_ from users user0_ where user0_.email=?
Hibernate: select roles0_.user_id as user_id1_4_0_, roles0_.roles_id as roles_id2_4_0_, role1_.id as id1_1_1_, role1_.name as name2_1_1_ from users_roles roles0_ inner join roles role1_ on roles0_.roles_id=role1_.id where roles0_.user_id=?
Hibernate: select quiz0_.id as id1_0_0_, quiz0_.answer as answer2_0_0_, quiz0_.creator as creator3_0_0_, quiz0_.options as options4_0_0_, quiz0_.text as text5_0_0_, quiz0_.title as title6_0_0_ from quizzes quiz0_ where quiz0_.id=?
?[1;31m
Start test 35?[0m
Hibernate: select user0_.id as id1_3_, user0_.email as email2_3_, user0_.password as password3_3_ from users user0_ where user0_.email=?
Hibernate: select roles0_.user_id as user_id1_4_0_, roles0_.roles_id as roles_id2_4_0_, role1_.id as id1_1_1_, role1_.name as name2_1_1_ from users_roles roles0_ inner join roles role1_ on roles0_.roles_id=role1_.id where roles0_.user_id=?
Hibernate: select quiz0_.id as id1_0_0_, quiz0_.answer as answer2_0_0_, quiz0_.creator as creator3_0_0_, quiz0_.options as options4_0_0_, quiz0_.text as text5_0_0_, quiz0_.title as title6_0_0_ from quizzes quiz0_ where quiz0_.id=?
?[1;31m
Start test 36?[0m
Hibernate: select user0_.id as id1_3_, user0_.email as email2_3_, user0_.password as password3_3_ from users user0_ where user0_.email=?
Hibernate: select roles0_.user_id as user_id1_4_0_, roles0_.roles_id as roles_id2_4_0_, role1_.id as id1_1_1_, role1_.name as name2_1_1_ from users_roles roles0_ inner join roles role1_ on roles0_.roles_id=role1_.id where roles0_.user_id=?
Hibernate: select quiz0_.id as id1_0_0_, quiz0_.answer as answer2_0_0_, quiz0_.creator as creator3_0_0_, quiz0_.options as options4_0_0_, quiz0_.text as text5_0_0_, quiz0_.title as title6_0_0_ from quizzes quiz0_ where quiz0_.id=?
Hibernate: select solvedquiz0_.record_id as record_i1_2_0_, solvedquiz0_.completed_at as complete2_2_0_, solvedquiz0_.id as id3_2_0_, solvedquiz0_.user as user4_2_0_ from solved_quizzes solvedquiz0_ where solvedquiz0_.record_id=?
Hibernate: call next value for hibernate_sequence
Hibernate: insert into solved_quizzes (completed_at, id, user, record_id) values (?, ?, ?, ?)
?[1;31m
Start test 37?[0m
Hibernate: select user0_.id as id1_3_, user0_.email as email2_3_, user0_.password as password3_3_ from users user0_ where user0_.email=?
Hibernate: select roles0_.user_id as user_id1_4_0_, roles0_.roles_id as roles_id2_4_0_, role1_.id as id1_1_1_, role1_.name as name2_1_1_ from users_roles roles0_ inner join roles role1_ on roles0_.roles_id=role1_.id where roles0_.user_id=?
Hibernate: select quiz0_.id as id1_0_0_, quiz0_.answer as answer2_0_0_, quiz0_.creator as creator3_0_0_, quiz0_.options as options4_0_0_, quiz0_.text as text5_0_0_, quiz0_.title as title6_0_0_ from quizzes quiz0_ where quiz0_.id=?
?[1;31m
Start test 38?[0m
Hibernate: select user0_.id as id1_3_, user0_.email as email2_3_, user0_.password as password3_3_ from users user0_ where user0_.email=?
Hibernate: select roles0_.user_id as user_id1_4_0_, roles0_.roles_id as roles_id2_4_0_, role1_.id as id1_1_1_, role1_.name as name2_1_1_ from users_roles roles0_ inner join roles role1_ on roles0_.roles_id=role1_.id where roles0_.user_id=?
Hibernate: select quiz0_.id as id1_0_0_, quiz0_.answer as answer2_0_0_, quiz0_.creator as creator3_0_0_, quiz0_.options as options4_0_0_, quiz0_.text as text5_0_0_, quiz0_.title as title6_0_0_ from quizzes quiz0_ where quiz0_.id=?
?[1;31m
Start test 39?[0m
Hibernate: select user0_.id as id1_3_, user0_.email as email2_3_, user0_.password as password3_3_ from users user0_ where user0_.email=?
Hibernate: select roles0_.user_id as user_id1_4_0_, roles0_.roles_id as roles_id2_4_0_, role1_.id as id1_1_1_, role1_.name as name2_1_1_ from users_roles roles0_ inner join roles role1_ on roles0_.roles_id=role1_.id where roles0_.user_id=?
Hibernate: select quiz0_.id as id1_0_0_, quiz0_.answer as answer2_0_0_, quiz0_.creator as creator3_0_0_, quiz0_.options as options4_0_0_, quiz0_.text as text5_0_0_, quiz0_.title as title6_0_0_ from quizzes quiz0_ where quiz0_.id=?
Hibernate: select solvedquiz0_.record_id as record_i1_2_0_, solvedquiz0_.completed_at as complete2_2_0_, solvedquiz0_.id as id3_2_0_, solvedquiz0_.user as user4_2_0_ from solved_quizzes solvedquiz0_ where solvedquiz0_.record_id=?
Hibernate: call next value for hibernate_sequence
Hibernate: insert into solved_quizzes (completed_at, id, user, record_id) values (?, ?, ?, ?)
?[1;31m
Start test 40?[0m
Hibernate: select user0_.id as id1_3_, user0_.email as email2_3_, user0_.password as password3_3_ from users user0_ where user0_.email=?
Hibernate: select roles0_.user_id as user_id1_4_0_, roles0_.roles_id as roles_id2_4_0_, role1_.id as id1_1_1_, role1_.name as name2_1_1_ from users_roles roles0_ inner join roles role1_ on roles0_.roles_id=role1_.id where roles0_.user_id=?
Hibernate: select quiz0_.id as id1_0_0_, quiz0_.answer as answer2_0_0_, quiz0_.creator as creator3_0_0_, quiz0_.options as options4_0_0_, quiz0_.text as text5_0_0_, quiz0_.title as title6_0_0_ from quizzes quiz0_ where quiz0_.id=?
?[1;31m
Start test 41?[0m
Hibernate: select user0_.id as id1_3_, user0_.email as email2_3_, user0_.password as password3_3_ from users user0_ where user0_.email=?
Hibernate: select roles0_.user_id as user_id1_4_0_, roles0_.roles_id as roles_id2_4_0_, role1_.id as id1_1_1_, role1_.name as name2_1_1_ from users_roles roles0_ inner join roles role1_ on roles0_.roles_id=role1_.id where roles0_.user_id=?
Hibernate: select quiz0_.id as id1_0_0_, quiz0_.answer as answer2_0_0_, quiz0_.creator as creator3_0_0_, quiz0_.options as options4_0_0_, quiz0_.text as text5_0_0_, quiz0_.title as title6_0_0_ from quizzes quiz0_ where quiz0_.id=?
?[1;31m
Start test 42?[0m
Hibernate: select user0_.id as id1_3_, user0_.email as email2_3_, user0_.password as password3_3_ from users user0_ where user0_.email=?
Hibernate: select roles0_.user_id as user_id1_4_0_, roles0_.roles_id as roles_id2_4_0_, role1_.id as id1_1_1_, role1_.name as name2_1_1_ from users_roles roles0_ inner join roles role1_ on roles0_.roles_id=role1_.id where roles0_.user_id=?
Hibernate: SELECT * FROM solved_quizzes WHERE user = ? ORDER BY completed_at DESC limit ?
?[1;31m
Start test 43?[0m
Hibernate: select user0_.id as id1_3_, user0_.email as email2_3_, user0_.password as password3_3_ from users user0_ where user0_.email=?
Hibernate: select roles0_.user_id as user_id1_4_0_, roles0_.roles_id as roles_id2_4_0_, role1_.id as id1_1_1_, role1_.name as name2_1_1_ from users_roles roles0_ inner join roles role1_ on roles0_.roles_id=role1_.id where roles0_.user_id=?
Hibernate: SELECT * FROM solved_quizzes WHERE user = ? ORDER BY completed_at DESC limit ?
?[1;31m
Start test 44?[0m
Hibernate: select user0_.id as id1_3_, user0_.email as email2_3_, user0_.password as password3_3_ from users user0_ where user0_.email=?
Hibernate: select roles0_.user_id as user_id1_4_0_, roles0_.roles_id as roles_id2_4_0_, role1_.id as id1_1_1_, role1_.name as name2_1_1_ from users_roles roles0_ inner join roles role1_ on roles0_.roles_id=role1_.id where roles0_.user_id=?
Hibernate: select quiz0_.id as id1_0_, quiz0_.answer as answer2_0_, quiz0_.creator as creator3_0_, quiz0_.options as options4_0_, quiz0_.text as text5_0_, quiz0_.title as title6_0_ from quizzes quiz0_ limit ?
?[1;31m
Start test 45?[0m
Hibernate: select user0_.id as id1_3_, user0_.email as email2_3_, user0_.password as password3_3_ from users user0_ where user0_.email=?
Hibernate: select roles0_.user_id as user_id1_4_0_, roles0_.roles_id as roles_id2_4_0_, role1_.id as id1_1_1_, role1_.name as name2_1_1_ from users_roles roles0_ inner join roles role1_ on roles0_.roles_id=role1_.id where roles0_.user_id=?
Hibernate: select quiz0_.id as id1_0_, quiz0_.answer as answer2_0_, quiz0_.creator as creator3_0_, quiz0_.options as options4_0_, quiz0_.text as text5_0_, quiz0_.title as title6_0_ from quizzes quiz0_ limit ?
?[1;31m
Start test 46?[0m
Hibernate: select user0_.id as id1_3_, user0_.email as email2_3_, user0_.password as password3_3_ from users user0_ where user0_.email=?
Hibernate: select roles0_.user_id as user_id1_4_0_, roles0_.roles_id as roles_id2_4_0_, role1_.id as id1_1_1_, role1_.name as name2_1_1_ from users_roles roles0_ inner join roles role1_ on roles0_.roles_id=role1_.id where roles0_.user_id=?
Hibernate: select quiz0_.id as id1_0_, quiz0_.answer as answer2_0_, quiz0_.creator as creator3_0_, quiz0_.options as options4_0_, quiz0_.text as text5_0_, quiz0_.title as title6_0_ from quizzes quiz0_ limit ?
?[1;31m
Start test 47?[0m
Hibernate: select user0_.id as id1_3_, user0_.email as email2_3_, user0_.password as password3_3_ from users user0_ where user0_.email=?
Hibernate: select roles0_.user_id as user_id1_4_0_, roles0_.roles_id as roles_id2_4_0_, role1_.id as id1_1_1_, role1_.name as name2_1_1_ from users_roles roles0_ inner join roles role1_ on roles0_.roles_id=role1_.id where roles0_.user_id=?
Hibernate: select quiz0_.id as id1_0_, quiz0_.answer as answer2_0_, quiz0_.creator as creator3_0_, quiz0_.options as options4_0_, quiz0_.text as text5_0_, quiz0_.title as title6_0_ from quizzes quiz0_ limit ?
?[1;31m
Start test 48?[0m
Hibernate: select user0_.id as id1_3_, user0_.email as email2_3_, user0_.password as password3_3_ from users user0_ where user0_.email=?
Hibernate: select roles0_.user_id as user_id1_4_0_, roles0_.roles_id as roles_id2_4_0_, role1_.id as id1_1_1_, role1_.name as name2_1_1_ from users_roles roles0_ inner join roles role1_ on roles0_.roles_id=role1_.id where roles0_.user_id=?
Hibernate: select quiz0_.id as id1_0_0_, quiz0_.answer as answer2_0_0_, quiz0_.creator as creator3_0_0_, quiz0_.options as options4_0_0_, quiz0_.text as text5_0_0_, quiz0_.title as title6_0_0_ from quizzes quiz0_ where quiz0_.id=?
Hibernate: select solvedquiz0_.record_id as record_i1_2_0_, solvedquiz0_.completed_at as complete2_2_0_, solvedquiz0_.id as id3_2_0_, solvedquiz0_.user as user4_2_0_ from solved_quizzes solvedquiz0_ where solvedquiz0_.record_id=?
Hibernate: call next value for hibernate_sequence
Hibernate: insert into solved_quizzes (completed_at, id, user, record_id) values (?, ?, ?, ?)
?[1;31m
Start test 49?[0m
Hibernate: select user0_.id as id1_3_, user0_.email as email2_3_, user0_.password as password3_3_ from users user0_ where user0_.email=?
Hibernate: select roles0_.user_id as user_id1_4_0_, roles0_.roles_id as roles_id2_4_0_, role1_.id as id1_1_1_, role1_.name as name2_1_1_ from users_roles roles0_ inner join roles role1_ on roles0_.roles_id=role1_.id where roles0_.user_id=?
Hibernate: select quiz0_.id as id1_0_0_, quiz0_.answer as answer2_0_0_, quiz0_.creator as creator3_0_0_, quiz0_.options as options4_0_0_, quiz0_.text as text5_0_0_, quiz0_.title as title6_0_0_ from quizzes quiz0_ where quiz0_.id=?
?[1;31m
Start test 50?[0m
Hibernate: select user0_.id as id1_3_, user0_.email as email2_3_, user0_.password as password3_3_ from users user0_ where user0_.email=?
Hibernate: select roles0_.user_id as user_id1_4_0_, roles0_.roles_id as roles_id2_4_0_, role1_.id as id1_1_1_, role1_.name as name2_1_1_ from users_roles roles0_ inner join roles role1_ on roles0_.roles_id=role1_.id where roles0_.user_id=?
Hibernate: select quiz0_.id as id1_0_0_, quiz0_.answer as answer2_0_0_, quiz0_.creator as creator3_0_0_, quiz0_.options as options4_0_0_, quiz0_.text as text5_0_0_, quiz0_.title as title6_0_0_ from quizzes quiz0_ where quiz0_.id=?
?[1;31m
Start test 51?[0m
Hibernate: select user0_.id as id1_3_, user0_.email as email2_3_, user0_.password as password3_3_ from users user0_ where user0_.email=?
Hibernate: select roles0_.user_id as user_id1_4_0_, roles0_.roles_id as roles_id2_4_0_, role1_.id as id1_1_1_, role1_.name as name2_1_1_ from users_roles roles0_ inner join roles role1_ on roles0_.roles_id=role1_.id where roles0_.user_id=?
Hibernate: select quiz0_.id as id1_0_0_, quiz0_.answer as answer2_0_0_, quiz0_.creator as creator3_0_0_, quiz0_.options as options4_0_0_, quiz0_.text as text5_0_0_, quiz0_.title as title6_0_0_ from quizzes quiz0_ where quiz0_.id=?
Hibernate: select solvedquiz0_.record_id as record_i1_2_0_, solvedquiz0_.completed_at as complete2_2_0_, solvedquiz0_.id as id3_2_0_, solvedquiz0_.user as user4_2_0_ from solved_quizzes solvedquiz0_ where solvedquiz0_.record_id=?
Hibernate: call next value for hibernate_sequence
Hibernate: insert into solved_quizzes (completed_at, id, user, record_id) values (?, ?, ?, ?)
?[1;31m
Start test 52?[0m
Hibernate: select user0_.id as id1_3_, user0_.email as email2_3_, user0_.password as password3_3_ from users user0_ where user0_.email=?
Hibernate: select roles0_.user_id as user_id1_4_0_, roles0_.roles_id as roles_id2_4_0_, role1_.id as id1_1_1_, role1_.name as name2_1_1_ from users_roles roles0_ inner join roles role1_ on roles0_.roles_id=role1_.id where roles0_.user_id=?
Hibernate: SELECT * FROM solved_quizzes WHERE user = ? ORDER BY completed_at DESC limit ?
?[1;31m
Start test 53?[0m
Hibernate: select user0_.id as id1_3_, user0_.email as email2_3_, user0_.password as password3_3_ from users user0_ where user0_.email=?
Hibernate: select roles0_.user_id as user_id1_4_0_, roles0_.roles_id as roles_id2_4_0_, role1_.id as id1_1_1_, role1_.name as name2_1_1_ from users_roles roles0_ inner join roles role1_ on roles0_.roles_id=role1_.id where roles0_.user_id=?
Hibernate: SELECT * FROM solved_quizzes WHERE user = ? ORDER BY completed_at DESC limit ?
?[1;31m
Start test 54?[0m
Hibernate: select user0_.id as id1_3_, user0_.email as email2_3_, user0_.password as password3_3_ from users user0_ where user0_.email=?
Hibernate: select roles0_.user_id as user_id1_4_0_, roles0_.roles_id as roles_id2_4_0_, role1_.id as id1_1_1_, role1_.name as name2_1_1_ from users_roles roles0_ inner join roles role1_ on roles0_.roles_id=role1_.id where roles0_.user_id=?
Hibernate: SELECT * FROM solved_quizzes WHERE user = ? ORDER BY completed_at DESC limit ?
?[1;31m
Start test 55?[0m
Hibernate: select user0_.id as id1_3_, user0_.email as email2_3_, user0_.password as password3_3_ from users user0_ where user0_.email=?
Hibernate: select roles0_.user_id as user_id1_4_0_, roles0_.roles_id as roles_id2_4_0_, role1_.id as id1_1_1_, role1_.name as name2_1_1_ from users_roles roles0_ inner join roles role1_ on roles0_.roles_id=role1_.id where roles0_.user_id=?
Hibernate: SELECT * FROM solved_quizzes WHERE user = ? ORDER BY completed_at DESC limit ?
?[1;31m
Start test 56?[0m
Hibernate: select user0_.id as id1_3_, user0_.email as email2_3_, user0_.password as password3_3_ from users user0_ where user0_.email=?
Hibernate: select roles0_.user_id as user_id1_4_0_, roles0_.roles_id as roles_id2_4_0_, role1_.id as id1_1_1_, role1_.name as name2_1_1_ from users_roles roles0_ inner join roles role1_ on roles0_.roles_id=role1_.id where roles0_.user_id=?
2021-05-11 22:55:47.743  WARN 2142 --- [nio-8889-exec-5] .w.s.m.s.DefaultHandlerExceptionResolver : Resolved [org.springframework.http.converter.HttpMessageNotReadableException: JSON parse error: Unexpected character ('"' (code 34)): was expecting comma to separate Object entries; nested exception is com.fasterxml.jackson.core.JsonParseException: Unexpected character ('"' (code 34)): was expecting comma to separate Object entries
 at [Source: (PushbackInputStream); line: 4, column: 4]]
?[1;31m
Start test 57?[0m
Hibernate: select user0_.id as id1_3_, user0_.email as email2_3_, user0_.password as password3_3_ from users user0_ where user0_.email=?
Hibernate: select roles0_.user_id as user_id1_4_0_, roles0_.roles_id as roles_id2_4_0_, role1_.id as id1_1_1_, role1_.name as name2_1_1_ from users_roles roles0_ inner join roles role1_ on roles0_.roles_id=role1_.id where roles0_.user_id=?
2021-05-11 22:55:47.851  WARN 2142 --- [nio-8889-exec-6] .w.s.m.s.DefaultHandlerExceptionResolver : Resolved [org.springframework.http.converter.HttpMessageNotReadableException: JSON parse error: Unexpected character ('"' (code 34)): was expecting comma to separate Object entries; nested exception is com.fasterxml.jackson.core.JsonParseException: Unexpected character ('"' (code 34)): was expecting comma to separate Object entries
 at [Source: (PushbackInputStream); line: 5, column: 4]]
?[1;31m
Start test 58?[0m
Hibernate: select user0_.id as id1_3_, user0_.email as email2_3_, user0_.password as password3_3_ from users user0_ where user0_.email=?
Hibernate: select roles0_.user_id as user_id1_4_0_, roles0_.roles_id as roles_id2_4_0_, role1_.id as id1_1_1_, role1_.name as name2_1_1_ from users_roles roles0_ inner join roles role1_ on roles0_.roles_id=role1_.id where roles0_.user_id=?
2021-05-11 22:55:48.035  WARN 2142 --- [nio-8889-exec-7] .w.s.m.s.DefaultHandlerExceptionResolver : Resolved [org.springframework.http.converter.HttpMessageNotReadableException: JSON parse error: Unexpected character ('"' (code 34)): was expecting comma to separate Object entries; nested exception is com.fasterxml.jackson.core.JsonParseException: Unexpected character ('"' (code 34)): was expecting comma to separate Object entries
 at [Source: (PushbackInputStream); line: 4, column: 4]]
?[1;31m
Start test 59?[0m
Hibernate: select user0_.id as id1_3_, user0_.email as email2_3_, user0_.password as password3_3_ from users user0_ where user0_.email=?
Hibernate: select roles0_.user_id as user_id1_4_0_, roles0_.roles_id as roles_id2_4_0_, role1_.id as id1_1_1_, role1_.name as name2_1_1_ from users_roles roles0_ inner join roles role1_ on roles0_.roles_id=role1_.id where roles0_.user_id=?
2021-05-11 22:55:48.231  WARN 2142 --- [nio-8889-exec-8] .w.s.m.s.DefaultHandlerExceptionResolver : Resolved [org.springframework.http.converter.HttpMessageNotReadableException: JSON parse error: Unexpected character ('"' (code 34)): was expecting comma to separate Object entries; nested exception is com.fasterxml.jackson.core.JsonParseException: Unexpected character ('"' (code 34)): was expecting comma to separate Object entries
 at [Source: (PushbackInputStream); line: 5, column: 4]]
?[1;31m
Start test 60?[0m
Hibernate: select user0_.id as id1_3_, user0_.email as email2_3_, user0_.password as password3_3_ from users user0_ where user0_.email=?
Hibernate: select roles0_.user_id as user_id1_4_0_, roles0_.roles_id as roles_id2_4_0_, role1_.id as id1_1_1_, role1_.name as name2_1_1_ from users_roles roles0_ inner join roles role1_ on roles0_.roles_id=role1_.id where roles0_.user_id=?
2021-05-11 22:55:48.343  WARN 2142 --- [nio-8889-exec-9] .w.s.m.s.DefaultHandlerExceptionResolver : Resolved [org.springframework.web.bind.MethodArgumentNotValidException: Validation failed for argument [0] in public engine.Quiz engine.QuizController.createQuiz(engine.Quiz): [Field error in object 'quiz' on field 'options': rejected value [null]; codes [NotNull.quiz.options,NotNull.options,NotNull.[Ljava.lang.String;,NotNull]; arguments [org.springframework.context.support.DefaultMessageSourceResolvable: codes [quiz.options,options]; arguments []; default message [options]]; default message [must not be null]] ]
?[1;31m
Start test 61?[0m
Hibernate: select user0_.id as id1_3_, user0_.email as email2_3_, user0_.password as password3_3_ from users user0_ where user0_.email=?
Hibernate: select roles0_.user_id as user_id1_4_0_, roles0_.roles_id as roles_id2_4_0_, role1_.id as id1_1_1_, role1_.name as name2_1_1_ from users_roles roles0_ inner join roles role1_ on roles0_.roles_id=role1_.id where roles0_.user_id=?
2021-05-11 22:55:48.446  WARN 2142 --- [io-8889-exec-10] .w.s.m.s.DefaultHandlerExceptionResolver : Resolved [org.springframework.http.converter.HttpMessageNotReadableException: JSON parse error: Unexpected character ('"' (code 34)): was expecting comma to separate Object entries; nested exception is com.fasterxml.jackson.core.JsonParseException: Unexpected character ('"' (code 34)): was expecting comma to separate Object entries
 at [Source: (PushbackInputStream); line: 5, column: 4]]
?[1;31m
Start test 62?[0m
Hibernate: select user0_.id as id1_3_, user0_.email as email2_3_, user0_.password as password3_3_ from users user0_ where user0_.email=?
Hibernate: select roles0_.user_id as user_id1_4_0_, roles0_.roles_id as roles_id2_4_0_, role1_.id as id1_1_1_, role1_.name as name2_1_1_ from users_roles roles0_ inner join roles role1_ on roles0_.roles_id=role1_.id where roles0_.user_id=?
2021-05-11 22:55:48.549  WARN 2142 --- [nio-8889-exec-1] .w.s.m.s.DefaultHandlerExceptionResolver : Resolved [org.springframework.http.converter.HttpMessageNotReadableException: JSON parse error: Unexpected character ('"' (code 34)): was expecting comma to separate Object entries; nested exception is com.fasterxml.jackson.core.JsonParseException: Unexpected character ('"' (code 34)): was expecting comma to separate Object entries
 at [Source: (PushbackInputStream); line: 5, column: 4]]
?[1;31m
Start test 63?[0m
Hibernate: select user0_.id as id1_3_, user0_.email as email2_3_, user0_.password as password3_3_ from users user0_ where user0_.email=?
Hibernate: select roles0_.user_id as user_id1_4_0_, roles0_.roles_id as roles_id2_4_0_, role1_.id as id1_1_1_, role1_.name as name2_1_1_ from users_roles roles0_ inner join roles role1_ on roles0_.roles_id=role1_.id where roles0_.user_id=?
Hibernate: call next value for hibernate_sequence
Hibernate: insert into quizzes (answer, creator, options, text, title, id) values (?, ?, ?, ?, ?, ?)
?[1;31m
Start test 64?[0m
Hibernate: select user0_.id as id1_3_, user0_.email as email2_3_, user0_.password as password3_3_ from users user0_ where user0_.email=?
Hibernate: select roles0_.user_id as user_id1_4_0_, roles0_.roles_id as roles_id2_4_0_, role1_.id as id1_1_1_, role1_.name as name2_1_1_ from users_roles roles0_ inner join roles role1_ on roles0_.roles_id=role1_.id where roles0_.user_id=?
Hibernate: select quiz0_.id as id1_0_0_, quiz0_.answer as answer2_0_0_, quiz0_.creator as creator3_0_0_, quiz0_.options as options4_0_0_, quiz0_.text as text5_0_0_, quiz0_.title as title6_0_0_ from quizzes quiz0_ where quiz0_.id=?
?[1;31m
Start test 65?[0m
Hibernate: select user0_.id as id1_3_, user0_.email as email2_3_, user0_.password as password3_3_ from users user0_ where user0_.email=?
Hibernate: select roles0_.user_id as user_id1_4_0_, roles0_.roles_id as roles_id2_4_0_, role1_.id as id1_1_1_, role1_.name as name2_1_1_ from users_roles roles0_ inner join roles role1_ on roles0_.roles_id=role1_.id where roles0_.user_id=?
Hibernate: select quiz0_.id as id1_0_0_, quiz0_.answer as answer2_0_0_, quiz0_.creator as creator3_0_0_, quiz0_.options as options4_0_0_, quiz0_.text as text5_0_0_, quiz0_.title as title6_0_0_ from quizzes quiz0_ where quiz0_.id=?
?[1;31m
Start test 66?[0m
Hibernate: select user0_.id as id1_3_, user0_.email as email2_3_, user0_.password as password3_3_ from users user0_ where user0_.email=?
Hibernate: select roles0_.user_id as user_id1_4_0_, roles0_.roles_id as roles_id2_4_0_, role1_.id as id1_1_1_, role1_.name as name2_1_1_ from users_roles roles0_ inner join roles role1_ on roles0_.roles_id=role1_.id where roles0_.user_id=?
Hibernate: select quiz0_.id as id1_0_0_, quiz0_.answer as answer2_0_0_, quiz0_.creator as creator3_0_0_, quiz0_.options as options4_0_0_, quiz0_.text as text5_0_0_, quiz0_.title as title6_0_0_ from quizzes quiz0_ where quiz0_.id=?
?[1;31m
Start test 67?[0m
Hibernate: select user0_.id as id1_3_, user0_.email as email2_3_, user0_.password as password3_3_ from users user0_ where user0_.email=?
Hibernate: select roles0_.user_id as user_id1_4_0_, roles0_.roles_id as roles_id2_4_0_, role1_.id as id1_1_1_, role1_.name as name2_1_1_ from users_roles roles0_ inner join roles role1_ on roles0_.roles_id=role1_.id where roles0_.user_id=?
Hibernate: select quiz0_.id as id1_0_0_, quiz0_.answer as answer2_0_0_, quiz0_.creator as creator3_0_0_, quiz0_.options as options4_0_0_, quiz0_.text as text5_0_0_, quiz0_.title as title6_0_0_ from quizzes quiz0_ where quiz0_.id=?
?[1;31m
Start test 68?[0m
Hibernate: select user0_.id as id1_3_, user0_.email as email2_3_, user0_.password as password3_3_ from users user0_ where user0_.email=?
Hibernate: select roles0_.user_id as user_id1_4_0_, roles0_.roles_id as roles_id2_4_0_, role1_.id as id1_1_1_, role1_.name as name2_1_1_ from users_roles roles0_ inner join roles role1_ on roles0_.roles_id=role1_.id where roles0_.user_id=?
Hibernate: select quiz0_.id as id1_0_0_, quiz0_.answer as answer2_0_0_, quiz0_.creator as creator3_0_0_, quiz0_.options as options4_0_0_, quiz0_.text as text5_0_0_, quiz0_.title as title6_0_0_ from quizzes quiz0_ where quiz0_.id=?
?[1;31m
Start test 69?[0m
Hibernate: select user0_.id as id1_3_, user0_.email as email2_3_, user0_.password as password3_3_ from users user0_ where user0_.email=?
Hibernate: select roles0_.user_id as user_id1_4_0_, roles0_.roles_id as roles_id2_4_0_, role1_.id as id1_1_1_, role1_.name as name2_1_1_ from users_roles roles0_ inner join roles role1_ on roles0_.roles_id=role1_.id where roles0_.user_id=?
Hibernate: select quiz0_.id as id1_0_0_, quiz0_.answer as answer2_0_0_, quiz0_.creator as creator3_0_0_, quiz0_.options as options4_0_0_, quiz0_.text as text5_0_0_, quiz0_.title as title6_0_0_ from quizzes quiz0_ where quiz0_.id=?
?[1;31m
Start test 70?[0m
Hibernate: select user0_.id as id1_3_, user0_.email as email2_3_, user0_.password as password3_3_ from users user0_ where user0_.email=?
Hibernate: select roles0_.user_id as user_id1_4_0_, roles0_.roles_id as roles_id2_4_0_, role1_.id as id1_1_1_, role1_.name as name2_1_1_ from users_roles roles0_ inner join roles role1_ on roles0_.roles_id=role1_.id where roles0_.user_id=?
Hibernate: select quiz0_.id as id1_0_0_, quiz0_.answer as answer2_0_0_, quiz0_.creator as creator3_0_0_, quiz0_.options as options4_0_0_, quiz0_.text as text5_0_0_, quiz0_.title as title6_0_0_ from quizzes quiz0_ where quiz0_.id=?
?[1;31m
Start test 71?[0m
Hibernate: select user0_.id as id1_3_, user0_.email as email2_3_, user0_.password as password3_3_ from users user0_ where user0_.email=?
Hibernate: select roles0_.user_id as user_id1_4_0_, roles0_.roles_id as roles_id2_4_0_, role1_.id as id1_1_1_, role1_.name as name2_1_1_ from users_roles roles0_ inner join roles role1_ on roles0_.roles_id=role1_.id where roles0_.user_id=?
Hibernate: select quiz0_.id as id1_0_0_, quiz0_.answer as answer2_0_0_, quiz0_.creator as creator3_0_0_, quiz0_.options as options4_0_0_, quiz0_.text as text5_0_0_, quiz0_.title as title6_0_0_ from quizzes quiz0_ where quiz0_.id=?
Hibernate: select solvedquiz0_.record_id as record_i1_2_0_, solvedquiz0_.completed_at as complete2_2_0_, solvedquiz0_.id as id3_2_0_, solvedquiz0_.user as user4_2_0_ from solved_quizzes solvedquiz0_ where solvedquiz0_.record_id=?
Hibernate: call next value for hibernate_sequence
Hibernate: insert into solved_quizzes (completed_at, id, user, record_id) values (?, ?, ?, ?)
?[1;31m
Start test 72?[0m
Hibernate: select user0_.id as id1_3_, user0_.email as email2_3_, user0_.password as password3_3_ from users user0_ where user0_.email=?
Hibernate: select roles0_.user_id as user_id1_4_0_, roles0_.roles_id as roles_id2_4_0_, role1_.id as id1_1_1_, role1_.name as name2_1_1_ from users_roles roles0_ inner join roles role1_ on roles0_.roles_id=role1_.id where roles0_.user_id=?
Hibernate: select quiz0_.id as id1_0_0_, quiz0_.answer as answer2_0_0_, quiz0_.creator as creator3_0_0_, quiz0_.options as options4_0_0_, quiz0_.text as text5_0_0_, quiz0_.title as title6_0_0_ from quizzes quiz0_ where quiz0_.id=?
?[1;31m
Start test 73?[0m
Hibernate: select user0_.id as id1_3_, user0_.email as email2_3_, user0_.password as password3_3_ from users user0_ where user0_.email=?
Hibernate: select roles0_.user_id as user_id1_4_0_, roles0_.roles_id as roles_id2_4_0_, role1_.id as id1_1_1_, role1_.name as name2_1_1_ from users_roles roles0_ inner join roles role1_ on roles0_.roles_id=role1_.id where roles0_.user_id=?
Hibernate: select quiz0_.id as id1_0_0_, quiz0_.answer as answer2_0_0_, quiz0_.creator as creator3_0_0_, quiz0_.options as options4_0_0_, quiz0_.text as text5_0_0_, quiz0_.title as title6_0_0_ from quizzes quiz0_ where quiz0_.id=?
?[1;31m
Start test 74?[0m
Hibernate: select user0_.id as id1_3_, user0_.email as email2_3_, user0_.password as password3_3_ from users user0_ where user0_.email=?
Hibernate: select roles0_.user_id as user_id1_4_0_, roles0_.roles_id as roles_id2_4_0_, role1_.id as id1_1_1_, role1_.name as name2_1_1_ from users_roles roles0_ inner join roles role1_ on roles0_.roles_id=role1_.id where roles0_.user_id=?
Hibernate: select quiz0_.id as id1_0_0_, quiz0_.answer as answer2_0_0_, quiz0_.creator as creator3_0_0_, quiz0_.options as options4_0_0_, quiz0_.text as text5_0_0_, quiz0_.title as title6_0_0_ from quizzes quiz0_ where quiz0_.id=?
?[1;31m
Start test 75?[0m
Hibernate: select user0_.id as id1_3_, user0_.email as email2_3_, user0_.password as password3_3_ from users user0_ where user0_.email=?
Hibernate: select roles0_.user_id as user_id1_4_0_, roles0_.roles_id as roles_id2_4_0_, role1_.id as id1_1_1_, role1_.name as name2_1_1_ from users_roles roles0_ inner join roles role1_ on roles0_.roles_id=role1_.id where roles0_.user_id=?
Hibernate: select quiz0_.id as id1_0_0_, quiz0_.answer as answer2_0_0_, quiz0_.creator as creator3_0_0_, quiz0_.options as options4_0_0_, quiz0_.text as text5_0_0_, quiz0_.title as title6_0_0_ from quizzes quiz0_ where quiz0_.id=?
?[1;31m
Start test 76?[0m
Hibernate: select user0_.id as id1_3_, user0_.email as email2_3_, user0_.password as password3_3_ from users user0_ where user0_.email=?
Hibernate: select roles0_.user_id as user_id1_4_0_, roles0_.roles_id as roles_id2_4_0_, role1_.id as id1_1_1_, role1_.name as name2_1_1_ from users_roles roles0_ inner join roles role1_ on roles0_.roles_id=role1_.id where roles0_.user_id=?
Hibernate: select quiz0_.id as id1_0_0_, quiz0_.answer as answer2_0_0_, quiz0_.creator as creator3_0_0_, quiz0_.options as options4_0_0_, quiz0_.text as text5_0_0_, quiz0_.title as title6_0_0_ from quizzes quiz0_ where quiz0_.id=?
?[1;31m
Start test 77?[0m
Hibernate: select user0_.id as id1_3_, user0_.email as email2_3_, user0_.password as password3_3_ from users user0_ where user0_.email=?
Hibernate: select roles0_.user_id as user_id1_4_0_, roles0_.roles_id as roles_id2_4_0_, role1_.id as id1_1_1_, role1_.name as name2_1_1_ from users_roles roles0_ inner join roles role1_ on roles0_.roles_id=role1_.id where roles0_.user_id=?
Hibernate: select quiz0_.id as id1_0_0_, quiz0_.answer as answer2_0_0_, quiz0_.creator as creator3_0_0_, quiz0_.options as options4_0_0_, quiz0_.text as text5_0_0_, quiz0_.title as title6_0_0_ from quizzes quiz0_ where quiz0_.id=?
?[1;31m
Start test 78?[0m
Hibernate: select user0_.id as id1_3_, user0_.email as email2_3_, user0_.password as password3_3_ from users user0_ where user0_.email=?
Hibernate: select roles0_.user_id as user_id1_4_0_, roles0_.roles_id as roles_id2_4_0_, role1_.id as id1_1_1_, role1_.name as name2_1_1_ from users_roles roles0_ inner join roles role1_ on roles0_.roles_id=role1_.id where roles0_.user_id=?
Hibernate: select quiz0_.id as id1_0_0_, quiz0_.answer as answer2_0_0_, quiz0_.creator as creator3_0_0_, quiz0_.options as options4_0_0_, quiz0_.text as text5_0_0_, quiz0_.title as title6_0_0_ from quizzes quiz0_ where quiz0_.id=?
?[1;31m
Start test 79?[0m
Hibernate: select user0_.id as id1_3_, user0_.email as email2_3_, user0_.password as password3_3_ from users user0_ where user0_.email=?
Hibernate: select roles0_.user_id as user_id1_4_0_, roles0_.roles_id as roles_id2_4_0_, role1_.id as id1_1_1_, role1_.name as name2_1_1_ from users_roles roles0_ inner join roles role1_ on roles0_.roles_id=role1_.id where roles0_.user_id=?
Hibernate: select quiz0_.id as id1_0_0_, quiz0_.answer as answer2_0_0_, quiz0_.creator as creator3_0_0_, quiz0_.options as options4_0_0_, quiz0_.text as text5_0_0_, quiz0_.title as title6_0_0_ from quizzes quiz0_ where quiz0_.id=?
?[1;31m
Start test 80?[0m
Hibernate: select user0_.id as id1_3_, user0_.email as email2_3_, user0_.password as password3_3_ from users user0_ where user0_.email=?
Hibernate: select roles0_.user_id as user_id1_4_0_, roles0_.roles_id as roles_id2_4_0_, role1_.id as id1_1_1_, role1_.name as name2_1_1_ from users_roles roles0_ inner join roles role1_ on roles0_.roles_id=role1_.id where roles0_.user_id=?
Hibernate: select quiz0_.id as id1_0_0_, quiz0_.answer as answer2_0_0_, quiz0_.creator as creator3_0_0_, quiz0_.options as options4_0_0_, quiz0_.text as text5_0_0_, quiz0_.title as title6_0_0_ from quizzes quiz0_ where quiz0_.id=?
?[1;31m
Start test 81?[0m
Hibernate: select user0_.id as id1_3_, user0_.email as email2_3_, user0_.password as password3_3_ from users user0_ where user0_.email=?
Hibernate: select roles0_.user_id as user_id1_4_0_, roles0_.roles_id as roles_id2_4_0_, role1_.id as id1_1_1_, role1_.name as name2_1_1_ from users_roles roles0_ inner join roles role1_ on roles0_.roles_id=role1_.id where roles0_.user_id=?
Hibernate: call next value for hibernate_sequence
Hibernate: insert into quizzes (answer, creator, options, text, title, id) values (?, ?, ?, ?, ?, ?)
?[1;31m
Start test 82?[0m
Hibernate: select user0_.id as id1_3_, user0_.email as email2_3_, user0_.password as password3_3_ from users user0_ where user0_.email=?
Hibernate: select roles0_.user_id as user_id1_4_0_, roles0_.roles_id as roles_id2_4_0_, role1_.id as id1_1_1_, role1_.name as name2_1_1_ from users_roles roles0_ inner join roles role1_ on roles0_.roles_id=role1_.id where roles0_.user_id=?
Hibernate: select quiz0_.id as id1_0_0_, quiz0_.answer as answer2_0_0_, quiz0_.creator as creator3_0_0_, quiz0_.options as options4_0_0_, quiz0_.text as text5_0_0_, quiz0_.title as title6_0_0_ from quizzes quiz0_ where quiz0_.id=?
?[1;31m
Start test 83?[0m
Hibernate: select user0_.id as id1_3_, user0_.email as email2_3_, user0_.password as password3_3_ from users user0_ where user0_.email=?
Hibernate: select roles0_.user_id as user_id1_4_0_, roles0_.roles_id as roles_id2_4_0_, role1_.id as id1_1_1_, role1_.name as name2_1_1_ from users_roles roles0_ inner join roles role1_ on roles0_.roles_id=role1_.id where roles0_.user_id=?
Hibernate: select quiz0_.id as id1_0_0_, quiz0_.answer as answer2_0_0_, quiz0_.creator as creator3_0_0_, quiz0_.options as options4_0_0_, quiz0_.text as text5_0_0_, quiz0_.title as title6_0_0_ from quizzes quiz0_ where quiz0_.id=?
?[1;31m
Start test 84?[0m
Hibernate: select user0_.id as id1_3_, user0_.email as email2_3_, user0_.password as password3_3_ from users user0_ where user0_.email=?
Hibernate: select roles0_.user_id as user_id1_4_0_, roles0_.roles_id as roles_id2_4_0_, role1_.id as id1_1_1_, role1_.name as name2_1_1_ from users_roles roles0_ inner join roles role1_ on roles0_.roles_id=role1_.id where roles0_.user_id=?
Hibernate: select quiz0_.id as id1_0_0_, quiz0_.answer as answer2_0_0_, quiz0_.creator as creator3_0_0_, quiz0_.options as options4_0_0_, quiz0_.text as text5_0_0_, quiz0_.title as title6_0_0_ from quizzes quiz0_ where quiz0_.id=?
?[1;31m
Start test 85?[0m
Hibernate: select user0_.id as id1_3_, user0_.email as email2_3_, user0_.password as password3_3_ from users user0_ where user0_.email=?
Hibernate: select roles0_.user_id as user_id1_4_0_, roles0_.roles_id as roles_id2_4_0_, role1_.id as id1_1_1_, role1_.name as name2_1_1_ from users_roles roles0_ inner join roles role1_ on roles0_.roles_id=role1_.id where roles0_.user_id=?
Hibernate: select quiz0_.id as id1_0_0_, quiz0_.answer as answer2_0_0_, quiz0_.creator as creator3_0_0_, quiz0_.options as options4_0_0_, quiz0_.text as text5_0_0_, quiz0_.title as title6_0_0_ from quizzes quiz0_ where quiz0_.id=?
?[1;31m
Start test 86?[0m
Hibernate: select user0_.id as id1_3_, user0_.email as email2_3_, user0_.password as password3_3_ from users user0_ where user0_.email=?
Hibernate: select roles0_.user_id as user_id1_4_0_, roles0_.roles_id as roles_id2_4_0_, role1_.id as id1_1_1_, role1_.name as name2_1_1_ from users_roles roles0_ inner join roles role1_ on roles0_.roles_id=role1_.id where roles0_.user_id=?
Hibernate: select quiz0_.id as id1_0_0_, quiz0_.answer as answer2_0_0_, quiz0_.creator as creator3_0_0_, quiz0_.options as options4_0_0_, quiz0_.text as text5_0_0_, quiz0_.title as title6_0_0_ from quizzes quiz0_ where quiz0_.id=?
?[1;31m
Start test 87?[0m
Hibernate: select user0_.id as id1_3_, user0_.email as email2_3_, user0_.password as password3_3_ from users user0_ where user0_.email=?
Hibernate: select roles0_.user_id as user_id1_4_0_, roles0_.roles_id as roles_id2_4_0_, role1_.id as id1_1_1_, role1_.name as name2_1_1_ from users_roles roles0_ inner join roles role1_ on roles0_.roles_id=role1_.id where roles0_.user_id=?
Hibernate: select quiz0_.id as id1_0_0_, quiz0_.answer as answer2_0_0_, quiz0_.creator as creator3_0_0_, quiz0_.options as options4_0_0_, quiz0_.text as text5_0_0_, quiz0_.title as title6_0_0_ from quizzes quiz0_ where quiz0_.id=?
?[1;31m
Start test 88?[0m
Hibernate: select user0_.id as id1_3_, user0_.email as email2_3_, user0_.password as password3_3_ from users user0_ where user0_.email=?
Hibernate: select roles0_.user_id as user_id1_4_0_, roles0_.roles_id as roles_id2_4_0_, role1_.id as id1_1_1_, role1_.name as name2_1_1_ from users_roles roles0_ inner join roles role1_ on roles0_.roles_id=role1_.id where roles0_.user_id=?
Hibernate: select quiz0_.id as id1_0_0_, quiz0_.answer as answer2_0_0_, quiz0_.creator as creator3_0_0_, quiz0_.options as options4_0_0_, quiz0_.text as text5_0_0_, quiz0_.title as title6_0_0_ from quizzes quiz0_ where quiz0_.id=?
?[1;31m
Start test 89?[0m
Hibernate: select user0_.id as id1_3_, user0_.email as email2_3_, user0_.password as password3_3_ from users user0_ where user0_.email=?
Hibernate: select roles0_.user_id as user_id1_4_0_, roles0_.roles_id as roles_id2_4_0_, role1_.id as id1_1_1_, role1_.name as name2_1_1_ from users_roles roles0_ inner join roles role1_ on roles0_.roles_id=role1_.id where roles0_.user_id=?
Hibernate: select quiz0_.id as id1_0_0_, quiz0_.answer as answer2_0_0_, quiz0_.creator as creator3_0_0_, quiz0_.options as options4_0_0_, quiz0_.text as text5_0_0_, quiz0_.title as title6_0_0_ from quizzes quiz0_ where quiz0_.id=?
?[1;31m
Start test 90?[0m
Hibernate: select user0_.id as id1_3_, user0_.email as email2_3_, user0_.password as password3_3_ from users user0_ where user0_.email=?
Hibernate: select roles0_.user_id as user_id1_4_0_, roles0_.roles_id as roles_id2_4_0_, role1_.id as id1_1_1_, role1_.name as name2_1_1_ from users_roles roles0_ inner join roles role1_ on roles0_.roles_id=role1_.id where roles0_.user_id=?
Hibernate: select quiz0_.id as id1_0_0_, quiz0_.answer as answer2_0_0_, quiz0_.creator as creator3_0_0_, quiz0_.options as options4_0_0_, quiz0_.text as text5_0_0_, quiz0_.title as title6_0_0_ from quizzes quiz0_ where quiz0_.id=?
?[1;31m
Start test 91?[0m
Hibernate: select user0_.id as id1_3_, user0_.email as email2_3_, user0_.password as password3_3_ from users user0_ where user0_.email=?
Hibernate: select roles0_.user_id as user_id1_4_0_, roles0_.roles_id as roles_id2_4_0_, role1_.id as id1_1_1_, role1_.name as name2_1_1_ from users_roles roles0_ inner join roles role1_ on roles0_.roles_id=role1_.id where roles0_.user_id=?
Hibernate: select quiz0_.id as id1_0_0_, quiz0_.answer as answer2_0_0_, quiz0_.creator as creator3_0_0_, quiz0_.options as options4_0_0_, quiz0_.text as text5_0_0_, quiz0_.title as title6_0_0_ from quizzes quiz0_ where quiz0_.id=?
?[1;31m
Start test 92?[0m
Hibernate: select user0_.id as id1_3_, user0_.email as email2_3_, user0_.password as password3_3_ from users user0_ where user0_.email=?
Hibernate: select roles0_.user_id as user_id1_4_0_, roles0_.roles_id as roles_id2_4_0_, role1_.id as id1_1_1_, role1_.name as name2_1_1_ from users_roles roles0_ inner join roles role1_ on roles0_.roles_id=role1_.id where roles0_.user_id=?
Hibernate: select quiz0_.id as id1_0_0_, quiz0_.answer as answer2_0_0_, quiz0_.creator as creator3_0_0_, quiz0_.options as options4_0_0_, quiz0_.text as text5_0_0_, quiz0_.title as title6_0_0_ from quizzes quiz0_ where quiz0_.id=?
?[1;31m
Start test 93?[0m
Hibernate: select user0_.id as id1_3_, user0_.email as email2_3_, user0_.password as password3_3_ from users user0_ where user0_.email=?
Hibernate: select roles0_.user_id as user_id1_4_0_, roles0_.roles_id as roles_id2_4_0_, role1_.id as id1_1_1_, role1_.name as name2_1_1_ from users_roles roles0_ inner join roles role1_ on roles0_.roles_id=role1_.id where roles0_.user_id=?
Hibernate: select quiz0_.id as id1_0_0_, quiz0_.answer as answer2_0_0_, quiz0_.creator as creator3_0_0_, quiz0_.options as options4_0_0_, quiz0_.text as text5_0_0_, quiz0_.title as title6_0_0_ from quizzes quiz0_ where quiz0_.id=?
Hibernate: select solvedquiz0_.record_id as record_i1_2_0_, solvedquiz0_.completed_at as complete2_2_0_, solvedquiz0_.id as id3_2_0_, solvedquiz0_.user as user4_2_0_ from solved_quizzes solvedquiz0_ where solvedquiz0_.record_id=?
Hibernate: call next value for hibernate_sequence
Hibernate: insert into solved_quizzes (completed_at, id, user, record_id) values (?, ?, ?, ?)
?[1;31m
Start test 94?[0m
Hibernate: select user0_.id as id1_3_, user0_.email as email2_3_, user0_.password as password3_3_ from users user0_ where user0_.email=?
Hibernate: select roles0_.user_id as user_id1_4_0_, roles0_.roles_id as roles_id2_4_0_, role1_.id as id1_1_1_, role1_.name as name2_1_1_ from users_roles roles0_ inner join roles role1_ on roles0_.roles_id=role1_.id where roles0_.user_id=?
Hibernate: select quiz0_.id as id1_0_0_, quiz0_.answer as answer2_0_0_, quiz0_.creator as creator3_0_0_, quiz0_.options as options4_0_0_, quiz0_.text as text5_0_0_, quiz0_.title as title6_0_0_ from quizzes quiz0_ where quiz0_.id=?
?[1;31m
Start test 95?[0m
Hibernate: select user0_.id as id1_3_, user0_.email as email2_3_, user0_.password as password3_3_ from users user0_ where user0_.email=?
Hibernate: select roles0_.user_id as user_id1_4_0_, roles0_.roles_id as roles_id2_4_0_, role1_.id as id1_1_1_, role1_.name as name2_1_1_ from users_roles roles0_ inner join roles role1_ on roles0_.roles_id=role1_.id where roles0_.user_id=?
Hibernate: select quiz0_.id as id1_0_0_, quiz0_.answer as answer2_0_0_, quiz0_.creator as creator3_0_0_, quiz0_.options as options4_0_0_, quiz0_.text as text5_0_0_, quiz0_.title as title6_0_0_ from quizzes quiz0_ where quiz0_.id=?
?[1;31m
Start test 96?[0m
Hibernate: select user0_.id as id1_3_, user0_.email as email2_3_, user0_.password as password3_3_ from users user0_ where user0_.email=?
Hibernate: select roles0_.user_id as user_id1_4_0_, roles0_.roles_id as roles_id2_4_0_, role1_.id as id1_1_1_, role1_.name as name2_1_1_ from users_roles roles0_ inner join roles role1_ on roles0_.roles_id=role1_.id where roles0_.user_id=?
Hibernate: select quiz0_.id as id1_0_0_, quiz0_.answer as answer2_0_0_, quiz0_.creator as creator3_0_0_, quiz0_.options as options4_0_0_, quiz0_.text as text5_0_0_, quiz0_.title as title6_0_0_ from quizzes quiz0_ where quiz0_.id=?
?[1;31m
Start test 97?[0m
Hibernate: select user0_.id as id1_3_, user0_.email as email2_3_, user0_.password as password3_3_ from users user0_ where user0_.email=?
Hibernate: select roles0_.user_id as user_id1_4_0_, roles0_.roles_id as roles_id2_4_0_, role1_.id as id1_1_1_, role1_.name as name2_1_1_ from users_roles roles0_ inner join roles role1_ on roles0_.roles_id=role1_.id where roles0_.user_id=?
Hibernate: select quiz0_.id as id1_0_0_, quiz0_.answer as answer2_0_0_, quiz0_.creator as creator3_0_0_, quiz0_.options as options4_0_0_, quiz0_.text as text5_0_0_, quiz0_.title as title6_0_0_ from quizzes quiz0_ where quiz0_.id=?
?[1;31m
Start test 98?[0m
Hibernate: select user0_.id as id1_3_, user0_.email as email2_3_, user0_.password as password3_3_ from users user0_ where user0_.email=?
Hibernate: select roles0_.user_id as user_id1_4_0_, roles0_.roles_id as roles_id2_4_0_, role1_.id as id1_1_1_, role1_.name as name2_1_1_ from users_roles roles0_ inner join roles role1_ on roles0_.roles_id=role1_.id where roles0_.user_id=?
Hibernate: select quiz0_.id as id1_0_0_, quiz0_.answer as answer2_0_0_, quiz0_.creator as creator3_0_0_, quiz0_.options as options4_0_0_, quiz0_.text as text5_0_0_, quiz0_.title as title6_0_0_ from quizzes quiz0_ where quiz0_.id=?
?[1;31m
Start test 99?[0m
Hibernate: select user0_.id as id1_3_, user0_.email as email2_3_, user0_.password as password3_3_ from users user0_ where user0_.email=?
Hibernate: select roles0_.user_id as user_id1_4_0_, roles0_.roles_id as roles_id2_4_0_, role1_.id as id1_1_1_, role1_.name as name2_1_1_ from users_roles roles0_ inner join roles role1_ on roles0_.roles_id=role1_.id where roles0_.user_id=?
Hibernate: call next value for hibernate_sequence
Hibernate: insert into quizzes (answer, creator, options, text, title, id) values (?, ?, ?, ?, ?, ?)
?[1;31m
Start test 100?[0m
Hibernate: select user0_.id as id1_3_, user0_.email as email2_3_, user0_.password as password3_3_ from users user0_ where user0_.email=?
Hibernate: select roles0_.user_id as user_id1_4_0_, roles0_.roles_id as roles_id2_4_0_, role1_.id as id1_1_1_, role1_.name as name2_1_1_ from users_roles roles0_ inner join roles role1_ on roles0_.roles_id=role1_.id where roles0_.user_id=?
Hibernate: select quiz0_.id as id1_0_0_, quiz0_.answer as answer2_0_0_, quiz0_.creator as creator3_0_0_, quiz0_.options as options4_0_0_, quiz0_.text as text5_0_0_, quiz0_.title as title6_0_0_ from quizzes quiz0_ where quiz0_.id=?
?[1;31m
Start test 101?[0m
Hibernate: select user0_.id as id1_3_, user0_.email as email2_3_, user0_.password as password3_3_ from users user0_ where user0_.email=?
Hibernate: select roles0_.user_id as user_id1_4_0_, roles0_.roles_id as roles_id2_4_0_, role1_.id as id1_1_1_, role1_.name as name2_1_1_ from users_roles roles0_ inner join roles role1_ on roles0_.roles_id=role1_.id where roles0_.user_id=?
Hibernate: select quiz0_.id as id1_0_0_, quiz0_.answer as answer2_0_0_, quiz0_.creator as creator3_0_0_, quiz0_.options as options4_0_0_, quiz0_.text as text5_0_0_, quiz0_.title as title6_0_0_ from quizzes quiz0_ where quiz0_.id=?
?[1;31m
Start test 102?[0m
Hibernate: select user0_.id as id1_3_, user0_.email as email2_3_, user0_.password as password3_3_ from users user0_ where user0_.email=?
Hibernate: select roles0_.user_id as user_id1_4_0_, roles0_.roles_id as roles_id2_4_0_, role1_.id as id1_1_1_, role1_.name as name2_1_1_ from users_roles roles0_ inner join roles role1_ on roles0_.roles_id=role1_.id where roles0_.user_id=?
Hibernate: select quiz0_.id as id1_0_0_, quiz0_.answer as answer2_0_0_, quiz0_.creator as creator3_0_0_, quiz0_.options as options4_0_0_, quiz0_.text as text5_0_0_, quiz0_.title as title6_0_0_ from quizzes quiz0_ where quiz0_.id=?
Hibernate: select solvedquiz0_.record_id as record_i1_2_0_, solvedquiz0_.completed_at as complete2_2_0_, solvedquiz0_.id as id3_2_0_, solvedquiz0_.user as user4_2_0_ from solved_quizzes solvedquiz0_ where solvedquiz0_.record_id=?
Hibernate: call next value for hibernate_sequence
Hibernate: insert into solved_quizzes (completed_at, id, user, record_id) values (?, ?, ?, ?)
?[1;31m
Start test 103?[0m
Hibernate: select user0_.id as id1_3_, user0_.email as email2_3_, user0_.password as password3_3_ from users user0_ where user0_.email=?
Hibernate: select roles0_.user_id as user_id1_4_0_, roles0_.roles_id as roles_id2_4_0_, role1_.id as id1_1_1_, role1_.name as name2_1_1_ from users_roles roles0_ inner join roles role1_ on roles0_.roles_id=role1_.id where roles0_.user_id=?
Hibernate: select quiz0_.id as id1_0_0_, quiz0_.answer as answer2_0_0_, quiz0_.creator as creator3_0_0_, quiz0_.options as options4_0_0_, quiz0_.text as text5_0_0_, quiz0_.title as title6_0_0_ from quizzes quiz0_ where quiz0_.id=?
?[1;31m
Start test 104?[0m
Hibernate: select user0_.id as id1_3_, user0_.email as email2_3_, user0_.password as password3_3_ from users user0_ where user0_.email=?
Hibernate: select roles0_.user_id as user_id1_4_0_, roles0_.roles_id as roles_id2_4_0_, role1_.id as id1_1_1_, role1_.name as name2_1_1_ from users_roles roles0_ inner join roles role1_ on roles0_.roles_id=role1_.id where roles0_.user_id=?
Hibernate: select quiz0_.id as id1_0_0_, quiz0_.answer as answer2_0_0_, quiz0_.creator as creator3_0_0_, quiz0_.options as options4_0_0_, quiz0_.text as text5_0_0_, quiz0_.title as title6_0_0_ from quizzes quiz0_ where quiz0_.id=?
?[1;31m
Start test 105?[0m
Hibernate: select user0_.id as id1_3_, user0_.email as email2_3_, user0_.password as password3_3_ from users user0_ where user0_.email=?
Hibernate: select roles0_.user_id as user_id1_4_0_, roles0_.roles_id as roles_id2_4_0_, role1_.id as id1_1_1_, role1_.name as name2_1_1_ from users_roles roles0_ inner join roles role1_ on roles0_.roles_id=role1_.id where roles0_.user_id=?
Hibernate: select quiz0_.id as id1_0_0_, quiz0_.answer as answer2_0_0_, quiz0_.creator as creator3_0_0_, quiz0_.options as options4_0_0_, quiz0_.text as text5_0_0_, quiz0_.title as title6_0_0_ from quizzes quiz0_ where quiz0_.id=?
?[1;31m
Start test 106?[0m
Hibernate: select user0_.id as id1_3_, user0_.email as email2_3_, user0_.password as password3_3_ from users user0_ where user0_.email=?
Hibernate: select roles0_.user_id as user_id1_4_0_, roles0_.roles_id as roles_id2_4_0_, role1_.id as id1_1_1_, role1_.name as name2_1_1_ from users_roles roles0_ inner join roles role1_ on roles0_.roles_id=role1_.id where roles0_.user_id=?
Hibernate: select quiz0_.id as id1_0_0_, quiz0_.answer as answer2_0_0_, quiz0_.creator as creator3_0_0_, quiz0_.options as options4_0_0_, quiz0_.text as text5_0_0_, quiz0_.title as title6_0_0_ from quizzes quiz0_ where quiz0_.id=?
?[1;31m
Start test 107?[0m
Hibernate: select user0_.id as id1_3_, user0_.email as email2_3_, user0_.password as password3_3_ from users user0_ where user0_.email=?
Hibernate: select roles0_.user_id as user_id1_4_0_, roles0_.roles_id as roles_id2_4_0_, role1_.id as id1_1_1_, role1_.name as name2_1_1_ from users_roles roles0_ inner join roles role1_ on roles0_.roles_id=role1_.id where roles0_.user_id=?
Hibernate: select quiz0_.id as id1_0_0_, quiz0_.answer as answer2_0_0_, quiz0_.creator as creator3_0_0_, quiz0_.options as options4_0_0_, quiz0_.text as text5_0_0_, quiz0_.title as title6_0_0_ from quizzes quiz0_ where quiz0_.id=?
?[1;31m
Start test 108?[0m
Hibernate: select user0_.id as id1_3_, user0_.email as email2_3_, user0_.password as password3_3_ from users user0_ where user0_.email=?
Hibernate: select roles0_.user_id as user_id1_4_0_, roles0_.roles_id as roles_id2_4_0_, role1_.id as id1_1_1_, role1_.name as name2_1_1_ from users_roles roles0_ inner join roles role1_ on roles0_.roles_id=role1_.id where roles0_.user_id=?
Hibernate: select quiz0_.id as id1_0_0_, quiz0_.answer as answer2_0_0_, quiz0_.creator as creator3_0_0_, quiz0_.options as options4_0_0_, quiz0_.text as text5_0_0_, quiz0_.title as title6_0_0_ from quizzes quiz0_ where quiz0_.id=?
?[1;31m
Start test 109?[0m
Hibernate: select user0_.id as id1_3_, user0_.email as email2_3_, user0_.password as password3_3_ from users user0_ where user0_.email=?
Hibernate: select roles0_.user_id as user_id1_4_0_, roles0_.roles_id as roles_id2_4_0_, role1_.id as id1_1_1_, role1_.name as name2_1_1_ from users_roles roles0_ inner join roles role1_ on roles0_.roles_id=role1_.id where roles0_.user_id=?
Hibernate: select quiz0_.id as id1_0_0_, quiz0_.answer as answer2_0_0_, quiz0_.creator as creator3_0_0_, quiz0_.options as options4_0_0_, quiz0_.text as text5_0_0_, quiz0_.title as title6_0_0_ from quizzes quiz0_ where quiz0_.id=?
?[1;31m
Start test 110?[0m
Hibernate: select user0_.id as id1_3_, user0_.email as email2_3_, user0_.password as password3_3_ from users user0_ where user0_.email=?
Hibernate: select roles0_.user_id as user_id1_4_0_, roles0_.roles_id as roles_id2_4_0_, role1_.id as id1_1_1_, role1_.name as name2_1_1_ from users_roles roles0_ inner join roles role1_ on roles0_.roles_id=role1_.id where roles0_.user_id=?
Hibernate: select quiz0_.id as id1_0_0_, quiz0_.answer as answer2_0_0_, quiz0_.creator as creator3_0_0_, quiz0_.options as options4_0_0_, quiz0_.text as text5_0_0_, quiz0_.title as title6_0_0_ from quizzes quiz0_ where quiz0_.id=?
?[1;31m
Start test 111?[0m
Hibernate: select user0_.id as id1_3_, user0_.email as email2_3_, user0_.password as password3_3_ from users user0_ where user0_.email=?
Hibernate: select roles0_.user_id as user_id1_4_0_, roles0_.roles_id as roles_id2_4_0_, role1_.id as id1_1_1_, role1_.name as name2_1_1_ from users_roles roles0_ inner join roles role1_ on roles0_.roles_id=role1_.id where roles0_.user_id=?
Hibernate: select quiz0_.id as id1_0_0_, quiz0_.answer as answer2_0_0_, quiz0_.creator as creator3_0_0_, quiz0_.options as options4_0_0_, quiz0_.text as text5_0_0_, quiz0_.title as title6_0_0_ from quizzes quiz0_ where quiz0_.id=?
?[1;31m
Start test 112?[0m
Hibernate: select user0_.id as id1_3_, user0_.email as email2_3_, user0_.password as password3_3_ from users user0_ where user0_.email=?
Hibernate: select roles0_.user_id as user_id1_4_0_, roles0_.roles_id as roles_id2_4_0_, role1_.id as id1_1_1_, role1_.name as name2_1_1_ from users_roles roles0_ inner join roles role1_ on roles0_.roles_id=role1_.id where roles0_.user_id=?
Hibernate: select quiz0_.id as id1_0_0_, quiz0_.answer as answer2_0_0_, quiz0_.creator as creator3_0_0_, quiz0_.options as options4_0_0_, quiz0_.text as text5_0_0_, quiz0_.title as title6_0_0_ from quizzes quiz0_ where quiz0_.id=?
?[1;31m
Start test 113?[0m
Hibernate: select user0_.id as id1_3_, user0_.email as email2_3_, user0_.password as password3_3_ from users user0_ where user0_.email=?
Hibernate: select roles0_.user_id as user_id1_4_0_, roles0_.roles_id as roles_id2_4_0_, role1_.id as id1_1_1_, role1_.name as name2_1_1_ from users_roles roles0_ inner join roles role1_ on roles0_.roles_id=role1_.id where roles0_.user_id=?
Hibernate: select quiz0_.id as id1_0_0_, quiz0_.answer as answer2_0_0_, quiz0_.creator as creator3_0_0_, quiz0_.options as options4_0_0_, quiz0_.text as text5_0_0_, quiz0_.title as title6_0_0_ from quizzes quiz0_ where quiz0_.id=?
?[1;31m
Start test 114?[0m
Hibernate: select user0_.id as id1_3_, user0_.email as email2_3_, user0_.password as password3_3_ from users user0_ where user0_.email=?
Hibernate: select roles0_.user_id as user_id1_4_0_, roles0_.roles_id as roles_id2_4_0_, role1_.id as id1_1_1_, role1_.name as name2_1_1_ from users_roles roles0_ inner join roles role1_ on roles0_.roles_id=role1_.id where roles0_.user_id=?
Hibernate: select quiz0_.id as id1_0_0_, quiz0_.answer as answer2_0_0_, quiz0_.creator as creator3_0_0_, quiz0_.options as options4_0_0_, quiz0_.text as text5_0_0_, quiz0_.title as title6_0_0_ from quizzes quiz0_ where quiz0_.id=?
?[1;31m
Start test 115?[0m
Hibernate: select user0_.id as id1_3_, user0_.email as email2_3_, user0_.password as password3_3_ from users user0_ where user0_.email=?
Hibernate: select roles0_.user_id as user_id1_4_0_, roles0_.roles_id as roles_id2_4_0_, role1_.id as id1_1_1_, role1_.name as name2_1_1_ from users_roles roles0_ inner join roles role1_ on roles0_.roles_id=role1_.id where roles0_.user_id=?
Hibernate: select quiz0_.id as id1_0_0_, quiz0_.answer as answer2_0_0_, quiz0_.creator as creator3_0_0_, quiz0_.options as options4_0_0_, quiz0_.text as text5_0_0_, quiz0_.title as title6_0_0_ from quizzes quiz0_ where quiz0_.id=?
?[1;31m
Start test 116?[0m
Hibernate: select user0_.id as id1_3_, user0_.email as email2_3_, user0_.password as password3_3_ from users user0_ where user0_.email=?
Hibernate: select roles0_.user_id as user_id1_4_0_, roles0_.roles_id as roles_id2_4_0_, role1_.id as id1_1_1_, role1_.name as name2_1_1_ from users_roles roles0_ inner join roles role1_ on roles0_.roles_id=role1_.id where roles0_.user_id=?
Hibernate: select quiz0_.id as id1_0_0_, quiz0_.answer as answer2_0_0_, quiz0_.creator as creator3_0_0_, quiz0_.options as options4_0_0_, quiz0_.text as text5_0_0_, quiz0_.title as title6_0_0_ from quizzes quiz0_ where quiz0_.id=?
?[1;31m
Start test 117?[0m
Hibernate: select user0_.id as id1_3_, user0_.email as email2_3_, user0_.password as password3_3_ from users user0_ where user0_.email=?
Hibernate: select roles0_.user_id as user_id1_4_0_, roles0_.roles_id as roles_id2_4_0_, role1_.id as id1_1_1_, role1_.name as name2_1_1_ from users_roles roles0_ inner join roles role1_ on roles0_.roles_id=role1_.id where roles0_.user_id=?
Hibernate: call next value for hibernate_sequence
Hibernate: insert into quizzes (answer, creator, options, text, title, id) values (?, ?, ?, ?, ?, ?)
?[1;31m
Start test 118?[0m
Hibernate: select user0_.id as id1_3_, user0_.email as email2_3_, user0_.password as password3_3_ from users user0_ where user0_.email=?
Hibernate: select roles0_.user_id as user_id1_4_0_, roles0_.roles_id as roles_id2_4_0_, role1_.id as id1_1_1_, role1_.name as name2_1_1_ from users_roles roles0_ inner join roles role1_ on roles0_.roles_id=role1_.id where roles0_.user_id=?
Hibernate: select quiz0_.id as id1_0_0_, quiz0_.answer as answer2_0_0_, quiz0_.creator as creator3_0_0_, quiz0_.options as options4_0_0_, quiz0_.text as text5_0_0_, quiz0_.title as title6_0_0_ from quizzes quiz0_ where quiz0_.id=?
?[1;31m
Start test 119?[0m
Hibernate: select user0_.id as id1_3_, user0_.email as email2_3_, user0_.password as password3_3_ from users user0_ where user0_.email=?
Hibernate: select roles0_.user_id as user_id1_4_0_, roles0_.roles_id as roles_id2_4_0_, role1_.id as id1_1_1_, role1_.name as name2_1_1_ from users_roles roles0_ inner join roles role1_ on roles0_.roles_id=role1_.id where roles0_.user_id=?
Hibernate: select quiz0_.id as id1_0_0_, quiz0_.answer as answer2_0_0_, quiz0_.creator as creator3_0_0_, quiz0_.options as options4_0_0_, quiz0_.text as text5_0_0_, quiz0_.title as title6_0_0_ from quizzes quiz0_ where quiz0_.id=?
?[1;31m
Start test 120?[0m
Hibernate: select user0_.id as id1_3_, user0_.email as email2_3_, user0_.password as password3_3_ from users user0_ where user0_.email=?
Hibernate: select roles0_.user_id as user_id1_4_0_, roles0_.roles_id as roles_id2_4_0_, role1_.id as id1_1_1_, role1_.name as name2_1_1_ from users_roles roles0_ inner join roles role1_ on roles0_.roles_id=role1_.id where roles0_.user_id=?
Hibernate: select quiz0_.id as id1_0_0_, quiz0_.answer as answer2_0_0_, quiz0_.creator as creator3_0_0_, quiz0_.options as options4_0_0_, quiz0_.text as text5_0_0_, quiz0_.title as title6_0_0_ from quizzes quiz0_ where quiz0_.id=?
Hibernate: select solvedquiz0_.record_id as record_i1_2_0_, solvedquiz0_.completed_at as complete2_2_0_, solvedquiz0_.id as id3_2_0_, solvedquiz0_.user as user4_2_0_ from solved_quizzes solvedquiz0_ where solvedquiz0_.record_id=?
Hibernate: call next value for hibernate_sequence
Hibernate: insert into solved_quizzes (completed_at, id, user, record_id) values (?, ?, ?, ?)
?[1;31m
Start test 121?[0m
Hibernate: select user0_.id as id1_3_, user0_.email as email2_3_, user0_.password as password3_3_ from users user0_ where user0_.email=?
Hibernate: select roles0_.user_id as user_id1_4_0_, roles0_.roles_id as roles_id2_4_0_, role1_.id as id1_1_1_, role1_.name as name2_1_1_ from users_roles roles0_ inner join roles role1_ on roles0_.roles_id=role1_.id where roles0_.user_id=?
Hibernate: select quiz0_.id as id1_0_0_, quiz0_.answer as answer2_0_0_, quiz0_.creator as creator3_0_0_, quiz0_.options as options4_0_0_, quiz0_.text as text5_0_0_, quiz0_.title as title6_0_0_ from quizzes quiz0_ where quiz0_.id=?
?[1;31m
Start test 122?[0m
Hibernate: select user0_.id as id1_3_, user0_.email as email2_3_, user0_.password as password3_3_ from users user0_ where user0_.email=?
Hibernate: select roles0_.user_id as user_id1_4_0_, roles0_.roles_id as roles_id2_4_0_, role1_.id as id1_1_1_, role1_.name as name2_1_1_ from users_roles roles0_ inner join roles role1_ on roles0_.roles_id=role1_.id where roles0_.user_id=?
Hibernate: select quiz0_.id as id1_0_0_, quiz0_.answer as answer2_0_0_, quiz0_.creator as creator3_0_0_, quiz0_.options as options4_0_0_, quiz0_.text as text5_0_0_, quiz0_.title as title6_0_0_ from quizzes quiz0_ where quiz0_.id=?
?[1;31m
Start test 123?[0m
Hibernate: select user0_.id as id1_3_, user0_.email as email2_3_, user0_.password as password3_3_ from users user0_ where user0_.email=?
Hibernate: select roles0_.user_id as user_id1_4_0_, roles0_.roles_id as roles_id2_4_0_, role1_.id as id1_1_1_, role1_.name as name2_1_1_ from users_roles roles0_ inner join roles role1_ on roles0_.roles_id=role1_.id where roles0_.user_id=?
Hibernate: select quiz0_.id as id1_0_0_, quiz0_.answer as answer2_0_0_, quiz0_.creator as creator3_0_0_, quiz0_.options as options4_0_0_, quiz0_.text as text5_0_0_, quiz0_.title as title6_0_0_ from quizzes quiz0_ where quiz0_.id=?
?[1;31m
Start test 124?[0m
Hibernate: select user0_.id as id1_3_, user0_.email as email2_3_, user0_.password as password3_3_ from users user0_ where user0_.email=?
Hibernate: select roles0_.user_id as user_id1_4_0_, roles0_.roles_id as roles_id2_4_0_, role1_.id as id1_1_1_, role1_.name as name2_1_1_ from users_roles roles0_ inner join roles role1_ on roles0_.roles_id=role1_.id where roles0_.user_id=?
Hibernate: select quiz0_.id as id1_0_0_, quiz0_.answer as answer2_0_0_, quiz0_.creator as creator3_0_0_, quiz0_.options as options4_0_0_, quiz0_.text as text5_0_0_, quiz0_.title as title6_0_0_ from quizzes quiz0_ where quiz0_.id=?
?[1;31m
Start test 125?[0m
Hibernate: select user0_.id as id1_3_, user0_.email as email2_3_, user0_.password as password3_3_ from users user0_ where user0_.email=?
Hibernate: select roles0_.user_id as user_id1_4_0_, roles0_.roles_id as roles_id2_4_0_, role1_.id as id1_1_1_, role1_.name as name2_1_1_ from users_roles roles0_ inner join roles role1_ on roles0_.roles_id=role1_.id where roles0_.user_id=?
Hibernate: select quiz0_.id as id1_0_0_, quiz0_.answer as answer2_0_0_, quiz0_.creator as creator3_0_0_, quiz0_.options as options4_0_0_, quiz0_.text as text5_0_0_, quiz0_.title as title6_0_0_ from quizzes quiz0_ where quiz0_.id=?
?[1;31m
Start test 126?[0m
Hibernate: select user0_.id as id1_3_, user0_.email as email2_3_, user0_.password as password3_3_ from users user0_ where user0_.email=?
Hibernate: select roles0_.user_id as user_id1_4_0_, roles0_.roles_id as roles_id2_4_0_, role1_.id as id1_1_1_, role1_.name as name2_1_1_ from users_roles roles0_ inner join roles role1_ on roles0_.roles_id=role1_.id where roles0_.user_id=?
Hibernate: select quiz0_.id as id1_0_0_, quiz0_.answer as answer2_0_0_, quiz0_.creator as creator3_0_0_, quiz0_.options as options4_0_0_, quiz0_.text as text5_0_0_, quiz0_.title as title6_0_0_ from quizzes quiz0_ where quiz0_.id=?
?[1;31m
Start test 127?[0m
Hibernate: select user0_.id as id1_3_, user0_.email as email2_3_, user0_.password as password3_3_ from users user0_ where user0_.email=?
Hibernate: select roles0_.user_id as user_id1_4_0_, roles0_.roles_id as roles_id2_4_0_, role1_.id as id1_1_1_, role1_.name as name2_1_1_ from users_roles roles0_ inner join roles role1_ on roles0_.roles_id=role1_.id where roles0_.user_id=?
Hibernate: select quiz0_.id as id1_0_0_, quiz0_.answer as answer2_0_0_, quiz0_.creator as creator3_0_0_, quiz0_.options as options4_0_0_, quiz0_.text as text5_0_0_, quiz0_.title as title6_0_0_ from quizzes quiz0_ where quiz0_.id=?
?[1;31m
Start test 128?[0m
Hibernate: select user0_.id as id1_3_, user0_.email as email2_3_, user0_.password as password3_3_ from users user0_ where user0_.email=?
Hibernate: select roles0_.user_id as user_id1_4_0_, roles0_.roles_id as roles_id2_4_0_, role1_.id as id1_1_1_, role1_.name as name2_1_1_ from users_roles roles0_ inner join roles role1_ on roles0_.roles_id=role1_.id where roles0_.user_id=?
Hibernate: select quiz0_.id as id1_0_0_, quiz0_.answer as answer2_0_0_, quiz0_.creator as creator3_0_0_, quiz0_.options as options4_0_0_, quiz0_.text as text5_0_0_, quiz0_.title as title6_0_0_ from quizzes quiz0_ where quiz0_.id=?
?[1;31m
Start test 129?[0m
Hibernate: select user0_.id as id1_3_, user0_.email as email2_3_, user0_.password as password3_3_ from users user0_ where user0_.email=?
Hibernate: select roles0_.user_id as user_id1_4_0_, roles0_.roles_id as roles_id2_4_0_, role1_.id as id1_1_1_, role1_.name as name2_1_1_ from users_roles roles0_ inner join roles role1_ on roles0_.roles_id=role1_.id where roles0_.user_id=?
Hibernate: select quiz0_.id as id1_0_0_, quiz0_.answer as answer2_0_0_, quiz0_.creator as creator3_0_0_, quiz0_.options as options4_0_0_, quiz0_.text as text5_0_0_, quiz0_.title as title6_0_0_ from quizzes quiz0_ where quiz0_.id=?
?[1;31m
Start test 130?[0m
Hibernate: select user0_.id as id1_3_, user0_.email as email2_3_, user0_.password as password3_3_ from users user0_ where user0_.email=?
Hibernate: select roles0_.user_id as user_id1_4_0_, roles0_.roles_id as roles_id2_4_0_, role1_.id as id1_1_1_, role1_.name as name2_1_1_ from users_roles roles0_ inner join roles role1_ on roles0_.roles_id=role1_.id where roles0_.user_id=?
Hibernate: select quiz0_.id as id1_0_0_, quiz0_.answer as answer2_0_0_, quiz0_.creator as creator3_0_0_, quiz0_.options as options4_0_0_, quiz0_.text as text5_0_0_, quiz0_.title as title6_0_0_ from quizzes quiz0_ where quiz0_.id=?
?[1;31m
Start test 131?[0m
Hibernate: select user0_.id as id1_3_, user0_.email as email2_3_, user0_.password as password3_3_ from users user0_ where user0_.email=?
Hibernate: select roles0_.user_id as user_id1_4_0_, roles0_.roles_id as roles_id2_4_0_, role1_.id as id1_1_1_, role1_.name as name2_1_1_ from users_roles roles0_ inner join roles role1_ on roles0_.roles_id=role1_.id where roles0_.user_id=?
Hibernate: select quiz0_.id as id1_0_0_, quiz0_.answer as answer2_0_0_, quiz0_.creator as creator3_0_0_, quiz0_.options as options4_0_0_, quiz0_.text as text5_0_0_, quiz0_.title as title6_0_0_ from quizzes quiz0_ where quiz0_.id=?
?[1;31m
Start test 132?[0m
Hibernate: select user0_.id as id1_3_, user0_.email as email2_3_, user0_.password as password3_3_ from users user0_ where user0_.email=?
Hibernate: select roles0_.user_id as user_id1_4_0_, roles0_.roles_id as roles_id2_4_0_, role1_.id as id1_1_1_, role1_.name as name2_1_1_ from users_roles roles0_ inner join roles role1_ on roles0_.roles_id=role1_.id where roles0_.user_id=?
Hibernate: select quiz0_.id as id1_0_0_, quiz0_.answer as answer2_0_0_, quiz0_.creator as creator3_0_0_, quiz0_.options as options4_0_0_, quiz0_.text as text5_0_0_, quiz0_.title as title6_0_0_ from quizzes quiz0_ where quiz0_.id=?
?[1;31m
Start test 133?[0m
Hibernate: select user0_.id as id1_3_, user0_.email as email2_3_, user0_.password as password3_3_ from users user0_ where user0_.email=?
Hibernate: select roles0_.user_id as user_id1_4_0_, roles0_.roles_id as roles_id2_4_0_, role1_.id as id1_1_1_, role1_.name as name2_1_1_ from users_roles roles0_ inner join roles role1_ on roles0_.roles_id=role1_.id where roles0_.user_id=?
Hibernate: select quiz0_.id as id1_0_0_, quiz0_.answer as answer2_0_0_, quiz0_.creator as creator3_0_0_, quiz0_.options as options4_0_0_, quiz0_.text as text5_0_0_, quiz0_.title as title6_0_0_ from quizzes quiz0_ where quiz0_.id=?
?[1;31m
Start test 134?[0m
Hibernate: select user0_.id as id1_3_, user0_.email as email2_3_, user0_.password as password3_3_ from users user0_ where user0_.email=?
Hibernate: select roles0_.user_id as user_id1_4_0_, roles0_.roles_id as roles_id2_4_0_, role1_.id as id1_1_1_, role1_.name as name2_1_1_ from users_roles roles0_ inner join roles role1_ on roles0_.roles_id=role1_.id where roles0_.user_id=?
Hibernate: select quiz0_.id as id1_0_0_, quiz0_.answer as answer2_0_0_, quiz0_.creator as creator3_0_0_, quiz0_.options as options4_0_0_, quiz0_.text as text5_0_0_, quiz0_.title as title6_0_0_ from quizzes quiz0_ where quiz0_.id=?
?[1;31m
Start test 135?[0m
Hibernate: select user0_.id as id1_3_, user0_.email as email2_3_, user0_.password as password3_3_ from users user0_ where user0_.email=?
Hibernate: select roles0_.user_id as user_id1_4_0_, roles0_.roles_id as roles_id2_4_0_, role1_.id as id1_1_1_, role1_.name as name2_1_1_ from users_roles roles0_ inner join roles role1_ on roles0_.roles_id=role1_.id where roles0_.user_id=?
Hibernate: call next value for hibernate_sequence
Hibernate: insert into quizzes (answer, creator, options, text, title, id) values (?, ?, ?, ?, ?, ?)
?[1;31m
Start test 136?[0m
Hibernate: select user0_.id as id1_3_, user0_.email as email2_3_, user0_.password as password3_3_ from users user0_ where user0_.email=?
Hibernate: select roles0_.user_id as user_id1_4_0_, roles0_.roles_id as roles_id2_4_0_, role1_.id as id1_1_1_, role1_.name as name2_1_1_ from users_roles roles0_ inner join roles role1_ on roles0_.roles_id=role1_.id where roles0_.user_id=?
Hibernate: select quiz0_.id as id1_0_0_, quiz0_.answer as answer2_0_0_, quiz0_.creator as creator3_0_0_, quiz0_.options as options4_0_0_, quiz0_.text as text5_0_0_, quiz0_.title as title6_0_0_ from quizzes quiz0_ where quiz0_.id=?
?[1;31m
Start test 137?[0m
Hibernate: select user0_.id as id1_3_, user0_.email as email2_3_, user0_.password as password3_3_ from users user0_ where user0_.email=?
Hibernate: select roles0_.user_id as user_id1_4_0_, roles0_.roles_id as roles_id2_4_0_, role1_.id as id1_1_1_, role1_.name as name2_1_1_ from users_roles roles0_ inner join roles role1_ on roles0_.roles_id=role1_.id where roles0_.user_id=?
Hibernate: select quiz0_.id as id1_0_0_, quiz0_.answer as answer2_0_0_, quiz0_.creator as creator3_0_0_, quiz0_.options as options4_0_0_, quiz0_.text as text5_0_0_, quiz0_.title as title6_0_0_ from quizzes quiz0_ where quiz0_.id=?
?[1;31m
Start test 138?[0m
Hibernate: select user0_.id as id1_3_, user0_.email as email2_3_, user0_.password as password3_3_ from users user0_ where user0_.email=?
Hibernate: select roles0_.user_id as user_id1_4_0_, roles0_.roles_id as roles_id2_4_0_, role1_.id as id1_1_1_, role1_.name as name2_1_1_ from users_roles roles0_ inner join roles role1_ on roles0_.roles_id=role1_.id where roles0_.user_id=?
Hibernate: select quiz0_.id as id1_0_0_, quiz0_.answer as answer2_0_0_, quiz0_.creator as creator3_0_0_, quiz0_.options as options4_0_0_, quiz0_.text as text5_0_0_, quiz0_.title as title6_0_0_ from quizzes quiz0_ where quiz0_.id=?
?[1;31m
Start test 139?[0m
Hibernate: select user0_.id as id1_3_, user0_.email as email2_3_, user0_.password as password3_3_ from users user0_ where user0_.email=?
Hibernate: select roles0_.user_id as user_id1_4_0_, roles0_.roles_id as roles_id2_4_0_, role1_.id as id1_1_1_, role1_.name as name2_1_1_ from users_roles roles0_ inner join roles role1_ on roles0_.roles_id=role1_.id where roles0_.user_id=?
Hibernate: select quiz0_.id as id1_0_0_, quiz0_.answer as answer2_0_0_, quiz0_.creator as creator3_0_0_, quiz0_.options as options4_0_0_, quiz0_.text as text5_0_0_, quiz0_.title as title6_0_0_ from quizzes quiz0_ where quiz0_.id=?
?[1;31m
Start test 140?[0m
Hibernate: select user0_.id as id1_3_, user0_.email as email2_3_, user0_.password as password3_3_ from users user0_ where user0_.email=?
Hibernate: select roles0_.user_id as user_id1_4_0_, roles0_.roles_id as roles_id2_4_0_, role1_.id as id1_1_1_, role1_.name as name2_1_1_ from users_roles roles0_ inner join roles role1_ on roles0_.roles_id=role1_.id where roles0_.user_id=?
Hibernate: select quiz0_.id as id1_0_0_, quiz0_.answer as answer2_0_0_, quiz0_.creator as creator3_0_0_, quiz0_.options as options4_0_0_, quiz0_.text as text5_0_0_, quiz0_.title as title6_0_0_ from quizzes quiz0_ where quiz0_.id=?
?[1;31m
Start test 141?[0m
Hibernate: select user0_.id as id1_3_, user0_.email as email2_3_, user0_.password as password3_3_ from users user0_ where user0_.email=?
Hibernate: select roles0_.user_id as user_id1_4_0_, roles0_.roles_id as roles_id2_4_0_, role1_.id as id1_1_1_, role1_.name as name2_1_1_ from users_roles roles0_ inner join roles role1_ on roles0_.roles_id=role1_.id where roles0_.user_id=?
Hibernate: select quiz0_.id as id1_0_0_, quiz0_.answer as answer2_0_0_, quiz0_.creator as creator3_0_0_, quiz0_.options as options4_0_0_, quiz0_.text as text5_0_0_, quiz0_.title as title6_0_0_ from quizzes quiz0_ where quiz0_.id=?
?[1;31m
Start test 142?[0m
Hibernate: select user0_.id as id1_3_, user0_.email as email2_3_, user0_.password as password3_3_ from users user0_ where user0_.email=?
Hibernate: select roles0_.user_id as user_id1_4_0_, roles0_.roles_id as roles_id2_4_0_, role1_.id as id1_1_1_, role1_.name as name2_1_1_ from users_roles roles0_ inner join roles role1_ on roles0_.roles_id=role1_.id where roles0_.user_id=?
Hibernate: select quiz0_.id as id1_0_0_, quiz0_.answer as answer2_0_0_, quiz0_.creator as creator3_0_0_, quiz0_.options as options4_0_0_, quiz0_.text as text5_0_0_, quiz0_.title as title6_0_0_ from quizzes quiz0_ where quiz0_.id=?
?[1;31m
Start test 143?[0m
Hibernate: select user0_.id as id1_3_, user0_.email as email2_3_, user0_.password as password3_3_ from users user0_ where user0_.email=?
Hibernate: select roles0_.user_id as user_id1_4_0_, roles0_.roles_id as roles_id2_4_0_, role1_.id as id1_1_1_, role1_.name as name2_1_1_ from users_roles roles0_ inner join roles role1_ on roles0_.roles_id=role1_.id where roles0_.user_id=?
Hibernate: select quiz0_.id as id1_0_0_, quiz0_.answer as answer2_0_0_, quiz0_.creator as creator3_0_0_, quiz0_.options as options4_0_0_, quiz0_.text as text5_0_0_, quiz0_.title as title6_0_0_ from quizzes quiz0_ where quiz0_.id=?
?[1;31m
Start test 144?[0m
Hibernate: select user0_.id as id1_3_, user0_.email as email2_3_, user0_.password as password3_3_ from users user0_ where user0_.email=?
Hibernate: select roles0_.user_id as user_id1_4_0_, roles0_.roles_id as roles_id2_4_0_, role1_.id as id1_1_1_, role1_.name as name2_1_1_ from users_roles roles0_ inner join roles role1_ on roles0_.roles_id=role1_.id where roles0_.user_id=?
Hibernate: select quiz0_.id as id1_0_0_, quiz0_.answer as answer2_0_0_, quiz0_.creator as creator3_0_0_, quiz0_.options as options4_0_0_, quiz0_.text as text5_0_0_, quiz0_.title as title6_0_0_ from quizzes quiz0_ where quiz0_.id=?
?[1;31m
Start test 145?[0m
Hibernate: select user0_.id as id1_3_, user0_.email as email2_3_, user0_.password as password3_3_ from users user0_ where user0_.email=?
Hibernate: select roles0_.user_id as user_id1_4_0_, roles0_.roles_id as roles_id2_4_0_, role1_.id as id1_1_1_, role1_.name as name2_1_1_ from users_roles roles0_ inner join roles role1_ on roles0_.roles_id=role1_.id where roles0_.user_id=?
Hibernate: select quiz0_.id as id1_0_0_, quiz0_.answer as answer2_0_0_, quiz0_.creator as creator3_0_0_, quiz0_.options as options4_0_0_, quiz0_.text as text5_0_0_, quiz0_.title as title6_0_0_ from quizzes quiz0_ where quiz0_.id=?
?[1;31m
Start test 146?[0m
Hibernate: select user0_.id as id1_3_, user0_.email as email2_3_, user0_.password as password3_3_ from users user0_ where user0_.email=?
Hibernate: select roles0_.user_id as user_id1_4_0_, roles0_.roles_id as roles_id2_4_0_, role1_.id as id1_1_1_, role1_.name as name2_1_1_ from users_roles roles0_ inner join roles role1_ on roles0_.roles_id=role1_.id where roles0_.user_id=?
Hibernate: select quiz0_.id as id1_0_0_, quiz0_.answer as answer2_0_0_, quiz0_.creator as creator3_0_0_, quiz0_.options as options4_0_0_, quiz0_.text as text5_0_0_, quiz0_.title as title6_0_0_ from quizzes quiz0_ where quiz0_.id=?
?[1;31m
Start test 147?[0m
Hibernate: select user0_.id as id1_3_, user0_.email as email2_3_, user0_.password as password3_3_ from users user0_ where user0_.email=?
Hibernate: select roles0_.user_id as user_id1_4_0_, roles0_.roles_id as roles_id2_4_0_, role1_.id as id1_1_1_, role1_.name as name2_1_1_ from users_roles roles0_ inner join roles role1_ on roles0_.roles_id=role1_.id where roles0_.user_id=?
Hibernate: select quiz0_.id as id1_0_0_, quiz0_.answer as answer2_0_0_, quiz0_.creator as creator3_0_0_, quiz0_.options as options4_0_0_, quiz0_.text as text5_0_0_, quiz0_.title as title6_0_0_ from quizzes quiz0_ where quiz0_.id=?
?[1;31m
Start test 148?[0m
Hibernate: select user0_.id as id1_3_, user0_.email as email2_3_, user0_.password as password3_3_ from users user0_ where user0_.email=?
Hibernate: select roles0_.user_id as user_id1_4_0_, roles0_.roles_id as roles_id2_4_0_, role1_.id as id1_1_1_, role1_.name as name2_1_1_ from users_roles roles0_ inner join roles role1_ on roles0_.roles_id=role1_.id where roles0_.user_id=?
Hibernate: select quiz0_.id as id1_0_0_, quiz0_.answer as answer2_0_0_, quiz0_.creator as creator3_0_0_, quiz0_.options as options4_0_0_, quiz0_.text as text5_0_0_, quiz0_.title as title6_0_0_ from quizzes quiz0_ where quiz0_.id=?
?[1;31m
Start test 149?[0m
Hibernate: select user0_.id as id1_3_, user0_.email as email2_3_, user0_.password as password3_3_ from users user0_ where user0_.email=?
Hibernate: select roles0_.user_id as user_id1_4_0_, roles0_.roles_id as roles_id2_4_0_, role1_.id as id1_1_1_, role1_.name as name2_1_1_ from users_roles roles0_ inner join roles role1_ on roles0_.roles_id=role1_.id where roles0_.user_id=?
Hibernate: select quiz0_.id as id1_0_0_, quiz0_.answer as answer2_0_0_, quiz0_.creator as creator3_0_0_, quiz0_.options as options4_0_0_, quiz0_.text as text5_0_0_, quiz0_.title as title6_0_0_ from quizzes quiz0_ where quiz0_.id=?
?[1;31m
Start test 150?[0m
Hibernate: select user0_.id as id1_3_, user0_.email as email2_3_, user0_.password as password3_3_ from users user0_ where user0_.email=?
Hibernate: select roles0_.user_id as user_id1_4_0_, roles0_.roles_id as roles_id2_4_0_, role1_.id as id1_1_1_, role1_.name as name2_1_1_ from users_roles roles0_ inner join roles role1_ on roles0_.roles_id=role1_.id where roles0_.user_id=?
Hibernate: select quiz0_.id as id1_0_0_, quiz0_.answer as answer2_0_0_, quiz0_.creator as creator3_0_0_, quiz0_.options as options4_0_0_, quiz0_.text as text5_0_0_, quiz0_.title as title6_0_0_ from quizzes quiz0_ where quiz0_.id=?
Hibernate: select solvedquiz0_.record_id as record_i1_2_0_, solvedquiz0_.completed_at as complete2_2_0_, solvedquiz0_.id as id3_2_0_, solvedquiz0_.user as user4_2_0_ from solved_quizzes solvedquiz0_ where solvedquiz0_.record_id=?
Hibernate: call next value for hibernate_sequence
Hibernate: insert into solved_quizzes (completed_at, id, user, record_id) values (?, ?, ?, ?)
?[1;31m
Start test 151?[0m
Hibernate: select user0_.id as id1_3_, user0_.email as email2_3_, user0_.password as password3_3_ from users user0_ where user0_.email=?
Hibernate: select roles0_.user_id as user_id1_4_0_, roles0_.roles_id as roles_id2_4_0_, role1_.id as id1_1_1_, role1_.name as name2_1_1_ from users_roles roles0_ inner join roles role1_ on roles0_.roles_id=role1_.id where roles0_.user_id=?
Hibernate: select quiz0_.id as id1_0_0_, quiz0_.answer as answer2_0_0_, quiz0_.creator as creator3_0_0_, quiz0_.options as options4_0_0_, quiz0_.text as text5_0_0_, quiz0_.title as title6_0_0_ from quizzes quiz0_ where quiz0_.id=?
?[1;31m
Start test 152?[0m
Hibernate: select user0_.id as id1_3_, user0_.email as email2_3_, user0_.password as password3_3_ from users user0_ where user0_.email=?
Hibernate: select roles0_.user_id as user_id1_4_0_, roles0_.roles_id as roles_id2_4_0_, role1_.id as id1_1_1_, role1_.name as name2_1_1_ from users_roles roles0_ inner join roles role1_ on roles0_.roles_id=role1_.id where roles0_.user_id=?
Hibernate: select quiz0_.id as id1_0_0_, quiz0_.answer as answer2_0_0_, quiz0_.creator as creator3_0_0_, quiz0_.options as options4_0_0_, quiz0_.text as text5_0_0_, quiz0_.title as title6_0_0_ from quizzes quiz0_ where quiz0_.id=?
?[1;31m
Start test 153?[0m
Hibernate: select user0_.id as id1_3_, user0_.email as email2_3_, user0_.password as password3_3_ from users user0_ where user0_.email=?
Hibernate: select roles0_.user_id as user_id1_4_0_, roles0_.roles_id as roles_id2_4_0_, role1_.id as id1_1_1_, role1_.name as name2_1_1_ from users_roles roles0_ inner join roles role1_ on roles0_.roles_id=role1_.id where roles0_.user_id=?
Hibernate: select quiz0_.id as id1_0_, quiz0_.answer as answer2_0_, quiz0_.creator as creator3_0_, quiz0_.options as options4_0_, quiz0_.text as text5_0_, quiz0_.title as title6_0_ from quizzes quiz0_ limit ?
?[1;31m
Start test 154?[0m
Hibernate: select user0_.id as id1_3_, user0_.email as email2_3_, user0_.password as password3_3_ from users user0_ where user0_.email=?
Hibernate: select roles0_.user_id as user_id1_4_0_, roles0_.roles_id as roles_id2_4_0_, role1_.id as id1_1_1_, role1_.name as name2_1_1_ from users_roles roles0_ inner join roles role1_ on roles0_.roles_id=role1_.id where roles0_.user_id=?
Hibernate: select quiz0_.id as id1_0_, quiz0_.answer as answer2_0_, quiz0_.creator as creator3_0_, quiz0_.options as options4_0_, quiz0_.text as text5_0_, quiz0_.title as title6_0_ from quizzes quiz0_ limit ?
?[1;31m
Start test 155?[0m
Hibernate: select user0_.id as id1_3_, user0_.email as email2_3_, user0_.password as password3_3_ from users user0_ where user0_.email=?
Hibernate: select roles0_.user_id as user_id1_4_0_, roles0_.roles_id as roles_id2_4_0_, role1_.id as id1_1_1_, role1_.name as name2_1_1_ from users_roles roles0_ inner join roles role1_ on roles0_.roles_id=role1_.id where roles0_.user_id=?
Hibernate: select quiz0_.id as id1_0_0_, quiz0_.answer as answer2_0_0_, quiz0_.creator as creator3_0_0_, quiz0_.options as options4_0_0_, quiz0_.text as text5_0_0_, quiz0_.title as title6_0_0_ from quizzes quiz0_ where quiz0_.id=?
Hibernate: select solvedquiz0_.record_id as record_i1_2_0_, solvedquiz0_.completed_at as complete2_2_0_, solvedquiz0_.id as id3_2_0_, solvedquiz0_.user as user4_2_0_ from solved_quizzes solvedquiz0_ where solvedquiz0_.record_id=?
Hibernate: call next value for hibernate_sequence
Hibernate: insert into solved_quizzes (completed_at, id, user, record_id) values (?, ?, ?, ?)
?[1;31m
Start test 156?[0m
Hibernate: select user0_.id as id1_3_, user0_.email as email2_3_, user0_.password as password3_3_ from users user0_ where user0_.email=?
Hibernate: select roles0_.user_id as user_id1_4_0_, roles0_.roles_id as roles_id2_4_0_, role1_.id as id1_1_1_, role1_.name as name2_1_1_ from users_roles roles0_ inner join roles role1_ on roles0_.roles_id=role1_.id where roles0_.user_id=?
Hibernate: select quiz0_.id as id1_0_0_, quiz0_.answer as answer2_0_0_, quiz0_.creator as creator3_0_0_, quiz0_.options as options4_0_0_, quiz0_.text as text5_0_0_, quiz0_.title as title6_0_0_ from quizzes quiz0_ where quiz0_.id=?
?[1;31m
Start test 157?[0m
Hibernate: select user0_.id as id1_3_, user0_.email as email2_3_, user0_.password as password3_3_ from users user0_ where user0_.email=?
Hibernate: select roles0_.user_id as user_id1_4_0_, roles0_.roles_id as roles_id2_4_0_, role1_.id as id1_1_1_, role1_.name as name2_1_1_ from users_roles roles0_ inner join roles role1_ on roles0_.roles_id=role1_.id where roles0_.user_id=?
Hibernate: select quiz0_.id as id1_0_0_, quiz0_.answer as answer2_0_0_, quiz0_.creator as creator3_0_0_, quiz0_.options as options4_0_0_, quiz0_.text as text5_0_0_, quiz0_.title as title6_0_0_ from quizzes quiz0_ where quiz0_.id=?
?[1;31m
Start test 158?[0m
Hibernate: select user0_.id as id1_3_, user0_.email as email2_3_, user0_.password as password3_3_ from users user0_ where user0_.email=?
Hibernate: select roles0_.user_id as user_id1_4_0_, roles0_.roles_id as roles_id2_4_0_, role1_.id as id1_1_1_, role1_.name as name2_1_1_ from users_roles roles0_ inner join roles role1_ on roles0_.roles_id=role1_.id where roles0_.user_id=?
Hibernate: select quiz0_.id as id1_0_0_, quiz0_.answer as answer2_0_0_, quiz0_.creator as creator3_0_0_, quiz0_.options as options4_0_0_, quiz0_.text as text5_0_0_, quiz0_.title as title6_0_0_ from quizzes quiz0_ where quiz0_.id=?
Hibernate: select solvedquiz0_.record_id as record_i1_2_0_, solvedquiz0_.completed_at as complete2_2_0_, solvedquiz0_.id as id3_2_0_, solvedquiz0_.user as user4_2_0_ from solved_quizzes solvedquiz0_ where solvedquiz0_.record_id=?
Hibernate: call next value for hibernate_sequence
Hibernate: insert into solved_quizzes (completed_at, id, user, record_id) values (?, ?, ?, ?)
?[1;31m
Start test 159?[0m
Hibernate: select user0_.id as id1_3_, user0_.email as email2_3_, user0_.password as password3_3_ from users user0_ where user0_.email=?
Hibernate: select roles0_.user_id as user_id1_4_0_, roles0_.roles_id as roles_id2_4_0_, role1_.id as id1_1_1_, role1_.name as name2_1_1_ from users_roles roles0_ inner join roles role1_ on roles0_.roles_id=role1_.id where roles0_.user_id=?
Hibernate: SELECT * FROM solved_quizzes WHERE user = ? ORDER BY completed_at DESC limit ?
?[1;31m
Start test 160?[0m
Hibernate: select user0_.id as id1_3_, user0_.email as email2_3_, user0_.password as password3_3_ from users user0_ where user0_.email=?
Hibernate: select roles0_.user_id as user_id1_4_0_, roles0_.roles_id as roles_id2_4_0_, role1_.id as id1_1_1_, role1_.name as name2_1_1_ from users_roles roles0_ inner join roles role1_ on roles0_.roles_id=role1_.id where roles0_.user_id=?
Hibernate: SELECT * FROM solved_quizzes WHERE user = ? ORDER BY completed_at DESC limit ?
?[1;31m
Start test 161?[0m
Hibernate: select user0_.id as id1_3_, user0_.email as email2_3_, user0_.password as password3_3_ from users user0_ where user0_.email=?
Hibernate: select roles0_.user_id as user_id1_4_0_, roles0_.roles_id as roles_id2_4_0_, role1_.id as id1_1_1_, role1_.name as name2_1_1_ from users_roles roles0_ inner join roles role1_ on roles0_.roles_id=role1_.id where roles0_.user_id=?
Hibernate: SELECT * FROM solved_quizzes WHERE user = ? ORDER BY completed_at DESC limit ?
?[1;31m
Start test 162?[0m
Hibernate: select user0_.id as id1_3_, user0_.email as email2_3_, user0_.password as password3_3_ from users user0_ where user0_.email=?
Hibernate: select roles0_.user_id as user_id1_4_0_, roles0_.roles_id as roles_id2_4_0_, role1_.id as id1_1_1_, role1_.name as name2_1_1_ from users_roles roles0_ inner join roles role1_ on roles0_.roles_id=role1_.id where roles0_.user_id=?
Hibernate: SELECT * FROM solved_quizzes WHERE user = ? ORDER BY completed_at DESC limit ?
?[1;31m
Start test 163?[0m
Hibernate: select user0_.id as id1_3_, user0_.email as email2_3_, user0_.password as password3_3_ from users user0_ where user0_.email=?
Hibernate: select roles0_.user_id as user_id1_4_0_, roles0_.roles_id as roles_id2_4_0_, role1_.id as id1_1_1_, role1_.name as name2_1_1_ from users_roles roles0_ inner join roles role1_ on roles0_.roles_id=role1_.id where roles0_.user_id=?
Hibernate: SELECT * FROM solved_quizzes WHERE user = ? ORDER BY completed_at DESC limit ?
?[1;31m
Start test 164?[0m
Hibernate: select user0_.id as id1_3_, user0_.email as email2_3_, user0_.password as password3_3_ from users user0_ where user0_.email=?
Hibernate: select roles0_.user_id as user_id1_4_0_, roles0_.roles_id as roles_id2_4_0_, role1_.id as id1_1_1_, role1_.name as name2_1_1_ from users_roles roles0_ inner join roles role1_ on roles0_.roles_id=role1_.id where roles0_.user_id=?
Hibernate: SELECT * FROM solved_quizzes WHERE user = ? ORDER BY completed_at DESC limit ?
?[1;31m
Start test 165?[0m
Hibernate: select user0_.id as id1_3_, user0_.email as email2_3_, user0_.password as password3_3_ from users user0_ where user0_.email=?
Hibernate: select roles0_.user_id as user_id1_4_0_, roles0_.roles_id as roles_id2_4_0_, role1_.id as id1_1_1_, role1_.name as name2_1_1_ from users_roles roles0_ inner join roles role1_ on roles0_.roles_id=role1_.id where roles0_.user_id=?
Hibernate: SELECT * FROM solved_quizzes WHERE user = ? ORDER BY completed_at DESC limit ?
?[1;31m
Start test 166?[0m
Hibernate: select user0_.id as id1_3_, user0_.email as email2_3_, user0_.password as password3_3_ from users user0_ where user0_.email=?
Hibernate: select roles0_.user_id as user_id1_4_0_, roles0_.roles_id as roles_id2_4_0_, role1_.id as id1_1_1_, role1_.name as name2_1_1_ from users_roles roles0_ inner join roles role1_ on roles0_.roles_id=role1_.id where roles0_.user_id=?
Hibernate: SELECT * FROM solved_quizzes WHERE user = ? ORDER BY completed_at DESC limit ?
?[1;31m
Start test 167?[0m
Hibernate: select user0_.id as id1_3_, user0_.email as email2_3_, user0_.password as password3_3_ from users user0_ where user0_.email=?
Hibernate: select roles0_.user_id as user_id1_4_0_, roles0_.roles_id as roles_id2_4_0_, role1_.id as id1_1_1_, role1_.name as name2_1_1_ from users_roles roles0_ inner join roles role1_ on roles0_.roles_id=role1_.id where roles0_.user_id=?
Hibernate: SELECT * FROM solved_quizzes WHERE user = ? ORDER BY completed_at DESC limit ?
?[1;31m
Start test 168?[0m
Hibernate: select user0_.id as id1_3_, user0_.email as email2_3_, user0_.password as password3_3_ from users user0_ where user0_.email=?
Hibernate: select roles0_.user_id as user_id1_4_0_, roles0_.roles_id as roles_id2_4_0_, role1_.id as id1_1_1_, role1_.name as name2_1_1_ from users_roles roles0_ inner join roles role1_ on roles0_.roles_id=role1_.id where roles0_.user_id=?
Hibernate: SELECT * FROM solved_quizzes WHERE user = ? ORDER BY completed_at DESC limit ?
?[1;31m
Start test 169?[0m
Hibernate: select user0_.id as id1_3_, user0_.email as email2_3_, user0_.password as password3_3_ from users user0_ where user0_.email=?
Hibernate: select roles0_.user_id as user_id1_4_0_, roles0_.roles_id as roles_id2_4_0_, role1_.id as id1_1_1_, role1_.name as name2_1_1_ from users_roles roles0_ inner join roles role1_ on roles0_.roles_id=role1_.id where roles0_.user_id=?
Hibernate: SELECT * FROM solved_quizzes WHERE user = ? ORDER BY completed_at DESC limit ?
?[1;31m
Start test 170?[0m
Hibernate: select user0_.id as id1_3_, user0_.email as email2_3_, user0_.password as password3_3_ from users user0_ where user0_.email=?
Hibernate: select roles0_.user_id as user_id1_4_0_, roles0_.roles_id as roles_id2_4_0_, role1_.id as id1_1_1_, role1_.name as name2_1_1_ from users_roles roles0_ inner join roles role1_ on roles0_.roles_id=role1_.id where roles0_.user_id=?
Hibernate: select quiz0_.id as id1_0_0_, quiz0_.answer as answer2_0_0_, quiz0_.creator as creator3_0_0_, quiz0_.options as options4_0_0_, quiz0_.text as text5_0_0_, quiz0_.title as title6_0_0_ from quizzes quiz0_ where quiz0_.id=?
Hibernate: select solvedquiz0_.record_id as record_i1_2_0_, solvedquiz0_.completed_at as complete2_2_0_, solvedquiz0_.id as id3_2_0_, solvedquiz0_.user as user4_2_0_ from solved_quizzes solvedquiz0_ where solvedquiz0_.record_id=?
Hibernate: call next value for hibernate_sequence
Hibernate: insert into solved_quizzes (completed_at, id, user, record_id) values (?, ?, ?, ?)
?[1;31m
Start test 171?[0m
Hibernate: select user0_.id as id1_3_, user0_.email as email2_3_, user0_.password as password3_3_ from users user0_ where user0_.email=?
Hibernate: select roles0_.user_id as user_id1_4_0_, roles0_.roles_id as roles_id2_4_0_, role1_.id as id1_1_1_, role1_.name as name2_1_1_ from users_roles roles0_ inner join roles role1_ on roles0_.roles_id=role1_.id where roles0_.user_id=?
Hibernate: select quiz0_.id as id1_0_0_, quiz0_.answer as answer2_0_0_, quiz0_.creator as creator3_0_0_, quiz0_.options as options4_0_0_, quiz0_.text as text5_0_0_, quiz0_.title as title6_0_0_ from quizzes quiz0_ where quiz0_.id=?
Hibernate: select solvedquiz0_.record_id as record_i1_2_0_, solvedquiz0_.completed_at as complete2_2_0_, solvedquiz0_.id as id3_2_0_, solvedquiz0_.user as user4_2_0_ from solved_quizzes solvedquiz0_ where solvedquiz0_.record_id=?
Hibernate: call next value for hibernate_sequence
Hibernate: insert into solved_quizzes (completed_at, id, user, record_id) values (?, ?, ?, ?)
?[1;31m
Start test 172?[0m
Hibernate: select user0_.id as id1_3_, user0_.email as email2_3_, user0_.password as password3_3_ from users user0_ where user0_.email=?
Hibernate: select roles0_.user_id as user_id1_4_0_, roles0_.roles_id as roles_id2_4_0_, role1_.id as id1_1_1_, role1_.name as name2_1_1_ from users_roles roles0_ inner join roles role1_ on roles0_.roles_id=role1_.id where roles0_.user_id=?
Hibernate: select quiz0_.id as id1_0_0_, quiz0_.answer as answer2_0_0_, quiz0_.creator as creator3_0_0_, quiz0_.options as options4_0_0_, quiz0_.text as text5_0_0_, quiz0_.title as title6_0_0_ from quizzes quiz0_ where quiz0_.id=?
Hibernate: select solvedquiz0_.record_id as record_i1_2_0_, solvedquiz0_.completed_at as complete2_2_0_, solvedquiz0_.id as id3_2_0_, solvedquiz0_.user as user4_2_0_ from solved_quizzes solvedquiz0_ where solvedquiz0_.record_id=?
Hibernate: call next value for hibernate_sequence
Hibernate: insert into solved_quizzes (completed_at, id, user, record_id) values (?, ?, ?, ?)
?[1;31m
Start test 173?[0m
Hibernate: select user0_.id as id1_3_, user0_.email as email2_3_, user0_.password as password3_3_ from users user0_ where user0_.email=?
Hibernate: select roles0_.user_id as user_id1_4_0_, roles0_.roles_id as roles_id2_4_0_, role1_.id as id1_1_1_, role1_.name as name2_1_1_ from users_roles roles0_ inner join roles role1_ on roles0_.roles_id=role1_.id where roles0_.user_id=?
Hibernate: select quiz0_.id as id1_0_0_, quiz0_.answer as answer2_0_0_, quiz0_.creator as creator3_0_0_, quiz0_.options as options4_0_0_, quiz0_.text as text5_0_0_, quiz0_.title as title6_0_0_ from quizzes quiz0_ where quiz0_.id=?
Hibernate: select solvedquiz0_.record_id as record_i1_2_0_, solvedquiz0_.completed_at as complete2_2_0_, solvedquiz0_.id as id3_2_0_, solvedquiz0_.user as user4_2_0_ from solved_quizzes solvedquiz0_ where solvedquiz0_.record_id=?
Hibernate: call next value for hibernate_sequence
Hibernate: insert into solved_quizzes (completed_at, id, user, record_id) values (?, ?, ?, ?)
?[1;31m
Start test 174?[0m
Hibernate: select user0_.id as id1_3_, user0_.email as email2_3_, user0_.password as password3_3_ from users user0_ where user0_.email=?
Hibernate: select roles0_.user_id as user_id1_4_0_, roles0_.roles_id as roles_id2_4_0_, role1_.id as id1_1_1_, role1_.name as name2_1_1_ from users_roles roles0_ inner join roles role1_ on roles0_.roles_id=role1_.id where roles0_.user_id=?
Hibernate: select quiz0_.id as id1_0_0_, quiz0_.answer as answer2_0_0_, quiz0_.creator as creator3_0_0_, quiz0_.options as options4_0_0_, quiz0_.text as text5_0_0_, quiz0_.title as title6_0_0_ from quizzes quiz0_ where quiz0_.id=?
Hibernate: select solvedquiz0_.record_id as record_i1_2_0_, solvedquiz0_.completed_at as complete2_2_0_, solvedquiz0_.id as id3_2_0_, solvedquiz0_.user as user4_2_0_ from solved_quizzes solvedquiz0_ where solvedquiz0_.record_id=?
Hibernate: call next value for hibernate_sequence
Hibernate: insert into solved_quizzes (completed_at, id, user, record_id) values (?, ?, ?, ?)
?[1;31m
Start test 175?[0m
Hibernate: select user0_.id as id1_3_, user0_.email as email2_3_, user0_.password as password3_3_ from users user0_ where user0_.email=?
Hibernate: select roles0_.user_id as user_id1_4_0_, roles0_.roles_id as roles_id2_4_0_, role1_.id as id1_1_1_, role1_.name as name2_1_1_ from users_roles roles0_ inner join roles role1_ on roles0_.roles_id=role1_.id where roles0_.user_id=?
Hibernate: select quiz0_.id as id1_0_0_, quiz0_.answer as answer2_0_0_, quiz0_.creator as creator3_0_0_, quiz0_.options as options4_0_0_, quiz0_.text as text5_0_0_, quiz0_.title as title6_0_0_ from quizzes quiz0_ where quiz0_.id=?
Hibernate: select solvedquiz0_.record_id as record_i1_2_0_, solvedquiz0_.completed_at as complete2_2_0_, solvedquiz0_.id as id3_2_0_, solvedquiz0_.user as user4_2_0_ from solved_quizzes solvedquiz0_ where solvedquiz0_.record_id=?
Hibernate: call next value for hibernate_sequence
Hibernate: insert into solved_quizzes (completed_at, id, user, record_id) values (?, ?, ?, ?)
?[1;31m
Start test 176?[0m
Hibernate: select user0_.id as id1_3_, user0_.email as email2_3_, user0_.password as password3_3_ from users user0_ where user0_.email=?
Hibernate: select roles0_.user_id as user_id1_4_0_, roles0_.roles_id as roles_id2_4_0_, role1_.id as id1_1_1_, role1_.name as name2_1_1_ from users_roles roles0_ inner join roles role1_ on roles0_.roles_id=role1_.id where roles0_.user_id=?
Hibernate: select quiz0_.id as id1_0_0_, quiz0_.answer as answer2_0_0_, quiz0_.creator as creator3_0_0_, quiz0_.options as options4_0_0_, quiz0_.text as text5_0_0_, quiz0_.title as title6_0_0_ from quizzes quiz0_ where quiz0_.id=?
Hibernate: select solvedquiz0_.record_id as record_i1_2_0_, solvedquiz0_.completed_at as complete2_2_0_, solvedquiz0_.id as id3_2_0_, solvedquiz0_.user as user4_2_0_ from solved_quizzes solvedquiz0_ where solvedquiz0_.record_id=?
Hibernate: call next value for hibernate_sequence
Hibernate: insert into solved_quizzes (completed_at, id, user, record_id) values (?, ?, ?, ?)
?[1;31m
Start test 177?[0m
Hibernate: select user0_.id as id1_3_, user0_.email as email2_3_, user0_.password as password3_3_ from users user0_ where user0_.email=?
Hibernate: select roles0_.user_id as user_id1_4_0_, roles0_.roles_id as roles_id2_4_0_, role1_.id as id1_1_1_, role1_.name as name2_1_1_ from users_roles roles0_ inner join roles role1_ on roles0_.roles_id=role1_.id where roles0_.user_id=?
Hibernate: select quiz0_.id as id1_0_0_, quiz0_.answer as answer2_0_0_, quiz0_.creator as creator3_0_0_, quiz0_.options as options4_0_0_, quiz0_.text as text5_0_0_, quiz0_.title as title6_0_0_ from quizzes quiz0_ where quiz0_.id=?
Hibernate: select solvedquiz0_.record_id as record_i1_2_0_, solvedquiz0_.completed_at as complete2_2_0_, solvedquiz0_.id as id3_2_0_, solvedquiz0_.user as user4_2_0_ from solved_quizzes solvedquiz0_ where solvedquiz0_.record_id=?
Hibernate: call next value for hibernate_sequence
Hibernate: insert into solved_quizzes (completed_at, id, user, record_id) values (?, ?, ?, ?)
?[1;31m
Start test 178?[0m
Hibernate: select user0_.id as id1_3_, user0_.email as email2_3_, user0_.password as password3_3_ from users user0_ where user0_.email=?
Hibernate: select roles0_.user_id as user_id1_4_0_, roles0_.roles_id as roles_id2_4_0_, role1_.id as id1_1_1_, role1_.name as name2_1_1_ from users_roles roles0_ inner join roles role1_ on roles0_.roles_id=role1_.id where roles0_.user_id=?
Hibernate: select quiz0_.id as id1_0_0_, quiz0_.answer as answer2_0_0_, quiz0_.creator as creator3_0_0_, quiz0_.options as options4_0_0_, quiz0_.text as text5_0_0_, quiz0_.title as title6_0_0_ from quizzes quiz0_ where quiz0_.id=?
Hibernate: select solvedquiz0_.record_id as record_i1_2_0_, solvedquiz0_.completed_at as complete2_2_0_, solvedquiz0_.id as id3_2_0_, solvedquiz0_.user as user4_2_0_ from solved_quizzes solvedquiz0_ where solvedquiz0_.record_id=?
Hibernate: call next value for hibernate_sequence
Hibernate: insert into solved_quizzes (completed_at, id, user, record_id) values (?, ?, ?, ?)
?[1;31m
Start test 179?[0m
Hibernate: select user0_.id as id1_3_, user0_.email as email2_3_, user0_.password as password3_3_ from users user0_ where user0_.email=?
Hibernate: select roles0_.user_id as user_id1_4_0_, roles0_.roles_id as roles_id2_4_0_, role1_.id as id1_1_1_, role1_.name as name2_1_1_ from users_roles roles0_ inner join roles role1_ on roles0_.roles_id=role1_.id where roles0_.user_id=?
Hibernate: select quiz0_.id as id1_0_0_, quiz0_.answer as answer2_0_0_, quiz0_.creator as creator3_0_0_, quiz0_.options as options4_0_0_, quiz0_.text as text5_0_0_, quiz0_.title as title6_0_0_ from quizzes quiz0_ where quiz0_.id=?
Hibernate: select solvedquiz0_.record_id as record_i1_2_0_, solvedquiz0_.completed_at as complete2_2_0_, solvedquiz0_.id as id3_2_0_, solvedquiz0_.user as user4_2_0_ from solved_quizzes solvedquiz0_ where solvedquiz0_.record_id=?
Hibernate: call next value for hibernate_sequence
Hibernate: insert into solved_quizzes (completed_at, id, user, record_id) values (?, ?, ?, ?)
?[1;31m
Start test 180?[0m
Hibernate: select user0_.id as id1_3_, user0_.email as email2_3_, user0_.password as password3_3_ from users user0_ where user0_.email=?
Hibernate: select roles0_.user_id as user_id1_4_0_, roles0_.roles_id as roles_id2_4_0_, role1_.id as id1_1_1_, role1_.name as name2_1_1_ from users_roles roles0_ inner join roles role1_ on roles0_.roles_id=role1_.id where roles0_.user_id=?
Hibernate: select quiz0_.id as id1_0_0_, quiz0_.answer as answer2_0_0_, quiz0_.creator as creator3_0_0_, quiz0_.options as options4_0_0_, quiz0_.text as text5_0_0_, quiz0_.title as title6_0_0_ from quizzes quiz0_ where quiz0_.id=?
Hibernate: select solvedquiz0_.record_id as record_i1_2_0_, solvedquiz0_.completed_at as complete2_2_0_, solvedquiz0_.id as id3_2_0_, solvedquiz0_.user as user4_2_0_ from solved_quizzes solvedquiz0_ where solvedquiz0_.record_id=?
Hibernate: call next value for hibernate_sequence
Hibernate: insert into solved_quizzes (completed_at, id, user, record_id) values (?, ?, ?, ?)
?[1;31m
Start test 181?[0m
Hibernate: select user0_.id as id1_3_, user0_.email as email2_3_, user0_.password as password3_3_ from users user0_ where user0_.email=?
Hibernate: select roles0_.user_id as user_id1_4_0_, roles0_.roles_id as roles_id2_4_0_, role1_.id as id1_1_1_, role1_.name as name2_1_1_ from users_roles roles0_ inner join roles role1_ on roles0_.roles_id=role1_.id where roles0_.user_id=?
Hibernate: select quiz0_.id as id1_0_0_, quiz0_.answer as answer2_0_0_, quiz0_.creator as creator3_0_0_, quiz0_.options as options4_0_0_, quiz0_.text as text5_0_0_, quiz0_.title as title6_0_0_ from quizzes quiz0_ where quiz0_.id=?
Hibernate: select solvedquiz0_.record_id as record_i1_2_0_, solvedquiz0_.completed_at as complete2_2_0_, solvedquiz0_.id as id3_2_0_, solvedquiz0_.user as user4_2_0_ from solved_quizzes solvedquiz0_ where solvedquiz0_.record_id=?
Hibernate: call next value for hibernate_sequence
Hibernate: insert into solved_quizzes (completed_at, id, user, record_id) values (?, ?, ?, ?)
?[1;31m
Start test 182?[0m
Hibernate: select user0_.id as id1_3_, user0_.email as email2_3_, user0_.password as password3_3_ from users user0_ where user0_.email=?
Hibernate: select roles0_.user_id as user_id1_4_0_, roles0_.roles_id as roles_id2_4_0_, role1_.id as id1_1_1_, role1_.name as name2_1_1_ from users_roles roles0_ inner join roles role1_ on roles0_.roles_id=role1_.id where roles0_.user_id=?
Hibernate: SELECT * FROM solved_quizzes WHERE user = ? ORDER BY completed_at DESC limit ?
2021-05-11 22:56:01.824  INFO 2142 --- [nio-8889-exec-3] j.r.q.QueryParameterSetter$ErrorHandling : Silently ignoring

java.lang.IllegalArgumentException: Could not locate ordinal parameter [1], expecting one of []
	at org.hibernate.query.internal.ParameterMetadataImpl.getOrdinalParameterDescriptor(ParameterMetadataImpl.java:154) ~[hibernate-core-5.4.9.Final.jar:5.4.9.Final]
	at org.hibernate.query.internal.ParameterMetadataImpl.getQueryParameter(ParameterMetadataImpl.java:204) ~[hibernate-core-5.4.9.Final.jar:5.4.9.Final]
	at org.hibernate.query.internal.QueryParameterBindingsImpl.getBinding(QueryParameterBindingsImpl.java:182) ~[hibernate-core-5.4.9.Final.jar:5.4.9.Final]
	at org.hibernate.query.internal.AbstractProducedQuery.setParameter(AbstractProducedQuery.java:507) ~[hibernate-core-5.4.9.Final.jar:5.4.9.Final]
	at org.hibernate.query.internal.NativeQueryImpl.setParameter(NativeQueryImpl.java:613) ~[hibernate-core-5.4.9.Final.jar:5.4.9.Final]
	at org.hibernate.query.internal.NativeQueryImpl.setParameter(NativeQueryImpl.java:62) ~[hibernate-core-5.4.9.Final.jar:5.4.9.Final]
	at org.springframework.data.jpa.repository.query.QueryParameterSetter$BindableQuery.setParameter(QueryParameterSetter.java:335) ~[spring-data-jpa-2.2.3.RELEASE.jar:2.2.3.RELEASE]
	at org.springframework.data.jpa.repository.query.QueryParameterSetter$NamedOrIndexedQueryParameterSetter.lambda$setParameter$5(QueryParameterSetter.java:128) ~[spring-data-jpa-2.2.3.RELEASE.jar:2.2.3.RELEASE]
	at org.springframework.data.jpa.repository.query.QueryParameterSetter$ErrorHandling$2.execute(QueryParameterSetter.java:151) ~[spring-data-jpa-2.2.3.RELEASE.jar:2.2.3.RELEASE]
	at org.springframework.data.jpa.repository.query.QueryParameterSetter$NamedOrIndexedQueryParameterSetter.setParameter(QueryParameterSetter.java:128) ~[spring-data-jpa-2.2.3.RELEASE.jar:2.2.3.RELEASE]
	at org.springframework.data.jpa.repository.query.ParameterBinder.bind(ParameterBinder.java:82) ~[spring-data-jpa-2.2.3.RELEASE.jar:2.2.3.RELEASE]
	at org.springframework.data.jpa.repository.query.AbstractStringBasedJpaQuery.doCreateCountQuery(AbstractStringBasedJpaQuery.java:122) ~[spring-data-jpa-2.2.3.RELEASE.jar:2.2.3.RELEASE]
	at org.springframework.data.jpa.repository.query.AbstractJpaQuery.createCountQuery(AbstractJpaQuery.java:254) ~[spring-data-jpa-2.2.3.RELEASE.jar:2.2.3.RELEASE]
	at org.springframework.data.jpa.repository.query.JpaQueryExecution$PagedExecution.count(JpaQueryExecution.java:183) ~[spring-data-jpa-2.2.3.RELEASE.jar:2.2.3.RELEASE]
	at org.springframework.data.jpa.repository.query.JpaQueryExecution$PagedExecution.lambda$doExecute$0(JpaQueryExecution.java:178) ~[spring-data-jpa-2.2.3.RELEASE.jar:2.2.3.RELEASE]
	at org.springframework.data.repository.support.PageableExecutionUtils.getPage(PageableExecutionUtils.java:62) ~[spring-data-commons-2.2.3.RELEASE.jar:2.2.3.RELEASE]
	at org.springframework.data.jpa.repository.query.JpaQueryExecution$PagedExecution.doExecute(JpaQueryExecution.java:177) ~[spring-data-jpa-2.2.3.RELEASE.jar:2.2.3.RELEASE]
	at org.springframework.data.jpa.repository.query.JpaQueryExecution.execute(JpaQueryExecution.java:88) ~[spring-data-jpa-2.2.3.RELEASE.jar:2.2.3.RELEASE]
	at org.springframework.data.jpa.repository.query.AbstractJpaQuery.doExecute(AbstractJpaQuery.java:154) ~[spring-data-jpa-2.2.3.RELEASE.jar:2.2.3.RELEASE]
	at org.springframework.data.jpa.repository.query.AbstractJpaQuery.execute(AbstractJpaQuery.java:142) ~[spring-data-jpa-2.2.3.RELEASE.jar:2.2.3.RELEASE]
	at org.springframework.data.repository.core.support.RepositoryFactorySupport$QueryExecutorMethodInterceptor.doInvoke(RepositoryFactorySupport.java:618) ~[spring-data-commons-2.2.3.RELEASE.jar:2.2.3.RELEASE]
	at org.springframework.data.repository.core.support.RepositoryFactorySupport$QueryExecutorMethodInterceptor.invoke(RepositoryFactorySupport.java:605) ~[spring-data-commons-2.2.3.RELEASE.jar:2.2.3.RELEASE]
	at org.springframework.aop.framework.ReflectiveMethodInvocation.proceed(ReflectiveMethodInvocation.java:186) ~[spring-aop-5.2.2.RELEASE.jar:5.2.2.RELEASE]
	at org.springframework.transaction.interceptor.TransactionAspectSupport.invokeWithinTransaction(TransactionAspectSupport.java:366) ~[spring-tx-5.2.2.RELEASE.jar:5.2.2.RELEASE]
	at org.springframework.transaction.interceptor.TransactionInterceptor.invoke(TransactionInterceptor.java:99) ~[spring-tx-5.2.2.RELEASE.jar:5.2.2.RELEASE]
	at org.springframework.aop.framework.ReflectiveMethodInvocation.proceed(ReflectiveMethodInvocation.java:186) ~[spring-aop-5.2.2.RELEASE.jar:5.2.2.RELEASE]
	at org.springframework.dao.support.PersistenceExceptionTranslationInterceptor.invoke(PersistenceExceptionTranslationInterceptor.java:139) ~[spring-tx-5.2.2.RELEASE.jar:5.2.2.RELEASE]
	at org.springframework.aop.framework.ReflectiveMethodInvocation.proceed(ReflectiveMethodInvocation.java:186) ~[spring-aop-5.2.2.RELEASE.jar:5.2.2.RELEASE]
	at org.springframework.data.jpa.repository.support.CrudMethodMetadataPostProcessor$CrudMethodMetadataPopulatingMethodInterceptor.invoke(CrudMethodMetadataPostProcessor.java:149) ~[spring-data-jpa-2.2.3.RELEASE.jar:2.2.3.RELEASE]
	at org.springframework.aop.framework.ReflectiveMethodInvocation.proceed(ReflectiveMethodInvocation.java:186) ~[spring-aop-5.2.2.RELEASE.jar:5.2.2.RELEASE]
	at org.springframework.aop.interceptor.ExposeInvocationInterceptor.invoke(ExposeInvocationInterceptor.java:93) ~[spring-aop-5.2.2.RELEASE.jar:5.2.2.RELEASE]
	at org.springframework.aop.framework.ReflectiveMethodInvocation.proceed(ReflectiveMethodInvocation.java:186) ~[spring-aop-5.2.2.RELEASE.jar:5.2.2.RELEASE]
	at org.springframework.aop.framework.JdkDynamicAopProxy.invoke(JdkDynamicAopProxy.java:212) ~[spring-aop-5.2.2.RELEASE.jar:5.2.2.RELEASE]
	at com.sun.proxy.$Proxy137.findSolvedQuizzesByUser(Unknown Source) ~[na:na]
	at engine.QuizService.getSolvedQuizzes(QuizService.java:24) ~[main/:na]
	at engine.QuizController.getSolvedQuizzes(QuizController.java:131) ~[main/:na]
	at jdk.internal.reflect.GeneratedMethodAccessor121.invoke(Unknown Source) ~[na:na]
	at java.base/jdk.internal.reflect.DelegatingMethodAccessorImpl.invoke(DelegatingMethodAccessorImpl.java:43) ~[na:na]
	at java.base/java.lang.reflect.Method.invoke(Method.java:566) ~[na:na]
	at org.springframework.web.method.support.InvocableHandlerMethod.doInvoke(InvocableHandlerMethod.java:190) ~[spring-web-5.2.2.RELEASE.jar:5.2.2.RELEASE]
	at org.springframework.web.method.support.InvocableHandlerMethod.invokeForRequest(InvocableHandlerMethod.java:138) ~[spring-web-5.2.2.RELEASE.jar:5.2.2.RELEASE]
	at org.springframework.web.servlet.mvc.method.annotation.ServletInvocableHandlerMethod.invokeAndHandle(ServletInvocableHandlerMethod.java:106) ~[spring-webmvc-5.2.2.RELEASE.jar:5.2.2.RELEASE]
	at org.springframework.web.servlet.mvc.method.annotation.RequestMappingHandlerAdapter.invokeHandlerMethod(RequestMappingHandlerAdapter.java:888) ~[spring-webmvc-5.2.2.RELEASE.jar:5.2.2.RELEASE]
	at org.springframework.web.servlet.mvc.method.annotation.RequestMappingHandlerAdapter.handleInternal(RequestMappingHandlerAdapter.java:793) ~[spring-webmvc-5.2.2.RELEASE.jar:5.2.2.RELEASE]
	at org.springframework.web.servlet.mvc.method.AbstractHandlerMethodAdapter.handle(AbstractHandlerMethodAdapter.java:87) ~[spring-webmvc-5.2.2.RELEASE.jar:5.2.2.RELEASE]
	at org.springframework.web.servlet.DispatcherServlet.doDispatch(DispatcherServlet.java:1040) ~[spring-webmvc-5.2.2.RELEASE.jar:5.2.2.RELEASE]
	at org.springframework.web.servlet.DispatcherServlet.doService(DispatcherServlet.java:943) ~[spring-webmvc-5.2.2.RELEASE.jar:5.2.2.RELEASE]
	at org.springframework.web.servlet.FrameworkServlet.processRequest(FrameworkServlet.java:1006) ~[spring-webmvc-5.2.2.RELEASE.jar:5.2.2.RELEASE]
	at org.springframework.web.servlet.FrameworkServlet.doGet(FrameworkServlet.java:898) ~[spring-webmvc-5.2.2.RELEASE.jar:5.2.2.RELEASE]
	at javax.servlet.http.HttpServlet.service(HttpServlet.java:634) ~[tomcat-embed-core-9.0.29.jar:9.0.29]
	at org.springframework.web.servlet.FrameworkServlet.service(FrameworkServlet.java:883) ~[spring-webmvc-5.2.2.RELEASE.jar:5.2.2.RELEASE]
	at javax.servlet.http.HttpServlet.service(HttpServlet.java:741) ~[tomcat-embed-core-9.0.29.jar:9.0.29]
	at jdk.internal.reflect.GeneratedMethodAccessor59.invoke(Unknown Source) ~[na:na]
	at java.base/jdk.internal.reflect.DelegatingMethodAccessorImpl.invoke(DelegatingMethodAccessorImpl.java:43) ~[na:na]
	at java.base/java.lang.reflect.Method.invoke(Method.java:566) ~[na:na]
	at org.apache.catalina.security.SecurityUtil$1.run(SecurityUtil.java:282) ~[tomcat-embed-core-9.0.29.jar:9.0.29]
	at org.apache.catalina.security.SecurityUtil$1.run(SecurityUtil.java:279) ~[tomcat-embed-core-9.0.29.jar:9.0.29]
	at java.base/java.security.AccessController.doPrivileged(Native Method) ~[na:na]
	at java.base/javax.security.auth.Subject.doAsPrivileged(Subject.java:550) ~[na:na]
	at org.apache.catalina.security.SecurityUtil.execute(SecurityUtil.java:314) ~[tomcat-embed-core-9.0.29.jar:9.0.29]
	at org.apache.catalina.security.SecurityUtil.doAsPrivilege(SecurityUtil.java:170) ~[tomcat-embed-core-9.0.29.jar:9.0.29]
	at org.apache.catalina.core.ApplicationFilterChain.internalDoFilter(ApplicationFilterChain.java:225) ~[tomcat-embed-core-9.0.29.jar:9.0.29]
	at org.apache.catalina.core.ApplicationFilterChain.access$000(ApplicationFilterChain.java:47) ~[tomcat-embed-core-9.0.29.jar:9.0.29]
	at org.apache.catalina.core.ApplicationFilterChain$1.run(ApplicationFilterChain.java:149) ~[tomcat-embed-core-9.0.29.jar:9.0.29]
	at org.apache.catalina.core.ApplicationFilterChain$1.run(ApplicationFilterChain.java:145) ~[tomcat-embed-core-9.0.29.jar:9.0.29]
	at java.base/java.security.AccessController.doPrivileged(Native Method) ~[na:na]
	at org.apache.catalina.core.ApplicationFilterChain.doFilter(ApplicationFilterChain.java:144) ~[tomcat-embed-core-9.0.29.jar:9.0.29]
	at org.apache.tomcat.websocket.server.WsFilter.doFilter(WsFilter.java:53) ~[tomcat-embed-websocket-9.0.29.jar:9.0.29]
	at jdk.internal.reflect.GeneratedMethodAccessor55.invoke(Unknown Source) ~[na:na]
	at java.base/jdk.internal.reflect.DelegatingMethodAccessorImpl.invoke(DelegatingMethodAccessorImpl.java:43) ~[na:na]
	at java.base/java.lang.reflect.Method.invoke(Method.java:566) ~[na:na]
	at org.apache.catalina.security.SecurityUtil$1.run(SecurityUtil.java:282) ~[tomcat-embed-core-9.0.29.jar:9.0.29]
	at org.apache.catalina.security.SecurityUtil$1.run(SecurityUtil.java:279) ~[tomcat-embed-core-9.0.29.jar:9.0.29]
	at java.base/java.security.AccessController.doPrivileged(Native Method) ~[na:na]
	at java.base/javax.security.auth.Subject.doAsPrivileged(Subject.java:550) ~[na:na]
	at org.apache.catalina.security.SecurityUtil.execute(SecurityUtil.java:314) ~[tomcat-embed-core-9.0.29.jar:9.0.29]
	at org.apache.catalina.security.SecurityUtil.doAsPrivilege(SecurityUtil.java:253) ~[tomcat-embed-core-9.0.29.jar:9.0.29]
	at org.apache.catalina.core.ApplicationFilterChain.internalDoFilter(ApplicationFilterChain.java:191) ~[tomcat-embed-core-9.0.29.jar:9.0.29]
	at org.apache.catalina.core.ApplicationFilterChain.access$000(ApplicationFilterChain.java:47) ~[tomcat-embed-core-9.0.29.jar:9.0.29]
	at org.apache.catalina.core.ApplicationFilterChain$1.run(ApplicationFilterChain.java:149) ~[tomcat-embed-core-9.0.29.jar:9.0.29]
	at org.apache.catalina.core.ApplicationFilterChain$1.run(ApplicationFilterChain.java:145) ~[tomcat-embed-core-9.0.29.jar:9.0.29]
	at java.base/java.security.AccessController.doPrivileged(Native Method) ~[na:na]
	at org.apache.catalina.core.ApplicationFilterChain.doFilter(ApplicationFilterChain.java:144) ~[tomcat-embed-core-9.0.29.jar:9.0.29]
	at org.springframework.security.web.FilterChainProxy$VirtualFilterChain.doFilter(FilterChainProxy.java:320) ~[spring-security-web-5.2.1.RELEASE.jar:5.2.1.RELEASE]
	at org.springframework.security.web.access.intercept.FilterSecurityInterceptor.invoke(FilterSecurityInterceptor.java:126) ~[spring-security-web-5.2.1.RELEASE.jar:5.2.1.RELEASE]
	at org.springframework.security.web.access.intercept.FilterSecurityInterceptor.doFilter(FilterSecurityInterceptor.java:90) ~[spring-security-web-5.2.1.RELEASE.jar:5.2.1.RELEASE]
	at org.springframework.security.web.FilterChainProxy$VirtualFilterChain.doFilter(FilterChainProxy.java:334) ~[spring-security-web-5.2.1.RELEASE.jar:5.2.1.RELEASE]
	at org.springframework.security.web.access.ExceptionTranslationFilter.doFilter(ExceptionTranslationFilter.java:118) ~[spring-security-web-5.2.1.RELEASE.jar:5.2.1.RELEASE]
	at org.springframework.security.web.FilterChainProxy$VirtualFilterChain.doFilter(FilterChainProxy.java:334) ~[spring-security-web-5.2.1.RELEASE.jar:5.2.1.RELEASE]
	at org.springframework.security.web.authentication.AnonymousAuthenticationFilter.doFilter(AnonymousAuthenticationFilter.java:111) ~[spring-security-web-5.2.1.RELEASE.jar:5.2.1.RELEASE]
	at org.springframework.security.web.FilterChainProxy$VirtualFilterChain.doFilter(FilterChainProxy.java:334) ~[spring-security-web-5.2.1.RELEASE.jar:5.2.1.RELEASE]
	at org.springframework.security.web.servletapi.SecurityContextHolderAwareRequestFilter.doFilter(SecurityContextHolderAwareRequestFilter.java:158) ~[spring-security-web-5.2.1.RELEASE.jar:5.2.1.RELEASE]
	at org.springframework.security.web.FilterChainProxy$VirtualFilterChain.doFilter(FilterChainProxy.java:334) ~[spring-security-web-5.2.1.RELEASE.jar:5.2.1.RELEASE]
	at org.springframework.security.web.savedrequest.RequestCacheAwareFilter.doFilter(RequestCacheAwareFilter.java:63) ~[spring-security-web-5.2.1.RELEASE.jar:5.2.1.RELEASE]
	at org.springframework.security.web.FilterChainProxy$VirtualFilterChain.doFilter(FilterChainProxy.java:334) ~[spring-security-web-5.2.1.RELEASE.jar:5.2.1.RELEASE]
	at org.springframework.security.web.authentication.www.BasicAuthenticationFilter.doFilterInternal(BasicAuthenticationFilter.java:203) ~[spring-security-web-5.2.1.RELEASE.jar:5.2.1.RELEASE]
	at org.springframework.web.filter.OncePerRequestFilter.doFilter(OncePerRequestFilter.java:119) ~[spring-web-5.2.2.RELEASE.jar:5.2.2.RELEASE]
	at org.springframework.security.web.FilterChainProxy$VirtualFilterChain.doFilter(FilterChainProxy.java:334) ~[spring-security-web-5.2.1.RELEASE.jar:5.2.1.RELEASE]
	at org.springframework.security.web.authentication.logout.LogoutFilter.doFilter(LogoutFilter.java:116) ~[spring-security-web-5.2.1.RELEASE.jar:5.2.1.RELEASE]
	at org.springframework.security.web.FilterChainProxy$VirtualFilterChain.doFilter(FilterChainProxy.java:334) ~[spring-security-web-5.2.1.RELEASE.jar:5.2.1.RELEASE]
	at org.springframework.security.web.header.HeaderWriterFilter.doHeadersAfter(HeaderWriterFilter.java:92) ~[spring-security-web-5.2.1.RELEASE.jar:5.2.1.RELEASE]
	at org.springframework.security.web.header.HeaderWriterFilter.doFilterInternal(HeaderWriterFilter.java:77) ~[spring-security-web-5.2.1.RELEASE.jar:5.2.1.RELEASE]
	at org.springframework.web.filter.OncePerRequestFilter.doFilter(OncePerRequestFilter.java:119) ~[spring-web-5.2.2.RELEASE.jar:5.2.2.RELEASE]
	at org.springframework.security.web.FilterChainProxy$VirtualFilterChain.doFilter(FilterChainProxy.java:334) ~[spring-security-web-5.2.1.RELEASE.jar:5.2.1.RELEASE]
	at org.springframework.security.web.context.SecurityContextPersistenceFilter.doFilter(SecurityContextPersistenceFilter.java:105) ~[spring-security-web-5.2.1.RELEASE.jar:5.2.1.RELEASE]
	at org.springframework.security.web.FilterChainProxy$VirtualFilterChain.doFilter(FilterChainProxy.java:334) ~[spring-security-web-5.2.1.RELEASE.jar:5.2.1.RELEASE]
	at org.springframework.security.web.context.request.async.WebAsyncManagerIntegrationFilter.doFilterInternal(WebAsyncManagerIntegrationFilter.java:56) ~[spring-security-web-5.2.1.RELEASE.jar:5.2.1.RELEASE]
	at org.springframework.web.filter.OncePerRequestFilter.doFilter(OncePerRequestFilter.java:119) ~[spring-web-5.2.2.RELEASE.jar:5.2.2.RELEASE]
	at org.springframework.security.web.FilterChainProxy$VirtualFilterChain.doFilter(FilterChainProxy.java:334) ~[spring-security-web-5.2.1.RELEASE.jar:5.2.1.RELEASE]
	at org.springframework.security.web.FilterChainProxy.doFilterInternal(FilterChainProxy.java:215) ~[spring-security-web-5.2.1.RELEASE.jar:5.2.1.RELEASE]
	at org.springframework.security.web.FilterChainProxy.doFilter(FilterChainProxy.java:178) ~[spring-security-web-5.2.1.RELEASE.jar:5.2.1.RELEASE]
	at org.springframework.web.filter.DelegatingFilterProxy.invokeDelegate(DelegatingFilterProxy.java:358) ~[spring-web-5.2.2.RELEASE.jar:5.2.2.RELEASE]
	at org.springframework.web.filter.DelegatingFilterProxy.doFilter(DelegatingFilterProxy.java:271) ~[spring-web-5.2.2.RELEASE.jar:5.2.2.RELEASE]
	at jdk.internal.reflect.GeneratedMethodAccessor55.invoke(Unknown Source) ~[na:na]
	at java.base/jdk.internal.reflect.DelegatingMethodAccessorImpl.invoke(DelegatingMethodAccessorImpl.java:43) ~[na:na]
	at java.base/java.lang.reflect.Method.invoke(Method.java:566) ~[na:na]
	at org.apache.catalina.security.SecurityUtil$1.run(SecurityUtil.java:282) ~[tomcat-embed-core-9.0.29.jar:9.0.29]
	at org.apache.catalina.security.SecurityUtil$1.run(SecurityUtil.java:279) ~[tomcat-embed-core-9.0.29.jar:9.0.29]
	at java.base/java.security.AccessController.doPrivileged(Native Method) ~[na:na]
	at java.base/javax.security.auth.Subject.doAsPrivileged(Subject.java:550) ~[na:na]
	at org.apache.catalina.security.SecurityUtil.execute(SecurityUtil.java:314) ~[tomcat-embed-core-9.0.29.jar:9.0.29]
	at org.apache.catalina.security.SecurityUtil.doAsPrivilege(SecurityUtil.java:253) ~[tomcat-embed-core-9.0.29.jar:9.0.29]
	at org.apache.catalina.core.ApplicationFilterChain.internalDoFilter(ApplicationFilterChain.java:191) ~[tomcat-embed-core-9.0.29.jar:9.0.29]
	at org.apache.catalina.core.ApplicationFilterChain.access$000(ApplicationFilterChain.java:47) ~[tomcat-embed-core-9.0.29.jar:9.0.29]
	at org.apache.catalina.core.ApplicationFilterChain$1.run(ApplicationFilterChain.java:149) ~[tomcat-embed-core-9.0.29.jar:9.0.29]
	at org.apache.catalina.core.ApplicationFilterChain$1.run(ApplicationFilterChain.java:145) ~[tomcat-embed-core-9.0.29.jar:9.0.29]
	at java.base/java.security.AccessController.doPrivileged(Native Method) ~[na:na]
	at org.apache.catalina.core.ApplicationFilterChain.doFilter(ApplicationFilterChain.java:144) ~[tomcat-embed-core-9.0.29.jar:9.0.29]
	at org.springframework.web.filter.RequestContextFilter.doFilterInternal(RequestContextFilter.java:100) ~[spring-web-5.2.2.RELEASE.jar:5.2.2.RELEASE]
	at org.springframework.web.filter.OncePerRequestFilter.doFilter(OncePerRequestFilter.java:119) ~[spring-web-5.2.2.RELEASE.jar:5.2.2.RELEASE]
	at jdk.internal.reflect.GeneratedMethodAccessor55.invoke(Unknown Source) ~[na:na]
	at java.base/jdk.internal.reflect.DelegatingMethodAccessorImpl.invoke(DelegatingMethodAccessorImpl.java:43) ~[na:na]
	at java.base/java.lang.reflect.Method.invoke(Method.java:566) ~[na:na]
	at org.apache.catalina.security.SecurityUtil$1.run(SecurityUtil.java:282) ~[tomcat-embed-core-9.0.29.jar:9.0.29]
	at org.apache.catalina.security.SecurityUtil$1.run(SecurityUtil.java:279) ~[tomcat-embed-core-9.0.29.jar:9.0.29]
	at java.base/java.security.AccessController.doPrivileged(Native Method) ~[na:na]
	at java.base/javax.security.auth.Subject.doAsPrivileged(Subject.java:550) ~[na:na]
	at org.apache.catalina.security.SecurityUtil.execute(SecurityUtil.java:314) ~[tomcat-embed-core-9.0.29.jar:9.0.29]
	at org.apache.catalina.security.SecurityUtil.doAsPrivilege(SecurityUtil.java:253) ~[tomcat-embed-core-9.0.29.jar:9.0.29]
	at org.apache.catalina.core.ApplicationFilterChain.internalDoFilter(ApplicationFilterChain.java:191) ~[tomcat-embed-core-9.0.29.jar:9.0.29]
	at org.apache.catalina.core.ApplicationFilterChain.access$000(ApplicationFilterChain.java:47) ~[tomcat-embed-core-9.0.29.jar:9.0.29]
	at org.apache.catalina.core.ApplicationFilterChain$1.run(ApplicationFilterChain.java:149) ~[tomcat-embed-core-9.0.29.jar:9.0.29]
	at org.apache.catalina.core.ApplicationFilterChain$1.run(ApplicationFilterChain.java:145) ~[tomcat-embed-core-9.0.29.jar:9.0.29]
	at java.base/java.security.AccessController.doPrivileged(Native Method) ~[na:na]
	at org.apache.catalina.core.ApplicationFilterChain.doFilter(ApplicationFilterChain.java:144) ~[tomcat-embed-core-9.0.29.jar:9.0.29]
	at org.springframework.web.filter.FormContentFilter.doFilterInternal(FormContentFilter.java:93) ~[spring-web-5.2.2.RELEASE.jar:5.2.2.RELEASE]
	at org.springframework.web.filter.OncePerRequestFilter.doFilter(OncePerRequestFilter.java:119) ~[spring-web-5.2.2.RELEASE.jar:5.2.2.RELEASE]
	at jdk.internal.reflect.GeneratedMethodAccessor55.invoke(Unknown Source) ~[na:na]
	at java.base/jdk.internal.reflect.DelegatingMethodAccessorImpl.invoke(DelegatingMethodAccessorImpl.java:43) ~[na:na]
	at java.base/java.lang.reflect.Method.invoke(Method.java:566) ~[na:na]
	at org.apache.catalina.security.SecurityUtil$1.run(SecurityUtil.java:282) ~[tomcat-embed-core-9.0.29.jar:9.0.29]
	at org.apache.catalina.security.SecurityUtil$1.run(SecurityUtil.java:279) ~[tomcat-embed-core-9.0.29.jar:9.0.29]
	at java.base/java.security.AccessController.doPrivileged(Native Method) ~[na:na]
	at java.base/javax.security.auth.Subject.doAsPrivileged(Subject.java:550) ~[na:na]
	at org.apache.catalina.security.SecurityUtil.execute(SecurityUtil.java:314) ~[tomcat-embed-core-9.0.29.jar:9.0.29]
	at org.apache.catalina.security.SecurityUtil.doAsPrivilege(SecurityUtil.java:253) ~[tomcat-embed-core-9.0.29.jar:9.0.29]
	at org.apache.catalina.core.ApplicationFilterChain.internalDoFilter(ApplicationFilterChain.java:191) ~[tomcat-embed-core-9.0.29.jar:9.0.29]
	at org.apache.catalina.core.ApplicationFilterChain.access$000(ApplicationFilterChain.java:47) ~[tomcat-embed-core-9.0.29.jar:9.0.29]
	at org.apache.catalina.core.ApplicationFilterChain$1.run(ApplicationFilterChain.java:149) ~[tomcat-embed-core-9.0.29.jar:9.0.29]
	at org.apache.catalina.core.ApplicationFilterChain$1.run(ApplicationFilterChain.java:145) ~[tomcat-embed-core-9.0.29.jar:9.0.29]
	at java.base/java.security.AccessController.doPrivileged(Native Method) ~[na:na]
	at org.apache.catalina.core.ApplicationFilterChain.doFilter(ApplicationFilterChain.java:144) ~[tomcat-embed-core-9.0.29.jar:9.0.29]
	at org.springframework.boot.actuate.metrics.web.servlet.WebMvcMetricsFilter.doFilterInternal(WebMvcMetricsFilter.java:108) ~[spring-boot-actuator-2.2.2.RELEASE.jar:2.2.2.RELEASE]
	at org.springframework.web.filter.OncePerRequestFilter.doFilter(OncePerRequestFilter.java:119) ~[spring-web-5.2.2.RELEASE.jar:5.2.2.RELEASE]
	at jdk.internal.reflect.GeneratedMethodAccessor55.invoke(Unknown Source) ~[na:na]
	at java.base/jdk.internal.reflect.DelegatingMethodAccessorImpl.invoke(DelegatingMethodAccessorImpl.java:43) ~[na:na]
	at java.base/java.lang.reflect.Method.invoke(Method.java:566) ~[na:na]
	at org.apache.catalina.security.SecurityUtil$1.run(SecurityUtil.java:282) ~[tomcat-embed-core-9.0.29.jar:9.0.29]
	at org.apache.catalina.security.SecurityUtil$1.run(SecurityUtil.java:279) ~[tomcat-embed-core-9.0.29.jar:9.0.29]
	at java.base/java.security.AccessController.doPrivileged(Native Method) ~[na:na]
	at java.base/javax.security.auth.Subject.doAsPrivileged(Subject.java:550) ~[na:na]
	at org.apache.catalina.security.SecurityUtil.execute(SecurityUtil.java:314) ~[tomcat-embed-core-9.0.29.jar:9.0.29]
	at org.apache.catalina.security.SecurityUtil.doAsPrivilege(SecurityUtil.java:253) ~[tomcat-embed-core-9.0.29.jar:9.0.29]
	at org.apache.catalina.core.ApplicationFilterChain.internalDoFilter(ApplicationFilterChain.java:191) ~[tomcat-embed-core-9.0.29.jar:9.0.29]
	at org.apache.catalina.core.ApplicationFilterChain.access$000(ApplicationFilterChain.java:47) ~[tomcat-embed-core-9.0.29.jar:9.0.29]
	at org.apache.catalina.core.ApplicationFilterChain$1.run(ApplicationFilterChain.java:149) ~[tomcat-embed-core-9.0.29.jar:9.0.29]
	at org.apache.catalina.core.ApplicationFilterChain$1.run(ApplicationFilterChain.java:145) ~[tomcat-embed-core-9.0.29.jar:9.0.29]
	at java.base/java.security.AccessController.doPrivileged(Native Method) ~[na:na]
	at org.apache.catalina.core.ApplicationFilterChain.doFilter(ApplicationFilterChain.java:144) ~[tomcat-embed-core-9.0.29.jar:9.0.29]
	at org.springframework.web.filter.CharacterEncodingFilter.doFilterInternal(CharacterEncodingFilter.java:201) ~[spring-web-5.2.2.RELEASE.jar:5.2.2.RELEASE]
	at org.springframework.web.filter.OncePerRequestFilter.doFilter(OncePerRequestFilter.java:119) ~[spring-web-5.2.2.RELEASE.jar:5.2.2.RELEASE]
	at jdk.internal.reflect.GeneratedMethodAccessor55.invoke(Unknown Source) ~[na:na]
	at java.base/jdk.internal.reflect.DelegatingMethodAccessorImpl.invoke(DelegatingMethodAccessorImpl.java:43) ~[na:na]
	at java.base/java.lang.reflect.Method.invoke(Method.java:566) ~[na:na]
	at org.apache.catalina.security.SecurityUtil$1.run(SecurityUtil.java:282) ~[tomcat-embed-core-9.0.29.jar:9.0.29]
	at org.apache.catalina.security.SecurityUtil$1.run(SecurityUtil.java:279) ~[tomcat-embed-core-9.0.29.jar:9.0.29]
	at java.base/java.security.AccessController.doPrivileged(Native Method) ~[na:na]
	at java.base/javax.security.auth.Subject.doAsPrivileged(Subject.java:550) ~[na:na]
	at org.apache.catalina.security.SecurityUtil.execute(SecurityUtil.java:314) ~[tomcat-embed-core-9.0.29.jar:9.0.29]
	at org.apache.catalina.security.SecurityUtil.doAsPrivilege(SecurityUtil.java:253) ~[tomcat-embed-core-9.0.29.jar:9.0.29]
	at org.apache.catalina.core.ApplicationFilterChain.internalDoFilter(ApplicationFilterChain.java:191) ~[tomcat-embed-core-9.0.29.jar:9.0.29]
	at org.apache.catalina.core.ApplicationFilterChain.access$000(ApplicationFilterChain.java:47) ~[tomcat-embed-core-9.0.29.jar:9.0.29]
	at org.apache.catalina.core.ApplicationFilterChain$1.run(ApplicationFilterChain.java:149) ~[tomcat-embed-core-9.0.29.jar:9.0.29]
	at org.apache.catalina.core.ApplicationFilterChain$1.run(ApplicationFilterChain.java:145) ~[tomcat-embed-core-9.0.29.jar:9.0.29]
	at java.base/java.security.AccessController.doPrivileged(Native Method) ~[na:na]
	at org.apache.catalina.core.ApplicationFilterChain.doFilter(ApplicationFilterChain.java:144) ~[tomcat-embed-core-9.0.29.jar:9.0.29]
	at org.apache.catalina.core.StandardWrapperValve.invoke(StandardWrapperValve.java:202) ~[tomcat-embed-core-9.0.29.jar:9.0.29]
	at org.apache.catalina.core.StandardContextValve.invoke(StandardContextValve.java:96) ~[tomcat-embed-core-9.0.29.jar:9.0.29]
	at org.apache.catalina.authenticator.AuthenticatorBase.invoke(AuthenticatorBase.java:526) ~[tomcat-embed-core-9.0.29.jar:9.0.29]
	at org.apache.catalina.core.StandardHostValve.invoke(StandardHostValve.java:139) ~[tomcat-embed-core-9.0.29.jar:9.0.29]
	at org.apache.catalina.valves.ErrorReportValve.invoke(ErrorReportValve.java:92) ~[tomcat-embed-core-9.0.29.jar:9.0.29]
	at org.apache.catalina.core.StandardEngineValve.invoke(StandardEngineValve.java:74) ~[tomcat-embed-core-9.0.29.jar:9.0.29]
	at org.apache.catalina.connector.CoyoteAdapter.service(CoyoteAdapter.java:343) ~[tomcat-embed-core-9.0.29.jar:9.0.29]
	at org.apache.coyote.http11.Http11Processor.service(Http11Processor.java:367) ~[tomcat-embed-core-9.0.29.jar:9.0.29]
	at org.apache.coyote.AbstractProcessorLight.process(AbstractProcessorLight.java:65) ~[tomcat-embed-core-9.0.29.jar:9.0.29]
	at org.apache.coyote.AbstractProtocol$ConnectionHandler.process(AbstractProtocol.java:860) ~[tomcat-embed-core-9.0.29.jar:9.0.29]
	at org.apache.tomcat.util.net.NioEndpoint$SocketProcessor.doRun(NioEndpoint.java:1591) ~[tomcat-embed-core-9.0.29.jar:9.0.29]
	at org.apache.tomcat.util.net.SocketProcessorBase.run(SocketProcessorBase.java:49) ~[tomcat-embed-core-9.0.29.jar:9.0.29]
	at java.base/java.util.concurrent.ThreadPoolExecutor.runWorker(ThreadPoolExecutor.java:1128) ~[na:na]
	at java.base/java.util.concurrent.ThreadPoolExecutor$Worker.run(ThreadPoolExecutor.java:628) ~[na:na]
	at org.apache.tomcat.util.threads.TaskThread$WrappingRunnable.run(TaskThread.java:61) ~[tomcat-embed-core-9.0.29.jar:9.0.29]
	at java.base/java.lang.Thread.run(Thread.java:834) ~[na:na]

Hibernate: SELECT count(*) FROM solved_quizzes
?[1;31m
Start test 183?[0m
Hibernate: select user0_.id as id1_3_, user0_.email as email2_3_, user0_.password as password3_3_ from users user0_ where user0_.email=?
Hibernate: select roles0_.user_id as user_id1_4_0_, roles0_.roles_id as roles_id2_4_0_, role1_.id as id1_1_1_, role1_.name as name2_1_1_ from users_roles roles0_ inner join roles role1_ on roles0_.roles_id=role1_.id where roles0_.user_id=?
Hibernate: SELECT * FROM solved_quizzes WHERE user = ? ORDER BY completed_at DESC limit ?
2021-05-11 22:56:01.987  INFO 2142 --- [nio-8889-exec-4] j.r.q.QueryParameterSetter$ErrorHandling : Silently ignoring

java.lang.IllegalArgumentException: Could not locate ordinal parameter [1], expecting one of []
	at org.hibernate.query.internal.ParameterMetadataImpl.getOrdinalParameterDescriptor(ParameterMetadataImpl.java:154) ~[hibernate-core-5.4.9.Final.jar:5.4.9.Final]
	at org.hibernate.query.internal.ParameterMetadataImpl.getQueryParameter(ParameterMetadataImpl.java:204) ~[hibernate-core-5.4.9.Final.jar:5.4.9.Final]
	at org.hibernate.query.internal.QueryParameterBindingsImpl.getBinding(QueryParameterBindingsImpl.java:182) ~[hibernate-core-5.4.9.Final.jar:5.4.9.Final]
	at org.hibernate.query.internal.AbstractProducedQuery.setParameter(AbstractProducedQuery.java:507) ~[hibernate-core-5.4.9.Final.jar:5.4.9.Final]
	at org.hibernate.query.internal.NativeQueryImpl.setParameter(NativeQueryImpl.java:613) ~[hibernate-core-5.4.9.Final.jar:5.4.9.Final]
	at org.hibernate.query.internal.NativeQueryImpl.setParameter(NativeQueryImpl.java:62) ~[hibernate-core-5.4.9.Final.jar:5.4.9.Final]
	at org.springframework.data.jpa.repository.query.QueryParameterSetter$BindableQuery.setParameter(QueryParameterSetter.java:335) ~[spring-data-jpa-2.2.3.RELEASE.jar:2.2.3.RELEASE]
	at org.springframework.data.jpa.repository.query.QueryParameterSetter$NamedOrIndexedQueryParameterSetter.lambda$setParameter$5(QueryParameterSetter.java:128) ~[spring-data-jpa-2.2.3.RELEASE.jar:2.2.3.RELEASE]
	at org.springframework.data.jpa.repository.query.QueryParameterSetter$ErrorHandling$2.execute(QueryParameterSetter.java:151) ~[spring-data-jpa-2.2.3.RELEASE.jar:2.2.3.RELEASE]
	at org.springframework.data.jpa.repository.query.QueryParameterSetter$NamedOrIndexedQueryParameterSetter.setParameter(QueryParameterSetter.java:128) ~[spring-data-jpa-2.2.3.RELEASE.jar:2.2.3.RELEASE]
	at org.springframework.data.jpa.repository.query.ParameterBinder.bind(ParameterBinder.java:82) ~[spring-data-jpa-2.2.3.RELEASE.jar:2.2.3.RELEASE]
	at org.springframework.data.jpa.repository.query.AbstractStringBasedJpaQuery.doCreateCountQuery(AbstractStringBasedJpaQuery.java:122) ~[spring-data-jpa-2.2.3.RELEASE.jar:2.2.3.RELEASE]
	at org.springframework.data.jpa.repository.query.AbstractJpaQuery.createCountQuery(AbstractJpaQuery.java:254) ~[spring-data-jpa-2.2.3.RELEASE.jar:2.2.3.RELEASE]
	at org.springframework.data.jpa.repository.query.JpaQueryExecution$PagedExecution.count(JpaQueryExecution.java:183) ~[spring-data-jpa-2.2.3.RELEASE.jar:2.2.3.RELEASE]
	at org.springframework.data.jpa.repository.query.JpaQueryExecution$PagedExecution.lambda$doExecute$0(JpaQueryExecution.java:178) ~[spring-data-jpa-2.2.3.RELEASE.jar:2.2.3.RELEASE]
	at org.springframework.data.repository.support.PageableExecutionUtils.getPage(PageableExecutionUtils.java:62) ~[spring-data-commons-2.2.3.RELEASE.jar:2.2.3.RELEASE]
	at org.springframework.data.jpa.repository.query.JpaQueryExecution$PagedExecution.doExecute(JpaQueryExecution.java:177) ~[spring-data-jpa-2.2.3.RELEASE.jar:2.2.3.RELEASE]
	at org.springframework.data.jpa.repository.query.JpaQueryExecution.execute(JpaQueryExecution.java:88) ~[spring-data-jpa-2.2.3.RELEASE.jar:2.2.3.RELEASE]
	at org.springframework.data.jpa.repository.query.AbstractJpaQuery.doExecute(AbstractJpaQuery.java:154) ~[spring-data-jpa-2.2.3.RELEASE.jar:2.2.3.RELEASE]
	at org.springframework.data.jpa.repository.query.AbstractJpaQuery.execute(AbstractJpaQuery.java:142) ~[spring-data-jpa-2.2.3.RELEASE.jar:2.2.3.RELEASE]
	at org.springframework.data.repository.core.support.RepositoryFactorySupport$QueryExecutorMethodInterceptor.doInvoke(RepositoryFactorySupport.java:618) ~[spring-data-commons-2.2.3.RELEASE.jar:2.2.3.RELEASE]
	at org.springframework.data.repository.core.support.RepositoryFactorySupport$QueryExecutorMethodInterceptor.invoke(RepositoryFactorySupport.java:605) ~[spring-data-commons-2.2.3.RELEASE.jar:2.2.3.RELEASE]
	at org.springframework.aop.framework.ReflectiveMethodInvocation.proceed(ReflectiveMethodInvocation.java:186) ~[spring-aop-5.2.2.RELEASE.jar:5.2.2.RELEASE]
	at org.springframework.transaction.interceptor.TransactionAspectSupport.invokeWithinTransaction(TransactionAspectSupport.java:366) ~[spring-tx-5.2.2.RELEASE.jar:5.2.2.RELEASE]
	at org.springframework.transaction.interceptor.TransactionInterceptor.invoke(TransactionInterceptor.java:99) ~[spring-tx-5.2.2.RELEASE.jar:5.2.2.RELEASE]
	at org.springframework.aop.framework.ReflectiveMethodInvocation.proceed(ReflectiveMethodInvocation.java:186) ~[spring-aop-5.2.2.RELEASE.jar:5.2.2.RELEASE]
	at org.springframework.dao.support.PersistenceExceptionTranslationInterceptor.invoke(PersistenceExceptionTranslationInterceptor.java:139) ~[spring-tx-5.2.2.RELEASE.jar:5.2.2.RELEASE]
	at org.springframework.aop.framework.ReflectiveMethodInvocation.proceed(ReflectiveMethodInvocation.java:186) ~[spring-aop-5.2.2.RELEASE.jar:5.2.2.RELEASE]
	at org.springframework.data.jpa.repository.support.CrudMethodMetadataPostProcessor$CrudMethodMetadataPopulatingMethodInterceptor.invoke(CrudMethodMetadataPostProcessor.java:149) ~[spring-data-jpa-2.2.3.RELEASE.jar:2.2.3.RELEASE]
	at org.springframework.aop.framework.ReflectiveMethodInvocation.proceed(ReflectiveMethodInvocation.java:186) ~[spring-aop-5.2.2.RELEASE.jar:5.2.2.RELEASE]
	at org.springframework.aop.interceptor.ExposeInvocationInterceptor.invoke(ExposeInvocationInterceptor.java:93) ~[spring-aop-5.2.2.RELEASE.jar:5.2.2.RELEASE]
	at org.springframework.aop.framework.ReflectiveMethodInvocation.proceed(ReflectiveMethodInvocation.java:186) ~[spring-aop-5.2.2.RELEASE.jar:5.2.2.RELEASE]
	at org.springframework.aop.framework.JdkDynamicAopProxy.invoke(JdkDynamicAopProxy.java:212) ~[spring-aop-5.2.2.RELEASE.jar:5.2.2.RELEASE]
	at com.sun.proxy.$Proxy137.findSolvedQuizzesByUser(Unknown Source) ~[na:na]
	at engine.QuizService.getSolvedQuizzes(QuizService.java:24) ~[main/:na]
	at engine.QuizController.getSolvedQuizzes(QuizController.java:131) ~[main/:na]
	at jdk.internal.reflect.GeneratedMethodAccessor121.invoke(Unknown Source) ~[na:na]
	at java.base/jdk.internal.reflect.DelegatingMethodAccessorImpl.invoke(DelegatingMethodAccessorImpl.java:43) ~[na:na]
	at java.base/java.lang.reflect.Method.invoke(Method.java:566) ~[na:na]
	at org.springframework.web.method.support.InvocableHandlerMethod.doInvoke(InvocableHandlerMethod.java:190) ~[spring-web-5.2.2.RELEASE.jar:5.2.2.RELEASE]
	at org.springframework.web.method.support.InvocableHandlerMethod.invokeForRequest(InvocableHandlerMethod.java:138) ~[spring-web-5.2.2.RELEASE.jar:5.2.2.RELEASE]
	at org.springframework.web.servlet.mvc.method.annotation.ServletInvocableHandlerMethod.invokeAndHandle(ServletInvocableHandlerMethod.java:106) ~[spring-webmvc-5.2.2.RELEASE.jar:5.2.2.RELEASE]
	at org.springframework.web.servlet.mvc.method.annotation.RequestMappingHandlerAdapter.invokeHandlerMethod(RequestMappingHandlerAdapter.java:888) ~[spring-webmvc-5.2.2.RELEASE.jar:5.2.2.RELEASE]
	at org.springframework.web.servlet.mvc.method.annotation.RequestMappingHandlerAdapter.handleInternal(RequestMappingHandlerAdapter.java:793) ~[spring-webmvc-5.2.2.RELEASE.jar:5.2.2.RELEASE]
	at org.springframework.web.servlet.mvc.method.AbstractHandlerMethodAdapter.handle(AbstractHandlerMethodAdapter.java:87) ~[spring-webmvc-5.2.2.RELEASE.jar:5.2.2.RELEASE]
	at org.springframework.web.servlet.DispatcherServlet.doDispatch(DispatcherServlet.java:1040) ~[spring-webmvc-5.2.2.RELEASE.jar:5.2.2.RELEASE]
	at org.springframework.web.servlet.DispatcherServlet.doService(DispatcherServlet.java:943) ~[spring-webmvc-5.2.2.RELEASE.jar:5.2.2.RELEASE]
	at org.springframework.web.servlet.FrameworkServlet.processRequest(FrameworkServlet.java:1006) ~[spring-webmvc-5.2.2.RELEASE.jar:5.2.2.RELEASE]
	at org.springframework.web.servlet.FrameworkServlet.doGet(FrameworkServlet.java:898) ~[spring-webmvc-5.2.2.RELEASE.jar:5.2.2.RELEASE]
	at javax.servlet.http.HttpServlet.service(HttpServlet.java:634) ~[tomcat-embed-core-9.0.29.jar:9.0.29]
	at org.springframework.web.servlet.FrameworkServlet.service(FrameworkServlet.java:883) ~[spring-webmvc-5.2.2.RELEASE.jar:5.2.2.RELEASE]
	at javax.servlet.http.HttpServlet.service(HttpServlet.java:741) ~[tomcat-embed-core-9.0.29.jar:9.0.29]
	at jdk.internal.reflect.GeneratedMethodAccessor59.invoke(Unknown Source) ~[na:na]
	at java.base/jdk.internal.reflect.DelegatingMethodAccessorImpl.invoke(DelegatingMethodAccessorImpl.java:43) ~[na:na]
	at java.base/java.lang.reflect.Method.invoke(Method.java:566) ~[na:na]
	at org.apache.catalina.security.SecurityUtil$1.run(SecurityUtil.java:282) ~[tomcat-embed-core-9.0.29.jar:9.0.29]
	at org.apache.catalina.security.SecurityUtil$1.run(SecurityUtil.java:279) ~[tomcat-embed-core-9.0.29.jar:9.0.29]
	at java.base/java.security.AccessController.doPrivileged(Native Method) ~[na:na]
	at java.base/javax.security.auth.Subject.doAsPrivileged(Subject.java:550) ~[na:na]
	at org.apache.catalina.security.SecurityUtil.execute(SecurityUtil.java:314) ~[tomcat-embed-core-9.0.29.jar:9.0.29]
	at org.apache.catalina.security.SecurityUtil.doAsPrivilege(SecurityUtil.java:170) ~[tomcat-embed-core-9.0.29.jar:9.0.29]
	at org.apache.catalina.core.ApplicationFilterChain.internalDoFilter(ApplicationFilterChain.java:225) ~[tomcat-embed-core-9.0.29.jar:9.0.29]
	at org.apache.catalina.core.ApplicationFilterChain.access$000(ApplicationFilterChain.java:47) ~[tomcat-embed-core-9.0.29.jar:9.0.29]
	at org.apache.catalina.core.ApplicationFilterChain$1.run(ApplicationFilterChain.java:149) ~[tomcat-embed-core-9.0.29.jar:9.0.29]
	at org.apache.catalina.core.ApplicationFilterChain$1.run(ApplicationFilterChain.java:145) ~[tomcat-embed-core-9.0.29.jar:9.0.29]
	at java.base/java.security.AccessController.doPrivileged(Native Method) ~[na:na]
	at org.apache.catalina.core.ApplicationFilterChain.doFilter(ApplicationFilterChain.java:144) ~[tomcat-embed-core-9.0.29.jar:9.0.29]
	at org.apache.tomcat.websocket.server.WsFilter.doFilter(WsFilter.java:53) ~[tomcat-embed-websocket-9.0.29.jar:9.0.29]
	at jdk.internal.reflect.GeneratedMethodAccessor55.invoke(Unknown Source) ~[na:na]
	at java.base/jdk.internal.reflect.DelegatingMethodAccessorImpl.invoke(DelegatingMethodAccessorImpl.java:43) ~[na:na]
	at java.base/java.lang.reflect.Method.invoke(Method.java:566) ~[na:na]
	at org.apache.catalina.security.SecurityUtil$1.run(SecurityUtil.java:282) ~[tomcat-embed-core-9.0.29.jar:9.0.29]
	at org.apache.catalina.security.SecurityUtil$1.run(SecurityUtil.java:279) ~[tomcat-embed-core-9.0.29.jar:9.0.29]
	at java.base/java.security.AccessController.doPrivileged(Native Method) ~[na:na]
	at java.base/javax.security.auth.Subject.doAsPrivileged(Subject.java:550) ~[na:na]
	at org.apache.catalina.security.SecurityUtil.execute(SecurityUtil.java:314) ~[tomcat-embed-core-9.0.29.jar:9.0.29]
	at org.apache.catalina.security.SecurityUtil.doAsPrivilege(SecurityUtil.java:253) ~[tomcat-embed-core-9.0.29.jar:9.0.29]
	at org.apache.catalina.core.ApplicationFilterChain.internalDoFilter(ApplicationFilterChain.java:191) ~[tomcat-embed-core-9.0.29.jar:9.0.29]
	at org.apache.catalina.core.ApplicationFilterChain.access$000(ApplicationFilterChain.java:47) ~[tomcat-embed-core-9.0.29.jar:9.0.29]
	at org.apache.catalina.core.ApplicationFilterChain$1.run(ApplicationFilterChain.java:149) ~[tomcat-embed-core-9.0.29.jar:9.0.29]
	at org.apache.catalina.core.ApplicationFilterChain$1.run(ApplicationFilterChain.java:145) ~[tomcat-embed-core-9.0.29.jar:9.0.29]
	at java.base/java.security.AccessController.doPrivileged(Native Method) ~[na:na]
	at org.apache.catalina.core.ApplicationFilterChain.doFilter(ApplicationFilterChain.java:144) ~[tomcat-embed-core-9.0.29.jar:9.0.29]
	at org.springframework.security.web.FilterChainProxy$VirtualFilterChain.doFilter(FilterChainProxy.java:320) ~[spring-security-web-5.2.1.RELEASE.jar:5.2.1.RELEASE]
	at org.springframework.security.web.access.intercept.FilterSecurityInterceptor.invoke(FilterSecurityInterceptor.java:126) ~[spring-security-web-5.2.1.RELEASE.jar:5.2.1.RELEASE]
	at org.springframework.security.web.access.intercept.FilterSecurityInterceptor.doFilter(FilterSecurityInterceptor.java:90) ~[spring-security-web-5.2.1.RELEASE.jar:5.2.1.RELEASE]
	at org.springframework.security.web.FilterChainProxy$VirtualFilterChain.doFilter(FilterChainProxy.java:334) ~[spring-security-web-5.2.1.RELEASE.jar:5.2.1.RELEASE]
	at org.springframework.security.web.access.ExceptionTranslationFilter.doFilter(ExceptionTranslationFilter.java:118) ~[spring-security-web-5.2.1.RELEASE.jar:5.2.1.RELEASE]
	at org.springframework.security.web.FilterChainProxy$VirtualFilterChain.doFilter(FilterChainProxy.java:334) ~[spring-security-web-5.2.1.RELEASE.jar:5.2.1.RELEASE]
	at org.springframework.security.web.authentication.AnonymousAuthenticationFilter.doFilter(AnonymousAuthenticationFilter.java:111) ~[spring-security-web-5.2.1.RELEASE.jar:5.2.1.RELEASE]
	at org.springframework.security.web.FilterChainProxy$VirtualFilterChain.doFilter(FilterChainProxy.java:334) ~[spring-security-web-5.2.1.RELEASE.jar:5.2.1.RELEASE]
	at org.springframework.security.web.servletapi.SecurityContextHolderAwareRequestFilter.doFilter(SecurityContextHolderAwareRequestFilter.java:158) ~[spring-security-web-5.2.1.RELEASE.jar:5.2.1.RELEASE]
	at org.springframework.security.web.FilterChainProxy$VirtualFilterChain.doFilter(FilterChainProxy.java:334) ~[spring-security-web-5.2.1.RELEASE.jar:5.2.1.RELEASE]
	at org.springframework.security.web.savedrequest.RequestCacheAwareFilter.doFilter(RequestCacheAwareFilter.java:63) ~[spring-security-web-5.2.1.RELEASE.jar:5.2.1.RELEASE]
	at org.springframework.security.web.FilterChainProxy$VirtualFilterChain.doFilter(FilterChainProxy.java:334) ~[spring-security-web-5.2.1.RELEASE.jar:5.2.1.RELEASE]
	at org.springframework.security.web.authentication.www.BasicAuthenticationFilter.doFilterInternal(BasicAuthenticationFilter.java:203) ~[spring-security-web-5.2.1.RELEASE.jar:5.2.1.RELEASE]
	at org.springframework.web.filter.OncePerRequestFilter.doFilter(OncePerRequestFilter.java:119) ~[spring-web-5.2.2.RELEASE.jar:5.2.2.RELEASE]
	at org.springframework.security.web.FilterChainProxy$VirtualFilterChain.doFilter(FilterChainProxy.java:334) ~[spring-security-web-5.2.1.RELEASE.jar:5.2.1.RELEASE]
	at org.springframework.security.web.authentication.logout.LogoutFilter.doFilter(LogoutFilter.java:116) ~[spring-security-web-5.2.1.RELEASE.jar:5.2.1.RELEASE]
	at org.springframework.security.web.FilterChainProxy$VirtualFilterChain.doFilter(FilterChainProxy.java:334) ~[spring-security-web-5.2.1.RELEASE.jar:5.2.1.RELEASE]
	at org.springframework.security.web.header.HeaderWriterFilter.doHeadersAfter(HeaderWriterFilter.java:92) ~[spring-security-web-5.2.1.RELEASE.jar:5.2.1.RELEASE]
	at org.springframework.security.web.header.HeaderWriterFilter.doFilterInternal(HeaderWriterFilter.java:77) ~[spring-security-web-5.2.1.RELEASE.jar:5.2.1.RELEASE]
	at org.springframework.web.filter.OncePerRequestFilter.doFilter(OncePerRequestFilter.java:119) ~[spring-web-5.2.2.RELEASE.jar:5.2.2.RELEASE]
	at org.springframework.security.web.FilterChainProxy$VirtualFilterChain.doFilter(FilterChainProxy.java:334) ~[spring-security-web-5.2.1.RELEASE.jar:5.2.1.RELEASE]
	at org.springframework.security.web.context.SecurityContextPersistenceFilter.doFilter(SecurityContextPersistenceFilter.java:105) ~[spring-security-web-5.2.1.RELEASE.jar:5.2.1.RELEASE]
	at org.springframework.security.web.FilterChainProxy$VirtualFilterChain.doFilter(FilterChainProxy.java:334) ~[spring-security-web-5.2.1.RELEASE.jar:5.2.1.RELEASE]
	at org.springframework.security.web.context.request.async.WebAsyncManagerIntegrationFilter.doFilterInternal(WebAsyncManagerIntegrationFilter.java:56) ~[spring-security-web-5.2.1.RELEASE.jar:5.2.1.RELEASE]
	at org.springframework.web.filter.OncePerRequestFilter.doFilter(OncePerRequestFilter.java:119) ~[spring-web-5.2.2.RELEASE.jar:5.2.2.RELEASE]
	at org.springframework.security.web.FilterChainProxy$VirtualFilterChain.doFilter(FilterChainProxy.java:334) ~[spring-security-web-5.2.1.RELEASE.jar:5.2.1.RELEASE]
	at org.springframework.security.web.FilterChainProxy.doFilterInternal(FilterChainProxy.java:215) ~[spring-security-web-5.2.1.RELEASE.jar:5.2.1.RELEASE]
	at org.springframework.security.web.FilterChainProxy.doFilter(FilterChainProxy.java:178) ~[spring-security-web-5.2.1.RELEASE.jar:5.2.1.RELEASE]
	at org.springframework.web.filter.DelegatingFilterProxy.invokeDelegate(DelegatingFilterProxy.java:358) ~[spring-web-5.2.2.RELEASE.jar:5.2.2.RELEASE]
	at org.springframework.web.filter.DelegatingFilterProxy.doFilter(DelegatingFilterProxy.java:271) ~[spring-web-5.2.2.RELEASE.jar:5.2.2.RELEASE]
	at jdk.internal.reflect.GeneratedMethodAccessor55.invoke(Unknown Source) ~[na:na]
	at java.base/jdk.internal.reflect.DelegatingMethodAccessorImpl.invoke(DelegatingMethodAccessorImpl.java:43) ~[na:na]
	at java.base/java.lang.reflect.Method.invoke(Method.java:566) ~[na:na]
	at org.apache.catalina.security.SecurityUtil$1.run(SecurityUtil.java:282) ~[tomcat-embed-core-9.0.29.jar:9.0.29]
	at org.apache.catalina.security.SecurityUtil$1.run(SecurityUtil.java:279) ~[tomcat-embed-core-9.0.29.jar:9.0.29]
	at java.base/java.security.AccessController.doPrivileged(Native Method) ~[na:na]
	at java.base/javax.security.auth.Subject.doAsPrivileged(Subject.java:550) ~[na:na]
	at org.apache.catalina.security.SecurityUtil.execute(SecurityUtil.java:314) ~[tomcat-embed-core-9.0.29.jar:9.0.29]
	at org.apache.catalina.security.SecurityUtil.doAsPrivilege(SecurityUtil.java:253) ~[tomcat-embed-core-9.0.29.jar:9.0.29]
	at org.apache.catalina.core.ApplicationFilterChain.internalDoFilter(ApplicationFilterChain.java:191) ~[tomcat-embed-core-9.0.29.jar:9.0.29]
	at org.apache.catalina.core.ApplicationFilterChain.access$000(ApplicationFilterChain.java:47) ~[tomcat-embed-core-9.0.29.jar:9.0.29]
	at org.apache.catalina.core.ApplicationFilterChain$1.run(ApplicationFilterChain.java:149) ~[tomcat-embed-core-9.0.29.jar:9.0.29]
	at org.apache.catalina.core.ApplicationFilterChain$1.run(ApplicationFilterChain.java:145) ~[tomcat-embed-core-9.0.29.jar:9.0.29]
	at java.base/java.security.AccessController.doPrivileged(Native Method) ~[na:na]
	at org.apache.catalina.core.ApplicationFilterChain.doFilter(ApplicationFilterChain.java:144) ~[tomcat-embed-core-9.0.29.jar:9.0.29]
	at org.springframework.web.filter.RequestContextFilter.doFilterInternal(RequestContextFilter.java:100) ~[spring-web-5.2.2.RELEASE.jar:5.2.2.RELEASE]
	at org.springframework.web.filter.OncePerRequestFilter.doFilter(OncePerRequestFilter.java:119) ~[spring-web-5.2.2.RELEASE.jar:5.2.2.RELEASE]
	at jdk.internal.reflect.GeneratedMethodAccessor55.invoke(Unknown Source) ~[na:na]
	at java.base/jdk.internal.reflect.DelegatingMethodAccessorImpl.invoke(DelegatingMethodAccessorImpl.java:43) ~[na:na]
	at java.base/java.lang.reflect.Method.invoke(Method.java:566) ~[na:na]
	at org.apache.catalina.security.SecurityUtil$1.run(SecurityUtil.java:282) ~[tomcat-embed-core-9.0.29.jar:9.0.29]
	at org.apache.catalina.security.SecurityUtil$1.run(SecurityUtil.java:279) ~[tomcat-embed-core-9.0.29.jar:9.0.29]
	at java.base/java.security.AccessController.doPrivileged(Native Method) ~[na:na]
	at java.base/javax.security.auth.Subject.doAsPrivileged(Subject.java:550) ~[na:na]
	at org.apache.catalina.security.SecurityUtil.execute(SecurityUtil.java:314) ~[tomcat-embed-core-9.0.29.jar:9.0.29]
	at org.apache.catalina.security.SecurityUtil.doAsPrivilege(SecurityUtil.java:253) ~[tomcat-embed-core-9.0.29.jar:9.0.29]
	at org.apache.catalina.core.ApplicationFilterChain.internalDoFilter(ApplicationFilterChain.java:191) ~[tomcat-embed-core-9.0.29.jar:9.0.29]
	at org.apache.catalina.core.ApplicationFilterChain.access$000(ApplicationFilterChain.java:47) ~[tomcat-embed-core-9.0.29.jar:9.0.29]
	at org.apache.catalina.core.ApplicationFilterChain$1.run(ApplicationFilterChain.java:149) ~[tomcat-embed-core-9.0.29.jar:9.0.29]
	at org.apache.catalina.core.ApplicationFilterChain$1.run(ApplicationFilterChain.java:145) ~[tomcat-embed-core-9.0.29.jar:9.0.29]
	at java.base/java.security.AccessController.doPrivileged(Native Method) ~[na:na]
	at org.apache.catalina.core.ApplicationFilterChain.doFilter(ApplicationFilterChain.java:144) ~[tomcat-embed-core-9.0.29.jar:9.0.29]
	at org.springframework.web.filter.FormContentFilter.doFilterInternal(FormContentFilter.java:93) ~[spring-web-5.2.2.RELEASE.jar:5.2.2.RELEASE]
	at org.springframework.web.filter.OncePerRequestFilter.doFilter(OncePerRequestFilter.java:119) ~[spring-web-5.2.2.RELEASE.jar:5.2.2.RELEASE]
	at jdk.internal.reflect.GeneratedMethodAccessor55.invoke(Unknown Source) ~[na:na]
	at java.base/jdk.internal.reflect.DelegatingMethodAccessorImpl.invoke(DelegatingMethodAccessorImpl.java:43) ~[na:na]
	at java.base/java.lang.reflect.Method.invoke(Method.java:566) ~[na:na]
	at org.apache.catalina.security.SecurityUtil$1.run(SecurityUtil.java:282) ~[tomcat-embed-core-9.0.29.jar:9.0.29]
	at org.apache.catalina.security.SecurityUtil$1.run(SecurityUtil.java:279) ~[tomcat-embed-core-9.0.29.jar:9.0.29]
	at java.base/java.security.AccessController.doPrivileged(Native Method) ~[na:na]
	at java.base/javax.security.auth.Subject.doAsPrivileged(Subject.java:550) ~[na:na]
	at org.apache.catalina.security.SecurityUtil.execute(SecurityUtil.java:314) ~[tomcat-embed-core-9.0.29.jar:9.0.29]
	at org.apache.catalina.security.SecurityUtil.doAsPrivilege(SecurityUtil.java:253) ~[tomcat-embed-core-9.0.29.jar:9.0.29]
	at org.apache.catalina.core.ApplicationFilterChain.internalDoFilter(ApplicationFilterChain.java:191) ~[tomcat-embed-core-9.0.29.jar:9.0.29]
	at org.apache.catalina.core.ApplicationFilterChain.access$000(ApplicationFilterChain.java:47) ~[tomcat-embed-core-9.0.29.jar:9.0.29]
	at org.apache.catalina.core.ApplicationFilterChain$1.run(ApplicationFilterChain.java:149) ~[tomcat-embed-core-9.0.29.jar:9.0.29]
	at org.apache.catalina.core.ApplicationFilterChain$1.run(ApplicationFilterChain.java:145) ~[tomcat-embed-core-9.0.29.jar:9.0.29]
	at java.base/java.security.AccessController.doPrivileged(Native Method) ~[na:na]
	at org.apache.catalina.core.ApplicationFilterChain.doFilter(ApplicationFilterChain.java:144) ~[tomcat-embed-core-9.0.29.jar:9.0.29]
	at org.springframework.boot.actuate.metrics.web.servlet.WebMvcMetricsFilter.doFilterInternal(WebMvcMetricsFilter.java:108) ~[spring-boot-actuator-2.2.2.RELEASE.jar:2.2.2.RELEASE]
	at org.springframework.web.filter.OncePerRequestFilter.doFilter(OncePerRequestFilter.java:119) ~[spring-web-5.2.2.RELEASE.jar:5.2.2.RELEASE]
	at jdk.internal.reflect.GeneratedMethodAccessor55.invoke(Unknown Source) ~[na:na]
	at java.base/jdk.internal.reflect.DelegatingMethodAccessorImpl.invoke(DelegatingMethodAccessorImpl.java:43) ~[na:na]
	at java.base/java.lang.reflect.Method.invoke(Method.java:566) ~[na:na]
	at org.apache.catalina.security.SecurityUtil$1.run(SecurityUtil.java:282) ~[tomcat-embed-core-9.0.29.jar:9.0.29]
	at org.apache.catalina.security.SecurityUtil$1.run(SecurityUtil.java:279) ~[tomcat-embed-core-9.0.29.jar:9.0.29]
	at java.base/java.security.AccessController.doPrivileged(Native Method) ~[na:na]
	at java.base/javax.security.auth.Subject.doAsPrivileged(Subject.java:550) ~[na:na]
	at org.apache.catalina.security.SecurityUtil.execute(SecurityUtil.java:314) ~[tomcat-embed-core-9.0.29.jar:9.0.29]
	at org.apache.catalina.security.SecurityUtil.doAsPrivilege(SecurityUtil.java:253) ~[tomcat-embed-core-9.0.29.jar:9.0.29]
	at org.apache.catalina.core.ApplicationFilterChain.internalDoFilter(ApplicationFilterChain.java:191) ~[tomcat-embed-core-9.0.29.jar:9.0.29]
	at org.apache.catalina.core.ApplicationFilterChain.access$000(ApplicationFilterChain.java:47) ~[tomcat-embed-core-9.0.29.jar:9.0.29]
	at org.apache.catalina.core.ApplicationFilterChain$1.run(ApplicationFilterChain.java:149) ~[tomcat-embed-core-9.0.29.jar:9.0.29]
	at org.apache.catalina.core.ApplicationFilterChain$1.run(ApplicationFilterChain.java:145) ~[tomcat-embed-core-9.0.29.jar:9.0.29]
	at java.base/java.security.AccessController.doPrivileged(Native Method) ~[na:na]
	at org.apache.catalina.core.ApplicationFilterChain.doFilter(ApplicationFilterChain.java:144) ~[tomcat-embed-core-9.0.29.jar:9.0.29]
	at org.springframework.web.filter.CharacterEncodingFilter.doFilterInternal(CharacterEncodingFilter.java:201) ~[spring-web-5.2.2.RELEASE.jar:5.2.2.RELEASE]
	at org.springframework.web.filter.OncePerRequestFilter.doFilter(OncePerRequestFilter.java:119) ~[spring-web-5.2.2.RELEASE.jar:5.2.2.RELEASE]
	at jdk.internal.reflect.GeneratedMethodAccessor55.invoke(Unknown Source) ~[na:na]
	at java.base/jdk.internal.reflect.DelegatingMethodAccessorImpl.invoke(DelegatingMethodAccessorImpl.java:43) ~[na:na]
	at java.base/java.lang.reflect.Method.invoke(Method.java:566) ~[na:na]
	at org.apache.catalina.security.SecurityUtil$1.run(SecurityUtil.java:282) ~[tomcat-embed-core-9.0.29.jar:9.0.29]
	at org.apache.catalina.security.SecurityUtil$1.run(SecurityUtil.java:279) ~[tomcat-embed-core-9.0.29.jar:9.0.29]
	at java.base/java.security.AccessController.doPrivileged(Native Method) ~[na:na]
	at java.base/javax.security.auth.Subject.doAsPrivileged(Subject.java:550) ~[na:na]
	at org.apache.catalina.security.SecurityUtil.execute(SecurityUtil.java:314) ~[tomcat-embed-core-9.0.29.jar:9.0.29]
	at org.apache.catalina.security.SecurityUtil.doAsPrivilege(SecurityUtil.java:253) ~[tomcat-embed-core-9.0.29.jar:9.0.29]
	at org.apache.catalina.core.ApplicationFilterChain.internalDoFilter(ApplicationFilterChain.java:191) ~[tomcat-embed-core-9.0.29.jar:9.0.29]
	at org.apache.catalina.core.ApplicationFilterChain.access$000(ApplicationFilterChain.java:47) ~[tomcat-embed-core-9.0.29.jar:9.0.29]
	at org.apache.catalina.core.ApplicationFilterChain$1.run(ApplicationFilterChain.java:149) ~[tomcat-embed-core-9.0.29.jar:9.0.29]
	at org.apache.catalina.core.ApplicationFilterChain$1.run(ApplicationFilterChain.java:145) ~[tomcat-embed-core-9.0.29.jar:9.0.29]
	at java.base/java.security.AccessController.doPrivileged(Native Method) ~[na:na]
	at org.apache.catalina.core.ApplicationFilterChain.doFilter(ApplicationFilterChain.java:144) ~[tomcat-embed-core-9.0.29.jar:9.0.29]
	at org.apache.catalina.core.StandardWrapperValve.invoke(StandardWrapperValve.java:202) ~[tomcat-embed-core-9.0.29.jar:9.0.29]
	at org.apache.catalina.core.StandardContextValve.invoke(StandardContextValve.java:96) ~[tomcat-embed-core-9.0.29.jar:9.0.29]
	at org.apache.catalina.authenticator.AuthenticatorBase.invoke(AuthenticatorBase.java:526) ~[tomcat-embed-core-9.0.29.jar:9.0.29]
	at org.apache.catalina.core.StandardHostValve.invoke(StandardHostValve.java:139) ~[tomcat-embed-core-9.0.29.jar:9.0.29]
	at org.apache.catalina.valves.ErrorReportValve.invoke(ErrorReportValve.java:92) ~[tomcat-embed-core-9.0.29.jar:9.0.29]
	at org.apache.catalina.core.StandardEngineValve.invoke(StandardEngineValve.java:74) ~[tomcat-embed-core-9.0.29.jar:9.0.29]
	at org.apache.catalina.connector.CoyoteAdapter.service(CoyoteAdapter.java:343) ~[tomcat-embed-core-9.0.29.jar:9.0.29]
	at org.apache.coyote.http11.Http11Processor.service(Http11Processor.java:367) ~[tomcat-embed-core-9.0.29.jar:9.0.29]
	at org.apache.coyote.AbstractProcessorLight.process(AbstractProcessorLight.java:65) ~[tomcat-embed-core-9.0.29.jar:9.0.29]
	at org.apache.coyote.AbstractProtocol$ConnectionHandler.process(AbstractProtocol.java:860) ~[tomcat-embed-core-9.0.29.jar:9.0.29]
	at org.apache.tomcat.util.net.NioEndpoint$SocketProcessor.doRun(NioEndpoint.java:1591) ~[tomcat-embed-core-9.0.29.jar:9.0.29]
	at org.apache.tomcat.util.net.SocketProcessorBase.run(SocketProcessorBase.java:49) ~[tomcat-embed-core-9.0.29.jar:9.0.29]
	at java.base/java.util.concurrent.ThreadPoolExecutor.runWorker(ThreadPoolExecutor.java:1128) ~[na:na]
	at java.base/java.util.concurrent.ThreadPoolExecutor$Worker.run(ThreadPoolExecutor.java:628) ~[na:na]
	at org.apache.tomcat.util.threads.TaskThread$WrappingRunnable.run(TaskThread.java:61) ~[tomcat-embed-core-9.0.29.jar:9.0.29]
	at java.base/java.lang.Thread.run(Thread.java:834) ~[na:na]

Hibernate: SELECT count(*) FROM solved_quizzes
?[1;31m
Start test 184?[0m
Hibernate: select user0_.id as id1_3_, user0_.email as email2_3_, user0_.password as password3_3_ from users user0_ where user0_.email=?
Hibernate: select roles0_.user_id as user_id1_4_0_, roles0_.roles_id as roles_id2_4_0_, role1_.id as id1_1_1_, role1_.name as name2_1_1_ from users_roles roles0_ inner join roles role1_ on roles0_.roles_id=role1_.id where roles0_.user_id=?
Hibernate: SELECT * FROM solved_quizzes WHERE user = ? ORDER BY completed_at DESC limit ?
2021-05-11 22:56:02.115  INFO 2142 --- [nio-8889-exec-5] j.r.q.QueryParameterSetter$ErrorHandling : Silently ignoring

java.lang.IllegalArgumentException: Could not locate ordinal parameter [1], expecting one of []
	at org.hibernate.query.internal.ParameterMetadataImpl.getOrdinalParameterDescriptor(ParameterMetadataImpl.java:154) ~[hibernate-core-5.4.9.Final.jar:5.4.9.Final]
	at org.hibernate.query.internal.ParameterMetadataImpl.getQueryParameter(ParameterMetadataImpl.java:204) ~[hibernate-core-5.4.9.Final.jar:5.4.9.Final]
	at org.hibernate.query.internal.QueryParameterBindingsImpl.getBinding(QueryParameterBindingsImpl.java:182) ~[hibernate-core-5.4.9.Final.jar:5.4.9.Final]
	at org.hibernate.query.internal.AbstractProducedQuery.setParameter(AbstractProducedQuery.java:507) ~[hibernate-core-5.4.9.Final.jar:5.4.9.Final]
	at org.hibernate.query.internal.NativeQueryImpl.setParameter(NativeQueryImpl.java:613) ~[hibernate-core-5.4.9.Final.jar:5.4.9.Final]
	at org.hibernate.query.internal.NativeQueryImpl.setParameter(NativeQueryImpl.java:62) ~[hibernate-core-5.4.9.Final.jar:5.4.9.Final]
	at org.springframework.data.jpa.repository.query.QueryParameterSetter$BindableQuery.setParameter(QueryParameterSetter.java:335) ~[spring-data-jpa-2.2.3.RELEASE.jar:2.2.3.RELEASE]
	at org.springframework.data.jpa.repository.query.QueryParameterSetter$NamedOrIndexedQueryParameterSetter.lambda$setParameter$5(QueryParameterSetter.java:128) ~[spring-data-jpa-2.2.3.RELEASE.jar:2.2.3.RELEASE]
	at org.springframework.data.jpa.repository.query.QueryParameterSetter$ErrorHandling$2.execute(QueryParameterSetter.java:151) ~[spring-data-jpa-2.2.3.RELEASE.jar:2.2.3.RELEASE]
	at org.springframework.data.jpa.repository.query.QueryParameterSetter$NamedOrIndexedQueryParameterSetter.setParameter(QueryParameterSetter.java:128) ~[spring-data-jpa-2.2.3.RELEASE.jar:2.2.3.RELEASE]
	at org.springframework.data.jpa.repository.query.ParameterBinder.bind(ParameterBinder.java:82) ~[spring-data-jpa-2.2.3.RELEASE.jar:2.2.3.RELEASE]
	at org.springframework.data.jpa.repository.query.AbstractStringBasedJpaQuery.doCreateCountQuery(AbstractStringBasedJpaQuery.java:122) ~[spring-data-jpa-2.2.3.RELEASE.jar:2.2.3.RELEASE]
	at org.springframework.data.jpa.repository.query.AbstractJpaQuery.createCountQuery(AbstractJpaQuery.java:254) ~[spring-data-jpa-2.2.3.RELEASE.jar:2.2.3.RELEASE]
	at org.springframework.data.jpa.repository.query.JpaQueryExecution$PagedExecution.count(JpaQueryExecution.java:183) ~[spring-data-jpa-2.2.3.RELEASE.jar:2.2.3.RELEASE]
	at org.springframework.data.jpa.repository.query.JpaQueryExecution$PagedExecution.lambda$doExecute$0(JpaQueryExecution.java:178) ~[spring-data-jpa-2.2.3.RELEASE.jar:2.2.3.RELEASE]
	at org.springframework.data.repository.support.PageableExecutionUtils.getPage(PageableExecutionUtils.java:62) ~[spring-data-commons-2.2.3.RELEASE.jar:2.2.3.RELEASE]
	at org.springframework.data.jpa.repository.query.JpaQueryExecution$PagedExecution.doExecute(JpaQueryExecution.java:177) ~[spring-data-jpa-2.2.3.RELEASE.jar:2.2.3.RELEASE]
	at org.springframework.data.jpa.repository.query.JpaQueryExecution.execute(JpaQueryExecution.java:88) ~[spring-data-jpa-2.2.3.RELEASE.jar:2.2.3.RELEASE]
	at org.springframework.data.jpa.repository.query.AbstractJpaQuery.doExecute(AbstractJpaQuery.java:154) ~[spring-data-jpa-2.2.3.RELEASE.jar:2.2.3.RELEASE]
	at org.springframework.data.jpa.repository.query.AbstractJpaQuery.execute(AbstractJpaQuery.java:142) ~[spring-data-jpa-2.2.3.RELEASE.jar:2.2.3.RELEASE]
	at org.springframework.data.repository.core.support.RepositoryFactorySupport$QueryExecutorMethodInterceptor.doInvoke(RepositoryFactorySupport.java:618) ~[spring-data-commons-2.2.3.RELEASE.jar:2.2.3.RELEASE]
	at org.springframework.data.repository.core.support.RepositoryFactorySupport$QueryExecutorMethodInterceptor.invoke(RepositoryFactorySupport.java:605) ~[spring-data-commons-2.2.3.RELEASE.jar:2.2.3.RELEASE]
	at org.springframework.aop.framework.ReflectiveMethodInvocation.proceed(ReflectiveMethodInvocation.java:186) ~[spring-aop-5.2.2.RELEASE.jar:5.2.2.RELEASE]
	at org.springframework.transaction.interceptor.TransactionAspectSupport.invokeWithinTransaction(TransactionAspectSupport.java:366) ~[spring-tx-5.2.2.RELEASE.jar:5.2.2.RELEASE]
	at org.springframework.transaction.interceptor.TransactionInterceptor.invoke(TransactionInterceptor.java:99) ~[spring-tx-5.2.2.RELEASE.jar:5.2.2.RELEASE]
	at org.springframework.aop.framework.ReflectiveMethodInvocation.proceed(ReflectiveMethodInvocation.java:186) ~[spring-aop-5.2.2.RELEASE.jar:5.2.2.RELEASE]
	at org.springframework.dao.support.PersistenceExceptionTranslationInterceptor.invoke(PersistenceExceptionTranslationInterceptor.java:139) ~[spring-tx-5.2.2.RELEASE.jar:5.2.2.RELEASE]
	at org.springframework.aop.framework.ReflectiveMethodInvocation.proceed(ReflectiveMethodInvocation.java:186) ~[spring-aop-5.2.2.RELEASE.jar:5.2.2.RELEASE]
	at org.springframework.data.jpa.repository.support.CrudMethodMetadataPostProcessor$CrudMethodMetadataPopulatingMethodInterceptor.invoke(CrudMethodMetadataPostProcessor.java:149) ~[spring-data-jpa-2.2.3.RELEASE.jar:2.2.3.RELEASE]
	at org.springframework.aop.framework.ReflectiveMethodInvocation.proceed(ReflectiveMethodInvocation.java:186) ~[spring-aop-5.2.2.RELEASE.jar:5.2.2.RELEASE]
	at org.springframework.aop.interceptor.ExposeInvocationInterceptor.invoke(ExposeInvocationInterceptor.java:93) ~[spring-aop-5.2.2.RELEASE.jar:5.2.2.RELEASE]
	at org.springframework.aop.framework.ReflectiveMethodInvocation.proceed(ReflectiveMethodInvocation.java:186) ~[spring-aop-5.2.2.RELEASE.jar:5.2.2.RELEASE]
	at org.springframework.aop.framework.JdkDynamicAopProxy.invoke(JdkDynamicAopProxy.java:212) ~[spring-aop-5.2.2.RELEASE.jar:5.2.2.RELEASE]
	at com.sun.proxy.$Proxy137.findSolvedQuizzesByUser(Unknown Source) ~[na:na]
	at engine.QuizService.getSolvedQuizzes(QuizService.java:24) ~[main/:na]
	at engine.QuizController.getSolvedQuizzes(QuizController.java:131) ~[main/:na]
	at jdk.internal.reflect.GeneratedMethodAccessor121.invoke(Unknown Source) ~[na:na]
	at java.base/jdk.internal.reflect.DelegatingMethodAccessorImpl.invoke(DelegatingMethodAccessorImpl.java:43) ~[na:na]
	at java.base/java.lang.reflect.Method.invoke(Method.java:566) ~[na:na]
	at org.springframework.web.method.support.InvocableHandlerMethod.doInvoke(InvocableHandlerMethod.java:190) ~[spring-web-5.2.2.RELEASE.jar:5.2.2.RELEASE]
	at org.springframework.web.method.support.InvocableHandlerMethod.invokeForRequest(InvocableHandlerMethod.java:138) ~[spring-web-5.2.2.RELEASE.jar:5.2.2.RELEASE]
	at org.springframework.web.servlet.mvc.method.annotation.ServletInvocableHandlerMethod.invokeAndHandle(ServletInvocableHandlerMethod.java:106) ~[spring-webmvc-5.2.2.RELEASE.jar:5.2.2.RELEASE]
	at org.springframework.web.servlet.mvc.method.annotation.RequestMappingHandlerAdapter.invokeHandlerMethod(RequestMappingHandlerAdapter.java:888) ~[spring-webmvc-5.2.2.RELEASE.jar:5.2.2.RELEASE]
	at org.springframework.web.servlet.mvc.method.annotation.RequestMappingHandlerAdapter.handleInternal(RequestMappingHandlerAdapter.java:793) ~[spring-webmvc-5.2.2.RELEASE.jar:5.2.2.RELEASE]
	at org.springframework.web.servlet.mvc.method.AbstractHandlerMethodAdapter.handle(AbstractHandlerMethodAdapter.java:87) ~[spring-webmvc-5.2.2.RELEASE.jar:5.2.2.RELEASE]
	at org.springframework.web.servlet.DispatcherServlet.doDispatch(DispatcherServlet.java:1040) ~[spring-webmvc-5.2.2.RELEASE.jar:5.2.2.RELEASE]
	at org.springframework.web.servlet.DispatcherServlet.doService(DispatcherServlet.java:943) ~[spring-webmvc-5.2.2.RELEASE.jar:5.2.2.RELEASE]
	at org.springframework.web.servlet.FrameworkServlet.processRequest(FrameworkServlet.java:1006) ~[spring-webmvc-5.2.2.RELEASE.jar:5.2.2.RELEASE]
	at org.springframework.web.servlet.FrameworkServlet.doGet(FrameworkServlet.java:898) ~[spring-webmvc-5.2.2.RELEASE.jar:5.2.2.RELEASE]
	at javax.servlet.http.HttpServlet.service(HttpServlet.java:634) ~[tomcat-embed-core-9.0.29.jar:9.0.29]
	at org.springframework.web.servlet.FrameworkServlet.service(FrameworkServlet.java:883) ~[spring-webmvc-5.2.2.RELEASE.jar:5.2.2.RELEASE]
	at javax.servlet.http.HttpServlet.service(HttpServlet.java:741) ~[tomcat-embed-core-9.0.29.jar:9.0.29]
	at jdk.internal.reflect.GeneratedMethodAccessor59.invoke(Unknown Source) ~[na:na]
	at java.base/jdk.internal.reflect.DelegatingMethodAccessorImpl.invoke(DelegatingMethodAccessorImpl.java:43) ~[na:na]
	at java.base/java.lang.reflect.Method.invoke(Method.java:566) ~[na:na]
	at org.apache.catalina.security.SecurityUtil$1.run(SecurityUtil.java:282) ~[tomcat-embed-core-9.0.29.jar:9.0.29]
	at org.apache.catalina.security.SecurityUtil$1.run(SecurityUtil.java:279) ~[tomcat-embed-core-9.0.29.jar:9.0.29]
	at java.base/java.security.AccessController.doPrivileged(Native Method) ~[na:na]
	at java.base/javax.security.auth.Subject.doAsPrivileged(Subject.java:550) ~[na:na]
	at org.apache.catalina.security.SecurityUtil.execute(SecurityUtil.java:314) ~[tomcat-embed-core-9.0.29.jar:9.0.29]
	at org.apache.catalina.security.SecurityUtil.doAsPrivilege(SecurityUtil.java:170) ~[tomcat-embed-core-9.0.29.jar:9.0.29]
	at org.apache.catalina.core.ApplicationFilterChain.internalDoFilter(ApplicationFilterChain.java:225) ~[tomcat-embed-core-9.0.29.jar:9.0.29]
	at org.apache.catalina.core.ApplicationFilterChain.access$000(ApplicationFilterChain.java:47) ~[tomcat-embed-core-9.0.29.jar:9.0.29]
	at org.apache.catalina.core.ApplicationFilterChain$1.run(ApplicationFilterChain.java:149) ~[tomcat-embed-core-9.0.29.jar:9.0.29]
	at org.apache.catalina.core.ApplicationFilterChain$1.run(ApplicationFilterChain.java:145) ~[tomcat-embed-core-9.0.29.jar:9.0.29]
	at java.base/java.security.AccessController.doPrivileged(Native Method) ~[na:na]
	at org.apache.catalina.core.ApplicationFilterChain.doFilter(ApplicationFilterChain.java:144) ~[tomcat-embed-core-9.0.29.jar:9.0.29]
	at org.apache.tomcat.websocket.server.WsFilter.doFilter(WsFilter.java:53) ~[tomcat-embed-websocket-9.0.29.jar:9.0.29]
	at jdk.internal.reflect.GeneratedMethodAccessor55.invoke(Unknown Source) ~[na:na]
	at java.base/jdk.internal.reflect.DelegatingMethodAccessorImpl.invoke(DelegatingMethodAccessorImpl.java:43) ~[na:na]
	at java.base/java.lang.reflect.Method.invoke(Method.java:566) ~[na:na]
	at org.apache.catalina.security.SecurityUtil$1.run(SecurityUtil.java:282) ~[tomcat-embed-core-9.0.29.jar:9.0.29]
	at org.apache.catalina.security.SecurityUtil$1.run(SecurityUtil.java:279) ~[tomcat-embed-core-9.0.29.jar:9.0.29]
	at java.base/java.security.AccessController.doPrivileged(Native Method) ~[na:na]
	at java.base/javax.security.auth.Subject.doAsPrivileged(Subject.java:550) ~[na:na]
	at org.apache.catalina.security.SecurityUtil.execute(SecurityUtil.java:314) ~[tomcat-embed-core-9.0.29.jar:9.0.29]
	at org.apache.catalina.security.SecurityUtil.doAsPrivilege(SecurityUtil.java:253) ~[tomcat-embed-core-9.0.29.jar:9.0.29]
	at org.apache.catalina.core.ApplicationFilterChain.internalDoFilter(ApplicationFilterChain.java:191) ~[tomcat-embed-core-9.0.29.jar:9.0.29]
	at org.apache.catalina.core.ApplicationFilterChain.access$000(ApplicationFilterChain.java:47) ~[tomcat-embed-core-9.0.29.jar:9.0.29]
	at org.apache.catalina.core.ApplicationFilterChain$1.run(ApplicationFilterChain.java:149) ~[tomcat-embed-core-9.0.29.jar:9.0.29]
	at org.apache.catalina.core.ApplicationFilterChain$1.run(ApplicationFilterChain.java:145) ~[tomcat-embed-core-9.0.29.jar:9.0.29]
	at java.base/java.security.AccessController.doPrivileged(Native Method) ~[na:na]
	at org.apache.catalina.core.ApplicationFilterChain.doFilter(ApplicationFilterChain.java:144) ~[tomcat-embed-core-9.0.29.jar:9.0.29]
	at org.springframework.security.web.FilterChainProxy$VirtualFilterChain.doFilter(FilterChainProxy.java:320) ~[spring-security-web-5.2.1.RELEASE.jar:5.2.1.RELEASE]
	at org.springframework.security.web.access.intercept.FilterSecurityInterceptor.invoke(FilterSecurityInterceptor.java:126) ~[spring-security-web-5.2.1.RELEASE.jar:5.2.1.RELEASE]
	at org.springframework.security.web.access.intercept.FilterSecurityInterceptor.doFilter(FilterSecurityInterceptor.java:90) ~[spring-security-web-5.2.1.RELEASE.jar:5.2.1.RELEASE]
	at org.springframework.security.web.FilterChainProxy$VirtualFilterChain.doFilter(FilterChainProxy.java:334) ~[spring-security-web-5.2.1.RELEASE.jar:5.2.1.RELEASE]
	at org.springframework.security.web.access.ExceptionTranslationFilter.doFilter(ExceptionTranslationFilter.java:118) ~[spring-security-web-5.2.1.RELEASE.jar:5.2.1.RELEASE]
	at org.springframework.security.web.FilterChainProxy$VirtualFilterChain.doFilter(FilterChainProxy.java:334) ~[spring-security-web-5.2.1.RELEASE.jar:5.2.1.RELEASE]
	at org.springframework.security.web.authentication.AnonymousAuthenticationFilter.doFilter(AnonymousAuthenticationFilter.java:111) ~[spring-security-web-5.2.1.RELEASE.jar:5.2.1.RELEASE]
	at org.springframework.security.web.FilterChainProxy$VirtualFilterChain.doFilter(FilterChainProxy.java:334) ~[spring-security-web-5.2.1.RELEASE.jar:5.2.1.RELEASE]
	at org.springframework.security.web.servletapi.SecurityContextHolderAwareRequestFilter.doFilter(SecurityContextHolderAwareRequestFilter.java:158) ~[spring-security-web-5.2.1.RELEASE.jar:5.2.1.RELEASE]
	at org.springframework.security.web.FilterChainProxy$VirtualFilterChain.doFilter(FilterChainProxy.java:334) ~[spring-security-web-5.2.1.RELEASE.jar:5.2.1.RELEASE]
	at org.springframework.security.web.savedrequest.RequestCacheAwareFilter.doFilter(RequestCacheAwareFilter.java:63) ~[spring-security-web-5.2.1.RELEASE.jar:5.2.1.RELEASE]
	at org.springframework.security.web.FilterChainProxy$VirtualFilterChain.doFilter(FilterChainProxy.java:334) ~[spring-security-web-5.2.1.RELEASE.jar:5.2.1.RELEASE]
	at org.springframework.security.web.authentication.www.BasicAuthenticationFilter.doFilterInternal(BasicAuthenticationFilter.java:203) ~[spring-security-web-5.2.1.RELEASE.jar:5.2.1.RELEASE]
	at org.springframework.web.filter.OncePerRequestFilter.doFilter(OncePerRequestFilter.java:119) ~[spring-web-5.2.2.RELEASE.jar:5.2.2.RELEASE]
	at org.springframework.security.web.FilterChainProxy$VirtualFilterChain.doFilter(FilterChainProxy.java:334) ~[spring-security-web-5.2.1.RELEASE.jar:5.2.1.RELEASE]
	at org.springframework.security.web.authentication.logout.LogoutFilter.doFilter(LogoutFilter.java:116) ~[spring-security-web-5.2.1.RELEASE.jar:5.2.1.RELEASE]
	at org.springframework.security.web.FilterChainProxy$VirtualFilterChain.doFilter(FilterChainProxy.java:334) ~[spring-security-web-5.2.1.RELEASE.jar:5.2.1.RELEASE]
	at org.springframework.security.web.header.HeaderWriterFilter.doHeadersAfter(HeaderWriterFilter.java:92) ~[spring-security-web-5.2.1.RELEASE.jar:5.2.1.RELEASE]
	at org.springframework.security.web.header.HeaderWriterFilter.doFilterInternal(HeaderWriterFilter.java:77) ~[spring-security-web-5.2.1.RELEASE.jar:5.2.1.RELEASE]
	at org.springframework.web.filter.OncePerRequestFilter.doFilter(OncePerRequestFilter.java:119) ~[spring-web-5.2.2.RELEASE.jar:5.2.2.RELEASE]
	at org.springframework.security.web.FilterChainProxy$VirtualFilterChain.doFilter(FilterChainProxy.java:334) ~[spring-security-web-5.2.1.RELEASE.jar:5.2.1.RELEASE]
	at org.springframework.security.web.context.SecurityContextPersistenceFilter.doFilter(SecurityContextPersistenceFilter.java:105) ~[spring-security-web-5.2.1.RELEASE.jar:5.2.1.RELEASE]
	at org.springframework.security.web.FilterChainProxy$VirtualFilterChain.doFilter(FilterChainProxy.java:334) ~[spring-security-web-5.2.1.RELEASE.jar:5.2.1.RELEASE]
	at org.springframework.security.web.context.request.async.WebAsyncManagerIntegrationFilter.doFilterInternal(WebAsyncManagerIntegrationFilter.java:56) ~[spring-security-web-5.2.1.RELEASE.jar:5.2.1.RELEASE]
	at org.springframework.web.filter.OncePerRequestFilter.doFilter(OncePerRequestFilter.java:119) ~[spring-web-5.2.2.RELEASE.jar:5.2.2.RELEASE]
	at org.springframework.security.web.FilterChainProxy$VirtualFilterChain.doFilter(FilterChainProxy.java:334) ~[spring-security-web-5.2.1.RELEASE.jar:5.2.1.RELEASE]
	at org.springframework.security.web.FilterChainProxy.doFilterInternal(FilterChainProxy.java:215) ~[spring-security-web-5.2.1.RELEASE.jar:5.2.1.RELEASE]
	at org.springframework.security.web.FilterChainProxy.doFilter(FilterChainProxy.java:178) ~[spring-security-web-5.2.1.RELEASE.jar:5.2.1.RELEASE]
	at org.springframework.web.filter.DelegatingFilterProxy.invokeDelegate(DelegatingFilterProxy.java:358) ~[spring-web-5.2.2.RELEASE.jar:5.2.2.RELEASE]
	at org.springframework.web.filter.DelegatingFilterProxy.doFilter(DelegatingFilterProxy.java:271) ~[spring-web-5.2.2.RELEASE.jar:5.2.2.RELEASE]
	at jdk.internal.reflect.GeneratedMethodAccessor55.invoke(Unknown Source) ~[na:na]
	at java.base/jdk.internal.reflect.DelegatingMethodAccessorImpl.invoke(DelegatingMethodAccessorImpl.java:43) ~[na:na]
	at java.base/java.lang.reflect.Method.invoke(Method.java:566) ~[na:na]
	at org.apache.catalina.security.SecurityUtil$1.run(SecurityUtil.java:282) ~[tomcat-embed-core-9.0.29.jar:9.0.29]
	at org.apache.catalina.security.SecurityUtil$1.run(SecurityUtil.java:279) ~[tomcat-embed-core-9.0.29.jar:9.0.29]
	at java.base/java.security.AccessController.doPrivileged(Native Method) ~[na:na]
	at java.base/javax.security.auth.Subject.doAsPrivileged(Subject.java:550) ~[na:na]
	at org.apache.catalina.security.SecurityUtil.execute(SecurityUtil.java:314) ~[tomcat-embed-core-9.0.29.jar:9.0.29]
	at org.apache.catalina.security.SecurityUtil.doAsPrivilege(SecurityUtil.java:253) ~[tomcat-embed-core-9.0.29.jar:9.0.29]
	at org.apache.catalina.core.ApplicationFilterChain.internalDoFilter(ApplicationFilterChain.java:191) ~[tomcat-embed-core-9.0.29.jar:9.0.29]
	at org.apache.catalina.core.ApplicationFilterChain.access$000(ApplicationFilterChain.java:47) ~[tomcat-embed-core-9.0.29.jar:9.0.29]
	at org.apache.catalina.core.ApplicationFilterChain$1.run(ApplicationFilterChain.java:149) ~[tomcat-embed-core-9.0.29.jar:9.0.29]
	at org.apache.catalina.core.ApplicationFilterChain$1.run(ApplicationFilterChain.java:145) ~[tomcat-embed-core-9.0.29.jar:9.0.29]
	at java.base/java.security.AccessController.doPrivileged(Native Method) ~[na:na]
	at org.apache.catalina.core.ApplicationFilterChain.doFilter(ApplicationFilterChain.java:144) ~[tomcat-embed-core-9.0.29.jar:9.0.29]
	at org.springframework.web.filter.RequestContextFilter.doFilterInternal(RequestContextFilter.java:100) ~[spring-web-5.2.2.RELEASE.jar:5.2.2.RELEASE]
	at org.springframework.web.filter.OncePerRequestFilter.doFilter(OncePerRequestFilter.java:119) ~[spring-web-5.2.2.RELEASE.jar:5.2.2.RELEASE]
	at jdk.internal.reflect.GeneratedMethodAccessor55.invoke(Unknown Source) ~[na:na]
	at java.base/jdk.internal.reflect.DelegatingMethodAccessorImpl.invoke(DelegatingMethodAccessorImpl.java:43) ~[na:na]
	at java.base/java.lang.reflect.Method.invoke(Method.java:566) ~[na:na]
	at org.apache.catalina.security.SecurityUtil$1.run(SecurityUtil.java:282) ~[tomcat-embed-core-9.0.29.jar:9.0.29]
	at org.apache.catalina.security.SecurityUtil$1.run(SecurityUtil.java:279) ~[tomcat-embed-core-9.0.29.jar:9.0.29]
	at java.base/java.security.AccessController.doPrivileged(Native Method) ~[na:na]
	at java.base/javax.security.auth.Subject.doAsPrivileged(Subject.java:550) ~[na:na]
	at org.apache.catalina.security.SecurityUtil.execute(SecurityUtil.java:314) ~[tomcat-embed-core-9.0.29.jar:9.0.29]
	at org.apache.catalina.security.SecurityUtil.doAsPrivilege(SecurityUtil.java:253) ~[tomcat-embed-core-9.0.29.jar:9.0.29]
	at org.apache.catalina.core.ApplicationFilterChain.internalDoFilter(ApplicationFilterChain.java:191) ~[tomcat-embed-core-9.0.29.jar:9.0.29]
	at org.apache.catalina.core.ApplicationFilterChain.access$000(ApplicationFilterChain.java:47) ~[tomcat-embed-core-9.0.29.jar:9.0.29]
	at org.apache.catalina.core.ApplicationFilterChain$1.run(ApplicationFilterChain.java:149) ~[tomcat-embed-core-9.0.29.jar:9.0.29]
	at org.apache.catalina.core.ApplicationFilterChain$1.run(ApplicationFilterChain.java:145) ~[tomcat-embed-core-9.0.29.jar:9.0.29]
	at java.base/java.security.AccessController.doPrivileged(Native Method) ~[na:na]
	at org.apache.catalina.core.ApplicationFilterChain.doFilter(ApplicationFilterChain.java:144) ~[tomcat-embed-core-9.0.29.jar:9.0.29]
	at org.springframework.web.filter.FormContentFilter.doFilterInternal(FormContentFilter.java:93) ~[spring-web-5.2.2.RELEASE.jar:5.2.2.RELEASE]
	at org.springframework.web.filter.OncePerRequestFilter.doFilter(OncePerRequestFilter.java:119) ~[spring-web-5.2.2.RELEASE.jar:5.2.2.RELEASE]
	at jdk.internal.reflect.GeneratedMethodAccessor55.invoke(Unknown Source) ~[na:na]
	at java.base/jdk.internal.reflect.DelegatingMethodAccessorImpl.invoke(DelegatingMethodAccessorImpl.java:43) ~[na:na]
	at java.base/java.lang.reflect.Method.invoke(Method.java:566) ~[na:na]
	at org.apache.catalina.security.SecurityUtil$1.run(SecurityUtil.java:282) ~[tomcat-embed-core-9.0.29.jar:9.0.29]
	at org.apache.catalina.security.SecurityUtil$1.run(SecurityUtil.java:279) ~[tomcat-embed-core-9.0.29.jar:9.0.29]
	at java.base/java.security.AccessController.doPrivileged(Native Method) ~[na:na]
	at java.base/javax.security.auth.Subject.doAsPrivileged(Subject.java:550) ~[na:na]
	at org.apache.catalina.security.SecurityUtil.execute(SecurityUtil.java:314) ~[tomcat-embed-core-9.0.29.jar:9.0.29]
	at org.apache.catalina.security.SecurityUtil.doAsPrivilege(SecurityUtil.java:253) ~[tomcat-embed-core-9.0.29.jar:9.0.29]
	at org.apache.catalina.core.ApplicationFilterChain.internalDoFilter(ApplicationFilterChain.java:191) ~[tomcat-embed-core-9.0.29.jar:9.0.29]
	at org.apache.catalina.core.ApplicationFilterChain.access$000(ApplicationFilterChain.java:47) ~[tomcat-embed-core-9.0.29.jar:9.0.29]
	at org.apache.catalina.core.ApplicationFilterChain$1.run(ApplicationFilterChain.java:149) ~[tomcat-embed-core-9.0.29.jar:9.0.29]
	at org.apache.catalina.core.ApplicationFilterChain$1.run(ApplicationFilterChain.java:145) ~[tomcat-embed-core-9.0.29.jar:9.0.29]
	at java.base/java.security.AccessController.doPrivileged(Native Method) ~[na:na]
	at org.apache.catalina.core.ApplicationFilterChain.doFilter(ApplicationFilterChain.java:144) ~[tomcat-embed-core-9.0.29.jar:9.0.29]
	at org.springframework.boot.actuate.metrics.web.servlet.WebMvcMetricsFilter.doFilterInternal(WebMvcMetricsFilter.java:108) ~[spring-boot-actuator-2.2.2.RELEASE.jar:2.2.2.RELEASE]
	at org.springframework.web.filter.OncePerRequestFilter.doFilter(OncePerRequestFilter.java:119) ~[spring-web-5.2.2.RELEASE.jar:5.2.2.RELEASE]
	at jdk.internal.reflect.GeneratedMethodAccessor55.invoke(Unknown Source) ~[na:na]
	at java.base/jdk.internal.reflect.DelegatingMethodAccessorImpl.invoke(DelegatingMethodAccessorImpl.java:43) ~[na:na]
	at java.base/java.lang.reflect.Method.invoke(Method.java:566) ~[na:na]
	at org.apache.catalina.security.SecurityUtil$1.run(SecurityUtil.java:282) ~[tomcat-embed-core-9.0.29.jar:9.0.29]
	at org.apache.catalina.security.SecurityUtil$1.run(SecurityUtil.java:279) ~[tomcat-embed-core-9.0.29.jar:9.0.29]
	at java.base/java.security.AccessController.doPrivileged(Native Method) ~[na:na]
	at java.base/javax.security.auth.Subject.doAsPrivileged(Subject.java:550) ~[na:na]
	at org.apache.catalina.security.SecurityUtil.execute(SecurityUtil.java:314) ~[tomcat-embed-core-9.0.29.jar:9.0.29]
	at org.apache.catalina.security.SecurityUtil.doAsPrivilege(SecurityUtil.java:253) ~[tomcat-embed-core-9.0.29.jar:9.0.29]
	at org.apache.catalina.core.ApplicationFilterChain.internalDoFilter(ApplicationFilterChain.java:191) ~[tomcat-embed-core-9.0.29.jar:9.0.29]
	at org.apache.catalina.core.ApplicationFilterChain.access$000(ApplicationFilterChain.java:47) ~[tomcat-embed-core-9.0.29.jar:9.0.29]
	at org.apache.catalina.core.ApplicationFilterChain$1.run(ApplicationFilterChain.java:149) ~[tomcat-embed-core-9.0.29.jar:9.0.29]
	at org.apache.catalina.core.ApplicationFilterChain$1.run(ApplicationFilterChain.java:145) ~[tomcat-embed-core-9.0.29.jar:9.0.29]
	at java.base/java.security.AccessController.doPrivileged(Native Method) ~[na:na]
	at org.apache.catalina.core.ApplicationFilterChain.doFilter(ApplicationFilterChain.java:144) ~[tomcat-embed-core-9.0.29.jar:9.0.29]
	at org.springframework.web.filter.CharacterEncodingFilter.doFilterInternal(CharacterEncodingFilter.java:201) ~[spring-web-5.2.2.RELEASE.jar:5.2.2.RELEASE]
	at org.springframework.web.filter.OncePerRequestFilter.doFilter(OncePerRequestFilter.java:119) ~[spring-web-5.2.2.RELEASE.jar:5.2.2.RELEASE]
	at jdk.internal.reflect.GeneratedMethodAccessor55.invoke(Unknown Source) ~[na:na]
	at java.base/jdk.internal.reflect.DelegatingMethodAccessorImpl.invoke(DelegatingMethodAccessorImpl.java:43) ~[na:na]
	at java.base/java.lang.reflect.Method.invoke(Method.java:566) ~[na:na]
	at org.apache.catalina.security.SecurityUtil$1.run(SecurityUtil.java:282) ~[tomcat-embed-core-9.0.29.jar:9.0.29]
	at org.apache.catalina.security.SecurityUtil$1.run(SecurityUtil.java:279) ~[tomcat-embed-core-9.0.29.jar:9.0.29]
	at java.base/java.security.AccessController.doPrivileged(Native Method) ~[na:na]
	at java.base/javax.security.auth.Subject.doAsPrivileged(Subject.java:550) ~[na:na]
	at org.apache.catalina.security.SecurityUtil.execute(SecurityUtil.java:314) ~[tomcat-embed-core-9.0.29.jar:9.0.29]
	at org.apache.catalina.security.SecurityUtil.doAsPrivilege(SecurityUtil.java:253) ~[tomcat-embed-core-9.0.29.jar:9.0.29]
	at org.apache.catalina.core.ApplicationFilterChain.internalDoFilter(ApplicationFilterChain.java:191) ~[tomcat-embed-core-9.0.29.jar:9.0.29]
	at org.apache.catalina.core.ApplicationFilterChain.access$000(ApplicationFilterChain.java:47) ~[tomcat-embed-core-9.0.29.jar:9.0.29]
	at org.apache.catalina.core.ApplicationFilterChain$1.run(ApplicationFilterChain.java:149) ~[tomcat-embed-core-9.0.29.jar:9.0.29]
	at org.apache.catalina.core.ApplicationFilterChain$1.run(ApplicationFilterChain.java:145) ~[tomcat-embed-core-9.0.29.jar:9.0.29]
	at java.base/java.security.AccessController.doPrivileged(Native Method) ~[na:na]
	at org.apache.catalina.core.ApplicationFilterChain.doFilter(ApplicationFilterChain.java:144) ~[tomcat-embed-core-9.0.29.jar:9.0.29]
	at org.apache.catalina.core.StandardWrapperValve.invoke(StandardWrapperValve.java:202) ~[tomcat-embed-core-9.0.29.jar:9.0.29]
	at org.apache.catalina.core.StandardContextValve.invoke(StandardContextValve.java:96) ~[tomcat-embed-core-9.0.29.jar:9.0.29]
	at org.apache.catalina.authenticator.AuthenticatorBase.invoke(AuthenticatorBase.java:526) ~[tomcat-embed-core-9.0.29.jar:9.0.29]
	at org.apache.catalina.core.StandardHostValve.invoke(StandardHostValve.java:139) ~[tomcat-embed-core-9.0.29.jar:9.0.29]
	at org.apache.catalina.valves.ErrorReportValve.invoke(ErrorReportValve.java:92) ~[tomcat-embed-core-9.0.29.jar:9.0.29]
	at org.apache.catalina.core.StandardEngineValve.invoke(StandardEngineValve.java:74) ~[tomcat-embed-core-9.0.29.jar:9.0.29]
	at org.apache.catalina.connector.CoyoteAdapter.service(CoyoteAdapter.java:343) ~[tomcat-embed-core-9.0.29.jar:9.0.29]
	at org.apache.coyote.http11.Http11Processor.service(Http11Processor.java:367) ~[tomcat-embed-core-9.0.29.jar:9.0.29]
	at org.apache.coyote.AbstractProcessorLight.process(AbstractProcessorLight.java:65) ~[tomcat-embed-core-9.0.29.jar:9.0.29]
	at org.apache.coyote.AbstractProtocol$ConnectionHandler.process(AbstractProtocol.java:860) ~[tomcat-embed-core-9.0.29.jar:9.0.29]
	at org.apache.tomcat.util.net.NioEndpoint$SocketProcessor.doRun(NioEndpoint.java:1591) ~[tomcat-embed-core-9.0.29.jar:9.0.29]
	at org.apache.tomcat.util.net.SocketProcessorBase.run(SocketProcessorBase.java:49) ~[tomcat-embed-core-9.0.29.jar:9.0.29]
	at java.base/java.util.concurrent.ThreadPoolExecutor.runWorker(ThreadPoolExecutor.java:1128) ~[na:na]
	at java.base/java.util.concurrent.ThreadPoolExecutor$Worker.run(ThreadPoolExecutor.java:628) ~[na:na]
	at org.apache.tomcat.util.threads.TaskThread$WrappingRunnable.run(TaskThread.java:61) ~[tomcat-embed-core-9.0.29.jar:9.0.29]
	at java.base/java.lang.Thread.run(Thread.java:834) ~[na:na]

Hibernate: SELECT count(*) FROM solved_quizzes
?[1;31m
Start test 185?[0m
Hibernate: select user0_.id as id1_3_, user0_.email as email2_3_, user0_.password as password3_3_ from users user0_ where user0_.email=?
Hibernate: select roles0_.user_id as user_id1_4_0_, roles0_.roles_id as roles_id2_4_0_, role1_.id as id1_1_1_, role1_.name as name2_1_1_ from users_roles roles0_ inner join roles role1_ on roles0_.roles_id=role1_.id where roles0_.user_id=?
Hibernate: SELECT * FROM solved_quizzes WHERE user = ? ORDER BY completed_at DESC limit ?
2021-05-11 22:56:02.311  INFO 2142 --- [nio-8889-exec-7] j.r.q.QueryParameterSetter$ErrorHandling : Silently ignoring

java.lang.IllegalArgumentException: Could not locate ordinal parameter [1], expecting one of []
	at org.hibernate.query.internal.ParameterMetadataImpl.getOrdinalParameterDescriptor(ParameterMetadataImpl.java:154) ~[hibernate-core-5.4.9.Final.jar:5.4.9.Final]
	at org.hibernate.query.internal.ParameterMetadataImpl.getQueryParameter(ParameterMetadataImpl.java:204) ~[hibernate-core-5.4.9.Final.jar:5.4.9.Final]
	at org.hibernate.query.internal.QueryParameterBindingsImpl.getBinding(QueryParameterBindingsImpl.java:182) ~[hibernate-core-5.4.9.Final.jar:5.4.9.Final]
	at org.hibernate.query.internal.AbstractProducedQuery.setParameter(AbstractProducedQuery.java:507) ~[hibernate-core-5.4.9.Final.jar:5.4.9.Final]
	at org.hibernate.query.internal.NativeQueryImpl.setParameter(NativeQueryImpl.java:613) ~[hibernate-core-5.4.9.Final.jar:5.4.9.Final]
	at org.hibernate.query.internal.NativeQueryImpl.setParameter(NativeQueryImpl.java:62) ~[hibernate-core-5.4.9.Final.jar:5.4.9.Final]
	at org.springframework.data.jpa.repository.query.QueryParameterSetter$BindableQuery.setParameter(QueryParameterSetter.java:335) ~[spring-data-jpa-2.2.3.RELEASE.jar:2.2.3.RELEASE]
	at org.springframework.data.jpa.repository.query.QueryParameterSetter$NamedOrIndexedQueryParameterSetter.lambda$setParameter$5(QueryParameterSetter.java:128) ~[spring-data-jpa-2.2.3.RELEASE.jar:2.2.3.RELEASE]
	at org.springframework.data.jpa.repository.query.QueryParameterSetter$ErrorHandling$2.execute(QueryParameterSetter.java:151) ~[spring-data-jpa-2.2.3.RELEASE.jar:2.2.3.RELEASE]
	at org.springframework.data.jpa.repository.query.QueryParameterSetter$NamedOrIndexedQueryParameterSetter.setParameter(QueryParameterSetter.java:128) ~[spring-data-jpa-2.2.3.RELEASE.jar:2.2.3.RELEASE]
	at org.springframework.data.jpa.repository.query.ParameterBinder.bind(ParameterBinder.java:82) ~[spring-data-jpa-2.2.3.RELEASE.jar:2.2.3.RELEASE]
	at org.springframework.data.jpa.repository.query.AbstractStringBasedJpaQuery.doCreateCountQuery(AbstractStringBasedJpaQuery.java:122) ~[spring-data-jpa-2.2.3.RELEASE.jar:2.2.3.RELEASE]
	at org.springframework.data.jpa.repository.query.AbstractJpaQuery.createCountQuery(AbstractJpaQuery.java:254) ~[spring-data-jpa-2.2.3.RELEASE.jar:2.2.3.RELEASE]
	at org.springframework.data.jpa.repository.query.JpaQueryExecution$PagedExecution.count(JpaQueryExecution.java:183) ~[spring-data-jpa-2.2.3.RELEASE.jar:2.2.3.RELEASE]
	at org.springframework.data.jpa.repository.query.JpaQueryExecution$PagedExecution.lambda$doExecute$0(JpaQueryExecution.java:178) ~[spring-data-jpa-2.2.3.RELEASE.jar:2.2.3.RELEASE]
	at org.springframework.data.repository.support.PageableExecutionUtils.getPage(PageableExecutionUtils.java:62) ~[spring-data-commons-2.2.3.RELEASE.jar:2.2.3.RELEASE]
	at org.springframework.data.jpa.repository.query.JpaQueryExecution$PagedExecution.doExecute(JpaQueryExecution.java:177) ~[spring-data-jpa-2.2.3.RELEASE.jar:2.2.3.RELEASE]
	at org.springframework.data.jpa.repository.query.JpaQueryExecution.execute(JpaQueryExecution.java:88) ~[spring-data-jpa-2.2.3.RELEASE.jar:2.2.3.RELEASE]
	at org.springframework.data.jpa.repository.query.AbstractJpaQuery.doExecute(AbstractJpaQuery.java:154) ~[spring-data-jpa-2.2.3.RELEASE.jar:2.2.3.RELEASE]
	at org.springframework.data.jpa.repository.query.AbstractJpaQuery.execute(AbstractJpaQuery.java:142) ~[spring-data-jpa-2.2.3.RELEASE.jar:2.2.3.RELEASE]
	at org.springframework.data.repository.core.support.RepositoryFactorySupport$QueryExecutorMethodInterceptor.doInvoke(RepositoryFactorySupport.java:618) ~[spring-data-commons-2.2.3.RELEASE.jar:2.2.3.RELEASE]
	at org.springframework.data.repository.core.support.RepositoryFactorySupport$QueryExecutorMethodInterceptor.invoke(RepositoryFactorySupport.java:605) ~[spring-data-commons-2.2.3.RELEASE.jar:2.2.3.RELEASE]
	at org.springframework.aop.framework.ReflectiveMethodInvocation.proceed(ReflectiveMethodInvocation.java:186) ~[spring-aop-5.2.2.RELEASE.jar:5.2.2.RELEASE]
	at org.springframework.transaction.interceptor.TransactionAspectSupport.invokeWithinTransaction(TransactionAspectSupport.java:366) ~[spring-tx-5.2.2.RELEASE.jar:5.2.2.RELEASE]
	at org.springframework.transaction.interceptor.TransactionInterceptor.invoke(TransactionInterceptor.java:99) ~[spring-tx-5.2.2.RELEASE.jar:5.2.2.RELEASE]
	at org.springframework.aop.framework.ReflectiveMethodInvocation.proceed(ReflectiveMethodInvocation.java:186) ~[spring-aop-5.2.2.RELEASE.jar:5.2.2.RELEASE]
	at org.springframework.dao.support.PersistenceExceptionTranslationInterceptor.invoke(PersistenceExceptionTranslationInterceptor.java:139) ~[spring-tx-5.2.2.RELEASE.jar:5.2.2.RELEASE]
	at org.springframework.aop.framework.ReflectiveMethodInvocation.proceed(ReflectiveMethodInvocation.java:186) ~[spring-aop-5.2.2.RELEASE.jar:5.2.2.RELEASE]
	at org.springframework.data.jpa.repository.support.CrudMethodMetadataPostProcessor$CrudMethodMetadataPopulatingMethodInterceptor.invoke(CrudMethodMetadataPostProcessor.java:149) ~[spring-data-jpa-2.2.3.RELEASE.jar:2.2.3.RELEASE]
	at org.springframework.aop.framework.ReflectiveMethodInvocation.proceed(ReflectiveMethodInvocation.java:186) ~[spring-aop-5.2.2.RELEASE.jar:5.2.2.RELEASE]
	at org.springframework.aop.interceptor.ExposeInvocationInterceptor.invoke(ExposeInvocationInterceptor.java:93) ~[spring-aop-5.2.2.RELEASE.jar:5.2.2.RELEASE]
	at org.springframework.aop.framework.ReflectiveMethodInvocation.proceed(ReflectiveMethodInvocation.java:186) ~[spring-aop-5.2.2.RELEASE.jar:5.2.2.RELEASE]
	at org.springframework.aop.framework.JdkDynamicAopProxy.invoke(JdkDynamicAopProxy.java:212) ~[spring-aop-5.2.2.RELEASE.jar:5.2.2.RELEASE]
	at com.sun.proxy.$Proxy137.findSolvedQuizzesByUser(Unknown Source) ~[na:na]
	at engine.QuizService.getSolvedQuizzes(QuizService.java:24) ~[main/:na]
	at engine.QuizController.getSolvedQuizzes(QuizController.java:131) ~[main/:na]
	at jdk.internal.reflect.GeneratedMethodAccessor121.invoke(Unknown Source) ~[na:na]
	at java.base/jdk.internal.reflect.DelegatingMethodAccessorImpl.invoke(DelegatingMethodAccessorImpl.java:43) ~[na:na]
	at java.base/java.lang.reflect.Method.invoke(Method.java:566) ~[na:na]
	at org.springframework.web.method.support.InvocableHandlerMethod.doInvoke(InvocableHandlerMethod.java:190) ~[spring-web-5.2.2.RELEASE.jar:5.2.2.RELEASE]
	at org.springframework.web.method.support.InvocableHandlerMethod.invokeForRequest(InvocableHandlerMethod.java:138) ~[spring-web-5.2.2.RELEASE.jar:5.2.2.RELEASE]
	at org.springframework.web.servlet.mvc.method.annotation.ServletInvocableHandlerMethod.invokeAndHandle(ServletInvocableHandlerMethod.java:106) ~[spring-webmvc-5.2.2.RELEASE.jar:5.2.2.RELEASE]
	at org.springframework.web.servlet.mvc.method.annotation.RequestMappingHandlerAdapter.invokeHandlerMethod(RequestMappingHandlerAdapter.java:888) ~[spring-webmvc-5.2.2.RELEASE.jar:5.2.2.RELEASE]
	at org.springframework.web.servlet.mvc.method.annotation.RequestMappingHandlerAdapter.handleInternal(RequestMappingHandlerAdapter.java:793) ~[spring-webmvc-5.2.2.RELEASE.jar:5.2.2.RELEASE]
	at org.springframework.web.servlet.mvc.method.AbstractHandlerMethodAdapter.handle(AbstractHandlerMethodAdapter.java:87) ~[spring-webmvc-5.2.2.RELEASE.jar:5.2.2.RELEASE]
	at org.springframework.web.servlet.DispatcherServlet.doDispatch(DispatcherServlet.java:1040) ~[spring-webmvc-5.2.2.RELEASE.jar:5.2.2.RELEASE]
	at org.springframework.web.servlet.DispatcherServlet.doService(DispatcherServlet.java:943) ~[spring-webmvc-5.2.2.RELEASE.jar:5.2.2.RELEASE]
	at org.springframework.web.servlet.FrameworkServlet.processRequest(FrameworkServlet.java:1006) ~[spring-webmvc-5.2.2.RELEASE.jar:5.2.2.RELEASE]
	at org.springframework.web.servlet.FrameworkServlet.doGet(FrameworkServlet.java:898) ~[spring-webmvc-5.2.2.RELEASE.jar:5.2.2.RELEASE]
	at javax.servlet.http.HttpServlet.service(HttpServlet.java:634) ~[tomcat-embed-core-9.0.29.jar:9.0.29]
	at org.springframework.web.servlet.FrameworkServlet.service(FrameworkServlet.java:883) ~[spring-webmvc-5.2.2.RELEASE.jar:5.2.2.RELEASE]
	at javax.servlet.http.HttpServlet.service(HttpServlet.java:741) ~[tomcat-embed-core-9.0.29.jar:9.0.29]
	at jdk.internal.reflect.GeneratedMethodAccessor59.invoke(Unknown Source) ~[na:na]
	at java.base/jdk.internal.reflect.DelegatingMethodAccessorImpl.invoke(DelegatingMethodAccessorImpl.java:43) ~[na:na]
	at java.base/java.lang.reflect.Method.invoke(Method.java:566) ~[na:na]
	at org.apache.catalina.security.SecurityUtil$1.run(SecurityUtil.java:282) ~[tomcat-embed-core-9.0.29.jar:9.0.29]
	at org.apache.catalina.security.SecurityUtil$1.run(SecurityUtil.java:279) ~[tomcat-embed-core-9.0.29.jar:9.0.29]
	at java.base/java.security.AccessController.doPrivileged(Native Method) ~[na:na]
	at java.base/javax.security.auth.Subject.doAsPrivileged(Subject.java:550) ~[na:na]
	at org.apache.catalina.security.SecurityUtil.execute(SecurityUtil.java:314) ~[tomcat-embed-core-9.0.29.jar:9.0.29]
	at org.apache.catalina.security.SecurityUtil.doAsPrivilege(SecurityUtil.java:170) ~[tomcat-embed-core-9.0.29.jar:9.0.29]
	at org.apache.catalina.core.ApplicationFilterChain.internalDoFilter(ApplicationFilterChain.java:225) ~[tomcat-embed-core-9.0.29.jar:9.0.29]
	at org.apache.catalina.core.ApplicationFilterChain.access$000(ApplicationFilterChain.java:47) ~[tomcat-embed-core-9.0.29.jar:9.0.29]
	at org.apache.catalina.core.ApplicationFilterChain$1.run(ApplicationFilterChain.java:149) ~[tomcat-embed-core-9.0.29.jar:9.0.29]
	at org.apache.catalina.core.ApplicationFilterChain$1.run(ApplicationFilterChain.java:145) ~[tomcat-embed-core-9.0.29.jar:9.0.29]
	at java.base/java.security.AccessController.doPrivileged(Native Method) ~[na:na]
	at org.apache.catalina.core.ApplicationFilterChain.doFilter(ApplicationFilterChain.java:144) ~[tomcat-embed-core-9.0.29.jar:9.0.29]
	at org.apache.tomcat.websocket.server.WsFilter.doFilter(WsFilter.java:53) ~[tomcat-embed-websocket-9.0.29.jar:9.0.29]
	at jdk.internal.reflect.GeneratedMethodAccessor55.invoke(Unknown Source) ~[na:na]
	at java.base/jdk.internal.reflect.DelegatingMethodAccessorImpl.invoke(DelegatingMethodAccessorImpl.java:43) ~[na:na]
	at java.base/java.lang.reflect.Method.invoke(Method.java:566) ~[na:na]
	at org.apache.catalina.security.SecurityUtil$1.run(SecurityUtil.java:282) ~[tomcat-embed-core-9.0.29.jar:9.0.29]
	at org.apache.catalina.security.SecurityUtil$1.run(SecurityUtil.java:279) ~[tomcat-embed-core-9.0.29.jar:9.0.29]
	at java.base/java.security.AccessController.doPrivileged(Native Method) ~[na:na]
	at java.base/javax.security.auth.Subject.doAsPrivileged(Subject.java:550) ~[na:na]
	at org.apache.catalina.security.SecurityUtil.execute(SecurityUtil.java:314) ~[tomcat-embed-core-9.0.29.jar:9.0.29]
	at org.apache.catalina.security.SecurityUtil.doAsPrivilege(SecurityUtil.java:253) ~[tomcat-embed-core-9.0.29.jar:9.0.29]
	at org.apache.catalina.core.ApplicationFilterChain.internalDoFilter(ApplicationFilterChain.java:191) ~[tomcat-embed-core-9.0.29.jar:9.0.29]
	at org.apache.catalina.core.ApplicationFilterChain.access$000(ApplicationFilterChain.java:47) ~[tomcat-embed-core-9.0.29.jar:9.0.29]
	at org.apache.catalina.core.ApplicationFilterChain$1.run(ApplicationFilterChain.java:149) ~[tomcat-embed-core-9.0.29.jar:9.0.29]
	at org.apache.catalina.core.ApplicationFilterChain$1.run(ApplicationFilterChain.java:145) ~[tomcat-embed-core-9.0.29.jar:9.0.29]
	at java.base/java.security.AccessController.doPrivileged(Native Method) ~[na:na]
	at org.apache.catalina.core.ApplicationFilterChain.doFilter(ApplicationFilterChain.java:144) ~[tomcat-embed-core-9.0.29.jar:9.0.29]
	at org.springframework.security.web.FilterChainProxy$VirtualFilterChain.doFilter(FilterChainProxy.java:320) ~[spring-security-web-5.2.1.RELEASE.jar:5.2.1.RELEASE]
	at org.springframework.security.web.access.intercept.FilterSecurityInterceptor.invoke(FilterSecurityInterceptor.java:126) ~[spring-security-web-5.2.1.RELEASE.jar:5.2.1.RELEASE]
	at org.springframework.security.web.access.intercept.FilterSecurityInterceptor.doFilter(FilterSecurityInterceptor.java:90) ~[spring-security-web-5.2.1.RELEASE.jar:5.2.1.RELEASE]
	at org.springframework.security.web.FilterChainProxy$VirtualFilterChain.doFilter(FilterChainProxy.java:334) ~[spring-security-web-5.2.1.RELEASE.jar:5.2.1.RELEASE]
	at org.springframework.security.web.access.ExceptionTranslationFilter.doFilter(ExceptionTranslationFilter.java:118) ~[spring-security-web-5.2.1.RELEASE.jar:5.2.1.RELEASE]
	at org.springframework.security.web.FilterChainProxy$VirtualFilterChain.doFilter(FilterChainProxy.java:334) ~[spring-security-web-5.2.1.RELEASE.jar:5.2.1.RELEASE]
	at org.springframework.security.web.authentication.AnonymousAuthenticationFilter.doFilter(AnonymousAuthenticationFilter.java:111) ~[spring-security-web-5.2.1.RELEASE.jar:5.2.1.RELEASE]
	at org.springframework.security.web.FilterChainProxy$VirtualFilterChain.doFilter(FilterChainProxy.java:334) ~[spring-security-web-5.2.1.RELEASE.jar:5.2.1.RELEASE]
	at org.springframework.security.web.servletapi.SecurityContextHolderAwareRequestFilter.doFilter(SecurityContextHolderAwareRequestFilter.java:158) ~[spring-security-web-5.2.1.RELEASE.jar:5.2.1.RELEASE]
	at org.springframework.security.web.FilterChainProxy$VirtualFilterChain.doFilter(FilterChainProxy.java:334) ~[spring-security-web-5.2.1.RELEASE.jar:5.2.1.RELEASE]
	at org.springframework.security.web.savedrequest.RequestCacheAwareFilter.doFilter(RequestCacheAwareFilter.java:63) ~[spring-security-web-5.2.1.RELEASE.jar:5.2.1.RELEASE]
	at org.springframework.security.web.FilterChainProxy$VirtualFilterChain.doFilter(FilterChainProxy.java:334) ~[spring-security-web-5.2.1.RELEASE.jar:5.2.1.RELEASE]
	at org.springframework.security.web.authentication.www.BasicAuthenticationFilter.doFilterInternal(BasicAuthenticationFilter.java:203) ~[spring-security-web-5.2.1.RELEASE.jar:5.2.1.RELEASE]
	at org.springframework.web.filter.OncePerRequestFilter.doFilter(OncePerRequestFilter.java:119) ~[spring-web-5.2.2.RELEASE.jar:5.2.2.RELEASE]
	at org.springframework.security.web.FilterChainProxy$VirtualFilterChain.doFilter(FilterChainProxy.java:334) ~[spring-security-web-5.2.1.RELEASE.jar:5.2.1.RELEASE]
	at org.springframework.security.web.authentication.logout.LogoutFilter.doFilter(LogoutFilter.java:116) ~[spring-security-web-5.2.1.RELEASE.jar:5.2.1.RELEASE]
	at org.springframework.security.web.FilterChainProxy$VirtualFilterChain.doFilter(FilterChainProxy.java:334) ~[spring-security-web-5.2.1.RELEASE.jar:5.2.1.RELEASE]
	at org.springframework.security.web.header.HeaderWriterFilter.doHeadersAfter(HeaderWriterFilter.java:92) ~[spring-security-web-5.2.1.RELEASE.jar:5.2.1.RELEASE]
	at org.springframework.security.web.header.HeaderWriterFilter.doFilterInternal(HeaderWriterFilter.java:77) ~[spring-security-web-5.2.1.RELEASE.jar:5.2.1.RELEASE]
	at org.springframework.web.filter.OncePerRequestFilter.doFilter(OncePerRequestFilter.java:119) ~[spring-web-5.2.2.RELEASE.jar:5.2.2.RELEASE]
	at org.springframework.security.web.FilterChainProxy$VirtualFilterChain.doFilter(FilterChainProxy.java:334) ~[spring-security-web-5.2.1.RELEASE.jar:5.2.1.RELEASE]
	at org.springframework.security.web.context.SecurityContextPersistenceFilter.doFilter(SecurityContextPersistenceFilter.java:105) ~[spring-security-web-5.2.1.RELEASE.jar:5.2.1.RELEASE]
	at org.springframework.security.web.FilterChainProxy$VirtualFilterChain.doFilter(FilterChainProxy.java:334) ~[spring-security-web-5.2.1.RELEASE.jar:5.2.1.RELEASE]
	at org.springframework.security.web.context.request.async.WebAsyncManagerIntegrationFilter.doFilterInternal(WebAsyncManagerIntegrationFilter.java:56) ~[spring-security-web-5.2.1.RELEASE.jar:5.2.1.RELEASE]
	at org.springframework.web.filter.OncePerRequestFilter.doFilter(OncePerRequestFilter.java:119) ~[spring-web-5.2.2.RELEASE.jar:5.2.2.RELEASE]
	at org.springframework.security.web.FilterChainProxy$VirtualFilterChain.doFilter(FilterChainProxy.java:334) ~[spring-security-web-5.2.1.RELEASE.jar:5.2.1.RELEASE]
	at org.springframework.security.web.FilterChainProxy.doFilterInternal(FilterChainProxy.java:215) ~[spring-security-web-5.2.1.RELEASE.jar:5.2.1.RELEASE]
	at org.springframework.security.web.FilterChainProxy.doFilter(FilterChainProxy.java:178) ~[spring-security-web-5.2.1.RELEASE.jar:5.2.1.RELEASE]
	at org.springframework.web.filter.DelegatingFilterProxy.invokeDelegate(DelegatingFilterProxy.java:358) ~[spring-web-5.2.2.RELEASE.jar:5.2.2.RELEASE]
	at org.springframework.web.filter.DelegatingFilterProxy.doFilter(DelegatingFilterProxy.java:271) ~[spring-web-5.2.2.RELEASE.jar:5.2.2.RELEASE]
	at jdk.internal.reflect.GeneratedMethodAccessor55.invoke(Unknown Source) ~[na:na]
	at java.base/jdk.internal.reflect.DelegatingMethodAccessorImpl.invoke(DelegatingMethodAccessorImpl.java:43) ~[na:na]
	at java.base/java.lang.reflect.Method.invoke(Method.java:566) ~[na:na]
	at org.apache.catalina.security.SecurityUtil$1.run(SecurityUtil.java:282) ~[tomcat-embed-core-9.0.29.jar:9.0.29]
	at org.apache.catalina.security.SecurityUtil$1.run(SecurityUtil.java:279) ~[tomcat-embed-core-9.0.29.jar:9.0.29]
	at java.base/java.security.AccessController.doPrivileged(Native Method) ~[na:na]
	at java.base/javax.security.auth.Subject.doAsPrivileged(Subject.java:550) ~[na:na]
	at org.apache.catalina.security.SecurityUtil.execute(SecurityUtil.java:314) ~[tomcat-embed-core-9.0.29.jar:9.0.29]
	at org.apache.catalina.security.SecurityUtil.doAsPrivilege(SecurityUtil.java:253) ~[tomcat-embed-core-9.0.29.jar:9.0.29]
	at org.apache.catalina.core.ApplicationFilterChain.internalDoFilter(ApplicationFilterChain.java:191) ~[tomcat-embed-core-9.0.29.jar:9.0.29]
	at org.apache.catalina.core.ApplicationFilterChain.access$000(ApplicationFilterChain.java:47) ~[tomcat-embed-core-9.0.29.jar:9.0.29]
	at org.apache.catalina.core.ApplicationFilterChain$1.run(ApplicationFilterChain.java:149) ~[tomcat-embed-core-9.0.29.jar:9.0.29]
	at org.apache.catalina.core.ApplicationFilterChain$1.run(ApplicationFilterChain.java:145) ~[tomcat-embed-core-9.0.29.jar:9.0.29]
	at java.base/java.security.AccessController.doPrivileged(Native Method) ~[na:na]
	at org.apache.catalina.core.ApplicationFilterChain.doFilter(ApplicationFilterChain.java:144) ~[tomcat-embed-core-9.0.29.jar:9.0.29]
	at org.springframework.web.filter.RequestContextFilter.doFilterInternal(RequestContextFilter.java:100) ~[spring-web-5.2.2.RELEASE.jar:5.2.2.RELEASE]
	at org.springframework.web.filter.OncePerRequestFilter.doFilter(OncePerRequestFilter.java:119) ~[spring-web-5.2.2.RELEASE.jar:5.2.2.RELEASE]
	at jdk.internal.reflect.GeneratedMethodAccessor55.invoke(Unknown Source) ~[na:na]
	at java.base/jdk.internal.reflect.DelegatingMethodAccessorImpl.invoke(DelegatingMethodAccessorImpl.java:43) ~[na:na]
	at java.base/java.lang.reflect.Method.invoke(Method.java:566) ~[na:na]
	at org.apache.catalina.security.SecurityUtil$1.run(SecurityUtil.java:282) ~[tomcat-embed-core-9.0.29.jar:9.0.29]
	at org.apache.catalina.security.SecurityUtil$1.run(SecurityUtil.java:279) ~[tomcat-embed-core-9.0.29.jar:9.0.29]
	at java.base/java.security.AccessController.doPrivileged(Native Method) ~[na:na]
	at java.base/javax.security.auth.Subject.doAsPrivileged(Subject.java:550) ~[na:na]
	at org.apache.catalina.security.SecurityUtil.execute(SecurityUtil.java:314) ~[tomcat-embed-core-9.0.29.jar:9.0.29]
	at org.apache.catalina.security.SecurityUtil.doAsPrivilege(SecurityUtil.java:253) ~[tomcat-embed-core-9.0.29.jar:9.0.29]
	at org.apache.catalina.core.ApplicationFilterChain.internalDoFilter(ApplicationFilterChain.java:191) ~[tomcat-embed-core-9.0.29.jar:9.0.29]
	at org.apache.catalina.core.ApplicationFilterChain.access$000(ApplicationFilterChain.java:47) ~[tomcat-embed-core-9.0.29.jar:9.0.29]
	at org.apache.catalina.core.ApplicationFilterChain$1.run(ApplicationFilterChain.java:149) ~[tomcat-embed-core-9.0.29.jar:9.0.29]
	at org.apache.catalina.core.ApplicationFilterChain$1.run(ApplicationFilterChain.java:145) ~[tomcat-embed-core-9.0.29.jar:9.0.29]
	at java.base/java.security.AccessController.doPrivileged(Native Method) ~[na:na]
	at org.apache.catalina.core.ApplicationFilterChain.doFilter(ApplicationFilterChain.java:144) ~[tomcat-embed-core-9.0.29.jar:9.0.29]
	at org.springframework.web.filter.FormContentFilter.doFilterInternal(FormContentFilter.java:93) ~[spring-web-5.2.2.RELEASE.jar:5.2.2.RELEASE]
	at org.springframework.web.filter.OncePerRequestFilter.doFilter(OncePerRequestFilter.java:119) ~[spring-web-5.2.2.RELEASE.jar:5.2.2.RELEASE]
	at jdk.internal.reflect.GeneratedMethodAccessor55.invoke(Unknown Source) ~[na:na]
	at java.base/jdk.internal.reflect.DelegatingMethodAccessorImpl.invoke(DelegatingMethodAccessorImpl.java:43) ~[na:na]
	at java.base/java.lang.reflect.Method.invoke(Method.java:566) ~[na:na]
	at org.apache.catalina.security.SecurityUtil$1.run(SecurityUtil.java:282) ~[tomcat-embed-core-9.0.29.jar:9.0.29]
	at org.apache.catalina.security.SecurityUtil$1.run(SecurityUtil.java:279) ~[tomcat-embed-core-9.0.29.jar:9.0.29]
	at java.base/java.security.AccessController.doPrivileged(Native Method) ~[na:na]
	at java.base/javax.security.auth.Subject.doAsPrivileged(Subject.java:550) ~[na:na]
	at org.apache.catalina.security.SecurityUtil.execute(SecurityUtil.java:314) ~[tomcat-embed-core-9.0.29.jar:9.0.29]
	at org.apache.catalina.security.SecurityUtil.doAsPrivilege(SecurityUtil.java:253) ~[tomcat-embed-core-9.0.29.jar:9.0.29]
	at org.apache.catalina.core.ApplicationFilterChain.internalDoFilter(ApplicationFilterChain.java:191) ~[tomcat-embed-core-9.0.29.jar:9.0.29]
	at org.apache.catalina.core.ApplicationFilterChain.access$000(ApplicationFilterChain.java:47) ~[tomcat-embed-core-9.0.29.jar:9.0.29]
	at org.apache.catalina.core.ApplicationFilterChain$1.run(ApplicationFilterChain.java:149) ~[tomcat-embed-core-9.0.29.jar:9.0.29]
	at org.apache.catalina.core.ApplicationFilterChain$1.run(ApplicationFilterChain.java:145) ~[tomcat-embed-core-9.0.29.jar:9.0.29]
	at java.base/java.security.AccessController.doPrivileged(Native Method) ~[na:na]
	at org.apache.catalina.core.ApplicationFilterChain.doFilter(ApplicationFilterChain.java:144) ~[tomcat-embed-core-9.0.29.jar:9.0.29]
	at org.springframework.boot.actuate.metrics.web.servlet.WebMvcMetricsFilter.doFilterInternal(WebMvcMetricsFilter.java:108) ~[spring-boot-actuator-2.2.2.RELEASE.jar:2.2.2.RELEASE]
	at org.springframework.web.filter.OncePerRequestFilter.doFilter(OncePerRequestFilter.java:119) ~[spring-web-5.2.2.RELEASE.jar:5.2.2.RELEASE]
	at jdk.internal.reflect.GeneratedMethodAccessor55.invoke(Unknown Source) ~[na:na]
	at java.base/jdk.internal.reflect.DelegatingMethodAccessorImpl.invoke(DelegatingMethodAccessorImpl.java:43) ~[na:na]
	at java.base/java.lang.reflect.Method.invoke(Method.java:566) ~[na:na]
	at org.apache.catalina.security.SecurityUtil$1.run(SecurityUtil.java:282) ~[tomcat-embed-core-9.0.29.jar:9.0.29]
	at org.apache.catalina.security.SecurityUtil$1.run(SecurityUtil.java:279) ~[tomcat-embed-core-9.0.29.jar:9.0.29]
	at java.base/java.security.AccessController.doPrivileged(Native Method) ~[na:na]
	at java.base/javax.security.auth.Subject.doAsPrivileged(Subject.java:550) ~[na:na]
	at org.apache.catalina.security.SecurityUtil.execute(SecurityUtil.java:314) ~[tomcat-embed-core-9.0.29.jar:9.0.29]
	at org.apache.catalina.security.SecurityUtil.doAsPrivilege(SecurityUtil.java:253) ~[tomcat-embed-core-9.0.29.jar:9.0.29]
	at org.apache.catalina.core.ApplicationFilterChain.internalDoFilter(ApplicationFilterChain.java:191) ~[tomcat-embed-core-9.0.29.jar:9.0.29]
	at org.apache.catalina.core.ApplicationFilterChain.access$000(ApplicationFilterChain.java:47) ~[tomcat-embed-core-9.0.29.jar:9.0.29]
	at org.apache.catalina.core.ApplicationFilterChain$1.run(ApplicationFilterChain.java:149) ~[tomcat-embed-core-9.0.29.jar:9.0.29]
	at org.apache.catalina.core.ApplicationFilterChain$1.run(ApplicationFilterChain.java:145) ~[tomcat-embed-core-9.0.29.jar:9.0.29]
	at java.base/java.security.AccessController.doPrivileged(Native Method) ~[na:na]
	at org.apache.catalina.core.ApplicationFilterChain.doFilter(ApplicationFilterChain.java:144) ~[tomcat-embed-core-9.0.29.jar:9.0.29]
	at org.springframework.web.filter.CharacterEncodingFilter.doFilterInternal(CharacterEncodingFilter.java:201) ~[spring-web-5.2.2.RELEASE.jar:5.2.2.RELEASE]
	at org.springframework.web.filter.OncePerRequestFilter.doFilter(OncePerRequestFilter.java:119) ~[spring-web-5.2.2.RELEASE.jar:5.2.2.RELEASE]
	at jdk.internal.reflect.GeneratedMethodAccessor55.invoke(Unknown Source) ~[na:na]
	at java.base/jdk.internal.reflect.DelegatingMethodAccessorImpl.invoke(DelegatingMethodAccessorImpl.java:43) ~[na:na]
	at java.base/java.lang.reflect.Method.invoke(Method.java:566) ~[na:na]
	at org.apache.catalina.security.SecurityUtil$1.run(SecurityUtil.java:282) ~[tomcat-embed-core-9.0.29.jar:9.0.29]
	at org.apache.catalina.security.SecurityUtil$1.run(SecurityUtil.java:279) ~[tomcat-embed-core-9.0.29.jar:9.0.29]
	at java.base/java.security.AccessController.doPrivileged(Native Method) ~[na:na]
	at java.base/javax.security.auth.Subject.doAsPrivileged(Subject.java:550) ~[na:na]
	at org.apache.catalina.security.SecurityUtil.execute(SecurityUtil.java:314) ~[tomcat-embed-core-9.0.29.jar:9.0.29]
	at org.apache.catalina.security.SecurityUtil.doAsPrivilege(SecurityUtil.java:253) ~[tomcat-embed-core-9.0.29.jar:9.0.29]
	at org.apache.catalina.core.ApplicationFilterChain.internalDoFilter(ApplicationFilterChain.java:191) ~[tomcat-embed-core-9.0.29.jar:9.0.29]
	at org.apache.catalina.core.ApplicationFilterChain.access$000(ApplicationFilterChain.java:47) ~[tomcat-embed-core-9.0.29.jar:9.0.29]
	at org.apache.catalina.core.ApplicationFilterChain$1.run(ApplicationFilterChain.java:149) ~[tomcat-embed-core-9.0.29.jar:9.0.29]
	at org.apache.catalina.core.ApplicationFilterChain$1.run(ApplicationFilterChain.java:145) ~[tomcat-embed-core-9.0.29.jar:9.0.29]
	at java.base/java.security.AccessController.doPrivileged(Native Method) ~[na:na]
	at org.apache.catalina.core.ApplicationFilterChain.doFilter(ApplicationFilterChain.java:144) ~[tomcat-embed-core-9.0.29.jar:9.0.29]
	at org.apache.catalina.core.StandardWrapperValve.invoke(StandardWrapperValve.java:202) ~[tomcat-embed-core-9.0.29.jar:9.0.29]
	at org.apache.catalina.core.StandardContextValve.invoke(StandardContextValve.java:96) ~[tomcat-embed-core-9.0.29.jar:9.0.29]
	at org.apache.catalina.authenticator.AuthenticatorBase.invoke(AuthenticatorBase.java:526) ~[tomcat-embed-core-9.0.29.jar:9.0.29]
	at org.apache.catalina.core.StandardHostValve.invoke(StandardHostValve.java:139) ~[tomcat-embed-core-9.0.29.jar:9.0.29]
	at org.apache.catalina.valves.ErrorReportValve.invoke(ErrorReportValve.java:92) ~[tomcat-embed-core-9.0.29.jar:9.0.29]
	at org.apache.catalina.core.StandardEngineValve.invoke(StandardEngineValve.java:74) ~[tomcat-embed-core-9.0.29.jar:9.0.29]
	at org.apache.catalina.connector.CoyoteAdapter.service(CoyoteAdapter.java:343) ~[tomcat-embed-core-9.0.29.jar:9.0.29]
	at org.apache.coyote.http11.Http11Processor.service(Http11Processor.java:367) ~[tomcat-embed-core-9.0.29.jar:9.0.29]
	at org.apache.coyote.AbstractProcessorLight.process(AbstractProcessorLight.java:65) ~[tomcat-embed-core-9.0.29.jar:9.0.29]
	at org.apache.coyote.AbstractProtocol$ConnectionHandler.process(AbstractProtocol.java:860) ~[tomcat-embed-core-9.0.29.jar:9.0.29]
	at org.apache.tomcat.util.net.NioEndpoint$SocketProcessor.doRun(NioEndpoint.java:1591) ~[tomcat-embed-core-9.0.29.jar:9.0.29]
	at org.apache.tomcat.util.net.SocketProcessorBase.run(SocketProcessorBase.java:49) ~[tomcat-embed-core-9.0.29.jar:9.0.29]
	at java.base/java.util.concurrent.ThreadPoolExecutor.runWorker(ThreadPoolExecutor.java:1128) ~[na:na]
	at java.base/java.util.concurrent.ThreadPoolExecutor$Worker.run(ThreadPoolExecutor.java:628) ~[na:na]
	at org.apache.tomcat.util.threads.TaskThread$WrappingRunnable.run(TaskThread.java:61) ~[tomcat-embed-core-9.0.29.jar:9.0.29]
	at java.base/java.lang.Thread.run(Thread.java:834) ~[na:na]

Hibernate: SELECT count(*) FROM solved_quizzes
?[1;31m
Start test 186?[0m
Hibernate: select user0_.id as id1_3_, user0_.email as email2_3_, user0_.password as password3_3_ from users user0_ where user0_.email=?
Hibernate: select roles0_.user_id as user_id1_4_0_, roles0_.roles_id as roles_id2_4_0_, role1_.id as id1_1_1_, role1_.name as name2_1_1_ from users_roles roles0_ inner join roles role1_ on roles0_.roles_id=role1_.id where roles0_.user_id=?
Hibernate: SELECT * FROM solved_quizzes WHERE user = ? ORDER BY completed_at DESC limit ?
2021-05-11 22:56:02.504  INFO 2142 --- [nio-8889-exec-8] j.r.q.QueryParameterSetter$ErrorHandling : Silently ignoring

java.lang.IllegalArgumentException: Could not locate ordinal parameter [1], expecting one of []
	at org.hibernate.query.internal.ParameterMetadataImpl.getOrdinalParameterDescriptor(ParameterMetadataImpl.java:154) ~[hibernate-core-5.4.9.Final.jar:5.4.9.Final]
	at org.hibernate.query.internal.ParameterMetadataImpl.getQueryParameter(ParameterMetadataImpl.java:204) ~[hibernate-core-5.4.9.Final.jar:5.4.9.Final]
	at org.hibernate.query.internal.QueryParameterBindingsImpl.getBinding(QueryParameterBindingsImpl.java:182) ~[hibernate-core-5.4.9.Final.jar:5.4.9.Final]
	at org.hibernate.query.internal.AbstractProducedQuery.setParameter(AbstractProducedQuery.java:507) ~[hibernate-core-5.4.9.Final.jar:5.4.9.Final]
	at org.hibernate.query.internal.NativeQueryImpl.setParameter(NativeQueryImpl.java:613) ~[hibernate-core-5.4.9.Final.jar:5.4.9.Final]
	at org.hibernate.query.internal.NativeQueryImpl.setParameter(NativeQueryImpl.java:62) ~[hibernate-core-5.4.9.Final.jar:5.4.9.Final]
	at org.springframework.data.jpa.repository.query.QueryParameterSetter$BindableQuery.setParameter(QueryParameterSetter.java:335) ~[spring-data-jpa-2.2.3.RELEASE.jar:2.2.3.RELEASE]
	at org.springframework.data.jpa.repository.query.QueryParameterSetter$NamedOrIndexedQueryParameterSetter.lambda$setParameter$5(QueryParameterSetter.java:128) ~[spring-data-jpa-2.2.3.RELEASE.jar:2.2.3.RELEASE]
	at org.springframework.data.jpa.repository.query.QueryParameterSetter$ErrorHandling$2.execute(QueryParameterSetter.java:151) ~[spring-data-jpa-2.2.3.RELEASE.jar:2.2.3.RELEASE]
	at org.springframework.data.jpa.repository.query.QueryParameterSetter$NamedOrIndexedQueryParameterSetter.setParameter(QueryParameterSetter.java:128) ~[spring-data-jpa-2.2.3.RELEASE.jar:2.2.3.RELEASE]
	at org.springframework.data.jpa.repository.query.ParameterBinder.bind(ParameterBinder.java:82) ~[spring-data-jpa-2.2.3.RELEASE.jar:2.2.3.RELEASE]
	at org.springframework.data.jpa.repository.query.AbstractStringBasedJpaQuery.doCreateCountQuery(AbstractStringBasedJpaQuery.java:122) ~[spring-data-jpa-2.2.3.RELEASE.jar:2.2.3.RELEASE]
	at org.springframework.data.jpa.repository.query.AbstractJpaQuery.createCountQuery(AbstractJpaQuery.java:254) ~[spring-data-jpa-2.2.3.RELEASE.jar:2.2.3.RELEASE]
	at org.springframework.data.jpa.repository.query.JpaQueryExecution$PagedExecution.count(JpaQueryExecution.java:183) ~[spring-data-jpa-2.2.3.RELEASE.jar:2.2.3.RELEASE]
	at org.springframework.data.jpa.repository.query.JpaQueryExecution$PagedExecution.lambda$doExecute$0(JpaQueryExecution.java:178) ~[spring-data-jpa-2.2.3.RELEASE.jar:2.2.3.RELEASE]
	at org.springframework.data.repository.support.PageableExecutionUtils.getPage(PageableExecutionUtils.java:62) ~[spring-data-commons-2.2.3.RELEASE.jar:2.2.3.RELEASE]
	at org.springframework.data.jpa.repository.query.JpaQueryExecution$PagedExecution.doExecute(JpaQueryExecution.java:177) ~[spring-data-jpa-2.2.3.RELEASE.jar:2.2.3.RELEASE]
	at org.springframework.data.jpa.repository.query.JpaQueryExecution.execute(JpaQueryExecution.java:88) ~[spring-data-jpa-2.2.3.RELEASE.jar:2.2.3.RELEASE]
	at org.springframework.data.jpa.repository.query.AbstractJpaQuery.doExecute(AbstractJpaQuery.java:154) ~[spring-data-jpa-2.2.3.RELEASE.jar:2.2.3.RELEASE]
	at org.springframework.data.jpa.repository.query.AbstractJpaQuery.execute(AbstractJpaQuery.java:142) ~[spring-data-jpa-2.2.3.RELEASE.jar:2.2.3.RELEASE]
	at org.springframework.data.repository.core.support.RepositoryFactorySupport$QueryExecutorMethodInterceptor.doInvoke(RepositoryFactorySupport.java:618) ~[spring-data-commons-2.2.3.RELEASE.jar:2.2.3.RELEASE]
	at org.springframework.data.repository.core.support.RepositoryFactorySupport$QueryExecutorMethodInterceptor.invoke(RepositoryFactorySupport.java:605) ~[spring-data-commons-2.2.3.RELEASE.jar:2.2.3.RELEASE]
	at org.springframework.aop.framework.ReflectiveMethodInvocation.proceed(ReflectiveMethodInvocation.java:186) ~[spring-aop-5.2.2.RELEASE.jar:5.2.2.RELEASE]
	at org.springframework.transaction.interceptor.TransactionAspectSupport.invokeWithinTransaction(TransactionAspectSupport.java:366) ~[spring-tx-5.2.2.RELEASE.jar:5.2.2.RELEASE]
	at org.springframework.transaction.interceptor.TransactionInterceptor.invoke(TransactionInterceptor.java:99) ~[spring-tx-5.2.2.RELEASE.jar:5.2.2.RELEASE]
	at org.springframework.aop.framework.ReflectiveMethodInvocation.proceed(ReflectiveMethodInvocation.java:186) ~[spring-aop-5.2.2.RELEASE.jar:5.2.2.RELEASE]
	at org.springframework.dao.support.PersistenceExceptionTranslationInterceptor.invoke(PersistenceExceptionTranslationInterceptor.java:139) ~[spring-tx-5.2.2.RELEASE.jar:5.2.2.RELEASE]
	at org.springframework.aop.framework.ReflectiveMethodInvocation.proceed(ReflectiveMethodInvocation.java:186) ~[spring-aop-5.2.2.RELEASE.jar:5.2.2.RELEASE]
	at org.springframework.data.jpa.repository.support.CrudMethodMetadataPostProcessor$CrudMethodMetadataPopulatingMethodInterceptor.invoke(CrudMethodMetadataPostProcessor.java:149) ~[spring-data-jpa-2.2.3.RELEASE.jar:2.2.3.RELEASE]
	at org.springframework.aop.framework.ReflectiveMethodInvocation.proceed(ReflectiveMethodInvocation.java:186) ~[spring-aop-5.2.2.RELEASE.jar:5.2.2.RELEASE]
	at org.springframework.aop.interceptor.ExposeInvocationInterceptor.invoke(ExposeInvocationInterceptor.java:93) ~[spring-aop-5.2.2.RELEASE.jar:5.2.2.RELEASE]
	at org.springframework.aop.framework.ReflectiveMethodInvocation.proceed(ReflectiveMethodInvocation.java:186) ~[spring-aop-5.2.2.RELEASE.jar:5.2.2.RELEASE]
	at org.springframework.aop.framework.JdkDynamicAopProxy.invoke(JdkDynamicAopProxy.java:212) ~[spring-aop-5.2.2.RELEASE.jar:5.2.2.RELEASE]
	at com.sun.proxy.$Proxy137.findSolvedQuizzesByUser(Unknown Source) ~[na:na]
	at engine.QuizService.getSolvedQuizzes(QuizService.java:24) ~[main/:na]
	at engine.QuizController.getSolvedQuizzes(QuizController.java:131) ~[main/:na]
	at jdk.internal.reflect.GeneratedMethodAccessor121.invoke(Unknown Source) ~[na:na]
	at java.base/jdk.internal.reflect.DelegatingMethodAccessorImpl.invoke(DelegatingMethodAccessorImpl.java:43) ~[na:na]
	at java.base/java.lang.reflect.Method.invoke(Method.java:566) ~[na:na]
	at org.springframework.web.method.support.InvocableHandlerMethod.doInvoke(InvocableHandlerMethod.java:190) ~[spring-web-5.2.2.RELEASE.jar:5.2.2.RELEASE]
	at org.springframework.web.method.support.InvocableHandlerMethod.invokeForRequest(InvocableHandlerMethod.java:138) ~[spring-web-5.2.2.RELEASE.jar:5.2.2.RELEASE]
	at org.springframework.web.servlet.mvc.method.annotation.ServletInvocableHandlerMethod.invokeAndHandle(ServletInvocableHandlerMethod.java:106) ~[spring-webmvc-5.2.2.RELEASE.jar:5.2.2.RELEASE]
	at org.springframework.web.servlet.mvc.method.annotation.RequestMappingHandlerAdapter.invokeHandlerMethod(RequestMappingHandlerAdapter.java:888) ~[spring-webmvc-5.2.2.RELEASE.jar:5.2.2.RELEASE]
	at org.springframework.web.servlet.mvc.method.annotation.RequestMappingHandlerAdapter.handleInternal(RequestMappingHandlerAdapter.java:793) ~[spring-webmvc-5.2.2.RELEASE.jar:5.2.2.RELEASE]
	at org.springframework.web.servlet.mvc.method.AbstractHandlerMethodAdapter.handle(AbstractHandlerMethodAdapter.java:87) ~[spring-webmvc-5.2.2.RELEASE.jar:5.2.2.RELEASE]
	at org.springframework.web.servlet.DispatcherServlet.doDispatch(DispatcherServlet.java:1040) ~[spring-webmvc-5.2.2.RELEASE.jar:5.2.2.RELEASE]
	at org.springframework.web.servlet.DispatcherServlet.doService(DispatcherServlet.java:943) ~[spring-webmvc-5.2.2.RELEASE.jar:5.2.2.RELEASE]
	at org.springframework.web.servlet.FrameworkServlet.processRequest(FrameworkServlet.java:1006) ~[spring-webmvc-5.2.2.RELEASE.jar:5.2.2.RELEASE]
	at org.springframework.web.servlet.FrameworkServlet.doGet(FrameworkServlet.java:898) ~[spring-webmvc-5.2.2.RELEASE.jar:5.2.2.RELEASE]
	at javax.servlet.http.HttpServlet.service(HttpServlet.java:634) ~[tomcat-embed-core-9.0.29.jar:9.0.29]
	at org.springframework.web.servlet.FrameworkServlet.service(FrameworkServlet.java:883) ~[spring-webmvc-5.2.2.RELEASE.jar:5.2.2.RELEASE]
	at javax.servlet.http.HttpServlet.service(HttpServlet.java:741) ~[tomcat-embed-core-9.0.29.jar:9.0.29]
	at jdk.internal.reflect.GeneratedMethodAccessor59.invoke(Unknown Source) ~[na:na]
	at java.base/jdk.internal.reflect.DelegatingMethodAccessorImpl.invoke(DelegatingMethodAccessorImpl.java:43) ~[na:na]
	at java.base/java.lang.reflect.Method.invoke(Method.java:566) ~[na:na]
	at org.apache.catalina.security.SecurityUtil$1.run(SecurityUtil.java:282) ~[tomcat-embed-core-9.0.29.jar:9.0.29]
	at org.apache.catalina.security.SecurityUtil$1.run(SecurityUtil.java:279) ~[tomcat-embed-core-9.0.29.jar:9.0.29]
	at java.base/java.security.AccessController.doPrivileged(Native Method) ~[na:na]
	at java.base/javax.security.auth.Subject.doAsPrivileged(Subject.java:550) ~[na:na]
	at org.apache.catalina.security.SecurityUtil.execute(SecurityUtil.java:314) ~[tomcat-embed-core-9.0.29.jar:9.0.29]
	at org.apache.catalina.security.SecurityUtil.doAsPrivilege(SecurityUtil.java:170) ~[tomcat-embed-core-9.0.29.jar:9.0.29]
	at org.apache.catalina.core.ApplicationFilterChain.internalDoFilter(ApplicationFilterChain.java:225) ~[tomcat-embed-core-9.0.29.jar:9.0.29]
	at org.apache.catalina.core.ApplicationFilterChain.access$000(ApplicationFilterChain.java:47) ~[tomcat-embed-core-9.0.29.jar:9.0.29]
	at org.apache.catalina.core.ApplicationFilterChain$1.run(ApplicationFilterChain.java:149) ~[tomcat-embed-core-9.0.29.jar:9.0.29]
	at org.apache.catalina.core.ApplicationFilterChain$1.run(ApplicationFilterChain.java:145) ~[tomcat-embed-core-9.0.29.jar:9.0.29]
	at java.base/java.security.AccessController.doPrivileged(Native Method) ~[na:na]
	at org.apache.catalina.core.ApplicationFilterChain.doFilter(ApplicationFilterChain.java:144) ~[tomcat-embed-core-9.0.29.jar:9.0.29]
	at org.apache.tomcat.websocket.server.WsFilter.doFilter(WsFilter.java:53) ~[tomcat-embed-websocket-9.0.29.jar:9.0.29]
	at jdk.internal.reflect.GeneratedMethodAccessor55.invoke(Unknown Source) ~[na:na]
	at java.base/jdk.internal.reflect.DelegatingMethodAccessorImpl.invoke(DelegatingMethodAccessorImpl.java:43) ~[na:na]
	at java.base/java.lang.reflect.Method.invoke(Method.java:566) ~[na:na]
	at org.apache.catalina.security.SecurityUtil$1.run(SecurityUtil.java:282) ~[tomcat-embed-core-9.0.29.jar:9.0.29]
	at org.apache.catalina.security.SecurityUtil$1.run(SecurityUtil.java:279) ~[tomcat-embed-core-9.0.29.jar:9.0.29]
	at java.base/java.security.AccessController.doPrivileged(Native Method) ~[na:na]
	at java.base/javax.security.auth.Subject.doAsPrivileged(Subject.java:550) ~[na:na]
	at org.apache.catalina.security.SecurityUtil.execute(SecurityUtil.java:314) ~[tomcat-embed-core-9.0.29.jar:9.0.29]
	at org.apache.catalina.security.SecurityUtil.doAsPrivilege(SecurityUtil.java:253) ~[tomcat-embed-core-9.0.29.jar:9.0.29]
	at org.apache.catalina.core.ApplicationFilterChain.internalDoFilter(ApplicationFilterChain.java:191) ~[tomcat-embed-core-9.0.29.jar:9.0.29]
	at org.apache.catalina.core.ApplicationFilterChain.access$000(ApplicationFilterChain.java:47) ~[tomcat-embed-core-9.0.29.jar:9.0.29]
	at org.apache.catalina.core.ApplicationFilterChain$1.run(ApplicationFilterChain.java:149) ~[tomcat-embed-core-9.0.29.jar:9.0.29]
	at org.apache.catalina.core.ApplicationFilterChain$1.run(ApplicationFilterChain.java:145) ~[tomcat-embed-core-9.0.29.jar:9.0.29]
	at java.base/java.security.AccessController.doPrivileged(Native Method) ~[na:na]
	at org.apache.catalina.core.ApplicationFilterChain.doFilter(ApplicationFilterChain.java:144) ~[tomcat-embed-core-9.0.29.jar:9.0.29]
	at org.springframework.security.web.FilterChainProxy$VirtualFilterChain.doFilter(FilterChainProxy.java:320) ~[spring-security-web-5.2.1.RELEASE.jar:5.2.1.RELEASE]
	at org.springframework.security.web.access.intercept.FilterSecurityInterceptor.invoke(FilterSecurityInterceptor.java:126) ~[spring-security-web-5.2.1.RELEASE.jar:5.2.1.RELEASE]
	at org.springframework.security.web.access.intercept.FilterSecurityInterceptor.doFilter(FilterSecurityInterceptor.java:90) ~[spring-security-web-5.2.1.RELEASE.jar:5.2.1.RELEASE]
	at org.springframework.security.web.FilterChainProxy$VirtualFilterChain.doFilter(FilterChainProxy.java:334) ~[spring-security-web-5.2.1.RELEASE.jar:5.2.1.RELEASE]
	at org.springframework.security.web.access.ExceptionTranslationFilter.doFilter(ExceptionTranslationFilter.java:118) ~[spring-security-web-5.2.1.RELEASE.jar:5.2.1.RELEASE]
	at org.springframework.security.web.FilterChainProxy$VirtualFilterChain.doFilter(FilterChainProxy.java:334) ~[spring-security-web-5.2.1.RELEASE.jar:5.2.1.RELEASE]
	at org.springframework.security.web.authentication.AnonymousAuthenticationFilter.doFilter(AnonymousAuthenticationFilter.java:111) ~[spring-security-web-5.2.1.RELEASE.jar:5.2.1.RELEASE]
	at org.springframework.security.web.FilterChainProxy$VirtualFilterChain.doFilter(FilterChainProxy.java:334) ~[spring-security-web-5.2.1.RELEASE.jar:5.2.1.RELEASE]
	at org.springframework.security.web.servletapi.SecurityContextHolderAwareRequestFilter.doFilter(SecurityContextHolderAwareRequestFilter.java:158) ~[spring-security-web-5.2.1.RELEASE.jar:5.2.1.RELEASE]
	at org.springframework.security.web.FilterChainProxy$VirtualFilterChain.doFilter(FilterChainProxy.java:334) ~[spring-security-web-5.2.1.RELEASE.jar:5.2.1.RELEASE]
	at org.springframework.security.web.savedrequest.RequestCacheAwareFilter.doFilter(RequestCacheAwareFilter.java:63) ~[spring-security-web-5.2.1.RELEASE.jar:5.2.1.RELEASE]
	at org.springframework.security.web.FilterChainProxy$VirtualFilterChain.doFilter(FilterChainProxy.java:334) ~[spring-security-web-5.2.1.RELEASE.jar:5.2.1.RELEASE]
	at org.springframework.security.web.authentication.www.BasicAuthenticationFilter.doFilterInternal(BasicAuthenticationFilter.java:203) ~[spring-security-web-5.2.1.RELEASE.jar:5.2.1.RELEASE]
	at org.springframework.web.filter.OncePerRequestFilter.doFilter(OncePerRequestFilter.java:119) ~[spring-web-5.2.2.RELEASE.jar:5.2.2.RELEASE]
	at org.springframework.security.web.FilterChainProxy$VirtualFilterChain.doFilter(FilterChainProxy.java:334) ~[spring-security-web-5.2.1.RELEASE.jar:5.2.1.RELEASE]
	at org.springframework.security.web.authentication.logout.LogoutFilter.doFilter(LogoutFilter.java:116) ~[spring-security-web-5.2.1.RELEASE.jar:5.2.1.RELEASE]
	at org.springframework.security.web.FilterChainProxy$VirtualFilterChain.doFilter(FilterChainProxy.java:334) ~[spring-security-web-5.2.1.RELEASE.jar:5.2.1.RELEASE]
	at org.springframework.security.web.header.HeaderWriterFilter.doHeadersAfter(HeaderWriterFilter.java:92) ~[spring-security-web-5.2.1.RELEASE.jar:5.2.1.RELEASE]
	at org.springframework.security.web.header.HeaderWriterFilter.doFilterInternal(HeaderWriterFilter.java:77) ~[spring-security-web-5.2.1.RELEASE.jar:5.2.1.RELEASE]
	at org.springframework.web.filter.OncePerRequestFilter.doFilter(OncePerRequestFilter.java:119) ~[spring-web-5.2.2.RELEASE.jar:5.2.2.RELEASE]
	at org.springframework.security.web.FilterChainProxy$VirtualFilterChain.doFilter(FilterChainProxy.java:334) ~[spring-security-web-5.2.1.RELEASE.jar:5.2.1.RELEASE]
	at org.springframework.security.web.context.SecurityContextPersistenceFilter.doFilter(SecurityContextPersistenceFilter.java:105) ~[spring-security-web-5.2.1.RELEASE.jar:5.2.1.RELEASE]
	at org.springframework.security.web.FilterChainProxy$VirtualFilterChain.doFilter(FilterChainProxy.java:334) ~[spring-security-web-5.2.1.RELEASE.jar:5.2.1.RELEASE]
	at org.springframework.security.web.context.request.async.WebAsyncManagerIntegrationFilter.doFilterInternal(WebAsyncManagerIntegrationFilter.java:56) ~[spring-security-web-5.2.1.RELEASE.jar:5.2.1.RELEASE]
	at org.springframework.web.filter.OncePerRequestFilter.doFilter(OncePerRequestFilter.java:119) ~[spring-web-5.2.2.RELEASE.jar:5.2.2.RELEASE]
	at org.springframework.security.web.FilterChainProxy$VirtualFilterChain.doFilter(FilterChainProxy.java:334) ~[spring-security-web-5.2.1.RELEASE.jar:5.2.1.RELEASE]
	at org.springframework.security.web.FilterChainProxy.doFilterInternal(FilterChainProxy.java:215) ~[spring-security-web-5.2.1.RELEASE.jar:5.2.1.RELEASE]
	at org.springframework.security.web.FilterChainProxy.doFilter(FilterChainProxy.java:178) ~[spring-security-web-5.2.1.RELEASE.jar:5.2.1.RELEASE]
	at org.springframework.web.filter.DelegatingFilterProxy.invokeDelegate(DelegatingFilterProxy.java:358) ~[spring-web-5.2.2.RELEASE.jar:5.2.2.RELEASE]
	at org.springframework.web.filter.DelegatingFilterProxy.doFilter(DelegatingFilterProxy.java:271) ~[spring-web-5.2.2.RELEASE.jar:5.2.2.RELEASE]
	at jdk.internal.reflect.GeneratedMethodAccessor55.invoke(Unknown Source) ~[na:na]
	at java.base/jdk.internal.reflect.DelegatingMethodAccessorImpl.invoke(DelegatingMethodAccessorImpl.java:43) ~[na:na]
	at java.base/java.lang.reflect.Method.invoke(Method.java:566) ~[na:na]
	at org.apache.catalina.security.SecurityUtil$1.run(SecurityUtil.java:282) ~[tomcat-embed-core-9.0.29.jar:9.0.29]
	at org.apache.catalina.security.SecurityUtil$1.run(SecurityUtil.java:279) ~[tomcat-embed-core-9.0.29.jar:9.0.29]
	at java.base/java.security.AccessController.doPrivileged(Native Method) ~[na:na]
	at java.base/javax.security.auth.Subject.doAsPrivileged(Subject.java:550) ~[na:na]
	at org.apache.catalina.security.SecurityUtil.execute(SecurityUtil.java:314) ~[tomcat-embed-core-9.0.29.jar:9.0.29]
	at org.apache.catalina.security.SecurityUtil.doAsPrivilege(SecurityUtil.java:253) ~[tomcat-embed-core-9.0.29.jar:9.0.29]
	at org.apache.catalina.core.ApplicationFilterChain.internalDoFilter(ApplicationFilterChain.java:191) ~[tomcat-embed-core-9.0.29.jar:9.0.29]
	at org.apache.catalina.core.ApplicationFilterChain.access$000(ApplicationFilterChain.java:47) ~[tomcat-embed-core-9.0.29.jar:9.0.29]
	at org.apache.catalina.core.ApplicationFilterChain$1.run(ApplicationFilterChain.java:149) ~[tomcat-embed-core-9.0.29.jar:9.0.29]
	at org.apache.catalina.core.ApplicationFilterChain$1.run(ApplicationFilterChain.java:145) ~[tomcat-embed-core-9.0.29.jar:9.0.29]
	at java.base/java.security.AccessController.doPrivileged(Native Method) ~[na:na]
	at org.apache.catalina.core.ApplicationFilterChain.doFilter(ApplicationFilterChain.java:144) ~[tomcat-embed-core-9.0.29.jar:9.0.29]
	at org.springframework.web.filter.RequestContextFilter.doFilterInternal(RequestContextFilter.java:100) ~[spring-web-5.2.2.RELEASE.jar:5.2.2.RELEASE]
	at org.springframework.web.filter.OncePerRequestFilter.doFilter(OncePerRequestFilter.java:119) ~[spring-web-5.2.2.RELEASE.jar:5.2.2.RELEASE]
	at jdk.internal.reflect.GeneratedMethodAccessor55.invoke(Unknown Source) ~[na:na]
	at java.base/jdk.internal.reflect.DelegatingMethodAccessorImpl.invoke(DelegatingMethodAccessorImpl.java:43) ~[na:na]
	at java.base/java.lang.reflect.Method.invoke(Method.java:566) ~[na:na]
	at org.apache.catalina.security.SecurityUtil$1.run(SecurityUtil.java:282) ~[tomcat-embed-core-9.0.29.jar:9.0.29]
	at org.apache.catalina.security.SecurityUtil$1.run(SecurityUtil.java:279) ~[tomcat-embed-core-9.0.29.jar:9.0.29]
	at java.base/java.security.AccessController.doPrivileged(Native Method) ~[na:na]
	at java.base/javax.security.auth.Subject.doAsPrivileged(Subject.java:550) ~[na:na]
	at org.apache.catalina.security.SecurityUtil.execute(SecurityUtil.java:314) ~[tomcat-embed-core-9.0.29.jar:9.0.29]
	at org.apache.catalina.security.SecurityUtil.doAsPrivilege(SecurityUtil.java:253) ~[tomcat-embed-core-9.0.29.jar:9.0.29]
	at org.apache.catalina.core.ApplicationFilterChain.internalDoFilter(ApplicationFilterChain.java:191) ~[tomcat-embed-core-9.0.29.jar:9.0.29]
	at org.apache.catalina.core.ApplicationFilterChain.access$000(ApplicationFilterChain.java:47) ~[tomcat-embed-core-9.0.29.jar:9.0.29]
	at org.apache.catalina.core.ApplicationFilterChain$1.run(ApplicationFilterChain.java:149) ~[tomcat-embed-core-9.0.29.jar:9.0.29]
	at org.apache.catalina.core.ApplicationFilterChain$1.run(ApplicationFilterChain.java:145) ~[tomcat-embed-core-9.0.29.jar:9.0.29]
	at java.base/java.security.AccessController.doPrivileged(Native Method) ~[na:na]
	at org.apache.catalina.core.ApplicationFilterChain.doFilter(ApplicationFilterChain.java:144) ~[tomcat-embed-core-9.0.29.jar:9.0.29]
	at org.springframework.web.filter.FormContentFilter.doFilterInternal(FormContentFilter.java:93) ~[spring-web-5.2.2.RELEASE.jar:5.2.2.RELEASE]
	at org.springframework.web.filter.OncePerRequestFilter.doFilter(OncePerRequestFilter.java:119) ~[spring-web-5.2.2.RELEASE.jar:5.2.2.RELEASE]
	at jdk.internal.reflect.GeneratedMethodAccessor55.invoke(Unknown Source) ~[na:na]
	at java.base/jdk.internal.reflect.DelegatingMethodAccessorImpl.invoke(DelegatingMethodAccessorImpl.java:43) ~[na:na]
	at java.base/java.lang.reflect.Method.invoke(Method.java:566) ~[na:na]
	at org.apache.catalina.security.SecurityUtil$1.run(SecurityUtil.java:282) ~[tomcat-embed-core-9.0.29.jar:9.0.29]
	at org.apache.catalina.security.SecurityUtil$1.run(SecurityUtil.java:279) ~[tomcat-embed-core-9.0.29.jar:9.0.29]
	at java.base/java.security.AccessController.doPrivileged(Native Method) ~[na:na]
	at java.base/javax.security.auth.Subject.doAsPrivileged(Subject.java:550) ~[na:na]
	at org.apache.catalina.security.SecurityUtil.execute(SecurityUtil.java:314) ~[tomcat-embed-core-9.0.29.jar:9.0.29]
	at org.apache.catalina.security.SecurityUtil.doAsPrivilege(SecurityUtil.java:253) ~[tomcat-embed-core-9.0.29.jar:9.0.29]
	at org.apache.catalina.core.ApplicationFilterChain.internalDoFilter(ApplicationFilterChain.java:191) ~[tomcat-embed-core-9.0.29.jar:9.0.29]
	at org.apache.catalina.core.ApplicationFilterChain.access$000(ApplicationFilterChain.java:47) ~[tomcat-embed-core-9.0.29.jar:9.0.29]
	at org.apache.catalina.core.ApplicationFilterChain$1.run(ApplicationFilterChain.java:149) ~[tomcat-embed-core-9.0.29.jar:9.0.29]
	at org.apache.catalina.core.ApplicationFilterChain$1.run(ApplicationFilterChain.java:145) ~[tomcat-embed-core-9.0.29.jar:9.0.29]
	at java.base/java.security.AccessController.doPrivileged(Native Method) ~[na:na]
	at org.apache.catalina.core.ApplicationFilterChain.doFilter(ApplicationFilterChain.java:144) ~[tomcat-embed-core-9.0.29.jar:9.0.29]
	at org.springframework.boot.actuate.metrics.web.servlet.WebMvcMetricsFilter.doFilterInternal(WebMvcMetricsFilter.java:108) ~[spring-boot-actuator-2.2.2.RELEASE.jar:2.2.2.RELEASE]
	at org.springframework.web.filter.OncePerRequestFilter.doFilter(OncePerRequestFilter.java:119) ~[spring-web-5.2.2.RELEASE.jar:5.2.2.RELEASE]
	at jdk.internal.reflect.GeneratedMethodAccessor55.invoke(Unknown Source) ~[na:na]
	at java.base/jdk.internal.reflect.DelegatingMethodAccessorImpl.invoke(DelegatingMethodAccessorImpl.java:43) ~[na:na]
	at java.base/java.lang.reflect.Method.invoke(Method.java:566) ~[na:na]
	at org.apache.catalina.security.SecurityUtil$1.run(SecurityUtil.java:282) ~[tomcat-embed-core-9.0.29.jar:9.0.29]
	at org.apache.catalina.security.SecurityUtil$1.run(SecurityUtil.java:279) ~[tomcat-embed-core-9.0.29.jar:9.0.29]
	at java.base/java.security.AccessController.doPrivileged(Native Method) ~[na:na]
	at java.base/javax.security.auth.Subject.doAsPrivileged(Subject.java:550) ~[na:na]
	at org.apache.catalina.security.SecurityUtil.execute(SecurityUtil.java:314) ~[tomcat-embed-core-9.0.29.jar:9.0.29]
	at org.apache.catalina.security.SecurityUtil.doAsPrivilege(SecurityUtil.java:253) ~[tomcat-embed-core-9.0.29.jar:9.0.29]
	at org.apache.catalina.core.ApplicationFilterChain.internalDoFilter(ApplicationFilterChain.java:191) ~[tomcat-embed-core-9.0.29.jar:9.0.29]
	at org.apache.catalina.core.ApplicationFilterChain.access$000(ApplicationFilterChain.java:47) ~[tomcat-embed-core-9.0.29.jar:9.0.29]
	at org.apache.catalina.core.ApplicationFilterChain$1.run(ApplicationFilterChain.java:149) ~[tomcat-embed-core-9.0.29.jar:9.0.29]
	at org.apache.catalina.core.ApplicationFilterChain$1.run(ApplicationFilterChain.java:145) ~[tomcat-embed-core-9.0.29.jar:9.0.29]
	at java.base/java.security.AccessController.doPrivileged(Native Method) ~[na:na]
	at org.apache.catalina.core.ApplicationFilterChain.doFilter(ApplicationFilterChain.java:144) ~[tomcat-embed-core-9.0.29.jar:9.0.29]
	at org.springframework.web.filter.CharacterEncodingFilter.doFilterInternal(CharacterEncodingFilter.java:201) ~[spring-web-5.2.2.RELEASE.jar:5.2.2.RELEASE]
	at org.springframework.web.filter.OncePerRequestFilter.doFilter(OncePerRequestFilter.java:119) ~[spring-web-5.2.2.RELEASE.jar:5.2.2.RELEASE]
	at jdk.internal.reflect.GeneratedMethodAccessor55.invoke(Unknown Source) ~[na:na]
	at java.base/jdk.internal.reflect.DelegatingMethodAccessorImpl.invoke(DelegatingMethodAccessorImpl.java:43) ~[na:na]
	at java.base/java.lang.reflect.Method.invoke(Method.java:566) ~[na:na]
	at org.apache.catalina.security.SecurityUtil$1.run(SecurityUtil.java:282) ~[tomcat-embed-core-9.0.29.jar:9.0.29]
	at org.apache.catalina.security.SecurityUtil$1.run(SecurityUtil.java:279) ~[tomcat-embed-core-9.0.29.jar:9.0.29]
	at java.base/java.security.AccessController.doPrivileged(Native Method) ~[na:na]
	at java.base/javax.security.auth.Subject.doAsPrivileged(Subject.java:550) ~[na:na]
	at org.apache.catalina.security.SecurityUtil.execute(SecurityUtil.java:314) ~[tomcat-embed-core-9.0.29.jar:9.0.29]
	at org.apache.catalina.security.SecurityUtil.doAsPrivilege(SecurityUtil.java:253) ~[tomcat-embed-core-9.0.29.jar:9.0.29]
	at org.apache.catalina.core.ApplicationFilterChain.internalDoFilter(ApplicationFilterChain.java:191) ~[tomcat-embed-core-9.0.29.jar:9.0.29]
	at org.apache.catalina.core.ApplicationFilterChain.access$000(ApplicationFilterChain.java:47) ~[tomcat-embed-core-9.0.29.jar:9.0.29]
	at org.apache.catalina.core.ApplicationFilterChain$1.run(ApplicationFilterChain.java:149) ~[tomcat-embed-core-9.0.29.jar:9.0.29]
	at org.apache.catalina.core.ApplicationFilterChain$1.run(ApplicationFilterChain.java:145) ~[tomcat-embed-core-9.0.29.jar:9.0.29]
	at java.base/java.security.AccessController.doPrivileged(Native Method) ~[na:na]
	at org.apache.catalina.core.ApplicationFilterChain.doFilter(ApplicationFilterChain.java:144) ~[tomcat-embed-core-9.0.29.jar:9.0.29]
	at org.apache.catalina.core.StandardWrapperValve.invoke(StandardWrapperValve.java:202) ~[tomcat-embed-core-9.0.29.jar:9.0.29]
	at org.apache.catalina.core.StandardContextValve.invoke(StandardContextValve.java:96) ~[tomcat-embed-core-9.0.29.jar:9.0.29]
	at org.apache.catalina.authenticator.AuthenticatorBase.invoke(AuthenticatorBase.java:526) ~[tomcat-embed-core-9.0.29.jar:9.0.29]
	at org.apache.catalina.core.StandardHostValve.invoke(StandardHostValve.java:139) ~[tomcat-embed-core-9.0.29.jar:9.0.29]
	at org.apache.catalina.valves.ErrorReportValve.invoke(ErrorReportValve.java:92) ~[tomcat-embed-core-9.0.29.jar:9.0.29]
	at org.apache.catalina.core.StandardEngineValve.invoke(StandardEngineValve.java:74) ~[tomcat-embed-core-9.0.29.jar:9.0.29]
	at org.apache.catalina.connector.CoyoteAdapter.service(CoyoteAdapter.java:343) ~[tomcat-embed-core-9.0.29.jar:9.0.29]
	at org.apache.coyote.http11.Http11Processor.service(Http11Processor.java:367) ~[tomcat-embed-core-9.0.29.jar:9.0.29]
	at org.apache.coyote.AbstractProcessorLight.process(AbstractProcessorLight.java:65) ~[tomcat-embed-core-9.0.29.jar:9.0.29]
	at org.apache.coyote.AbstractProtocol$ConnectionHandler.process(AbstractProtocol.java:860) ~[tomcat-embed-core-9.0.29.jar:9.0.29]
	at org.apache.tomcat.util.net.NioEndpoint$SocketProcessor.doRun(NioEndpoint.java:1591) ~[tomcat-embed-core-9.0.29.jar:9.0.29]
	at org.apache.tomcat.util.net.SocketProcessorBase.run(SocketProcessorBase.java:49) ~[tomcat-embed-core-9.0.29.jar:9.0.29]
	at java.base/java.util.concurrent.ThreadPoolExecutor.runWorker(ThreadPoolExecutor.java:1128) ~[na:na]
	at java.base/java.util.concurrent.ThreadPoolExecutor$Worker.run(ThreadPoolExecutor.java:628) ~[na:na]
	at org.apache.tomcat.util.threads.TaskThread$WrappingRunnable.run(TaskThread.java:61) ~[tomcat-embed-core-9.0.29.jar:9.0.29]
	at java.base/java.lang.Thread.run(Thread.java:834) ~[na:na]

Hibernate: SELECT count(*) FROM solved_quizzes
?[1;31m
Start test 187?[0m
Hibernate: select user0_.id as id1_3_, user0_.email as email2_3_, user0_.password as password3_3_ from users user0_ where user0_.email=?
Hibernate: select roles0_.user_id as user_id1_4_0_, roles0_.roles_id as roles_id2_4_0_, role1_.id as id1_1_1_, role1_.name as name2_1_1_ from users_roles roles0_ inner join roles role1_ on roles0_.roles_id=role1_.id where roles0_.user_id=?
Hibernate: SELECT * FROM solved_quizzes WHERE user = ? ORDER BY completed_at DESC limit ?
2021-05-11 22:56:02.657  INFO 2142 --- [nio-8889-exec-9] j.r.q.QueryParameterSetter$ErrorHandling : Silently ignoring

java.lang.IllegalArgumentException: Could not locate ordinal parameter [1], expecting one of []
	at org.hibernate.query.internal.ParameterMetadataImpl.getOrdinalParameterDescriptor(ParameterMetadataImpl.java:154) ~[hibernate-core-5.4.9.Final.jar:5.4.9.Final]
	at org.hibernate.query.internal.ParameterMetadataImpl.getQueryParameter(ParameterMetadataImpl.java:204) ~[hibernate-core-5.4.9.Final.jar:5.4.9.Final]
	at org.hibernate.query.internal.QueryParameterBindingsImpl.getBinding(QueryParameterBindingsImpl.java:182) ~[hibernate-core-5.4.9.Final.jar:5.4.9.Final]
	at org.hibernate.query.internal.AbstractProducedQuery.setParameter(AbstractProducedQuery.java:507) ~[hibernate-core-5.4.9.Final.jar:5.4.9.Final]
	at org.hibernate.query.internal.NativeQueryImpl.setParameter(NativeQueryImpl.java:613) ~[hibernate-core-5.4.9.Final.jar:5.4.9.Final]
	at org.hibernate.query.internal.NativeQueryImpl.setParameter(NativeQueryImpl.java:62) ~[hibernate-core-5.4.9.Final.jar:5.4.9.Final]
	at org.springframework.data.jpa.repository.query.QueryParameterSetter$BindableQuery.setParameter(QueryParameterSetter.java:335) ~[spring-data-jpa-2.2.3.RELEASE.jar:2.2.3.RELEASE]
	at org.springframework.data.jpa.repository.query.QueryParameterSetter$NamedOrIndexedQueryParameterSetter.lambda$setParameter$5(QueryParameterSetter.java:128) ~[spring-data-jpa-2.2.3.RELEASE.jar:2.2.3.RELEASE]
	at org.springframework.data.jpa.repository.query.QueryParameterSetter$ErrorHandling$2.execute(QueryParameterSetter.java:151) ~[spring-data-jpa-2.2.3.RELEASE.jar:2.2.3.RELEASE]
	at org.springframework.data.jpa.repository.query.QueryParameterSetter$NamedOrIndexedQueryParameterSetter.setParameter(QueryParameterSetter.java:128) ~[spring-data-jpa-2.2.3.RELEASE.jar:2.2.3.RELEASE]
	at org.springframework.data.jpa.repository.query.ParameterBinder.bind(ParameterBinder.java:82) ~[spring-data-jpa-2.2.3.RELEASE.jar:2.2.3.RELEASE]
	at org.springframework.data.jpa.repository.query.AbstractStringBasedJpaQuery.doCreateCountQuery(AbstractStringBasedJpaQuery.java:122) ~[spring-data-jpa-2.2.3.RELEASE.jar:2.2.3.RELEASE]
	at org.springframework.data.jpa.repository.query.AbstractJpaQuery.createCountQuery(AbstractJpaQuery.java:254) ~[spring-data-jpa-2.2.3.RELEASE.jar:2.2.3.RELEASE]
	at org.springframework.data.jpa.repository.query.JpaQueryExecution$PagedExecution.count(JpaQueryExecution.java:183) ~[spring-data-jpa-2.2.3.RELEASE.jar:2.2.3.RELEASE]
	at org.springframework.data.jpa.repository.query.JpaQueryExecution$PagedExecution.lambda$doExecute$0(JpaQueryExecution.java:178) ~[spring-data-jpa-2.2.3.RELEASE.jar:2.2.3.RELEASE]
	at org.springframework.data.repository.support.PageableExecutionUtils.getPage(PageableExecutionUtils.java:62) ~[spring-data-commons-2.2.3.RELEASE.jar:2.2.3.RELEASE]
	at org.springframework.data.jpa.repository.query.JpaQueryExecution$PagedExecution.doExecute(JpaQueryExecution.java:177) ~[spring-data-jpa-2.2.3.RELEASE.jar:2.2.3.RELEASE]
	at org.springframework.data.jpa.repository.query.JpaQueryExecution.execute(JpaQueryExecution.java:88) ~[spring-data-jpa-2.2.3.RELEASE.jar:2.2.3.RELEASE]
	at org.springframework.data.jpa.repository.query.AbstractJpaQuery.doExecute(AbstractJpaQuery.java:154) ~[spring-data-jpa-2.2.3.RELEASE.jar:2.2.3.RELEASE]
	at org.springframework.data.jpa.repository.query.AbstractJpaQuery.execute(AbstractJpaQuery.java:142) ~[spring-data-jpa-2.2.3.RELEASE.jar:2.2.3.RELEASE]
	at org.springframework.data.repository.core.support.RepositoryFactorySupport$QueryExecutorMethodInterceptor.doInvoke(RepositoryFactorySupport.java:618) ~[spring-data-commons-2.2.3.RELEASE.jar:2.2.3.RELEASE]
	at org.springframework.data.repository.core.support.RepositoryFactorySupport$QueryExecutorMethodInterceptor.invoke(RepositoryFactorySupport.java:605) ~[spring-data-commons-2.2.3.RELEASE.jar:2.2.3.RELEASE]
	at org.springframework.aop.framework.ReflectiveMethodInvocation.proceed(ReflectiveMethodInvocation.java:186) ~[spring-aop-5.2.2.RELEASE.jar:5.2.2.RELEASE]
	at org.springframework.transaction.interceptor.TransactionAspectSupport.invokeWithinTransaction(TransactionAspectSupport.java:366) ~[spring-tx-5.2.2.RELEASE.jar:5.2.2.RELEASE]
	at org.springframework.transaction.interceptor.TransactionInterceptor.invoke(TransactionInterceptor.java:99) ~[spring-tx-5.2.2.RELEASE.jar:5.2.2.RELEASE]
	at org.springframework.aop.framework.ReflectiveMethodInvocation.proceed(ReflectiveMethodInvocation.java:186) ~[spring-aop-5.2.2.RELEASE.jar:5.2.2.RELEASE]
	at org.springframework.dao.support.PersistenceExceptionTranslationInterceptor.invoke(PersistenceExceptionTranslationInterceptor.java:139) ~[spring-tx-5.2.2.RELEASE.jar:5.2.2.RELEASE]
	at org.springframework.aop.framework.ReflectiveMethodInvocation.proceed(ReflectiveMethodInvocation.java:186) ~[spring-aop-5.2.2.RELEASE.jar:5.2.2.RELEASE]
	at org.springframework.data.jpa.repository.support.CrudMethodMetadataPostProcessor$CrudMethodMetadataPopulatingMethodInterceptor.invoke(CrudMethodMetadataPostProcessor.java:149) ~[spring-data-jpa-2.2.3.RELEASE.jar:2.2.3.RELEASE]
	at org.springframework.aop.framework.ReflectiveMethodInvocation.proceed(ReflectiveMethodInvocation.java:186) ~[spring-aop-5.2.2.RELEASE.jar:5.2.2.RELEASE]
	at org.springframework.aop.interceptor.ExposeInvocationInterceptor.invoke(ExposeInvocationInterceptor.java:93) ~[spring-aop-5.2.2.RELEASE.jar:5.2.2.RELEASE]
	at org.springframework.aop.framework.ReflectiveMethodInvocation.proceed(ReflectiveMethodInvocation.java:186) ~[spring-aop-5.2.2.RELEASE.jar:5.2.2.RELEASE]
	at org.springframework.aop.framework.JdkDynamicAopProxy.invoke(JdkDynamicAopProxy.java:212) ~[spring-aop-5.2.2.RELEASE.jar:5.2.2.RELEASE]
	at com.sun.proxy.$Proxy137.findSolvedQuizzesByUser(Unknown Source) ~[na:na]
	at engine.QuizService.getSolvedQuizzes(QuizService.java:24) ~[main/:na]
	at engine.QuizController.getSolvedQuizzes(QuizController.java:131) ~[main/:na]
	at jdk.internal.reflect.GeneratedMethodAccessor121.invoke(Unknown Source) ~[na:na]
	at java.base/jdk.internal.reflect.DelegatingMethodAccessorImpl.invoke(DelegatingMethodAccessorImpl.java:43) ~[na:na]
	at java.base/java.lang.reflect.Method.invoke(Method.java:566) ~[na:na]
	at org.springframework.web.method.support.InvocableHandlerMethod.doInvoke(InvocableHandlerMethod.java:190) ~[spring-web-5.2.2.RELEASE.jar:5.2.2.RELEASE]
	at org.springframework.web.method.support.InvocableHandlerMethod.invokeForRequest(InvocableHandlerMethod.java:138) ~[spring-web-5.2.2.RELEASE.jar:5.2.2.RELEASE]
	at org.springframework.web.servlet.mvc.method.annotation.ServletInvocableHandlerMethod.invokeAndHandle(ServletInvocableHandlerMethod.java:106) ~[spring-webmvc-5.2.2.RELEASE.jar:5.2.2.RELEASE]
	at org.springframework.web.servlet.mvc.method.annotation.RequestMappingHandlerAdapter.invokeHandlerMethod(RequestMappingHandlerAdapter.java:888) ~[spring-webmvc-5.2.2.RELEASE.jar:5.2.2.RELEASE]
	at org.springframework.web.servlet.mvc.method.annotation.RequestMappingHandlerAdapter.handleInternal(RequestMappingHandlerAdapter.java:793) ~[spring-webmvc-5.2.2.RELEASE.jar:5.2.2.RELEASE]
	at org.springframework.web.servlet.mvc.method.AbstractHandlerMethodAdapter.handle(AbstractHandlerMethodAdapter.java:87) ~[spring-webmvc-5.2.2.RELEASE.jar:5.2.2.RELEASE]
	at org.springframework.web.servlet.DispatcherServlet.doDispatch(DispatcherServlet.java:1040) ~[spring-webmvc-5.2.2.RELEASE.jar:5.2.2.RELEASE]
	at org.springframework.web.servlet.DispatcherServlet.doService(DispatcherServlet.java:943) ~[spring-webmvc-5.2.2.RELEASE.jar:5.2.2.RELEASE]
	at org.springframework.web.servlet.FrameworkServlet.processRequest(FrameworkServlet.java:1006) ~[spring-webmvc-5.2.2.RELEASE.jar:5.2.2.RELEASE]
	at org.springframework.web.servlet.FrameworkServlet.doGet(FrameworkServlet.java:898) ~[spring-webmvc-5.2.2.RELEASE.jar:5.2.2.RELEASE]
	at javax.servlet.http.HttpServlet.service(HttpServlet.java:634) ~[tomcat-embed-core-9.0.29.jar:9.0.29]
	at org.springframework.web.servlet.FrameworkServlet.service(FrameworkServlet.java:883) ~[spring-webmvc-5.2.2.RELEASE.jar:5.2.2.RELEASE]
	at javax.servlet.http.HttpServlet.service(HttpServlet.java:741) ~[tomcat-embed-core-9.0.29.jar:9.0.29]
	at jdk.internal.reflect.GeneratedMethodAccessor59.invoke(Unknown Source) ~[na:na]
	at java.base/jdk.internal.reflect.DelegatingMethodAccessorImpl.invoke(DelegatingMethodAccessorImpl.java:43) ~[na:na]
	at java.base/java.lang.reflect.Method.invoke(Method.java:566) ~[na:na]
	at org.apache.catalina.security.SecurityUtil$1.run(SecurityUtil.java:282) ~[tomcat-embed-core-9.0.29.jar:9.0.29]
	at org.apache.catalina.security.SecurityUtil$1.run(SecurityUtil.java:279) ~[tomcat-embed-core-9.0.29.jar:9.0.29]
	at java.base/java.security.AccessController.doPrivileged(Native Method) ~[na:na]
	at java.base/javax.security.auth.Subject.doAsPrivileged(Subject.java:550) ~[na:na]
	at org.apache.catalina.security.SecurityUtil.execute(SecurityUtil.java:314) ~[tomcat-embed-core-9.0.29.jar:9.0.29]
	at org.apache.catalina.security.SecurityUtil.doAsPrivilege(SecurityUtil.java:170) ~[tomcat-embed-core-9.0.29.jar:9.0.29]
	at org.apache.catalina.core.ApplicationFilterChain.internalDoFilter(ApplicationFilterChain.java:225) ~[tomcat-embed-core-9.0.29.jar:9.0.29]
	at org.apache.catalina.core.ApplicationFilterChain.access$000(ApplicationFilterChain.java:47) ~[tomcat-embed-core-9.0.29.jar:9.0.29]
	at org.apache.catalina.core.ApplicationFilterChain$1.run(ApplicationFilterChain.java:149) ~[tomcat-embed-core-9.0.29.jar:9.0.29]
	at org.apache.catalina.core.ApplicationFilterChain$1.run(ApplicationFilterChain.java:145) ~[tomcat-embed-core-9.0.29.jar:9.0.29]
	at java.base/java.security.AccessController.doPrivileged(Native Method) ~[na:na]
	at org.apache.catalina.core.ApplicationFilterChain.doFilter(ApplicationFilterChain.java:144) ~[tomcat-embed-core-9.0.29.jar:9.0.29]
	at org.apache.tomcat.websocket.server.WsFilter.doFilter(WsFilter.java:53) ~[tomcat-embed-websocket-9.0.29.jar:9.0.29]
	at jdk.internal.reflect.GeneratedMethodAccessor55.invoke(Unknown Source) ~[na:na]
	at java.base/jdk.internal.reflect.DelegatingMethodAccessorImpl.invoke(DelegatingMethodAccessorImpl.java:43) ~[na:na]
	at java.base/java.lang.reflect.Method.invoke(Method.java:566) ~[na:na]
	at org.apache.catalina.security.SecurityUtil$1.run(SecurityUtil.java:282) ~[tomcat-embed-core-9.0.29.jar:9.0.29]
	at org.apache.catalina.security.SecurityUtil$1.run(SecurityUtil.java:279) ~[tomcat-embed-core-9.0.29.jar:9.0.29]
	at java.base/java.security.AccessController.doPrivileged(Native Method) ~[na:na]
	at java.base/javax.security.auth.Subject.doAsPrivileged(Subject.java:550) ~[na:na]
	at org.apache.catalina.security.SecurityUtil.execute(SecurityUtil.java:314) ~[tomcat-embed-core-9.0.29.jar:9.0.29]
	at org.apache.catalina.security.SecurityUtil.doAsPrivilege(SecurityUtil.java:253) ~[tomcat-embed-core-9.0.29.jar:9.0.29]
	at org.apache.catalina.core.ApplicationFilterChain.internalDoFilter(ApplicationFilterChain.java:191) ~[tomcat-embed-core-9.0.29.jar:9.0.29]
	at org.apache.catalina.core.ApplicationFilterChain.access$000(ApplicationFilterChain.java:47) ~[tomcat-embed-core-9.0.29.jar:9.0.29]
	at org.apache.catalina.core.ApplicationFilterChain$1.run(ApplicationFilterChain.java:149) ~[tomcat-embed-core-9.0.29.jar:9.0.29]
	at org.apache.catalina.core.ApplicationFilterChain$1.run(ApplicationFilterChain.java:145) ~[tomcat-embed-core-9.0.29.jar:9.0.29]
	at java.base/java.security.AccessController.doPrivileged(Native Method) ~[na:na]
	at org.apache.catalina.core.ApplicationFilterChain.doFilter(ApplicationFilterChain.java:144) ~[tomcat-embed-core-9.0.29.jar:9.0.29]
	at org.springframework.security.web.FilterChainProxy$VirtualFilterChain.doFilter(FilterChainProxy.java:320) ~[spring-security-web-5.2.1.RELEASE.jar:5.2.1.RELEASE]
	at org.springframework.security.web.access.intercept.FilterSecurityInterceptor.invoke(FilterSecurityInterceptor.java:126) ~[spring-security-web-5.2.1.RELEASE.jar:5.2.1.RELEASE]
	at org.springframework.security.web.access.intercept.FilterSecurityInterceptor.doFilter(FilterSecurityInterceptor.java:90) ~[spring-security-web-5.2.1.RELEASE.jar:5.2.1.RELEASE]
	at org.springframework.security.web.FilterChainProxy$VirtualFilterChain.doFilter(FilterChainProxy.java:334) ~[spring-security-web-5.2.1.RELEASE.jar:5.2.1.RELEASE]
	at org.springframework.security.web.access.ExceptionTranslationFilter.doFilter(ExceptionTranslationFilter.java:118) ~[spring-security-web-5.2.1.RELEASE.jar:5.2.1.RELEASE]
	at org.springframework.security.web.FilterChainProxy$VirtualFilterChain.doFilter(FilterChainProxy.java:334) ~[spring-security-web-5.2.1.RELEASE.jar:5.2.1.RELEASE]
	at org.springframework.security.web.authentication.AnonymousAuthenticationFilter.doFilter(AnonymousAuthenticationFilter.java:111) ~[spring-security-web-5.2.1.RELEASE.jar:5.2.1.RELEASE]
	at org.springframework.security.web.FilterChainProxy$VirtualFilterChain.doFilter(FilterChainProxy.java:334) ~[spring-security-web-5.2.1.RELEASE.jar:5.2.1.RELEASE]
	at org.springframework.security.web.servletapi.SecurityContextHolderAwareRequestFilter.doFilter(SecurityContextHolderAwareRequestFilter.java:158) ~[spring-security-web-5.2.1.RELEASE.jar:5.2.1.RELEASE]
	at org.springframework.security.web.FilterChainProxy$VirtualFilterChain.doFilter(FilterChainProxy.java:334) ~[spring-security-web-5.2.1.RELEASE.jar:5.2.1.RELEASE]
	at org.springframework.security.web.savedrequest.RequestCacheAwareFilter.doFilter(RequestCacheAwareFilter.java:63) ~[spring-security-web-5.2.1.RELEASE.jar:5.2.1.RELEASE]
	at org.springframework.security.web.FilterChainProxy$VirtualFilterChain.doFilter(FilterChainProxy.java:334) ~[spring-security-web-5.2.1.RELEASE.jar:5.2.1.RELEASE]
	at org.springframework.security.web.authentication.www.BasicAuthenticationFilter.doFilterInternal(BasicAuthenticationFilter.java:203) ~[spring-security-web-5.2.1.RELEASE.jar:5.2.1.RELEASE]
	at org.springframework.web.filter.OncePerRequestFilter.doFilter(OncePerRequestFilter.java:119) ~[spring-web-5.2.2.RELEASE.jar:5.2.2.RELEASE]
	at org.springframework.security.web.FilterChainProxy$VirtualFilterChain.doFilter(FilterChainProxy.java:334) ~[spring-security-web-5.2.1.RELEASE.jar:5.2.1.RELEASE]
	at org.springframework.security.web.authentication.logout.LogoutFilter.doFilter(LogoutFilter.java:116) ~[spring-security-web-5.2.1.RELEASE.jar:5.2.1.RELEASE]
	at org.springframework.security.web.FilterChainProxy$VirtualFilterChain.doFilter(FilterChainProxy.java:334) ~[spring-security-web-5.2.1.RELEASE.jar:5.2.1.RELEASE]
	at org.springframework.security.web.header.HeaderWriterFilter.doHeadersAfter(HeaderWriterFilter.java:92) ~[spring-security-web-5.2.1.RELEASE.jar:5.2.1.RELEASE]
	at org.springframework.security.web.header.HeaderWriterFilter.doFilterInternal(HeaderWriterFilter.java:77) ~[spring-security-web-5.2.1.RELEASE.jar:5.2.1.RELEASE]
	at org.springframework.web.filter.OncePerRequestFilter.doFilter(OncePerRequestFilter.java:119) ~[spring-web-5.2.2.RELEASE.jar:5.2.2.RELEASE]
	at org.springframework.security.web.FilterChainProxy$VirtualFilterChain.doFilter(FilterChainProxy.java:334) ~[spring-security-web-5.2.1.RELEASE.jar:5.2.1.RELEASE]
	at org.springframework.security.web.context.SecurityContextPersistenceFilter.doFilter(SecurityContextPersistenceFilter.java:105) ~[spring-security-web-5.2.1.RELEASE.jar:5.2.1.RELEASE]
	at org.springframework.security.web.FilterChainProxy$VirtualFilterChain.doFilter(FilterChainProxy.java:334) ~[spring-security-web-5.2.1.RELEASE.jar:5.2.1.RELEASE]
	at org.springframework.security.web.context.request.async.WebAsyncManagerIntegrationFilter.doFilterInternal(WebAsyncManagerIntegrationFilter.java:56) ~[spring-security-web-5.2.1.RELEASE.jar:5.2.1.RELEASE]
	at org.springframework.web.filter.OncePerRequestFilter.doFilter(OncePerRequestFilter.java:119) ~[spring-web-5.2.2.RELEASE.jar:5.2.2.RELEASE]
	at org.springframework.security.web.FilterChainProxy$VirtualFilterChain.doFilter(FilterChainProxy.java:334) ~[spring-security-web-5.2.1.RELEASE.jar:5.2.1.RELEASE]
	at org.springframework.security.web.FilterChainProxy.doFilterInternal(FilterChainProxy.java:215) ~[spring-security-web-5.2.1.RELEASE.jar:5.2.1.RELEASE]
	at org.springframework.security.web.FilterChainProxy.doFilter(FilterChainProxy.java:178) ~[spring-security-web-5.2.1.RELEASE.jar:5.2.1.RELEASE]
	at org.springframework.web.filter.DelegatingFilterProxy.invokeDelegate(DelegatingFilterProxy.java:358) ~[spring-web-5.2.2.RELEASE.jar:5.2.2.RELEASE]
	at org.springframework.web.filter.DelegatingFilterProxy.doFilter(DelegatingFilterProxy.java:271) ~[spring-web-5.2.2.RELEASE.jar:5.2.2.RELEASE]
	at jdk.internal.reflect.GeneratedMethodAccessor55.invoke(Unknown Source) ~[na:na]
	at java.base/jdk.internal.reflect.DelegatingMethodAccessorImpl.invoke(DelegatingMethodAccessorImpl.java:43) ~[na:na]
	at java.base/java.lang.reflect.Method.invoke(Method.java:566) ~[na:na]
	at org.apache.catalina.security.SecurityUtil$1.run(SecurityUtil.java:282) ~[tomcat-embed-core-9.0.29.jar:9.0.29]
	at org.apache.catalina.security.SecurityUtil$1.run(SecurityUtil.java:279) ~[tomcat-embed-core-9.0.29.jar:9.0.29]
	at java.base/java.security.AccessController.doPrivileged(Native Method) ~[na:na]
	at java.base/javax.security.auth.Subject.doAsPrivileged(Subject.java:550) ~[na:na]
	at org.apache.catalina.security.SecurityUtil.execute(SecurityUtil.java:314) ~[tomcat-embed-core-9.0.29.jar:9.0.29]
	at org.apache.catalina.security.SecurityUtil.doAsPrivilege(SecurityUtil.java:253) ~[tomcat-embed-core-9.0.29.jar:9.0.29]
	at org.apache.catalina.core.ApplicationFilterChain.internalDoFilter(ApplicationFilterChain.java:191) ~[tomcat-embed-core-9.0.29.jar:9.0.29]
	at org.apache.catalina.core.ApplicationFilterChain.access$000(ApplicationFilterChain.java:47) ~[tomcat-embed-core-9.0.29.jar:9.0.29]
	at org.apache.catalina.core.ApplicationFilterChain$1.run(ApplicationFilterChain.java:149) ~[tomcat-embed-core-9.0.29.jar:9.0.29]
	at org.apache.catalina.core.ApplicationFilterChain$1.run(ApplicationFilterChain.java:145) ~[tomcat-embed-core-9.0.29.jar:9.0.29]
	at java.base/java.security.AccessController.doPrivileged(Native Method) ~[na:na]
	at org.apache.catalina.core.ApplicationFilterChain.doFilter(ApplicationFilterChain.java:144) ~[tomcat-embed-core-9.0.29.jar:9.0.29]
	at org.springframework.web.filter.RequestContextFilter.doFilterInternal(RequestContextFilter.java:100) ~[spring-web-5.2.2.RELEASE.jar:5.2.2.RELEASE]
	at org.springframework.web.filter.OncePerRequestFilter.doFilter(OncePerRequestFilter.java:119) ~[spring-web-5.2.2.RELEASE.jar:5.2.2.RELEASE]
	at jdk.internal.reflect.GeneratedMethodAccessor55.invoke(Unknown Source) ~[na:na]
	at java.base/jdk.internal.reflect.DelegatingMethodAccessorImpl.invoke(DelegatingMethodAccessorImpl.java:43) ~[na:na]
	at java.base/java.lang.reflect.Method.invoke(Method.java:566) ~[na:na]
	at org.apache.catalina.security.SecurityUtil$1.run(SecurityUtil.java:282) ~[tomcat-embed-core-9.0.29.jar:9.0.29]
	at org.apache.catalina.security.SecurityUtil$1.run(SecurityUtil.java:279) ~[tomcat-embed-core-9.0.29.jar:9.0.29]
	at java.base/java.security.AccessController.doPrivileged(Native Method) ~[na:na]
	at java.base/javax.security.auth.Subject.doAsPrivileged(Subject.java:550) ~[na:na]
	at org.apache.catalina.security.SecurityUtil.execute(SecurityUtil.java:314) ~[tomcat-embed-core-9.0.29.jar:9.0.29]
	at org.apache.catalina.security.SecurityUtil.doAsPrivilege(SecurityUtil.java:253) ~[tomcat-embed-core-9.0.29.jar:9.0.29]
	at org.apache.catalina.core.ApplicationFilterChain.internalDoFilter(ApplicationFilterChain.java:191) ~[tomcat-embed-core-9.0.29.jar:9.0.29]
	at org.apache.catalina.core.ApplicationFilterChain.access$000(ApplicationFilterChain.java:47) ~[tomcat-embed-core-9.0.29.jar:9.0.29]
	at org.apache.catalina.core.ApplicationFilterChain$1.run(ApplicationFilterChain.java:149) ~[tomcat-embed-core-9.0.29.jar:9.0.29]
	at org.apache.catalina.core.ApplicationFilterChain$1.run(ApplicationFilterChain.java:145) ~[tomcat-embed-core-9.0.29.jar:9.0.29]
	at java.base/java.security.AccessController.doPrivileged(Native Method) ~[na:na]
	at org.apache.catalina.core.ApplicationFilterChain.doFilter(ApplicationFilterChain.java:144) ~[tomcat-embed-core-9.0.29.jar:9.0.29]
	at org.springframework.web.filter.FormContentFilter.doFilterInternal(FormContentFilter.java:93) ~[spring-web-5.2.2.RELEASE.jar:5.2.2.RELEASE]
	at org.springframework.web.filter.OncePerRequestFilter.doFilter(OncePerRequestFilter.java:119) ~[spring-web-5.2.2.RELEASE.jar:5.2.2.RELEASE]
	at jdk.internal.reflect.GeneratedMethodAccessor55.invoke(Unknown Source) ~[na:na]
	at java.base/jdk.internal.reflect.DelegatingMethodAccessorImpl.invoke(DelegatingMethodAccessorImpl.java:43) ~[na:na]
	at java.base/java.lang.reflect.Method.invoke(Method.java:566) ~[na:na]
	at org.apache.catalina.security.SecurityUtil$1.run(SecurityUtil.java:282) ~[tomcat-embed-core-9.0.29.jar:9.0.29]
	at org.apache.catalina.security.SecurityUtil$1.run(SecurityUtil.java:279) ~[tomcat-embed-core-9.0.29.jar:9.0.29]
	at java.base/java.security.AccessController.doPrivileged(Native Method) ~[na:na]
	at java.base/javax.security.auth.Subject.doAsPrivileged(Subject.java:550) ~[na:na]
	at org.apache.catalina.security.SecurityUtil.execute(SecurityUtil.java:314) ~[tomcat-embed-core-9.0.29.jar:9.0.29]
	at org.apache.catalina.security.SecurityUtil.doAsPrivilege(SecurityUtil.java:253) ~[tomcat-embed-core-9.0.29.jar:9.0.29]
	at org.apache.catalina.core.ApplicationFilterChain.internalDoFilter(ApplicationFilterChain.java:191) ~[tomcat-embed-core-9.0.29.jar:9.0.29]
	at org.apache.catalina.core.ApplicationFilterChain.access$000(ApplicationFilterChain.java:47) ~[tomcat-embed-core-9.0.29.jar:9.0.29]
	at org.apache.catalina.core.ApplicationFilterChain$1.run(ApplicationFilterChain.java:149) ~[tomcat-embed-core-9.0.29.jar:9.0.29]
	at org.apache.catalina.core.ApplicationFilterChain$1.run(ApplicationFilterChain.java:145) ~[tomcat-embed-core-9.0.29.jar:9.0.29]
	at java.base/java.security.AccessController.doPrivileged(Native Method) ~[na:na]
	at org.apache.catalina.core.ApplicationFilterChain.doFilter(ApplicationFilterChain.java:144) ~[tomcat-embed-core-9.0.29.jar:9.0.29]
	at org.springframework.boot.actuate.metrics.web.servlet.WebMvcMetricsFilter.doFilterInternal(WebMvcMetricsFilter.java:108) ~[spring-boot-actuator-2.2.2.RELEASE.jar:2.2.2.RELEASE]
	at org.springframework.web.filter.OncePerRequestFilter.doFilter(OncePerRequestFilter.java:119) ~[spring-web-5.2.2.RELEASE.jar:5.2.2.RELEASE]
	at jdk.internal.reflect.GeneratedMethodAccessor55.invoke(Unknown Source) ~[na:na]
	at java.base/jdk.internal.reflect.DelegatingMethodAccessorImpl.invoke(DelegatingMethodAccessorImpl.java:43) ~[na:na]
	at java.base/java.lang.reflect.Method.invoke(Method.java:566) ~[na:na]
	at org.apache.catalina.security.SecurityUtil$1.run(SecurityUtil.java:282) ~[tomcat-embed-core-9.0.29.jar:9.0.29]
	at org.apache.catalina.security.SecurityUtil$1.run(SecurityUtil.java:279) ~[tomcat-embed-core-9.0.29.jar:9.0.29]
	at java.base/java.security.AccessController.doPrivileged(Native Method) ~[na:na]
	at java.base/javax.security.auth.Subject.doAsPrivileged(Subject.java:550) ~[na:na]
	at org.apache.catalina.security.SecurityUtil.execute(SecurityUtil.java:314) ~[tomcat-embed-core-9.0.29.jar:9.0.29]
	at org.apache.catalina.security.SecurityUtil.doAsPrivilege(SecurityUtil.java:253) ~[tomcat-embed-core-9.0.29.jar:9.0.29]
	at org.apache.catalina.core.ApplicationFilterChain.internalDoFilter(ApplicationFilterChain.java:191) ~[tomcat-embed-core-9.0.29.jar:9.0.29]
	at org.apache.catalina.core.ApplicationFilterChain.access$000(ApplicationFilterChain.java:47) ~[tomcat-embed-core-9.0.29.jar:9.0.29]
	at org.apache.catalina.core.ApplicationFilterChain$1.run(ApplicationFilterChain.java:149) ~[tomcat-embed-core-9.0.29.jar:9.0.29]
	at org.apache.catalina.core.ApplicationFilterChain$1.run(ApplicationFilterChain.java:145) ~[tomcat-embed-core-9.0.29.jar:9.0.29]
	at java.base/java.security.AccessController.doPrivileged(Native Method) ~[na:na]
	at org.apache.catalina.core.ApplicationFilterChain.doFilter(ApplicationFilterChain.java:144) ~[tomcat-embed-core-9.0.29.jar:9.0.29]
	at org.springframework.web.filter.CharacterEncodingFilter.doFilterInternal(CharacterEncodingFilter.java:201) ~[spring-web-5.2.2.RELEASE.jar:5.2.2.RELEASE]
	at org.springframework.web.filter.OncePerRequestFilter.doFilter(OncePerRequestFilter.java:119) ~[spring-web-5.2.2.RELEASE.jar:5.2.2.RELEASE]
	at jdk.internal.reflect.GeneratedMethodAccessor55.invoke(Unknown Source) ~[na:na]
	at java.base/jdk.internal.reflect.DelegatingMethodAccessorImpl.invoke(DelegatingMethodAccessorImpl.java:43) ~[na:na]
	at java.base/java.lang.reflect.Method.invoke(Method.java:566) ~[na:na]
	at org.apache.catalina.security.SecurityUtil$1.run(SecurityUtil.java:282) ~[tomcat-embed-core-9.0.29.jar:9.0.29]
	at org.apache.catalina.security.SecurityUtil$1.run(SecurityUtil.java:279) ~[tomcat-embed-core-9.0.29.jar:9.0.29]
	at java.base/java.security.AccessController.doPrivileged(Native Method) ~[na:na]
	at java.base/javax.security.auth.Subject.doAsPrivileged(Subject.java:550) ~[na:na]
	at org.apache.catalina.security.SecurityUtil.execute(SecurityUtil.java:314) ~[tomcat-embed-core-9.0.29.jar:9.0.29]
	at org.apache.catalina.security.SecurityUtil.doAsPrivilege(SecurityUtil.java:253) ~[tomcat-embed-core-9.0.29.jar:9.0.29]
	at org.apache.catalina.core.ApplicationFilterChain.internalDoFilter(ApplicationFilterChain.java:191) ~[tomcat-embed-core-9.0.29.jar:9.0.29]
	at org.apache.catalina.core.ApplicationFilterChain.access$000(ApplicationFilterChain.java:47) ~[tomcat-embed-core-9.0.29.jar:9.0.29]
	at org.apache.catalina.core.ApplicationFilterChain$1.run(ApplicationFilterChain.java:149) ~[tomcat-embed-core-9.0.29.jar:9.0.29]
	at org.apache.catalina.core.ApplicationFilterChain$1.run(ApplicationFilterChain.java:145) ~[tomcat-embed-core-9.0.29.jar:9.0.29]
	at java.base/java.security.AccessController.doPrivileged(Native Method) ~[na:na]
	at org.apache.catalina.core.ApplicationFilterChain.doFilter(ApplicationFilterChain.java:144) ~[tomcat-embed-core-9.0.29.jar:9.0.29]
	at org.apache.catalina.core.StandardWrapperValve.invoke(StandardWrapperValve.java:202) ~[tomcat-embed-core-9.0.29.jar:9.0.29]
	at org.apache.catalina.core.StandardContextValve.invoke(StandardContextValve.java:96) ~[tomcat-embed-core-9.0.29.jar:9.0.29]
	at org.apache.catalina.authenticator.AuthenticatorBase.invoke(AuthenticatorBase.java:526) ~[tomcat-embed-core-9.0.29.jar:9.0.29]
	at org.apache.catalina.core.StandardHostValve.invoke(StandardHostValve.java:139) ~[tomcat-embed-core-9.0.29.jar:9.0.29]
	at org.apache.catalina.valves.ErrorReportValve.invoke(ErrorReportValve.java:92) ~[tomcat-embed-core-9.0.29.jar:9.0.29]
	at org.apache.catalina.core.StandardEngineValve.invoke(StandardEngineValve.java:74) ~[tomcat-embed-core-9.0.29.jar:9.0.29]
	at org.apache.catalina.connector.CoyoteAdapter.service(CoyoteAdapter.java:343) ~[tomcat-embed-core-9.0.29.jar:9.0.29]
	at org.apache.coyote.http11.Http11Processor.service(Http11Processor.java:367) ~[tomcat-embed-core-9.0.29.jar:9.0.29]
	at org.apache.coyote.AbstractProcessorLight.process(AbstractProcessorLight.java:65) ~[tomcat-embed-core-9.0.29.jar:9.0.29]
	at org.apache.coyote.AbstractProtocol$ConnectionHandler.process(AbstractProtocol.java:860) ~[tomcat-embed-core-9.0.29.jar:9.0.29]
	at org.apache.tomcat.util.net.NioEndpoint$SocketProcessor.doRun(NioEndpoint.java:1591) ~[tomcat-embed-core-9.0.29.jar:9.0.29]
	at org.apache.tomcat.util.net.SocketProcessorBase.run(SocketProcessorBase.java:49) ~[tomcat-embed-core-9.0.29.jar:9.0.29]
	at java.base/java.util.concurrent.ThreadPoolExecutor.runWorker(ThreadPoolExecutor.java:1128) ~[na:na]
	at java.base/java.util.concurrent.ThreadPoolExecutor$Worker.run(ThreadPoolExecutor.java:628) ~[na:na]
	at org.apache.tomcat.util.threads.TaskThread$WrappingRunnable.run(TaskThread.java:61) ~[tomcat-embed-core-9.0.29.jar:9.0.29]
	at java.base/java.lang.Thread.run(Thread.java:834) ~[na:na]

Hibernate: SELECT count(*) FROM solved_quizzes
?[1;31m
Start test 188?[0m
Hibernate: select user0_.id as id1_3_, user0_.email as email2_3_, user0_.password as password3_3_ from users user0_ where user0_.email=?
Hibernate: select roles0_.user_id as user_id1_4_0_, roles0_.roles_id as roles_id2_4_0_, role1_.id as id1_1_1_, role1_.name as name2_1_1_ from users_roles roles0_ inner join roles role1_ on roles0_.roles_id=role1_.id where roles0_.user_id=?
Hibernate: SELECT * FROM solved_quizzes WHERE user = ? ORDER BY completed_at DESC limit ? offset ?
?[1;31m
Start test 189?[0m
Hibernate: select user0_.id as id1_3_, user0_.email as email2_3_, user0_.password as password3_3_ from users user0_ where user0_.email=?
Hibernate: select roles0_.user_id as user_id1_4_0_, roles0_.roles_id as roles_id2_4_0_, role1_.id as id1_1_1_, role1_.name as name2_1_1_ from users_roles roles0_ inner join roles role1_ on roles0_.roles_id=role1_.id where roles0_.user_id=?
Hibernate: SELECT * FROM solved_quizzes WHERE user = ? ORDER BY completed_at DESC limit ?
2021-05-11 22:56:02.944  INFO 2142 --- [nio-8889-exec-1] j.r.q.QueryParameterSetter$ErrorHandling : Silently ignoring

java.lang.IllegalArgumentException: Could not locate ordinal parameter [1], expecting one of []
	at org.hibernate.query.internal.ParameterMetadataImpl.getOrdinalParameterDescriptor(ParameterMetadataImpl.java:154) ~[hibernate-core-5.4.9.Final.jar:5.4.9.Final]
	at org.hibernate.query.internal.ParameterMetadataImpl.getQueryParameter(ParameterMetadataImpl.java:204) ~[hibernate-core-5.4.9.Final.jar:5.4.9.Final]
	at org.hibernate.query.internal.QueryParameterBindingsImpl.getBinding(QueryParameterBindingsImpl.java:182) ~[hibernate-core-5.4.9.Final.jar:5.4.9.Final]
	at org.hibernate.query.internal.AbstractProducedQuery.setParameter(AbstractProducedQuery.java:507) ~[hibernate-core-5.4.9.Final.jar:5.4.9.Final]
	at org.hibernate.query.internal.NativeQueryImpl.setParameter(NativeQueryImpl.java:613) ~[hibernate-core-5.4.9.Final.jar:5.4.9.Final]
	at org.hibernate.query.internal.NativeQueryImpl.setParameter(NativeQueryImpl.java:62) ~[hibernate-core-5.4.9.Final.jar:5.4.9.Final]
	at org.springframework.data.jpa.repository.query.QueryParameterSetter$BindableQuery.setParameter(QueryParameterSetter.java:335) ~[spring-data-jpa-2.2.3.RELEASE.jar:2.2.3.RELEASE]
	at org.springframework.data.jpa.repository.query.QueryParameterSetter$NamedOrIndexedQueryParameterSetter.lambda$setParameter$5(QueryParameterSetter.java:128) ~[spring-data-jpa-2.2.3.RELEASE.jar:2.2.3.RELEASE]
	at org.springframework.data.jpa.repository.query.QueryParameterSetter$ErrorHandling$2.execute(QueryParameterSetter.java:151) ~[spring-data-jpa-2.2.3.RELEASE.jar:2.2.3.RELEASE]
	at org.springframework.data.jpa.repository.query.QueryParameterSetter$NamedOrIndexedQueryParameterSetter.setParameter(QueryParameterSetter.java:128) ~[spring-data-jpa-2.2.3.RELEASE.jar:2.2.3.RELEASE]
	at org.springframework.data.jpa.repository.query.ParameterBinder.bind(ParameterBinder.java:82) ~[spring-data-jpa-2.2.3.RELEASE.jar:2.2.3.RELEASE]
	at org.springframework.data.jpa.repository.query.AbstractStringBasedJpaQuery.doCreateCountQuery(AbstractStringBasedJpaQuery.java:122) ~[spring-data-jpa-2.2.3.RELEASE.jar:2.2.3.RELEASE]
	at org.springframework.data.jpa.repository.query.AbstractJpaQuery.createCountQuery(AbstractJpaQuery.java:254) ~[spring-data-jpa-2.2.3.RELEASE.jar:2.2.3.RELEASE]
	at org.springframework.data.jpa.repository.query.JpaQueryExecution$PagedExecution.count(JpaQueryExecution.java:183) ~[spring-data-jpa-2.2.3.RELEASE.jar:2.2.3.RELEASE]
	at org.springframework.data.jpa.repository.query.JpaQueryExecution$PagedExecution.lambda$doExecute$0(JpaQueryExecution.java:178) ~[spring-data-jpa-2.2.3.RELEASE.jar:2.2.3.RELEASE]
	at org.springframework.data.repository.support.PageableExecutionUtils.getPage(PageableExecutionUtils.java:62) ~[spring-data-commons-2.2.3.RELEASE.jar:2.2.3.RELEASE]
	at org.springframework.data.jpa.repository.query.JpaQueryExecution$PagedExecution.doExecute(JpaQueryExecution.java:177) ~[spring-data-jpa-2.2.3.RELEASE.jar:2.2.3.RELEASE]
	at org.springframework.data.jpa.repository.query.JpaQueryExecution.execute(JpaQueryExecution.java:88) ~[spring-data-jpa-2.2.3.RELEASE.jar:2.2.3.RELEASE]
	at org.springframework.data.jpa.repository.query.AbstractJpaQuery.doExecute(AbstractJpaQuery.java:154) ~[spring-data-jpa-2.2.3.RELEASE.jar:2.2.3.RELEASE]
	at org.springframework.data.jpa.repository.query.AbstractJpaQuery.execute(AbstractJpaQuery.java:142) ~[spring-data-jpa-2.2.3.RELEASE.jar:2.2.3.RELEASE]
	at org.springframework.data.repository.core.support.RepositoryFactorySupport$QueryExecutorMethodInterceptor.doInvoke(RepositoryFactorySupport.java:618) ~[spring-data-commons-2.2.3.RELEASE.jar:2.2.3.RELEASE]
	at org.springframework.data.repository.core.support.RepositoryFactorySupport$QueryExecutorMethodInterceptor.invoke(RepositoryFactorySupport.java:605) ~[spring-data-commons-2.2.3.RELEASE.jar:2.2.3.RELEASE]
	at org.springframework.aop.framework.ReflectiveMethodInvocation.proceed(ReflectiveMethodInvocation.java:186) ~[spring-aop-5.2.2.RELEASE.jar:5.2.2.RELEASE]
	at org.springframework.transaction.interceptor.TransactionAspectSupport.invokeWithinTransaction(TransactionAspectSupport.java:366) ~[spring-tx-5.2.2.RELEASE.jar:5.2.2.RELEASE]
	at org.springframework.transaction.interceptor.TransactionInterceptor.invoke(TransactionInterceptor.java:99) ~[spring-tx-5.2.2.RELEASE.jar:5.2.2.RELEASE]
	at org.springframework.aop.framework.ReflectiveMethodInvocation.proceed(ReflectiveMethodInvocation.java:186) ~[spring-aop-5.2.2.RELEASE.jar:5.2.2.RELEASE]
	at org.springframework.dao.support.PersistenceExceptionTranslationInterceptor.invoke(PersistenceExceptionTranslationInterceptor.java:139) ~[spring-tx-5.2.2.RELEASE.jar:5.2.2.RELEASE]
	at org.springframework.aop.framework.ReflectiveMethodInvocation.proceed(ReflectiveMethodInvocation.java:186) ~[spring-aop-5.2.2.RELEASE.jar:5.2.2.RELEASE]
	at org.springframework.data.jpa.repository.support.CrudMethodMetadataPostProcessor$CrudMethodMetadataPopulatingMethodInterceptor.invoke(CrudMethodMetadataPostProcessor.java:149) ~[spring-data-jpa-2.2.3.RELEASE.jar:2.2.3.RELEASE]
	at org.springframework.aop.framework.ReflectiveMethodInvocation.proceed(ReflectiveMethodInvocation.java:186) ~[spring-aop-5.2.2.RELEASE.jar:5.2.2.RELEASE]
	at org.springframework.aop.interceptor.ExposeInvocationInterceptor.invoke(ExposeInvocationInterceptor.java:93) ~[spring-aop-5.2.2.RELEASE.jar:5.2.2.RELEASE]
	at org.springframework.aop.framework.ReflectiveMethodInvocation.proceed(ReflectiveMethodInvocation.java:186) ~[spring-aop-5.2.2.RELEASE.jar:5.2.2.RELEASE]
	at org.springframework.aop.framework.JdkDynamicAopProxy.invoke(JdkDynamicAopProxy.java:212) ~[spring-aop-5.2.2.RELEASE.jar:5.2.2.RELEASE]
	at com.sun.proxy.$Proxy137.findSolvedQuizzesByUser(Unknown Source) ~[na:na]
	at engine.QuizService.getSolvedQuizzes(QuizService.java:24) ~[main/:na]
	at engine.QuizController.getSolvedQuizzes(QuizController.java:131) ~[main/:na]
	at jdk.internal.reflect.GeneratedMethodAccessor121.invoke(Unknown Source) ~[na:na]
	at java.base/jdk.internal.reflect.DelegatingMethodAccessorImpl.invoke(DelegatingMethodAccessorImpl.java:43) ~[na:na]
	at java.base/java.lang.reflect.Method.invoke(Method.java:566) ~[na:na]
	at org.springframework.web.method.support.InvocableHandlerMethod.doInvoke(InvocableHandlerMethod.java:190) ~[spring-web-5.2.2.RELEASE.jar:5.2.2.RELEASE]
	at org.springframework.web.method.support.InvocableHandlerMethod.invokeForRequest(InvocableHandlerMethod.java:138) ~[spring-web-5.2.2.RELEASE.jar:5.2.2.RELEASE]
	at org.springframework.web.servlet.mvc.method.annotation.ServletInvocableHandlerMethod.invokeAndHandle(ServletInvocableHandlerMethod.java:106) ~[spring-webmvc-5.2.2.RELEASE.jar:5.2.2.RELEASE]
	at org.springframework.web.servlet.mvc.method.annotation.RequestMappingHandlerAdapter.invokeHandlerMethod(RequestMappingHandlerAdapter.java:888) ~[spring-webmvc-5.2.2.RELEASE.jar:5.2.2.RELEASE]
	at org.springframework.web.servlet.mvc.method.annotation.RequestMappingHandlerAdapter.handleInternal(RequestMappingHandlerAdapter.java:793) ~[spring-webmvc-5.2.2.RELEASE.jar:5.2.2.RELEASE]
	at org.springframework.web.servlet.mvc.method.AbstractHandlerMethodAdapter.handle(AbstractHandlerMethodAdapter.java:87) ~[spring-webmvc-5.2.2.RELEASE.jar:5.2.2.RELEASE]
	at org.springframework.web.servlet.DispatcherServlet.doDispatch(DispatcherServlet.java:1040) ~[spring-webmvc-5.2.2.RELEASE.jar:5.2.2.RELEASE]
	at org.springframework.web.servlet.DispatcherServlet.doService(DispatcherServlet.java:943) ~[spring-webmvc-5.2.2.RELEASE.jar:5.2.2.RELEASE]
	at org.springframework.web.servlet.FrameworkServlet.processRequest(FrameworkServlet.java:1006) ~[spring-webmvc-5.2.2.RELEASE.jar:5.2.2.RELEASE]
	at org.springframework.web.servlet.FrameworkServlet.doGet(FrameworkServlet.java:898) ~[spring-webmvc-5.2.2.RELEASE.jar:5.2.2.RELEASE]
	at javax.servlet.http.HttpServlet.service(HttpServlet.java:634) ~[tomcat-embed-core-9.0.29.jar:9.0.29]
	at org.springframework.web.servlet.FrameworkServlet.service(FrameworkServlet.java:883) ~[spring-webmvc-5.2.2.RELEASE.jar:5.2.2.RELEASE]
	at javax.servlet.http.HttpServlet.service(HttpServlet.java:741) ~[tomcat-embed-core-9.0.29.jar:9.0.29]
	at jdk.internal.reflect.GeneratedMethodAccessor59.invoke(Unknown Source) ~[na:na]
	at java.base/jdk.internal.reflect.DelegatingMethodAccessorImpl.invoke(DelegatingMethodAccessorImpl.java:43) ~[na:na]
	at java.base/java.lang.reflect.Method.invoke(Method.java:566) ~[na:na]
	at org.apache.catalina.security.SecurityUtil$1.run(SecurityUtil.java:282) ~[tomcat-embed-core-9.0.29.jar:9.0.29]
	at org.apache.catalina.security.SecurityUtil$1.run(SecurityUtil.java:279) ~[tomcat-embed-core-9.0.29.jar:9.0.29]
	at java.base/java.security.AccessController.doPrivileged(Native Method) ~[na:na]
	at java.base/javax.security.auth.Subject.doAsPrivileged(Subject.java:550) ~[na:na]
	at org.apache.catalina.security.SecurityUtil.execute(SecurityUtil.java:314) ~[tomcat-embed-core-9.0.29.jar:9.0.29]
	at org.apache.catalina.security.SecurityUtil.doAsPrivilege(SecurityUtil.java:170) ~[tomcat-embed-core-9.0.29.jar:9.0.29]
	at org.apache.catalina.core.ApplicationFilterChain.internalDoFilter(ApplicationFilterChain.java:225) ~[tomcat-embed-core-9.0.29.jar:9.0.29]
	at org.apache.catalina.core.ApplicationFilterChain.access$000(ApplicationFilterChain.java:47) ~[tomcat-embed-core-9.0.29.jar:9.0.29]
	at org.apache.catalina.core.ApplicationFilterChain$1.run(ApplicationFilterChain.java:149) ~[tomcat-embed-core-9.0.29.jar:9.0.29]
	at org.apache.catalina.core.ApplicationFilterChain$1.run(ApplicationFilterChain.java:145) ~[tomcat-embed-core-9.0.29.jar:9.0.29]
	at java.base/java.security.AccessController.doPrivileged(Native Method) ~[na:na]
	at org.apache.catalina.core.ApplicationFilterChain.doFilter(ApplicationFilterChain.java:144) ~[tomcat-embed-core-9.0.29.jar:9.0.29]
	at org.apache.tomcat.websocket.server.WsFilter.doFilter(WsFilter.java:53) ~[tomcat-embed-websocket-9.0.29.jar:9.0.29]
	at jdk.internal.reflect.GeneratedMethodAccessor55.invoke(Unknown Source) ~[na:na]
	at java.base/jdk.internal.reflect.DelegatingMethodAccessorImpl.invoke(DelegatingMethodAccessorImpl.java:43) ~[na:na]
	at java.base/java.lang.reflect.Method.invoke(Method.java:566) ~[na:na]
	at org.apache.catalina.security.SecurityUtil$1.run(SecurityUtil.java:282) ~[tomcat-embed-core-9.0.29.jar:9.0.29]
	at org.apache.catalina.security.SecurityUtil$1.run(SecurityUtil.java:279) ~[tomcat-embed-core-9.0.29.jar:9.0.29]
	at java.base/java.security.AccessController.doPrivileged(Native Method) ~[na:na]
	at java.base/javax.security.auth.Subject.doAsPrivileged(Subject.java:550) ~[na:na]
	at org.apache.catalina.security.SecurityUtil.execute(SecurityUtil.java:314) ~[tomcat-embed-core-9.0.29.jar:9.0.29]
	at org.apache.catalina.security.SecurityUtil.doAsPrivilege(SecurityUtil.java:253) ~[tomcat-embed-core-9.0.29.jar:9.0.29]
	at org.apache.catalina.core.ApplicationFilterChain.internalDoFilter(ApplicationFilterChain.java:191) ~[tomcat-embed-core-9.0.29.jar:9.0.29]
	at org.apache.catalina.core.ApplicationFilterChain.access$000(ApplicationFilterChain.java:47) ~[tomcat-embed-core-9.0.29.jar:9.0.29]
	at org.apache.catalina.core.ApplicationFilterChain$1.run(ApplicationFilterChain.java:149) ~[tomcat-embed-core-9.0.29.jar:9.0.29]
	at org.apache.catalina.core.ApplicationFilterChain$1.run(ApplicationFilterChain.java:145) ~[tomcat-embed-core-9.0.29.jar:9.0.29]
	at java.base/java.security.AccessController.doPrivileged(Native Method) ~[na:na]
	at org.apache.catalina.core.ApplicationFilterChain.doFilter(ApplicationFilterChain.java:144) ~[tomcat-embed-core-9.0.29.jar:9.0.29]
	at org.springframework.security.web.FilterChainProxy$VirtualFilterChain.doFilter(FilterChainProxy.java:320) ~[spring-security-web-5.2.1.RELEASE.jar:5.2.1.RELEASE]
	at org.springframework.security.web.access.intercept.FilterSecurityInterceptor.invoke(FilterSecurityInterceptor.java:126) ~[spring-security-web-5.2.1.RELEASE.jar:5.2.1.RELEASE]
	at org.springframework.security.web.access.intercept.FilterSecurityInterceptor.doFilter(FilterSecurityInterceptor.java:90) ~[spring-security-web-5.2.1.RELEASE.jar:5.2.1.RELEASE]
	at org.springframework.security.web.FilterChainProxy$VirtualFilterChain.doFilter(FilterChainProxy.java:334) ~[spring-security-web-5.2.1.RELEASE.jar:5.2.1.RELEASE]
	at org.springframework.security.web.access.ExceptionTranslationFilter.doFilter(ExceptionTranslationFilter.java:118) ~[spring-security-web-5.2.1.RELEASE.jar:5.2.1.RELEASE]
	at org.springframework.security.web.FilterChainProxy$VirtualFilterChain.doFilter(FilterChainProxy.java:334) ~[spring-security-web-5.2.1.RELEASE.jar:5.2.1.RELEASE]
	at org.springframework.security.web.authentication.AnonymousAuthenticationFilter.doFilter(AnonymousAuthenticationFilter.java:111) ~[spring-security-web-5.2.1.RELEASE.jar:5.2.1.RELEASE]
	at org.springframework.security.web.FilterChainProxy$VirtualFilterChain.doFilter(FilterChainProxy.java:334) ~[spring-security-web-5.2.1.RELEASE.jar:5.2.1.RELEASE]
	at org.springframework.security.web.servletapi.SecurityContextHolderAwareRequestFilter.doFilter(SecurityContextHolderAwareRequestFilter.java:158) ~[spring-security-web-5.2.1.RELEASE.jar:5.2.1.RELEASE]
	at org.springframework.security.web.FilterChainProxy$VirtualFilterChain.doFilter(FilterChainProxy.java:334) ~[spring-security-web-5.2.1.RELEASE.jar:5.2.1.RELEASE]
	at org.springframework.security.web.savedrequest.RequestCacheAwareFilter.doFilter(RequestCacheAwareFilter.java:63) ~[spring-security-web-5.2.1.RELEASE.jar:5.2.1.RELEASE]
	at org.springframework.security.web.FilterChainProxy$VirtualFilterChain.doFilter(FilterChainProxy.java:334) ~[spring-security-web-5.2.1.RELEASE.jar:5.2.1.RELEASE]
	at org.springframework.security.web.authentication.www.BasicAuthenticationFilter.doFilterInternal(BasicAuthenticationFilter.java:203) ~[spring-security-web-5.2.1.RELEASE.jar:5.2.1.RELEASE]
	at org.springframework.web.filter.OncePerRequestFilter.doFilter(OncePerRequestFilter.java:119) ~[spring-web-5.2.2.RELEASE.jar:5.2.2.RELEASE]
	at org.springframework.security.web.FilterChainProxy$VirtualFilterChain.doFilter(FilterChainProxy.java:334) ~[spring-security-web-5.2.1.RELEASE.jar:5.2.1.RELEASE]
	at org.springframework.security.web.authentication.logout.LogoutFilter.doFilter(LogoutFilter.java:116) ~[spring-security-web-5.2.1.RELEASE.jar:5.2.1.RELEASE]
	at org.springframework.security.web.FilterChainProxy$VirtualFilterChain.doFilter(FilterChainProxy.java:334) ~[spring-security-web-5.2.1.RELEASE.jar:5.2.1.RELEASE]
	at org.springframework.security.web.header.HeaderWriterFilter.doHeadersAfter(HeaderWriterFilter.java:92) ~[spring-security-web-5.2.1.RELEASE.jar:5.2.1.RELEASE]
	at org.springframework.security.web.header.HeaderWriterFilter.doFilterInternal(HeaderWriterFilter.java:77) ~[spring-security-web-5.2.1.RELEASE.jar:5.2.1.RELEASE]
	at org.springframework.web.filter.OncePerRequestFilter.doFilter(OncePerRequestFilter.java:119) ~[spring-web-5.2.2.RELEASE.jar:5.2.2.RELEASE]
	at org.springframework.security.web.FilterChainProxy$VirtualFilterChain.doFilter(FilterChainProxy.java:334) ~[spring-security-web-5.2.1.RELEASE.jar:5.2.1.RELEASE]
	at org.springframework.security.web.context.SecurityContextPersistenceFilter.doFilter(SecurityContextPersistenceFilter.java:105) ~[spring-security-web-5.2.1.RELEASE.jar:5.2.1.RELEASE]
	at org.springframework.security.web.FilterChainProxy$VirtualFilterChain.doFilter(FilterChainProxy.java:334) ~[spring-security-web-5.2.1.RELEASE.jar:5.2.1.RELEASE]
	at org.springframework.security.web.context.request.async.WebAsyncManagerIntegrationFilter.doFilterInternal(WebAsyncManagerIntegrationFilter.java:56) ~[spring-security-web-5.2.1.RELEASE.jar:5.2.1.RELEASE]
	at org.springframework.web.filter.OncePerRequestFilter.doFilter(OncePerRequestFilter.java:119) ~[spring-web-5.2.2.RELEASE.jar:5.2.2.RELEASE]
	at org.springframework.security.web.FilterChainProxy$VirtualFilterChain.doFilter(FilterChainProxy.java:334) ~[spring-security-web-5.2.1.RELEASE.jar:5.2.1.RELEASE]
	at org.springframework.security.web.FilterChainProxy.doFilterInternal(FilterChainProxy.java:215) ~[spring-security-web-5.2.1.RELEASE.jar:5.2.1.RELEASE]
	at org.springframework.security.web.FilterChainProxy.doFilter(FilterChainProxy.java:178) ~[spring-security-web-5.2.1.RELEASE.jar:5.2.1.RELEASE]
	at org.springframework.web.filter.DelegatingFilterProxy.invokeDelegate(DelegatingFilterProxy.java:358) ~[spring-web-5.2.2.RELEASE.jar:5.2.2.RELEASE]
	at org.springframework.web.filter.DelegatingFilterProxy.doFilter(DelegatingFilterProxy.java:271) ~[spring-web-5.2.2.RELEASE.jar:5.2.2.RELEASE]
	at jdk.internal.reflect.GeneratedMethodAccessor55.invoke(Unknown Source) ~[na:na]
	at java.base/jdk.internal.reflect.DelegatingMethodAccessorImpl.invoke(DelegatingMethodAccessorImpl.java:43) ~[na:na]
	at java.base/java.lang.reflect.Method.invoke(Method.java:566) ~[na:na]
	at org.apache.catalina.security.SecurityUtil$1.run(SecurityUtil.java:282) ~[tomcat-embed-core-9.0.29.jar:9.0.29]
	at org.apache.catalina.security.SecurityUtil$1.run(SecurityUtil.java:279) ~[tomcat-embed-core-9.0.29.jar:9.0.29]
	at java.base/java.security.AccessController.doPrivileged(Native Method) ~[na:na]
	at java.base/javax.security.auth.Subject.doAsPrivileged(Subject.java:550) ~[na:na]
	at org.apache.catalina.security.SecurityUtil.execute(SecurityUtil.java:314) ~[tomcat-embed-core-9.0.29.jar:9.0.29]
	at org.apache.catalina.security.SecurityUtil.doAsPrivilege(SecurityUtil.java:253) ~[tomcat-embed-core-9.0.29.jar:9.0.29]
	at org.apache.catalina.core.ApplicationFilterChain.internalDoFilter(ApplicationFilterChain.java:191) ~[tomcat-embed-core-9.0.29.jar:9.0.29]
	at org.apache.catalina.core.ApplicationFilterChain.access$000(ApplicationFilterChain.java:47) ~[tomcat-embed-core-9.0.29.jar:9.0.29]
	at org.apache.catalina.core.ApplicationFilterChain$1.run(ApplicationFilterChain.java:149) ~[tomcat-embed-core-9.0.29.jar:9.0.29]
	at org.apache.catalina.core.ApplicationFilterChain$1.run(ApplicationFilterChain.java:145) ~[tomcat-embed-core-9.0.29.jar:9.0.29]
	at java.base/java.security.AccessController.doPrivileged(Native Method) ~[na:na]
	at org.apache.catalina.core.ApplicationFilterChain.doFilter(ApplicationFilterChain.java:144) ~[tomcat-embed-core-9.0.29.jar:9.0.29]
	at org.springframework.web.filter.RequestContextFilter.doFilterInternal(RequestContextFilter.java:100) ~[spring-web-5.2.2.RELEASE.jar:5.2.2.RELEASE]
	at org.springframework.web.filter.OncePerRequestFilter.doFilter(OncePerRequestFilter.java:119) ~[spring-web-5.2.2.RELEASE.jar:5.2.2.RELEASE]
	at jdk.internal.reflect.GeneratedMethodAccessor55.invoke(Unknown Source) ~[na:na]
	at java.base/jdk.internal.reflect.DelegatingMethodAccessorImpl.invoke(DelegatingMethodAccessorImpl.java:43) ~[na:na]
	at java.base/java.lang.reflect.Method.invoke(Method.java:566) ~[na:na]
	at org.apache.catalina.security.SecurityUtil$1.run(SecurityUtil.java:282) ~[tomcat-embed-core-9.0.29.jar:9.0.29]
	at org.apache.catalina.security.SecurityUtil$1.run(SecurityUtil.java:279) ~[tomcat-embed-core-9.0.29.jar:9.0.29]
	at java.base/java.security.AccessController.doPrivileged(Native Method) ~[na:na]
	at java.base/javax.security.auth.Subject.doAsPrivileged(Subject.java:550) ~[na:na]
	at org.apache.catalina.security.SecurityUtil.execute(SecurityUtil.java:314) ~[tomcat-embed-core-9.0.29.jar:9.0.29]
	at org.apache.catalina.security.SecurityUtil.doAsPrivilege(SecurityUtil.java:253) ~[tomcat-embed-core-9.0.29.jar:9.0.29]
	at org.apache.catalina.core.ApplicationFilterChain.internalDoFilter(ApplicationFilterChain.java:191) ~[tomcat-embed-core-9.0.29.jar:9.0.29]
	at org.apache.catalina.core.ApplicationFilterChain.access$000(ApplicationFilterChain.java:47) ~[tomcat-embed-core-9.0.29.jar:9.0.29]
	at org.apache.catalina.core.ApplicationFilterChain$1.run(ApplicationFilterChain.java:149) ~[tomcat-embed-core-9.0.29.jar:9.0.29]
	at org.apache.catalina.core.ApplicationFilterChain$1.run(ApplicationFilterChain.java:145) ~[tomcat-embed-core-9.0.29.jar:9.0.29]
	at java.base/java.security.AccessController.doPrivileged(Native Method) ~[na:na]
	at org.apache.catalina.core.ApplicationFilterChain.doFilter(ApplicationFilterChain.java:144) ~[tomcat-embed-core-9.0.29.jar:9.0.29]
	at org.springframework.web.filter.FormContentFilter.doFilterInternal(FormContentFilter.java:93) ~[spring-web-5.2.2.RELEASE.jar:5.2.2.RELEASE]
	at org.springframework.web.filter.OncePerRequestFilter.doFilter(OncePerRequestFilter.java:119) ~[spring-web-5.2.2.RELEASE.jar:5.2.2.RELEASE]
	at jdk.internal.reflect.GeneratedMethodAccessor55.invoke(Unknown Source) ~[na:na]
	at java.base/jdk.internal.reflect.DelegatingMethodAccessorImpl.invoke(DelegatingMethodAccessorImpl.java:43) ~[na:na]
	at java.base/java.lang.reflect.Method.invoke(Method.java:566) ~[na:na]
	at org.apache.catalina.security.SecurityUtil$1.run(SecurityUtil.java:282) ~[tomcat-embed-core-9.0.29.jar:9.0.29]
	at org.apache.catalina.security.SecurityUtil$1.run(SecurityUtil.java:279) ~[tomcat-embed-core-9.0.29.jar:9.0.29]
	at java.base/java.security.AccessController.doPrivileged(Native Method) ~[na:na]
	at java.base/javax.security.auth.Subject.doAsPrivileged(Subject.java:550) ~[na:na]
	at org.apache.catalina.security.SecurityUtil.execute(SecurityUtil.java:314) ~[tomcat-embed-core-9.0.29.jar:9.0.29]
	at org.apache.catalina.security.SecurityUtil.doAsPrivilege(SecurityUtil.java:253) ~[tomcat-embed-core-9.0.29.jar:9.0.29]
	at org.apache.catalina.core.ApplicationFilterChain.internalDoFilter(ApplicationFilterChain.java:191) ~[tomcat-embed-core-9.0.29.jar:9.0.29]
	at org.apache.catalina.core.ApplicationFilterChain.access$000(ApplicationFilterChain.java:47) ~[tomcat-embed-core-9.0.29.jar:9.0.29]
	at org.apache.catalina.core.ApplicationFilterChain$1.run(ApplicationFilterChain.java:149) ~[tomcat-embed-core-9.0.29.jar:9.0.29]
	at org.apache.catalina.core.ApplicationFilterChain$1.run(ApplicationFilterChain.java:145) ~[tomcat-embed-core-9.0.29.jar:9.0.29]
	at java.base/java.security.AccessController.doPrivileged(Native Method) ~[na:na]
	at org.apache.catalina.core.ApplicationFilterChain.doFilter(ApplicationFilterChain.java:144) ~[tomcat-embed-core-9.0.29.jar:9.0.29]
	at org.springframework.boot.actuate.metrics.web.servlet.WebMvcMetricsFilter.doFilterInternal(WebMvcMetricsFilter.java:108) ~[spring-boot-actuator-2.2.2.RELEASE.jar:2.2.2.RELEASE]
	at org.springframework.web.filter.OncePerRequestFilter.doFilter(OncePerRequestFilter.java:119) ~[spring-web-5.2.2.RELEASE.jar:5.2.2.RELEASE]
	at jdk.internal.reflect.GeneratedMethodAccessor55.invoke(Unknown Source) ~[na:na]
	at java.base/jdk.internal.reflect.DelegatingMethodAccessorImpl.invoke(DelegatingMethodAccessorImpl.java:43) ~[na:na]
	at java.base/java.lang.reflect.Method.invoke(Method.java:566) ~[na:na]
	at org.apache.catalina.security.SecurityUtil$1.run(SecurityUtil.java:282) ~[tomcat-embed-core-9.0.29.jar:9.0.29]
	at org.apache.catalina.security.SecurityUtil$1.run(SecurityUtil.java:279) ~[tomcat-embed-core-9.0.29.jar:9.0.29]
	at java.base/java.security.AccessController.doPrivileged(Native Method) ~[na:na]
	at java.base/javax.security.auth.Subject.doAsPrivileged(Subject.java:550) ~[na:na]
	at org.apache.catalina.security.SecurityUtil.execute(SecurityUtil.java:314) ~[tomcat-embed-core-9.0.29.jar:9.0.29]
	at org.apache.catalina.security.SecurityUtil.doAsPrivilege(SecurityUtil.java:253) ~[tomcat-embed-core-9.0.29.jar:9.0.29]
	at org.apache.catalina.core.ApplicationFilterChain.internalDoFilter(ApplicationFilterChain.java:191) ~[tomcat-embed-core-9.0.29.jar:9.0.29]
	at org.apache.catalina.core.ApplicationFilterChain.access$000(ApplicationFilterChain.java:47) ~[tomcat-embed-core-9.0.29.jar:9.0.29]
	at org.apache.catalina.core.ApplicationFilterChain$1.run(ApplicationFilterChain.java:149) ~[tomcat-embed-core-9.0.29.jar:9.0.29]
	at org.apache.catalina.core.ApplicationFilterChain$1.run(ApplicationFilterChain.java:145) ~[tomcat-embed-core-9.0.29.jar:9.0.29]
	at java.base/java.security.AccessController.doPrivileged(Native Method) ~[na:na]
	at org.apache.catalina.core.ApplicationFilterChain.doFilter(ApplicationFilterChain.java:144) ~[tomcat-embed-core-9.0.29.jar:9.0.29]
	at org.springframework.web.filter.CharacterEncodingFilter.doFilterInternal(CharacterEncodingFilter.java:201) ~[spring-web-5.2.2.RELEASE.jar:5.2.2.RELEASE]
	at org.springframework.web.filter.OncePerRequestFilter.doFilter(OncePerRequestFilter.java:119) ~[spring-web-5.2.2.RELEASE.jar:5.2.2.RELEASE]
	at jdk.internal.reflect.GeneratedMethodAccessor55.invoke(Unknown Source) ~[na:na]
	at java.base/jdk.internal.reflect.DelegatingMethodAccessorImpl.invoke(DelegatingMethodAccessorImpl.java:43) ~[na:na]
	at java.base/java.lang.reflect.Method.invoke(Method.java:566) ~[na:na]
	at org.apache.catalina.security.SecurityUtil$1.run(SecurityUtil.java:282) ~[tomcat-embed-core-9.0.29.jar:9.0.29]
	at org.apache.catalina.security.SecurityUtil$1.run(SecurityUtil.java:279) ~[tomcat-embed-core-9.0.29.jar:9.0.29]
	at java.base/java.security.AccessController.doPrivileged(Native Method) ~[na:na]
	at java.base/javax.security.auth.Subject.doAsPrivileged(Subject.java:550) ~[na:na]
	at org.apache.catalina.security.SecurityUtil.execute(SecurityUtil.java:314) ~[tomcat-embed-core-9.0.29.jar:9.0.29]
	at org.apache.catalina.security.SecurityUtil.doAsPrivilege(SecurityUtil.java:253) ~[tomcat-embed-core-9.0.29.jar:9.0.29]
	at org.apache.catalina.core.ApplicationFilterChain.internalDoFilter(ApplicationFilterChain.java:191) ~[tomcat-embed-core-9.0.29.jar:9.0.29]
	at org.apache.catalina.core.ApplicationFilterChain.access$000(ApplicationFilterChain.java:47) ~[tomcat-embed-core-9.0.29.jar:9.0.29]
	at org.apache.catalina.core.ApplicationFilterChain$1.run(ApplicationFilterChain.java:149) ~[tomcat-embed-core-9.0.29.jar:9.0.29]
	at org.apache.catalina.core.ApplicationFilterChain$1.run(ApplicationFilterChain.java:145) ~[tomcat-embed-core-9.0.29.jar:9.0.29]
	at java.base/java.security.AccessController.doPrivileged(Native Method) ~[na:na]
	at org.apache.catalina.core.ApplicationFilterChain.doFilter(ApplicationFilterChain.java:144) ~[tomcat-embed-core-9.0.29.jar:9.0.29]
	at org.apache.catalina.core.StandardWrapperValve.invoke(StandardWrapperValve.java:202) ~[tomcat-embed-core-9.0.29.jar:9.0.29]
	at org.apache.catalina.core.StandardContextValve.invoke(StandardContextValve.java:96) ~[tomcat-embed-core-9.0.29.jar:9.0.29]
	at org.apache.catalina.authenticator.AuthenticatorBase.invoke(AuthenticatorBase.java:526) ~[tomcat-embed-core-9.0.29.jar:9.0.29]
	at org.apache.catalina.core.StandardHostValve.invoke(StandardHostValve.java:139) ~[tomcat-embed-core-9.0.29.jar:9.0.29]
	at org.apache.catalina.valves.ErrorReportValve.invoke(ErrorReportValve.java:92) ~[tomcat-embed-core-9.0.29.jar:9.0.29]
	at org.apache.catalina.core.StandardEngineValve.invoke(StandardEngineValve.java:74) ~[tomcat-embed-core-9.0.29.jar:9.0.29]
	at org.apache.catalina.connector.CoyoteAdapter.service(CoyoteAdapter.java:343) ~[tomcat-embed-core-9.0.29.jar:9.0.29]
	at org.apache.coyote.http11.Http11Processor.service(Http11Processor.java:367) ~[tomcat-embed-core-9.0.29.jar:9.0.29]
	at org.apache.coyote.AbstractProcessorLight.process(AbstractProcessorLight.java:65) ~[tomcat-embed-core-9.0.29.jar:9.0.29]
	at org.apache.coyote.AbstractProtocol$ConnectionHandler.process(AbstractProtocol.java:860) ~[tomcat-embed-core-9.0.29.jar:9.0.29]
	at org.apache.tomcat.util.net.NioEndpoint$SocketProcessor.doRun(NioEndpoint.java:1591) ~[tomcat-embed-core-9.0.29.jar:9.0.29]
	at org.apache.tomcat.util.net.SocketProcessorBase.run(SocketProcessorBase.java:49) ~[tomcat-embed-core-9.0.29.jar:9.0.29]
	at java.base/java.util.concurrent.ThreadPoolExecutor.runWorker(ThreadPoolExecutor.java:1128) ~[na:na]
	at java.base/java.util.concurrent.ThreadPoolExecutor$Worker.run(ThreadPoolExecutor.java:628) ~[na:na]
	at org.apache.tomcat.util.threads.TaskThread$WrappingRunnable.run(TaskThread.java:61) ~[tomcat-embed-core-9.0.29.jar:9.0.29]
	at java.base/java.lang.Thread.run(Thread.java:834) ~[na:na]

Hibernate: SELECT count(*) FROM solved_quizzes
?[1;31m
Start test 190?[0m
Hibernate: select user0_.id as id1_3_, user0_.email as email2_3_, user0_.password as password3_3_ from users user0_ where user0_.email=?
Hibernate: select roles0_.user_id as user_id1_4_0_, roles0_.roles_id as roles_id2_4_0_, role1_.id as id1_1_1_, role1_.name as name2_1_1_ from users_roles roles0_ inner join roles role1_ on roles0_.roles_id=role1_.id where roles0_.user_id=?
Hibernate: SELECT * FROM solved_quizzes WHERE user = ? ORDER BY completed_at DESC limit ?
2021-05-11 22:56:03.108  INFO 2142 --- [io-8889-exec-10] j.r.q.QueryParameterSetter$ErrorHandling : Silently ignoring

java.lang.IllegalArgumentException: Could not locate ordinal parameter [1], expecting one of []
	at org.hibernate.query.internal.ParameterMetadataImpl.getOrdinalParameterDescriptor(ParameterMetadataImpl.java:154) ~[hibernate-core-5.4.9.Final.jar:5.4.9.Final]
	at org.hibernate.query.internal.ParameterMetadataImpl.getQueryParameter(ParameterMetadataImpl.java:204) ~[hibernate-core-5.4.9.Final.jar:5.4.9.Final]
	at org.hibernate.query.internal.QueryParameterBindingsImpl.getBinding(QueryParameterBindingsImpl.java:182) ~[hibernate-core-5.4.9.Final.jar:5.4.9.Final]
	at org.hibernate.query.internal.AbstractProducedQuery.setParameter(AbstractProducedQuery.java:507) ~[hibernate-core-5.4.9.Final.jar:5.4.9.Final]
	at org.hibernate.query.internal.NativeQueryImpl.setParameter(NativeQueryImpl.java:613) ~[hibernate-core-5.4.9.Final.jar:5.4.9.Final]
	at org.hibernate.query.internal.NativeQueryImpl.setParameter(NativeQueryImpl.java:62) ~[hibernate-core-5.4.9.Final.jar:5.4.9.Final]
	at org.springframework.data.jpa.repository.query.QueryParameterSetter$BindableQuery.setParameter(QueryParameterSetter.java:335) ~[spring-data-jpa-2.2.3.RELEASE.jar:2.2.3.RELEASE]
	at org.springframework.data.jpa.repository.query.QueryParameterSetter$NamedOrIndexedQueryParameterSetter.lambda$setParameter$5(QueryParameterSetter.java:128) ~[spring-data-jpa-2.2.3.RELEASE.jar:2.2.3.RELEASE]
	at org.springframework.data.jpa.repository.query.QueryParameterSetter$ErrorHandling$2.execute(QueryParameterSetter.java:151) ~[spring-data-jpa-2.2.3.RELEASE.jar:2.2.3.RELEASE]
	at org.springframework.data.jpa.repository.query.QueryParameterSetter$NamedOrIndexedQueryParameterSetter.setParameter(QueryParameterSetter.java:128) ~[spring-data-jpa-2.2.3.RELEASE.jar:2.2.3.RELEASE]
	at org.springframework.data.jpa.repository.query.ParameterBinder.bind(ParameterBinder.java:82) ~[spring-data-jpa-2.2.3.RELEASE.jar:2.2.3.RELEASE]
	at org.springframework.data.jpa.repository.query.AbstractStringBasedJpaQuery.doCreateCountQuery(AbstractStringBasedJpaQuery.java:122) ~[spring-data-jpa-2.2.3.RELEASE.jar:2.2.3.RELEASE]
	at org.springframework.data.jpa.repository.query.AbstractJpaQuery.createCountQuery(AbstractJpaQuery.java:254) ~[spring-data-jpa-2.2.3.RELEASE.jar:2.2.3.RELEASE]
	at org.springframework.data.jpa.repository.query.JpaQueryExecution$PagedExecution.count(JpaQueryExecution.java:183) ~[spring-data-jpa-2.2.3.RELEASE.jar:2.2.3.RELEASE]
	at org.springframework.data.jpa.repository.query.JpaQueryExecution$PagedExecution.lambda$doExecute$0(JpaQueryExecution.java:178) ~[spring-data-jpa-2.2.3.RELEASE.jar:2.2.3.RELEASE]
	at org.springframework.data.repository.support.PageableExecutionUtils.getPage(PageableExecutionUtils.java:62) ~[spring-data-commons-2.2.3.RELEASE.jar:2.2.3.RELEASE]
	at org.springframework.data.jpa.repository.query.JpaQueryExecution$PagedExecution.doExecute(JpaQueryExecution.java:177) ~[spring-data-jpa-2.2.3.RELEASE.jar:2.2.3.RELEASE]
	at org.springframework.data.jpa.repository.query.JpaQueryExecution.execute(JpaQueryExecution.java:88) ~[spring-data-jpa-2.2.3.RELEASE.jar:2.2.3.RELEASE]
	at org.springframework.data.jpa.repository.query.AbstractJpaQuery.doExecute(AbstractJpaQuery.java:154) ~[spring-data-jpa-2.2.3.RELEASE.jar:2.2.3.RELEASE]
	at org.springframework.data.jpa.repository.query.AbstractJpaQuery.execute(AbstractJpaQuery.java:142) ~[spring-data-jpa-2.2.3.RELEASE.jar:2.2.3.RELEASE]
	at org.springframework.data.repository.core.support.RepositoryFactorySupport$QueryExecutorMethodInterceptor.doInvoke(RepositoryFactorySupport.java:618) ~[spring-data-commons-2.2.3.RELEASE.jar:2.2.3.RELEASE]
	at org.springframework.data.repository.core.support.RepositoryFactorySupport$QueryExecutorMethodInterceptor.invoke(RepositoryFactorySupport.java:605) ~[spring-data-commons-2.2.3.RELEASE.jar:2.2.3.RELEASE]
	at org.springframework.aop.framework.ReflectiveMethodInvocation.proceed(ReflectiveMethodInvocation.java:186) ~[spring-aop-5.2.2.RELEASE.jar:5.2.2.RELEASE]
	at org.springframework.transaction.interceptor.TransactionAspectSupport.invokeWithinTransaction(TransactionAspectSupport.java:366) ~[spring-tx-5.2.2.RELEASE.jar:5.2.2.RELEASE]
	at org.springframework.transaction.interceptor.TransactionInterceptor.invoke(TransactionInterceptor.java:99) ~[spring-tx-5.2.2.RELEASE.jar:5.2.2.RELEASE]
	at org.springframework.aop.framework.ReflectiveMethodInvocation.proceed(ReflectiveMethodInvocation.java:186) ~[spring-aop-5.2.2.RELEASE.jar:5.2.2.RELEASE]
	at org.springframework.dao.support.PersistenceExceptionTranslationInterceptor.invoke(PersistenceExceptionTranslationInterceptor.java:139) ~[spring-tx-5.2.2.RELEASE.jar:5.2.2.RELEASE]
	at org.springframework.aop.framework.ReflectiveMethodInvocation.proceed(ReflectiveMethodInvocation.java:186) ~[spring-aop-5.2.2.RELEASE.jar:5.2.2.RELEASE]
	at org.springframework.data.jpa.repository.support.CrudMethodMetadataPostProcessor$CrudMethodMetadataPopulatingMethodInterceptor.invoke(CrudMethodMetadataPostProcessor.java:149) ~[spring-data-jpa-2.2.3.RELEASE.jar:2.2.3.RELEASE]
	at org.springframework.aop.framework.ReflectiveMethodInvocation.proceed(ReflectiveMethodInvocation.java:186) ~[spring-aop-5.2.2.RELEASE.jar:5.2.2.RELEASE]
	at org.springframework.aop.interceptor.ExposeInvocationInterceptor.invoke(ExposeInvocationInterceptor.java:93) ~[spring-aop-5.2.2.RELEASE.jar:5.2.2.RELEASE]
	at org.springframework.aop.framework.ReflectiveMethodInvocation.proceed(ReflectiveMethodInvocation.java:186) ~[spring-aop-5.2.2.RELEASE.jar:5.2.2.RELEASE]
	at org.springframework.aop.framework.JdkDynamicAopProxy.invoke(JdkDynamicAopProxy.java:212) ~[spring-aop-5.2.2.RELEASE.jar:5.2.2.RELEASE]
	at com.sun.proxy.$Proxy137.findSolvedQuizzesByUser(Unknown Source) ~[na:na]
	at engine.QuizService.getSolvedQuizzes(QuizService.java:24) ~[main/:na]
	at engine.QuizController.getSolvedQuizzes(QuizController.java:131) ~[main/:na]
	at jdk.internal.reflect.GeneratedMethodAccessor121.invoke(Unknown Source) ~[na:na]
	at java.base/jdk.internal.reflect.DelegatingMethodAccessorImpl.invoke(DelegatingMethodAccessorImpl.java:43) ~[na:na]
	at java.base/java.lang.reflect.Method.invoke(Method.java:566) ~[na:na]
	at org.springframework.web.method.support.InvocableHandlerMethod.doInvoke(InvocableHandlerMethod.java:190) ~[spring-web-5.2.2.RELEASE.jar:5.2.2.RELEASE]
	at org.springframework.web.method.support.InvocableHandlerMethod.invokeForRequest(InvocableHandlerMethod.java:138) ~[spring-web-5.2.2.RELEASE.jar:5.2.2.RELEASE]
	at org.springframework.web.servlet.mvc.method.annotation.ServletInvocableHandlerMethod.invokeAndHandle(ServletInvocableHandlerMethod.java:106) ~[spring-webmvc-5.2.2.RELEASE.jar:5.2.2.RELEASE]
	at org.springframework.web.servlet.mvc.method.annotation.RequestMappingHandlerAdapter.invokeHandlerMethod(RequestMappingHandlerAdapter.java:888) ~[spring-webmvc-5.2.2.RELEASE.jar:5.2.2.RELEASE]
	at org.springframework.web.servlet.mvc.method.annotation.RequestMappingHandlerAdapter.handleInternal(RequestMappingHandlerAdapter.java:793) ~[spring-webmvc-5.2.2.RELEASE.jar:5.2.2.RELEASE]
	at org.springframework.web.servlet.mvc.method.AbstractHandlerMethodAdapter.handle(AbstractHandlerMethodAdapter.java:87) ~[spring-webmvc-5.2.2.RELEASE.jar:5.2.2.RELEASE]
	at org.springframework.web.servlet.DispatcherServlet.doDispatch(DispatcherServlet.java:1040) ~[spring-webmvc-5.2.2.RELEASE.jar:5.2.2.RELEASE]
	at org.springframework.web.servlet.DispatcherServlet.doService(DispatcherServlet.java:943) ~[spring-webmvc-5.2.2.RELEASE.jar:5.2.2.RELEASE]
	at org.springframework.web.servlet.FrameworkServlet.processRequest(FrameworkServlet.java:1006) ~[spring-webmvc-5.2.2.RELEASE.jar:5.2.2.RELEASE]
	at org.springframework.web.servlet.FrameworkServlet.doGet(FrameworkServlet.java:898) ~[spring-webmvc-5.2.2.RELEASE.jar:5.2.2.RELEASE]
	at javax.servlet.http.HttpServlet.service(HttpServlet.java:634) ~[tomcat-embed-core-9.0.29.jar:9.0.29]
	at org.springframework.web.servlet.FrameworkServlet.service(FrameworkServlet.java:883) ~[spring-webmvc-5.2.2.RELEASE.jar:5.2.2.RELEASE]
	at javax.servlet.http.HttpServlet.service(HttpServlet.java:741) ~[tomcat-embed-core-9.0.29.jar:9.0.29]
	at jdk.internal.reflect.GeneratedMethodAccessor59.invoke(Unknown Source) ~[na:na]
	at java.base/jdk.internal.reflect.DelegatingMethodAccessorImpl.invoke(DelegatingMethodAccessorImpl.java:43) ~[na:na]
	at java.base/java.lang.reflect.Method.invoke(Method.java:566) ~[na:na]
	at org.apache.catalina.security.SecurityUtil$1.run(SecurityUtil.java:282) ~[tomcat-embed-core-9.0.29.jar:9.0.29]
	at org.apache.catalina.security.SecurityUtil$1.run(SecurityUtil.java:279) ~[tomcat-embed-core-9.0.29.jar:9.0.29]
	at java.base/java.security.AccessController.doPrivileged(Native Method) ~[na:na]
	at java.base/javax.security.auth.Subject.doAsPrivileged(Subject.java:550) ~[na:na]
	at org.apache.catalina.security.SecurityUtil.execute(SecurityUtil.java:314) ~[tomcat-embed-core-9.0.29.jar:9.0.29]
	at org.apache.catalina.security.SecurityUtil.doAsPrivilege(SecurityUtil.java:170) ~[tomcat-embed-core-9.0.29.jar:9.0.29]
	at org.apache.catalina.core.ApplicationFilterChain.internalDoFilter(ApplicationFilterChain.java:225) ~[tomcat-embed-core-9.0.29.jar:9.0.29]
	at org.apache.catalina.core.ApplicationFilterChain.access$000(ApplicationFilterChain.java:47) ~[tomcat-embed-core-9.0.29.jar:9.0.29]
	at org.apache.catalina.core.ApplicationFilterChain$1.run(ApplicationFilterChain.java:149) ~[tomcat-embed-core-9.0.29.jar:9.0.29]
	at org.apache.catalina.core.ApplicationFilterChain$1.run(ApplicationFilterChain.java:145) ~[tomcat-embed-core-9.0.29.jar:9.0.29]
	at java.base/java.security.AccessController.doPrivileged(Native Method) ~[na:na]
	at org.apache.catalina.core.ApplicationFilterChain.doFilter(ApplicationFilterChain.java:144) ~[tomcat-embed-core-9.0.29.jar:9.0.29]
	at org.apache.tomcat.websocket.server.WsFilter.doFilter(WsFilter.java:53) ~[tomcat-embed-websocket-9.0.29.jar:9.0.29]
	at jdk.internal.reflect.GeneratedMethodAccessor55.invoke(Unknown Source) ~[na:na]
	at java.base/jdk.internal.reflect.DelegatingMethodAccessorImpl.invoke(DelegatingMethodAccessorImpl.java:43) ~[na:na]
	at java.base/java.lang.reflect.Method.invoke(Method.java:566) ~[na:na]
	at org.apache.catalina.security.SecurityUtil$1.run(SecurityUtil.java:282) ~[tomcat-embed-core-9.0.29.jar:9.0.29]
	at org.apache.catalina.security.SecurityUtil$1.run(SecurityUtil.java:279) ~[tomcat-embed-core-9.0.29.jar:9.0.29]
	at java.base/java.security.AccessController.doPrivileged(Native Method) ~[na:na]
	at java.base/javax.security.auth.Subject.doAsPrivileged(Subject.java:550) ~[na:na]
	at org.apache.catalina.security.SecurityUtil.execute(SecurityUtil.java:314) ~[tomcat-embed-core-9.0.29.jar:9.0.29]
	at org.apache.catalina.security.SecurityUtil.doAsPrivilege(SecurityUtil.java:253) ~[tomcat-embed-core-9.0.29.jar:9.0.29]
	at org.apache.catalina.core.ApplicationFilterChain.internalDoFilter(ApplicationFilterChain.java:191) ~[tomcat-embed-core-9.0.29.jar:9.0.29]
	at org.apache.catalina.core.ApplicationFilterChain.access$000(ApplicationFilterChain.java:47) ~[tomcat-embed-core-9.0.29.jar:9.0.29]
	at org.apache.catalina.core.ApplicationFilterChain$1.run(ApplicationFilterChain.java:149) ~[tomcat-embed-core-9.0.29.jar:9.0.29]
	at org.apache.catalina.core.ApplicationFilterChain$1.run(ApplicationFilterChain.java:145) ~[tomcat-embed-core-9.0.29.jar:9.0.29]
	at java.base/java.security.AccessController.doPrivileged(Native Method) ~[na:na]
	at org.apache.catalina.core.ApplicationFilterChain.doFilter(ApplicationFilterChain.java:144) ~[tomcat-embed-core-9.0.29.jar:9.0.29]
	at org.springframework.security.web.FilterChainProxy$VirtualFilterChain.doFilter(FilterChainProxy.java:320) ~[spring-security-web-5.2.1.RELEASE.jar:5.2.1.RELEASE]
	at org.springframework.security.web.access.intercept.FilterSecurityInterceptor.invoke(FilterSecurityInterceptor.java:126) ~[spring-security-web-5.2.1.RELEASE.jar:5.2.1.RELEASE]
	at org.springframework.security.web.access.intercept.FilterSecurityInterceptor.doFilter(FilterSecurityInterceptor.java:90) ~[spring-security-web-5.2.1.RELEASE.jar:5.2.1.RELEASE]
	at org.springframework.security.web.FilterChainProxy$VirtualFilterChain.doFilter(FilterChainProxy.java:334) ~[spring-security-web-5.2.1.RELEASE.jar:5.2.1.RELEASE]
	at org.springframework.security.web.access.ExceptionTranslationFilter.doFilter(ExceptionTranslationFilter.java:118) ~[spring-security-web-5.2.1.RELEASE.jar:5.2.1.RELEASE]
	at org.springframework.security.web.FilterChainProxy$VirtualFilterChain.doFilter(FilterChainProxy.java:334) ~[spring-security-web-5.2.1.RELEASE.jar:5.2.1.RELEASE]
	at org.springframework.security.web.authentication.AnonymousAuthenticationFilter.doFilter(AnonymousAuthenticationFilter.java:111) ~[spring-security-web-5.2.1.RELEASE.jar:5.2.1.RELEASE]
	at org.springframework.security.web.FilterChainProxy$VirtualFilterChain.doFilter(FilterChainProxy.java:334) ~[spring-security-web-5.2.1.RELEASE.jar:5.2.1.RELEASE]
	at org.springframework.security.web.servletapi.SecurityContextHolderAwareRequestFilter.doFilter(SecurityContextHolderAwareRequestFilter.java:158) ~[spring-security-web-5.2.1.RELEASE.jar:5.2.1.RELEASE]
	at org.springframework.security.web.FilterChainProxy$VirtualFilterChain.doFilter(FilterChainProxy.java:334) ~[spring-security-web-5.2.1.RELEASE.jar:5.2.1.RELEASE]
	at org.springframework.security.web.savedrequest.RequestCacheAwareFilter.doFilter(RequestCacheAwareFilter.java:63) ~[spring-security-web-5.2.1.RELEASE.jar:5.2.1.RELEASE]
	at org.springframework.security.web.FilterChainProxy$VirtualFilterChain.doFilter(FilterChainProxy.java:334) ~[spring-security-web-5.2.1.RELEASE.jar:5.2.1.RELEASE]
	at org.springframework.security.web.authentication.www.BasicAuthenticationFilter.doFilterInternal(BasicAuthenticationFilter.java:203) ~[spring-security-web-5.2.1.RELEASE.jar:5.2.1.RELEASE]
	at org.springframework.web.filter.OncePerRequestFilter.doFilter(OncePerRequestFilter.java:119) ~[spring-web-5.2.2.RELEASE.jar:5.2.2.RELEASE]
	at org.springframework.security.web.FilterChainProxy$VirtualFilterChain.doFilter(FilterChainProxy.java:334) ~[spring-security-web-5.2.1.RELEASE.jar:5.2.1.RELEASE]
	at org.springframework.security.web.authentication.logout.LogoutFilter.doFilter(LogoutFilter.java:116) ~[spring-security-web-5.2.1.RELEASE.jar:5.2.1.RELEASE]
	at org.springframework.security.web.FilterChainProxy$VirtualFilterChain.doFilter(FilterChainProxy.java:334) ~[spring-security-web-5.2.1.RELEASE.jar:5.2.1.RELEASE]
	at org.springframework.security.web.header.HeaderWriterFilter.doHeadersAfter(HeaderWriterFilter.java:92) ~[spring-security-web-5.2.1.RELEASE.jar:5.2.1.RELEASE]
	at org.springframework.security.web.header.HeaderWriterFilter.doFilterInternal(HeaderWriterFilter.java:77) ~[spring-security-web-5.2.1.RELEASE.jar:5.2.1.RELEASE]
	at org.springframework.web.filter.OncePerRequestFilter.doFilter(OncePerRequestFilter.java:119) ~[spring-web-5.2.2.RELEASE.jar:5.2.2.RELEASE]
	at org.springframework.security.web.FilterChainProxy$VirtualFilterChain.doFilter(FilterChainProxy.java:334) ~[spring-security-web-5.2.1.RELEASE.jar:5.2.1.RELEASE]
	at org.springframework.security.web.context.SecurityContextPersistenceFilter.doFilter(SecurityContextPersistenceFilter.java:105) ~[spring-security-web-5.2.1.RELEASE.jar:5.2.1.RELEASE]
	at org.springframework.security.web.FilterChainProxy$VirtualFilterChain.doFilter(FilterChainProxy.java:334) ~[spring-security-web-5.2.1.RELEASE.jar:5.2.1.RELEASE]
	at org.springframework.security.web.context.request.async.WebAsyncManagerIntegrationFilter.doFilterInternal(WebAsyncManagerIntegrationFilter.java:56) ~[spring-security-web-5.2.1.RELEASE.jar:5.2.1.RELEASE]
	at org.springframework.web.filter.OncePerRequestFilter.doFilter(OncePerRequestFilter.java:119) ~[spring-web-5.2.2.RELEASE.jar:5.2.2.RELEASE]
	at org.springframework.security.web.FilterChainProxy$VirtualFilterChain.doFilter(FilterChainProxy.java:334) ~[spring-security-web-5.2.1.RELEASE.jar:5.2.1.RELEASE]
	at org.springframework.security.web.FilterChainProxy.doFilterInternal(FilterChainProxy.java:215) ~[spring-security-web-5.2.1.RELEASE.jar:5.2.1.RELEASE]
	at org.springframework.security.web.FilterChainProxy.doFilter(FilterChainProxy.java:178) ~[spring-security-web-5.2.1.RELEASE.jar:5.2.1.RELEASE]
	at org.springframework.web.filter.DelegatingFilterProxy.invokeDelegate(DelegatingFilterProxy.java:358) ~[spring-web-5.2.2.RELEASE.jar:5.2.2.RELEASE]
	at org.springframework.web.filter.DelegatingFilterProxy.doFilter(DelegatingFilterProxy.java:271) ~[spring-web-5.2.2.RELEASE.jar:5.2.2.RELEASE]
	at jdk.internal.reflect.GeneratedMethodAccessor55.invoke(Unknown Source) ~[na:na]
	at java.base/jdk.internal.reflect.DelegatingMethodAccessorImpl.invoke(DelegatingMethodAccessorImpl.java:43) ~[na:na]
	at java.base/java.lang.reflect.Method.invoke(Method.java:566) ~[na:na]
	at org.apache.catalina.security.SecurityUtil$1.run(SecurityUtil.java:282) ~[tomcat-embed-core-9.0.29.jar:9.0.29]
	at org.apache.catalina.security.SecurityUtil$1.run(SecurityUtil.java:279) ~[tomcat-embed-core-9.0.29.jar:9.0.29]
	at java.base/java.security.AccessController.doPrivileged(Native Method) ~[na:na]
	at java.base/javax.security.auth.Subject.doAsPrivileged(Subject.java:550) ~[na:na]
	at org.apache.catalina.security.SecurityUtil.execute(SecurityUtil.java:314) ~[tomcat-embed-core-9.0.29.jar:9.0.29]
	at org.apache.catalina.security.SecurityUtil.doAsPrivilege(SecurityUtil.java:253) ~[tomcat-embed-core-9.0.29.jar:9.0.29]
	at org.apache.catalina.core.ApplicationFilterChain.internalDoFilter(ApplicationFilterChain.java:191) ~[tomcat-embed-core-9.0.29.jar:9.0.29]
	at org.apache.catalina.core.ApplicationFilterChain.access$000(ApplicationFilterChain.java:47) ~[tomcat-embed-core-9.0.29.jar:9.0.29]
	at org.apache.catalina.core.ApplicationFilterChain$1.run(ApplicationFilterChain.java:149) ~[tomcat-embed-core-9.0.29.jar:9.0.29]
	at org.apache.catalina.core.ApplicationFilterChain$1.run(ApplicationFilterChain.java:145) ~[tomcat-embed-core-9.0.29.jar:9.0.29]
	at java.base/java.security.AccessController.doPrivileged(Native Method) ~[na:na]
	at org.apache.catalina.core.ApplicationFilterChain.doFilter(ApplicationFilterChain.java:144) ~[tomcat-embed-core-9.0.29.jar:9.0.29]
	at org.springframework.web.filter.RequestContextFilter.doFilterInternal(RequestContextFilter.java:100) ~[spring-web-5.2.2.RELEASE.jar:5.2.2.RELEASE]
	at org.springframework.web.filter.OncePerRequestFilter.doFilter(OncePerRequestFilter.java:119) ~[spring-web-5.2.2.RELEASE.jar:5.2.2.RELEASE]
	at jdk.internal.reflect.GeneratedMethodAccessor55.invoke(Unknown Source) ~[na:na]
	at java.base/jdk.internal.reflect.DelegatingMethodAccessorImpl.invoke(DelegatingMethodAccessorImpl.java:43) ~[na:na]
	at java.base/java.lang.reflect.Method.invoke(Method.java:566) ~[na:na]
	at org.apache.catalina.security.SecurityUtil$1.run(SecurityUtil.java:282) ~[tomcat-embed-core-9.0.29.jar:9.0.29]
	at org.apache.catalina.security.SecurityUtil$1.run(SecurityUtil.java:279) ~[tomcat-embed-core-9.0.29.jar:9.0.29]
	at java.base/java.security.AccessController.doPrivileged(Native Method) ~[na:na]
	at java.base/javax.security.auth.Subject.doAsPrivileged(Subject.java:550) ~[na:na]
	at org.apache.catalina.security.SecurityUtil.execute(SecurityUtil.java:314) ~[tomcat-embed-core-9.0.29.jar:9.0.29]
	at org.apache.catalina.security.SecurityUtil.doAsPrivilege(SecurityUtil.java:253) ~[tomcat-embed-core-9.0.29.jar:9.0.29]
	at org.apache.catalina.core.ApplicationFilterChain.internalDoFilter(ApplicationFilterChain.java:191) ~[tomcat-embed-core-9.0.29.jar:9.0.29]
	at org.apache.catalina.core.ApplicationFilterChain.access$000(ApplicationFilterChain.java:47) ~[tomcat-embed-core-9.0.29.jar:9.0.29]
	at org.apache.catalina.core.ApplicationFilterChain$1.run(ApplicationFilterChain.java:149) ~[tomcat-embed-core-9.0.29.jar:9.0.29]
	at org.apache.catalina.core.ApplicationFilterChain$1.run(ApplicationFilterChain.java:145) ~[tomcat-embed-core-9.0.29.jar:9.0.29]
	at java.base/java.security.AccessController.doPrivileged(Native Method) ~[na:na]
	at org.apache.catalina.core.ApplicationFilterChain.doFilter(ApplicationFilterChain.java:144) ~[tomcat-embed-core-9.0.29.jar:9.0.29]
	at org.springframework.web.filter.FormContentFilter.doFilterInternal(FormContentFilter.java:93) ~[spring-web-5.2.2.RELEASE.jar:5.2.2.RELEASE]
	at org.springframework.web.filter.OncePerRequestFilter.doFilter(OncePerRequestFilter.java:119) ~[spring-web-5.2.2.RELEASE.jar:5.2.2.RELEASE]
	at jdk.internal.reflect.GeneratedMethodAccessor55.invoke(Unknown Source) ~[na:na]
	at java.base/jdk.internal.reflect.DelegatingMethodAccessorImpl.invoke(DelegatingMethodAccessorImpl.java:43) ~[na:na]
	at java.base/java.lang.reflect.Method.invoke(Method.java:566) ~[na:na]
	at org.apache.catalina.security.SecurityUtil$1.run(SecurityUtil.java:282) ~[tomcat-embed-core-9.0.29.jar:9.0.29]
	at org.apache.catalina.security.SecurityUtil$1.run(SecurityUtil.java:279) ~[tomcat-embed-core-9.0.29.jar:9.0.29]
	at java.base/java.security.AccessController.doPrivileged(Native Method) ~[na:na]
	at java.base/javax.security.auth.Subject.doAsPrivileged(Subject.java:550) ~[na:na]
	at org.apache.catalina.security.SecurityUtil.execute(SecurityUtil.java:314) ~[tomcat-embed-core-9.0.29.jar:9.0.29]
	at org.apache.catalina.security.SecurityUtil.doAsPrivilege(SecurityUtil.java:253) ~[tomcat-embed-core-9.0.29.jar:9.0.29]
	at org.apache.catalina.core.ApplicationFilterChain.internalDoFilter(ApplicationFilterChain.java:191) ~[tomcat-embed-core-9.0.29.jar:9.0.29]
	at org.apache.catalina.core.ApplicationFilterChain.access$000(ApplicationFilterChain.java:47) ~[tomcat-embed-core-9.0.29.jar:9.0.29]
	at org.apache.catalina.core.ApplicationFilterChain$1.run(ApplicationFilterChain.java:149) ~[tomcat-embed-core-9.0.29.jar:9.0.29]
	at org.apache.catalina.core.ApplicationFilterChain$1.run(ApplicationFilterChain.java:145) ~[tomcat-embed-core-9.0.29.jar:9.0.29]
	at java.base/java.security.AccessController.doPrivileged(Native Method) ~[na:na]
	at org.apache.catalina.core.ApplicationFilterChain.doFilter(ApplicationFilterChain.java:144) ~[tomcat-embed-core-9.0.29.jar:9.0.29]
	at org.springframework.boot.actuate.metrics.web.servlet.WebMvcMetricsFilter.doFilterInternal(WebMvcMetricsFilter.java:108) ~[spring-boot-actuator-2.2.2.RELEASE.jar:2.2.2.RELEASE]
	at org.springframework.web.filter.OncePerRequestFilter.doFilter(OncePerRequestFilter.java:119) ~[spring-web-5.2.2.RELEASE.jar:5.2.2.RELEASE]
	at jdk.internal.reflect.GeneratedMethodAccessor55.invoke(Unknown Source) ~[na:na]
	at java.base/jdk.internal.reflect.DelegatingMethodAccessorImpl.invoke(DelegatingMethodAccessorImpl.java:43) ~[na:na]
	at java.base/java.lang.reflect.Method.invoke(Method.java:566) ~[na:na]
	at org.apache.catalina.security.SecurityUtil$1.run(SecurityUtil.java:282) ~[tomcat-embed-core-9.0.29.jar:9.0.29]
	at org.apache.catalina.security.SecurityUtil$1.run(SecurityUtil.java:279) ~[tomcat-embed-core-9.0.29.jar:9.0.29]
	at java.base/java.security.AccessController.doPrivileged(Native Method) ~[na:na]
	at java.base/javax.security.auth.Subject.doAsPrivileged(Subject.java:550) ~[na:na]
	at org.apache.catalina.security.SecurityUtil.execute(SecurityUtil.java:314) ~[tomcat-embed-core-9.0.29.jar:9.0.29]
	at org.apache.catalina.security.SecurityUtil.doAsPrivilege(SecurityUtil.java:253) ~[tomcat-embed-core-9.0.29.jar:9.0.29]
	at org.apache.catalina.core.ApplicationFilterChain.internalDoFilter(ApplicationFilterChain.java:191) ~[tomcat-embed-core-9.0.29.jar:9.0.29]
	at org.apache.catalina.core.ApplicationFilterChain.access$000(ApplicationFilterChain.java:47) ~[tomcat-embed-core-9.0.29.jar:9.0.29]
	at org.apache.catalina.core.ApplicationFilterChain$1.run(ApplicationFilterChain.java:149) ~[tomcat-embed-core-9.0.29.jar:9.0.29]
	at org.apache.catalina.core.ApplicationFilterChain$1.run(ApplicationFilterChain.java:145) ~[tomcat-embed-core-9.0.29.jar:9.0.29]
	at java.base/java.security.AccessController.doPrivileged(Native Method) ~[na:na]
	at org.apache.catalina.core.ApplicationFilterChain.doFilter(ApplicationFilterChain.java:144) ~[tomcat-embed-core-9.0.29.jar:9.0.29]
	at org.springframework.web.filter.CharacterEncodingFilter.doFilterInternal(CharacterEncodingFilter.java:201) ~[spring-web-5.2.2.RELEASE.jar:5.2.2.RELEASE]
	at org.springframework.web.filter.OncePerRequestFilter.doFilter(OncePerRequestFilter.java:119) ~[spring-web-5.2.2.RELEASE.jar:5.2.2.RELEASE]
	at jdk.internal.reflect.GeneratedMethodAccessor55.invoke(Unknown Source) ~[na:na]
	at java.base/jdk.internal.reflect.DelegatingMethodAccessorImpl.invoke(DelegatingMethodAccessorImpl.java:43) ~[na:na]
	at java.base/java.lang.reflect.Method.invoke(Method.java:566) ~[na:na]
	at org.apache.catalina.security.SecurityUtil$1.run(SecurityUtil.java:282) ~[tomcat-embed-core-9.0.29.jar:9.0.29]
	at org.apache.catalina.security.SecurityUtil$1.run(SecurityUtil.java:279) ~[tomcat-embed-core-9.0.29.jar:9.0.29]
	at java.base/java.security.AccessController.doPrivileged(Native Method) ~[na:na]
	at java.base/javax.security.auth.Subject.doAsPrivileged(Subject.java:550) ~[na:na]
	at org.apache.catalina.security.SecurityUtil.execute(SecurityUtil.java:314) ~[tomcat-embed-core-9.0.29.jar:9.0.29]
	at org.apache.catalina.security.SecurityUtil.doAsPrivilege(SecurityUtil.java:253) ~[tomcat-embed-core-9.0.29.jar:9.0.29]
	at org.apache.catalina.core.ApplicationFilterChain.internalDoFilter(ApplicationFilterChain.java:191) ~[tomcat-embed-core-9.0.29.jar:9.0.29]
	at org.apache.catalina.core.ApplicationFilterChain.access$000(ApplicationFilterChain.java:47) ~[tomcat-embed-core-9.0.29.jar:9.0.29]
	at org.apache.catalina.core.ApplicationFilterChain$1.run(ApplicationFilterChain.java:149) ~[tomcat-embed-core-9.0.29.jar:9.0.29]
	at org.apache.catalina.core.ApplicationFilterChain$1.run(ApplicationFilterChain.java:145) ~[tomcat-embed-core-9.0.29.jar:9.0.29]
	at java.base/java.security.AccessController.doPrivileged(Native Method) ~[na:na]
	at org.apache.catalina.core.ApplicationFilterChain.doFilter(ApplicationFilterChain.java:144) ~[tomcat-embed-core-9.0.29.jar:9.0.29]
	at org.apache.catalina.core.StandardWrapperValve.invoke(StandardWrapperValve.java:202) ~[tomcat-embed-core-9.0.29.jar:9.0.29]
	at org.apache.catalina.core.StandardContextValve.invoke(StandardContextValve.java:96) ~[tomcat-embed-core-9.0.29.jar:9.0.29]
	at org.apache.catalina.authenticator.AuthenticatorBase.invoke(AuthenticatorBase.java:526) ~[tomcat-embed-core-9.0.29.jar:9.0.29]
	at org.apache.catalina.core.StandardHostValve.invoke(StandardHostValve.java:139) ~[tomcat-embed-core-9.0.29.jar:9.0.29]
	at org.apache.catalina.valves.ErrorReportValve.invoke(ErrorReportValve.java:92) ~[tomcat-embed-core-9.0.29.jar:9.0.29]
	at org.apache.catalina.core.StandardEngineValve.invoke(StandardEngineValve.java:74) ~[tomcat-embed-core-9.0.29.jar:9.0.29]
	at org.apache.catalina.connector.CoyoteAdapter.service(CoyoteAdapter.java:343) ~[tomcat-embed-core-9.0.29.jar:9.0.29]
	at org.apache.coyote.http11.Http11Processor.service(Http11Processor.java:367) ~[tomcat-embed-core-9.0.29.jar:9.0.29]
	at org.apache.coyote.AbstractProcessorLight.process(AbstractProcessorLight.java:65) ~[tomcat-embed-core-9.0.29.jar:9.0.29]
	at org.apache.coyote.AbstractProtocol$ConnectionHandler.process(AbstractProtocol.java:860) ~[tomcat-embed-core-9.0.29.jar:9.0.29]
	at org.apache.tomcat.util.net.NioEndpoint$SocketProcessor.doRun(NioEndpoint.java:1591) ~[tomcat-embed-core-9.0.29.jar:9.0.29]
	at org.apache.tomcat.util.net.SocketProcessorBase.run(SocketProcessorBase.java:49) ~[tomcat-embed-core-9.0.29.jar:9.0.29]
	at java.base/java.util.concurrent.ThreadPoolExecutor.runWorker(ThreadPoolExecutor.java:1128) ~[na:na]
	at java.base/java.util.concurrent.ThreadPoolExecutor$Worker.run(ThreadPoolExecutor.java:628) ~[na:na]
	at org.apache.tomcat.util.threads.TaskThread$WrappingRunnable.run(TaskThread.java:61) ~[tomcat-embed-core-9.0.29.jar:9.0.29]
	at java.base/java.lang.Thread.run(Thread.java:834) ~[na:na]

Hibernate: SELECT count(*) FROM solved_quizzes
?[1;31m
Start test 191?[0m
Hibernate: select user0_.id as id1_3_, user0_.email as email2_3_, user0_.password as password3_3_ from users user0_ where user0_.email=?
Hibernate: select roles0_.user_id as user_id1_4_0_, roles0_.roles_id as roles_id2_4_0_, role1_.id as id1_1_1_, role1_.name as name2_1_1_ from users_roles roles0_ inner join roles role1_ on roles0_.roles_id=role1_.id where roles0_.user_id=?
Hibernate: SELECT * FROM solved_quizzes WHERE user = ? ORDER BY completed_at DESC limit ?
2021-05-11 22:56:03.257  INFO 2142 --- [nio-8889-exec-6] j.r.q.QueryParameterSetter$ErrorHandling : Silently ignoring

java.lang.IllegalArgumentException: Could not locate ordinal parameter [1], expecting one of []
	at org.hibernate.query.internal.ParameterMetadataImpl.getOrdinalParameterDescriptor(ParameterMetadataImpl.java:154) ~[hibernate-core-5.4.9.Final.jar:5.4.9.Final]
	at org.hibernate.query.internal.ParameterMetadataImpl.getQueryParameter(ParameterMetadataImpl.java:204) ~[hibernate-core-5.4.9.Final.jar:5.4.9.Final]
	at org.hibernate.query.internal.QueryParameterBindingsImpl.getBinding(QueryParameterBindingsImpl.java:182) ~[hibernate-core-5.4.9.Final.jar:5.4.9.Final]
	at org.hibernate.query.internal.AbstractProducedQuery.setParameter(AbstractProducedQuery.java:507) ~[hibernate-core-5.4.9.Final.jar:5.4.9.Final]
	at org.hibernate.query.internal.NativeQueryImpl.setParameter(NativeQueryImpl.java:613) ~[hibernate-core-5.4.9.Final.jar:5.4.9.Final]
	at org.hibernate.query.internal.NativeQueryImpl.setParameter(NativeQueryImpl.java:62) ~[hibernate-core-5.4.9.Final.jar:5.4.9.Final]
	at org.springframework.data.jpa.repository.query.QueryParameterSetter$BindableQuery.setParameter(QueryParameterSetter.java:335) ~[spring-data-jpa-2.2.3.RELEASE.jar:2.2.3.RELEASE]
	at org.springframework.data.jpa.repository.query.QueryParameterSetter$NamedOrIndexedQueryParameterSetter.lambda$setParameter$5(QueryParameterSetter.java:128) ~[spring-data-jpa-2.2.3.RELEASE.jar:2.2.3.RELEASE]
	at org.springframework.data.jpa.repository.query.QueryParameterSetter$ErrorHandling$2.execute(QueryParameterSetter.java:151) ~[spring-data-jpa-2.2.3.RELEASE.jar:2.2.3.RELEASE]
	at org.springframework.data.jpa.repository.query.QueryParameterSetter$NamedOrIndexedQueryParameterSetter.setParameter(QueryParameterSetter.java:128) ~[spring-data-jpa-2.2.3.RELEASE.jar:2.2.3.RELEASE]
	at org.springframework.data.jpa.repository.query.ParameterBinder.bind(ParameterBinder.java:82) ~[spring-data-jpa-2.2.3.RELEASE.jar:2.2.3.RELEASE]
	at org.springframework.data.jpa.repository.query.AbstractStringBasedJpaQuery.doCreateCountQuery(AbstractStringBasedJpaQuery.java:122) ~[spring-data-jpa-2.2.3.RELEASE.jar:2.2.3.RELEASE]
	at org.springframework.data.jpa.repository.query.AbstractJpaQuery.createCountQuery(AbstractJpaQuery.java:254) ~[spring-data-jpa-2.2.3.RELEASE.jar:2.2.3.RELEASE]
	at org.springframework.data.jpa.repository.query.JpaQueryExecution$PagedExecution.count(JpaQueryExecution.java:183) ~[spring-data-jpa-2.2.3.RELEASE.jar:2.2.3.RELEASE]
	at org.springframework.data.jpa.repository.query.JpaQueryExecution$PagedExecution.lambda$doExecute$0(JpaQueryExecution.java:178) ~[spring-data-jpa-2.2.3.RELEASE.jar:2.2.3.RELEASE]
	at org.springframework.data.repository.support.PageableExecutionUtils.getPage(PageableExecutionUtils.java:62) ~[spring-data-commons-2.2.3.RELEASE.jar:2.2.3.RELEASE]
	at org.springframework.data.jpa.repository.query.JpaQueryExecution$PagedExecution.doExecute(JpaQueryExecution.java:177) ~[spring-data-jpa-2.2.3.RELEASE.jar:2.2.3.RELEASE]
	at org.springframework.data.jpa.repository.query.JpaQueryExecution.execute(JpaQueryExecution.java:88) ~[spring-data-jpa-2.2.3.RELEASE.jar:2.2.3.RELEASE]
	at org.springframework.data.jpa.repository.query.AbstractJpaQuery.doExecute(AbstractJpaQuery.java:154) ~[spring-data-jpa-2.2.3.RELEASE.jar:2.2.3.RELEASE]
	at org.springframework.data.jpa.repository.query.AbstractJpaQuery.execute(AbstractJpaQuery.java:142) ~[spring-data-jpa-2.2.3.RELEASE.jar:2.2.3.RELEASE]
	at org.springframework.data.repository.core.support.RepositoryFactorySupport$QueryExecutorMethodInterceptor.doInvoke(RepositoryFactorySupport.java:618) ~[spring-data-commons-2.2.3.RELEASE.jar:2.2.3.RELEASE]
	at org.springframework.data.repository.core.support.RepositoryFactorySupport$QueryExecutorMethodInterceptor.invoke(RepositoryFactorySupport.java:605) ~[spring-data-commons-2.2.3.RELEASE.jar:2.2.3.RELEASE]
	at org.springframework.aop.framework.ReflectiveMethodInvocation.proceed(ReflectiveMethodInvocation.java:186) ~[spring-aop-5.2.2.RELEASE.jar:5.2.2.RELEASE]
	at org.springframework.transaction.interceptor.TransactionAspectSupport.invokeWithinTransaction(TransactionAspectSupport.java:366) ~[spring-tx-5.2.2.RELEASE.jar:5.2.2.RELEASE]
	at org.springframework.transaction.interceptor.TransactionInterceptor.invoke(TransactionInterceptor.java:99) ~[spring-tx-5.2.2.RELEASE.jar:5.2.2.RELEASE]
	at org.springframework.aop.framework.ReflectiveMethodInvocation.proceed(ReflectiveMethodInvocation.java:186) ~[spring-aop-5.2.2.RELEASE.jar:5.2.2.RELEASE]
	at org.springframework.dao.support.PersistenceExceptionTranslationInterceptor.invoke(PersistenceExceptionTranslationInterceptor.java:139) ~[spring-tx-5.2.2.RELEASE.jar:5.2.2.RELEASE]
	at org.springframework.aop.framework.ReflectiveMethodInvocation.proceed(ReflectiveMethodInvocation.java:186) ~[spring-aop-5.2.2.RELEASE.jar:5.2.2.RELEASE]
	at org.springframework.data.jpa.repository.support.CrudMethodMetadataPostProcessor$CrudMethodMetadataPopulatingMethodInterceptor.invoke(CrudMethodMetadataPostProcessor.java:149) ~[spring-data-jpa-2.2.3.RELEASE.jar:2.2.3.RELEASE]
	at org.springframework.aop.framework.ReflectiveMethodInvocation.proceed(ReflectiveMethodInvocation.java:186) ~[spring-aop-5.2.2.RELEASE.jar:5.2.2.RELEASE]
	at org.springframework.aop.interceptor.ExposeInvocationInterceptor.invoke(ExposeInvocationInterceptor.java:93) ~[spring-aop-5.2.2.RELEASE.jar:5.2.2.RELEASE]
	at org.springframework.aop.framework.ReflectiveMethodInvocation.proceed(ReflectiveMethodInvocation.java:186) ~[spring-aop-5.2.2.RELEASE.jar:5.2.2.RELEASE]
	at org.springframework.aop.framework.JdkDynamicAopProxy.invoke(JdkDynamicAopProxy.java:212) ~[spring-aop-5.2.2.RELEASE.jar:5.2.2.RELEASE]
	at com.sun.proxy.$Proxy137.findSolvedQuizzesByUser(Unknown Source) ~[na:na]
	at engine.QuizService.getSolvedQuizzes(QuizService.java:24) ~[main/:na]
	at engine.QuizController.getSolvedQuizzes(QuizController.java:131) ~[main/:na]
	at jdk.internal.reflect.GeneratedMethodAccessor121.invoke(Unknown Source) ~[na:na]
	at java.base/jdk.internal.reflect.DelegatingMethodAccessorImpl.invoke(DelegatingMethodAccessorImpl.java:43) ~[na:na]
	at java.base/java.lang.reflect.Method.invoke(Method.java:566) ~[na:na]
	at org.springframework.web.method.support.InvocableHandlerMethod.doInvoke(InvocableHandlerMethod.java:190) ~[spring-web-5.2.2.RELEASE.jar:5.2.2.RELEASE]
	at org.springframework.web.method.support.InvocableHandlerMethod.invokeForRequest(InvocableHandlerMethod.java:138) ~[spring-web-5.2.2.RELEASE.jar:5.2.2.RELEASE]
	at org.springframework.web.servlet.mvc.method.annotation.ServletInvocableHandlerMethod.invokeAndHandle(ServletInvocableHandlerMethod.java:106) ~[spring-webmvc-5.2.2.RELEASE.jar:5.2.2.RELEASE]
	at org.springframework.web.servlet.mvc.method.annotation.RequestMappingHandlerAdapter.invokeHandlerMethod(RequestMappingHandlerAdapter.java:888) ~[spring-webmvc-5.2.2.RELEASE.jar:5.2.2.RELEASE]
	at org.springframework.web.servlet.mvc.method.annotation.RequestMappingHandlerAdapter.handleInternal(RequestMappingHandlerAdapter.java:793) ~[spring-webmvc-5.2.2.RELEASE.jar:5.2.2.RELEASE]
	at org.springframework.web.servlet.mvc.method.AbstractHandlerMethodAdapter.handle(AbstractHandlerMethodAdapter.java:87) ~[spring-webmvc-5.2.2.RELEASE.jar:5.2.2.RELEASE]
	at org.springframework.web.servlet.DispatcherServlet.doDispatch(DispatcherServlet.java:1040) ~[spring-webmvc-5.2.2.RELEASE.jar:5.2.2.RELEASE]
	at org.springframework.web.servlet.DispatcherServlet.doService(DispatcherServlet.java:943) ~[spring-webmvc-5.2.2.RELEASE.jar:5.2.2.RELEASE]
	at org.springframework.web.servlet.FrameworkServlet.processRequest(FrameworkServlet.java:1006) ~[spring-webmvc-5.2.2.RELEASE.jar:5.2.2.RELEASE]
	at org.springframework.web.servlet.FrameworkServlet.doGet(FrameworkServlet.java:898) ~[spring-webmvc-5.2.2.RELEASE.jar:5.2.2.RELEASE]
	at javax.servlet.http.HttpServlet.service(HttpServlet.java:634) ~[tomcat-embed-core-9.0.29.jar:9.0.29]
	at org.springframework.web.servlet.FrameworkServlet.service(FrameworkServlet.java:883) ~[spring-webmvc-5.2.2.RELEASE.jar:5.2.2.RELEASE]
	at javax.servlet.http.HttpServlet.service(HttpServlet.java:741) ~[tomcat-embed-core-9.0.29.jar:9.0.29]
	at jdk.internal.reflect.GeneratedMethodAccessor59.invoke(Unknown Source) ~[na:na]
	at java.base/jdk.internal.reflect.DelegatingMethodAccessorImpl.invoke(DelegatingMethodAccessorImpl.java:43) ~[na:na]
	at java.base/java.lang.reflect.Method.invoke(Method.java:566) ~[na:na]
	at org.apache.catalina.security.SecurityUtil$1.run(SecurityUtil.java:282) ~[tomcat-embed-core-9.0.29.jar:9.0.29]
	at org.apache.catalina.security.SecurityUtil$1.run(SecurityUtil.java:279) ~[tomcat-embed-core-9.0.29.jar:9.0.29]
	at java.base/java.security.AccessController.doPrivileged(Native Method) ~[na:na]
	at java.base/javax.security.auth.Subject.doAsPrivileged(Subject.java:550) ~[na:na]
	at org.apache.catalina.security.SecurityUtil.execute(SecurityUtil.java:314) ~[tomcat-embed-core-9.0.29.jar:9.0.29]
	at org.apache.catalina.security.SecurityUtil.doAsPrivilege(SecurityUtil.java:170) ~[tomcat-embed-core-9.0.29.jar:9.0.29]
	at org.apache.catalina.core.ApplicationFilterChain.internalDoFilter(ApplicationFilterChain.java:225) ~[tomcat-embed-core-9.0.29.jar:9.0.29]
	at org.apache.catalina.core.ApplicationFilterChain.access$000(ApplicationFilterChain.java:47) ~[tomcat-embed-core-9.0.29.jar:9.0.29]
	at org.apache.catalina.core.ApplicationFilterChain$1.run(ApplicationFilterChain.java:149) ~[tomcat-embed-core-9.0.29.jar:9.0.29]
	at org.apache.catalina.core.ApplicationFilterChain$1.run(ApplicationFilterChain.java:145) ~[tomcat-embed-core-9.0.29.jar:9.0.29]
	at java.base/java.security.AccessController.doPrivileged(Native Method) ~[na:na]
	at org.apache.catalina.core.ApplicationFilterChain.doFilter(ApplicationFilterChain.java:144) ~[tomcat-embed-core-9.0.29.jar:9.0.29]
	at org.apache.tomcat.websocket.server.WsFilter.doFilter(WsFilter.java:53) ~[tomcat-embed-websocket-9.0.29.jar:9.0.29]
	at jdk.internal.reflect.GeneratedMethodAccessor55.invoke(Unknown Source) ~[na:na]
	at java.base/jdk.internal.reflect.DelegatingMethodAccessorImpl.invoke(DelegatingMethodAccessorImpl.java:43) ~[na:na]
	at java.base/java.lang.reflect.Method.invoke(Method.java:566) ~[na:na]
	at org.apache.catalina.security.SecurityUtil$1.run(SecurityUtil.java:282) ~[tomcat-embed-core-9.0.29.jar:9.0.29]
	at org.apache.catalina.security.SecurityUtil$1.run(SecurityUtil.java:279) ~[tomcat-embed-core-9.0.29.jar:9.0.29]
	at java.base/java.security.AccessController.doPrivileged(Native Method) ~[na:na]
	at java.base/javax.security.auth.Subject.doAsPrivileged(Subject.java:550) ~[na:na]
	at org.apache.catalina.security.SecurityUtil.execute(SecurityUtil.java:314) ~[tomcat-embed-core-9.0.29.jar:9.0.29]
	at org.apache.catalina.security.SecurityUtil.doAsPrivilege(SecurityUtil.java:253) ~[tomcat-embed-core-9.0.29.jar:9.0.29]
	at org.apache.catalina.core.ApplicationFilterChain.internalDoFilter(ApplicationFilterChain.java:191) ~[tomcat-embed-core-9.0.29.jar:9.0.29]
	at org.apache.catalina.core.ApplicationFilterChain.access$000(ApplicationFilterChain.java:47) ~[tomcat-embed-core-9.0.29.jar:9.0.29]
	at org.apache.catalina.core.ApplicationFilterChain$1.run(ApplicationFilterChain.java:149) ~[tomcat-embed-core-9.0.29.jar:9.0.29]
	at org.apache.catalina.core.ApplicationFilterChain$1.run(ApplicationFilterChain.java:145) ~[tomcat-embed-core-9.0.29.jar:9.0.29]
	at java.base/java.security.AccessController.doPrivileged(Native Method) ~[na:na]
	at org.apache.catalina.core.ApplicationFilterChain.doFilter(ApplicationFilterChain.java:144) ~[tomcat-embed-core-9.0.29.jar:9.0.29]
	at org.springframework.security.web.FilterChainProxy$VirtualFilterChain.doFilter(FilterChainProxy.java:320) ~[spring-security-web-5.2.1.RELEASE.jar:5.2.1.RELEASE]
	at org.springframework.security.web.access.intercept.FilterSecurityInterceptor.invoke(FilterSecurityInterceptor.java:126) ~[spring-security-web-5.2.1.RELEASE.jar:5.2.1.RELEASE]
	at org.springframework.security.web.access.intercept.FilterSecurityInterceptor.doFilter(FilterSecurityInterceptor.java:90) ~[spring-security-web-5.2.1.RELEASE.jar:5.2.1.RELEASE]
	at org.springframework.security.web.FilterChainProxy$VirtualFilterChain.doFilter(FilterChainProxy.java:334) ~[spring-security-web-5.2.1.RELEASE.jar:5.2.1.RELEASE]
	at org.springframework.security.web.access.ExceptionTranslationFilter.doFilter(ExceptionTranslationFilter.java:118) ~[spring-security-web-5.2.1.RELEASE.jar:5.2.1.RELEASE]
	at org.springframework.security.web.FilterChainProxy$VirtualFilterChain.doFilter(FilterChainProxy.java:334) ~[spring-security-web-5.2.1.RELEASE.jar:5.2.1.RELEASE]
	at org.springframework.security.web.authentication.AnonymousAuthenticationFilter.doFilter(AnonymousAuthenticationFilter.java:111) ~[spring-security-web-5.2.1.RELEASE.jar:5.2.1.RELEASE]
	at org.springframework.security.web.FilterChainProxy$VirtualFilterChain.doFilter(FilterChainProxy.java:334) ~[spring-security-web-5.2.1.RELEASE.jar:5.2.1.RELEASE]
	at org.springframework.security.web.servletapi.SecurityContextHolderAwareRequestFilter.doFilter(SecurityContextHolderAwareRequestFilter.java:158) ~[spring-security-web-5.2.1.RELEASE.jar:5.2.1.RELEASE]
	at org.springframework.security.web.FilterChainProxy$VirtualFilterChain.doFilter(FilterChainProxy.java:334) ~[spring-security-web-5.2.1.RELEASE.jar:5.2.1.RELEASE]
	at org.springframework.security.web.savedrequest.RequestCacheAwareFilter.doFilter(RequestCacheAwareFilter.java:63) ~[spring-security-web-5.2.1.RELEASE.jar:5.2.1.RELEASE]
	at org.springframework.security.web.FilterChainProxy$VirtualFilterChain.doFilter(FilterChainProxy.java:334) ~[spring-security-web-5.2.1.RELEASE.jar:5.2.1.RELEASE]
	at org.springframework.security.web.authentication.www.BasicAuthenticationFilter.doFilterInternal(BasicAuthenticationFilter.java:203) ~[spring-security-web-5.2.1.RELEASE.jar:5.2.1.RELEASE]
	at org.springframework.web.filter.OncePerRequestFilter.doFilter(OncePerRequestFilter.java:119) ~[spring-web-5.2.2.RELEASE.jar:5.2.2.RELEASE]
	at org.springframework.security.web.FilterChainProxy$VirtualFilterChain.doFilter(FilterChainProxy.java:334) ~[spring-security-web-5.2.1.RELEASE.jar:5.2.1.RELEASE]
	at org.springframework.security.web.authentication.logout.LogoutFilter.doFilter(LogoutFilter.java:116) ~[spring-security-web-5.2.1.RELEASE.jar:5.2.1.RELEASE]
	at org.springframework.security.web.FilterChainProxy$VirtualFilterChain.doFilter(FilterChainProxy.java:334) ~[spring-security-web-5.2.1.RELEASE.jar:5.2.1.RELEASE]
	at org.springframework.security.web.header.HeaderWriterFilter.doHeadersAfter(HeaderWriterFilter.java:92) ~[spring-security-web-5.2.1.RELEASE.jar:5.2.1.RELEASE]
	at org.springframework.security.web.header.HeaderWriterFilter.doFilterInternal(HeaderWriterFilter.java:77) ~[spring-security-web-5.2.1.RELEASE.jar:5.2.1.RELEASE]
	at org.springframework.web.filter.OncePerRequestFilter.doFilter(OncePerRequestFilter.java:119) ~[spring-web-5.2.2.RELEASE.jar:5.2.2.RELEASE]
	at org.springframework.security.web.FilterChainProxy$VirtualFilterChain.doFilter(FilterChainProxy.java:334) ~[spring-security-web-5.2.1.RELEASE.jar:5.2.1.RELEASE]
	at org.springframework.security.web.context.SecurityContextPersistenceFilter.doFilter(SecurityContextPersistenceFilter.java:105) ~[spring-security-web-5.2.1.RELEASE.jar:5.2.1.RELEASE]
	at org.springframework.security.web.FilterChainProxy$VirtualFilterChain.doFilter(FilterChainProxy.java:334) ~[spring-security-web-5.2.1.RELEASE.jar:5.2.1.RELEASE]
	at org.springframework.security.web.context.request.async.WebAsyncManagerIntegrationFilter.doFilterInternal(WebAsyncManagerIntegrationFilter.java:56) ~[spring-security-web-5.2.1.RELEASE.jar:5.2.1.RELEASE]
	at org.springframework.web.filter.OncePerRequestFilter.doFilter(OncePerRequestFilter.java:119) ~[spring-web-5.2.2.RELEASE.jar:5.2.2.RELEASE]
	at org.springframework.security.web.FilterChainProxy$VirtualFilterChain.doFilter(FilterChainProxy.java:334) ~[spring-security-web-5.2.1.RELEASE.jar:5.2.1.RELEASE]
	at org.springframework.security.web.FilterChainProxy.doFilterInternal(FilterChainProxy.java:215) ~[spring-security-web-5.2.1.RELEASE.jar:5.2.1.RELEASE]
	at org.springframework.security.web.FilterChainProxy.doFilter(FilterChainProxy.java:178) ~[spring-security-web-5.2.1.RELEASE.jar:5.2.1.RELEASE]
	at org.springframework.web.filter.DelegatingFilterProxy.invokeDelegate(DelegatingFilterProxy.java:358) ~[spring-web-5.2.2.RELEASE.jar:5.2.2.RELEASE]
	at org.springframework.web.filter.DelegatingFilterProxy.doFilter(DelegatingFilterProxy.java:271) ~[spring-web-5.2.2.RELEASE.jar:5.2.2.RELEASE]
	at jdk.internal.reflect.GeneratedMethodAccessor55.invoke(Unknown Source) ~[na:na]
	at java.base/jdk.internal.reflect.DelegatingMethodAccessorImpl.invoke(DelegatingMethodAccessorImpl.java:43) ~[na:na]
	at java.base/java.lang.reflect.Method.invoke(Method.java:566) ~[na:na]
	at org.apache.catalina.security.SecurityUtil$1.run(SecurityUtil.java:282) ~[tomcat-embed-core-9.0.29.jar:9.0.29]
	at org.apache.catalina.security.SecurityUtil$1.run(SecurityUtil.java:279) ~[tomcat-embed-core-9.0.29.jar:9.0.29]
	at java.base/java.security.AccessController.doPrivileged(Native Method) ~[na:na]
	at java.base/javax.security.auth.Subject.doAsPrivileged(Subject.java:550) ~[na:na]
	at org.apache.catalina.security.SecurityUtil.execute(SecurityUtil.java:314) ~[tomcat-embed-core-9.0.29.jar:9.0.29]
	at org.apache.catalina.security.SecurityUtil.doAsPrivilege(SecurityUtil.java:253) ~[tomcat-embed-core-9.0.29.jar:9.0.29]
	at org.apache.catalina.core.ApplicationFilterChain.internalDoFilter(ApplicationFilterChain.java:191) ~[tomcat-embed-core-9.0.29.jar:9.0.29]
	at org.apache.catalina.core.ApplicationFilterChain.access$000(ApplicationFilterChain.java:47) ~[tomcat-embed-core-9.0.29.jar:9.0.29]
	at org.apache.catalina.core.ApplicationFilterChain$1.run(ApplicationFilterChain.java:149) ~[tomcat-embed-core-9.0.29.jar:9.0.29]
	at org.apache.catalina.core.ApplicationFilterChain$1.run(ApplicationFilterChain.java:145) ~[tomcat-embed-core-9.0.29.jar:9.0.29]
	at java.base/java.security.AccessController.doPrivileged(Native Method) ~[na:na]
	at org.apache.catalina.core.ApplicationFilterChain.doFilter(ApplicationFilterChain.java:144) ~[tomcat-embed-core-9.0.29.jar:9.0.29]
	at org.springframework.web.filter.RequestContextFilter.doFilterInternal(RequestContextFilter.java:100) ~[spring-web-5.2.2.RELEASE.jar:5.2.2.RELEASE]
	at org.springframework.web.filter.OncePerRequestFilter.doFilter(OncePerRequestFilter.java:119) ~[spring-web-5.2.2.RELEASE.jar:5.2.2.RELEASE]
	at jdk.internal.reflect.GeneratedMethodAccessor55.invoke(Unknown Source) ~[na:na]
	at java.base/jdk.internal.reflect.DelegatingMethodAccessorImpl.invoke(DelegatingMethodAccessorImpl.java:43) ~[na:na]
	at java.base/java.lang.reflect.Method.invoke(Method.java:566) ~[na:na]
	at org.apache.catalina.security.SecurityUtil$1.run(SecurityUtil.java:282) ~[tomcat-embed-core-9.0.29.jar:9.0.29]
	at org.apache.catalina.security.SecurityUtil$1.run(SecurityUtil.java:279) ~[tomcat-embed-core-9.0.29.jar:9.0.29]
	at java.base/java.security.AccessController.doPrivileged(Native Method) ~[na:na]
	at java.base/javax.security.auth.Subject.doAsPrivileged(Subject.java:550) ~[na:na]
	at org.apache.catalina.security.SecurityUtil.execute(SecurityUtil.java:314) ~[tomcat-embed-core-9.0.29.jar:9.0.29]
	at org.apache.catalina.security.SecurityUtil.doAsPrivilege(SecurityUtil.java:253) ~[tomcat-embed-core-9.0.29.jar:9.0.29]
	at org.apache.catalina.core.ApplicationFilterChain.internalDoFilter(ApplicationFilterChain.java:191) ~[tomcat-embed-core-9.0.29.jar:9.0.29]
	at org.apache.catalina.core.ApplicationFilterChain.access$000(ApplicationFilterChain.java:47) ~[tomcat-embed-core-9.0.29.jar:9.0.29]
	at org.apache.catalina.core.ApplicationFilterChain$1.run(ApplicationFilterChain.java:149) ~[tomcat-embed-core-9.0.29.jar:9.0.29]
	at org.apache.catalina.core.ApplicationFilterChain$1.run(ApplicationFilterChain.java:145) ~[tomcat-embed-core-9.0.29.jar:9.0.29]
	at java.base/java.security.AccessController.doPrivileged(Native Method) ~[na:na]
	at org.apache.catalina.core.ApplicationFilterChain.doFilter(ApplicationFilterChain.java:144) ~[tomcat-embed-core-9.0.29.jar:9.0.29]
	at org.springframework.web.filter.FormContentFilter.doFilterInternal(FormContentFilter.java:93) ~[spring-web-5.2.2.RELEASE.jar:5.2.2.RELEASE]
	at org.springframework.web.filter.OncePerRequestFilter.doFilter(OncePerRequestFilter.java:119) ~[spring-web-5.2.2.RELEASE.jar:5.2.2.RELEASE]
	at jdk.internal.reflect.GeneratedMethodAccessor55.invoke(Unknown Source) ~[na:na]
	at java.base/jdk.internal.reflect.DelegatingMethodAccessorImpl.invoke(DelegatingMethodAccessorImpl.java:43) ~[na:na]
	at java.base/java.lang.reflect.Method.invoke(Method.java:566) ~[na:na]
	at org.apache.catalina.security.SecurityUtil$1.run(SecurityUtil.java:282) ~[tomcat-embed-core-9.0.29.jar:9.0.29]
	at org.apache.catalina.security.SecurityUtil$1.run(SecurityUtil.java:279) ~[tomcat-embed-core-9.0.29.jar:9.0.29]
	at java.base/java.security.AccessController.doPrivileged(Native Method) ~[na:na]
	at java.base/javax.security.auth.Subject.doAsPrivileged(Subject.java:550) ~[na:na]
	at org.apache.catalina.security.SecurityUtil.execute(SecurityUtil.java:314) ~[tomcat-embed-core-9.0.29.jar:9.0.29]
	at org.apache.catalina.security.SecurityUtil.doAsPrivilege(SecurityUtil.java:253) ~[tomcat-embed-core-9.0.29.jar:9.0.29]
	at org.apache.catalina.core.ApplicationFilterChain.internalDoFilter(ApplicationFilterChain.java:191) ~[tomcat-embed-core-9.0.29.jar:9.0.29]
	at org.apache.catalina.core.ApplicationFilterChain.access$000(ApplicationFilterChain.java:47) ~[tomcat-embed-core-9.0.29.jar:9.0.29]
	at org.apache.catalina.core.ApplicationFilterChain$1.run(ApplicationFilterChain.java:149) ~[tomcat-embed-core-9.0.29.jar:9.0.29]
	at org.apache.catalina.core.ApplicationFilterChain$1.run(ApplicationFilterChain.java:145) ~[tomcat-embed-core-9.0.29.jar:9.0.29]
	at java.base/java.security.AccessController.doPrivileged(Native Method) ~[na:na]
	at org.apache.catalina.core.ApplicationFilterChain.doFilter(ApplicationFilterChain.java:144) ~[tomcat-embed-core-9.0.29.jar:9.0.29]
	at org.springframework.boot.actuate.metrics.web.servlet.WebMvcMetricsFilter.doFilterInternal(WebMvcMetricsFilter.java:108) ~[spring-boot-actuator-2.2.2.RELEASE.jar:2.2.2.RELEASE]
	at org.springframework.web.filter.OncePerRequestFilter.doFilter(OncePerRequestFilter.java:119) ~[spring-web-5.2.2.RELEASE.jar:5.2.2.RELEASE]
	at jdk.internal.reflect.GeneratedMethodAccessor55.invoke(Unknown Source) ~[na:na]
	at java.base/jdk.internal.reflect.DelegatingMethodAccessorImpl.invoke(DelegatingMethodAccessorImpl.java:43) ~[na:na]
	at java.base/java.lang.reflect.Method.invoke(Method.java:566) ~[na:na]
	at org.apache.catalina.security.SecurityUtil$1.run(SecurityUtil.java:282) ~[tomcat-embed-core-9.0.29.jar:9.0.29]
	at org.apache.catalina.security.SecurityUtil$1.run(SecurityUtil.java:279) ~[tomcat-embed-core-9.0.29.jar:9.0.29]
	at java.base/java.security.AccessController.doPrivileged(Native Method) ~[na:na]
	at java.base/javax.security.auth.Subject.doAsPrivileged(Subject.java:550) ~[na:na]
	at org.apache.catalina.security.SecurityUtil.execute(SecurityUtil.java:314) ~[tomcat-embed-core-9.0.29.jar:9.0.29]
	at org.apache.catalina.security.SecurityUtil.doAsPrivilege(SecurityUtil.java:253) ~[tomcat-embed-core-9.0.29.jar:9.0.29]
	at org.apache.catalina.core.ApplicationFilterChain.internalDoFilter(ApplicationFilterChain.java:191) ~[tomcat-embed-core-9.0.29.jar:9.0.29]
	at org.apache.catalina.core.ApplicationFilterChain.access$000(ApplicationFilterChain.java:47) ~[tomcat-embed-core-9.0.29.jar:9.0.29]
	at org.apache.catalina.core.ApplicationFilterChain$1.run(ApplicationFilterChain.java:149) ~[tomcat-embed-core-9.0.29.jar:9.0.29]
	at org.apache.catalina.core.ApplicationFilterChain$1.run(ApplicationFilterChain.java:145) ~[tomcat-embed-core-9.0.29.jar:9.0.29]
	at java.base/java.security.AccessController.doPrivileged(Native Method) ~[na:na]
	at org.apache.catalina.core.ApplicationFilterChain.doFilter(ApplicationFilterChain.java:144) ~[tomcat-embed-core-9.0.29.jar:9.0.29]
	at org.springframework.web.filter.CharacterEncodingFilter.doFilterInternal(CharacterEncodingFilter.java:201) ~[spring-web-5.2.2.RELEASE.jar:5.2.2.RELEASE]
	at org.springframework.web.filter.OncePerRequestFilter.doFilter(OncePerRequestFilter.java:119) ~[spring-web-5.2.2.RELEASE.jar:5.2.2.RELEASE]
	at jdk.internal.reflect.GeneratedMethodAccessor55.invoke(Unknown Source) ~[na:na]
	at java.base/jdk.internal.reflect.DelegatingMethodAccessorImpl.invoke(DelegatingMethodAccessorImpl.java:43) ~[na:na]
	at java.base/java.lang.reflect.Method.invoke(Method.java:566) ~[na:na]
	at org.apache.catalina.security.SecurityUtil$1.run(SecurityUtil.java:282) ~[tomcat-embed-core-9.0.29.jar:9.0.29]
	at org.apache.catalina.security.SecurityUtil$1.run(SecurityUtil.java:279) ~[tomcat-embed-core-9.0.29.jar:9.0.29]
	at java.base/java.security.AccessController.doPrivileged(Native Method) ~[na:na]
	at java.base/javax.security.auth.Subject.doAsPrivileged(Subject.java:550) ~[na:na]
	at org.apache.catalina.security.SecurityUtil.execute(SecurityUtil.java:314) ~[tomcat-embed-core-9.0.29.jar:9.0.29]
	at org.apache.catalina.security.SecurityUtil.doAsPrivilege(SecurityUtil.java:253) ~[tomcat-embed-core-9.0.29.jar:9.0.29]
	at org.apache.catalina.core.ApplicationFilterChain.internalDoFilter(ApplicationFilterChain.java:191) ~[tomcat-embed-core-9.0.29.jar:9.0.29]
	at org.apache.catalina.core.ApplicationFilterChain.access$000(ApplicationFilterChain.java:47) ~[tomcat-embed-core-9.0.29.jar:9.0.29]
	at org.apache.catalina.core.ApplicationFilterChain$1.run(ApplicationFilterChain.java:149) ~[tomcat-embed-core-9.0.29.jar:9.0.29]
	at org.apache.catalina.core.ApplicationFilterChain$1.run(ApplicationFilterChain.java:145) ~[tomcat-embed-core-9.0.29.jar:9.0.29]
	at java.base/java.security.AccessController.doPrivileged(Native Method) ~[na:na]
	at org.apache.catalina.core.ApplicationFilterChain.doFilter(ApplicationFilterChain.java:144) ~[tomcat-embed-core-9.0.29.jar:9.0.29]
	at org.apache.catalina.core.StandardWrapperValve.invoke(StandardWrapperValve.java:202) ~[tomcat-embed-core-9.0.29.jar:9.0.29]
	at org.apache.catalina.core.StandardContextValve.invoke(StandardContextValve.java:96) ~[tomcat-embed-core-9.0.29.jar:9.0.29]
	at org.apache.catalina.authenticator.AuthenticatorBase.invoke(AuthenticatorBase.java:526) ~[tomcat-embed-core-9.0.29.jar:9.0.29]
	at org.apache.catalina.core.StandardHostValve.invoke(StandardHostValve.java:139) ~[tomcat-embed-core-9.0.29.jar:9.0.29]
	at org.apache.catalina.valves.ErrorReportValve.invoke(ErrorReportValve.java:92) ~[tomcat-embed-core-9.0.29.jar:9.0.29]
	at org.apache.catalina.core.StandardEngineValve.invoke(StandardEngineValve.java:74) ~[tomcat-embed-core-9.0.29.jar:9.0.29]
	at org.apache.catalina.connector.CoyoteAdapter.service(CoyoteAdapter.java:343) ~[tomcat-embed-core-9.0.29.jar:9.0.29]
	at org.apache.coyote.http11.Http11Processor.service(Http11Processor.java:367) ~[tomcat-embed-core-9.0.29.jar:9.0.29]
	at org.apache.coyote.AbstractProcessorLight.process(AbstractProcessorLight.java:65) ~[tomcat-embed-core-9.0.29.jar:9.0.29]
	at org.apache.coyote.AbstractProtocol$ConnectionHandler.process(AbstractProtocol.java:860) ~[tomcat-embed-core-9.0.29.jar:9.0.29]
	at org.apache.tomcat.util.net.NioEndpoint$SocketProcessor.doRun(NioEndpoint.java:1591) ~[tomcat-embed-core-9.0.29.jar:9.0.29]
	at org.apache.tomcat.util.net.SocketProcessorBase.run(SocketProcessorBase.java:49) ~[tomcat-embed-core-9.0.29.jar:9.0.29]
	at java.base/java.util.concurrent.ThreadPoolExecutor.runWorker(ThreadPoolExecutor.java:1128) ~[na:na]
	at java.base/java.util.concurrent.ThreadPoolExecutor$Worker.run(ThreadPoolExecutor.java:628) ~[na:na]
	at org.apache.tomcat.util.threads.TaskThread$WrappingRunnable.run(TaskThread.java:61) ~[tomcat-embed-core-9.0.29.jar:9.0.29]
	at java.base/java.lang.Thread.run(Thread.java:834) ~[na:na]

Hibernate: SELECT count(*) FROM solved_quizzes
?[1;31m
Start test 192?[0m
Hibernate: select user0_.id as id1_3_, user0_.email as email2_3_, user0_.password as password3_3_ from users user0_ where user0_.email=?
Hibernate: select roles0_.user_id as user_id1_4_0_, roles0_.roles_id as roles_id2_4_0_, role1_.id as id1_1_1_, role1_.name as name2_1_1_ from users_roles roles0_ inner join roles role1_ on roles0_.roles_id=role1_.id where roles0_.user_id=?
Hibernate: SELECT * FROM solved_quizzes WHERE user = ? ORDER BY completed_at DESC limit ?
2021-05-11 22:56:03.401  INFO 2142 --- [nio-8889-exec-3] j.r.q.QueryParameterSetter$ErrorHandling : Silently ignoring

java.lang.IllegalArgumentException: Could not locate ordinal parameter [1], expecting one of []
	at org.hibernate.query.internal.ParameterMetadataImpl.getOrdinalParameterDescriptor(ParameterMetadataImpl.java:154) ~[hibernate-core-5.4.9.Final.jar:5.4.9.Final]
	at org.hibernate.query.internal.ParameterMetadataImpl.getQueryParameter(ParameterMetadataImpl.java:204) ~[hibernate-core-5.4.9.Final.jar:5.4.9.Final]
	at org.hibernate.query.internal.QueryParameterBindingsImpl.getBinding(QueryParameterBindingsImpl.java:182) ~[hibernate-core-5.4.9.Final.jar:5.4.9.Final]
	at org.hibernate.query.internal.AbstractProducedQuery.setParameter(AbstractProducedQuery.java:507) ~[hibernate-core-5.4.9.Final.jar:5.4.9.Final]
	at org.hibernate.query.internal.NativeQueryImpl.setParameter(NativeQueryImpl.java:613) ~[hibernate-core-5.4.9.Final.jar:5.4.9.Final]
	at org.hibernate.query.internal.NativeQueryImpl.setParameter(NativeQueryImpl.java:62) ~[hibernate-core-5.4.9.Final.jar:5.4.9.Final]
	at org.springframework.data.jpa.repository.query.QueryParameterSetter$BindableQuery.setParameter(QueryParameterSetter.java:335) ~[spring-data-jpa-2.2.3.RELEASE.jar:2.2.3.RELEASE]
	at org.springframework.data.jpa.repository.query.QueryParameterSetter$NamedOrIndexedQueryParameterSetter.lambda$setParameter$5(QueryParameterSetter.java:128) ~[spring-data-jpa-2.2.3.RELEASE.jar:2.2.3.RELEASE]
	at org.springframework.data.jpa.repository.query.QueryParameterSetter$ErrorHandling$2.execute(QueryParameterSetter.java:151) ~[spring-data-jpa-2.2.3.RELEASE.jar:2.2.3.RELEASE]
	at org.springframework.data.jpa.repository.query.QueryParameterSetter$NamedOrIndexedQueryParameterSetter.setParameter(QueryParameterSetter.java:128) ~[spring-data-jpa-2.2.3.RELEASE.jar:2.2.3.RELEASE]
	at org.springframework.data.jpa.repository.query.ParameterBinder.bind(ParameterBinder.java:82) ~[spring-data-jpa-2.2.3.RELEASE.jar:2.2.3.RELEASE]
	at org.springframework.data.jpa.repository.query.AbstractStringBasedJpaQuery.doCreateCountQuery(AbstractStringBasedJpaQuery.java:122) ~[spring-data-jpa-2.2.3.RELEASE.jar:2.2.3.RELEASE]
	at org.springframework.data.jpa.repository.query.AbstractJpaQuery.createCountQuery(AbstractJpaQuery.java:254) ~[spring-data-jpa-2.2.3.RELEASE.jar:2.2.3.RELEASE]
	at org.springframework.data.jpa.repository.query.JpaQueryExecution$PagedExecution.count(JpaQueryExecution.java:183) ~[spring-data-jpa-2.2.3.RELEASE.jar:2.2.3.RELEASE]
	at org.springframework.data.jpa.repository.query.JpaQueryExecution$PagedExecution.lambda$doExecute$0(JpaQueryExecution.java:178) ~[spring-data-jpa-2.2.3.RELEASE.jar:2.2.3.RELEASE]
	at org.springframework.data.repository.support.PageableExecutionUtils.getPage(PageableExecutionUtils.java:62) ~[spring-data-commons-2.2.3.RELEASE.jar:2.2.3.RELEASE]
	at org.springframework.data.jpa.repository.query.JpaQueryExecution$PagedExecution.doExecute(JpaQueryExecution.java:177) ~[spring-data-jpa-2.2.3.RELEASE.jar:2.2.3.RELEASE]
	at org.springframework.data.jpa.repository.query.JpaQueryExecution.execute(JpaQueryExecution.java:88) ~[spring-data-jpa-2.2.3.RELEASE.jar:2.2.3.RELEASE]
	at org.springframework.data.jpa.repository.query.AbstractJpaQuery.doExecute(AbstractJpaQuery.java:154) ~[spring-data-jpa-2.2.3.RELEASE.jar:2.2.3.RELEASE]
	at org.springframework.data.jpa.repository.query.AbstractJpaQuery.execute(AbstractJpaQuery.java:142) ~[spring-data-jpa-2.2.3.RELEASE.jar:2.2.3.RELEASE]
	at org.springframework.data.repository.core.support.RepositoryFactorySupport$QueryExecutorMethodInterceptor.doInvoke(RepositoryFactorySupport.java:618) ~[spring-data-commons-2.2.3.RELEASE.jar:2.2.3.RELEASE]
	at org.springframework.data.repository.core.support.RepositoryFactorySupport$QueryExecutorMethodInterceptor.invoke(RepositoryFactorySupport.java:605) ~[spring-data-commons-2.2.3.RELEASE.jar:2.2.3.RELEASE]
	at org.springframework.aop.framework.ReflectiveMethodInvocation.proceed(ReflectiveMethodInvocation.java:186) ~[spring-aop-5.2.2.RELEASE.jar:5.2.2.RELEASE]
	at org.springframework.transaction.interceptor.TransactionAspectSupport.invokeWithinTransaction(TransactionAspectSupport.java:366) ~[spring-tx-5.2.2.RELEASE.jar:5.2.2.RELEASE]
	at org.springframework.transaction.interceptor.TransactionInterceptor.invoke(TransactionInterceptor.java:99) ~[spring-tx-5.2.2.RELEASE.jar:5.2.2.RELEASE]
	at org.springframework.aop.framework.ReflectiveMethodInvocation.proceed(ReflectiveMethodInvocation.java:186) ~[spring-aop-5.2.2.RELEASE.jar:5.2.2.RELEASE]
	at org.springframework.dao.support.PersistenceExceptionTranslationInterceptor.invoke(PersistenceExceptionTranslationInterceptor.java:139) ~[spring-tx-5.2.2.RELEASE.jar:5.2.2.RELEASE]
	at org.springframework.aop.framework.ReflectiveMethodInvocation.proceed(ReflectiveMethodInvocation.java:186) ~[spring-aop-5.2.2.RELEASE.jar:5.2.2.RELEASE]
	at org.springframework.data.jpa.repository.support.CrudMethodMetadataPostProcessor$CrudMethodMetadataPopulatingMethodInterceptor.invoke(CrudMethodMetadataPostProcessor.java:149) ~[spring-data-jpa-2.2.3.RELEASE.jar:2.2.3.RELEASE]
	at org.springframework.aop.framework.ReflectiveMethodInvocation.proceed(ReflectiveMethodInvocation.java:186) ~[spring-aop-5.2.2.RELEASE.jar:5.2.2.RELEASE]
	at org.springframework.aop.interceptor.ExposeInvocationInterceptor.invoke(ExposeInvocationInterceptor.java:93) ~[spring-aop-5.2.2.RELEASE.jar:5.2.2.RELEASE]
	at org.springframework.aop.framework.ReflectiveMethodInvocation.proceed(ReflectiveMethodInvocation.java:186) ~[spring-aop-5.2.2.RELEASE.jar:5.2.2.RELEASE]
	at org.springframework.aop.framework.JdkDynamicAopProxy.invoke(JdkDynamicAopProxy.java:212) ~[spring-aop-5.2.2.RELEASE.jar:5.2.2.RELEASE]
	at com.sun.proxy.$Proxy137.findSolvedQuizzesByUser(Unknown Source) ~[na:na]
	at engine.QuizService.getSolvedQuizzes(QuizService.java:24) ~[main/:na]
	at engine.QuizController.getSolvedQuizzes(QuizController.java:131) ~[main/:na]
	at jdk.internal.reflect.GeneratedMethodAccessor121.invoke(Unknown Source) ~[na:na]
	at java.base/jdk.internal.reflect.DelegatingMethodAccessorImpl.invoke(DelegatingMethodAccessorImpl.java:43) ~[na:na]
	at java.base/java.lang.reflect.Method.invoke(Method.java:566) ~[na:na]
	at org.springframework.web.method.support.InvocableHandlerMethod.doInvoke(InvocableHandlerMethod.java:190) ~[spring-web-5.2.2.RELEASE.jar:5.2.2.RELEASE]
	at org.springframework.web.method.support.InvocableHandlerMethod.invokeForRequest(InvocableHandlerMethod.java:138) ~[spring-web-5.2.2.RELEASE.jar:5.2.2.RELEASE]
	at org.springframework.web.servlet.mvc.method.annotation.ServletInvocableHandlerMethod.invokeAndHandle(ServletInvocableHandlerMethod.java:106) ~[spring-webmvc-5.2.2.RELEASE.jar:5.2.2.RELEASE]
	at org.springframework.web.servlet.mvc.method.annotation.RequestMappingHandlerAdapter.invokeHandlerMethod(RequestMappingHandlerAdapter.java:888) ~[spring-webmvc-5.2.2.RELEASE.jar:5.2.2.RELEASE]
	at org.springframework.web.servlet.mvc.method.annotation.RequestMappingHandlerAdapter.handleInternal(RequestMappingHandlerAdapter.java:793) ~[spring-webmvc-5.2.2.RELEASE.jar:5.2.2.RELEASE]
	at org.springframework.web.servlet.mvc.method.AbstractHandlerMethodAdapter.handle(AbstractHandlerMethodAdapter.java:87) ~[spring-webmvc-5.2.2.RELEASE.jar:5.2.2.RELEASE]
	at org.springframework.web.servlet.DispatcherServlet.doDispatch(DispatcherServlet.java:1040) ~[spring-webmvc-5.2.2.RELEASE.jar:5.2.2.RELEASE]
	at org.springframework.web.servlet.DispatcherServlet.doService(DispatcherServlet.java:943) ~[spring-webmvc-5.2.2.RELEASE.jar:5.2.2.RELEASE]
	at org.springframework.web.servlet.FrameworkServlet.processRequest(FrameworkServlet.java:1006) ~[spring-webmvc-5.2.2.RELEASE.jar:5.2.2.RELEASE]
	at org.springframework.web.servlet.FrameworkServlet.doGet(FrameworkServlet.java:898) ~[spring-webmvc-5.2.2.RELEASE.jar:5.2.2.RELEASE]
	at javax.servlet.http.HttpServlet.service(HttpServlet.java:634) ~[tomcat-embed-core-9.0.29.jar:9.0.29]
	at org.springframework.web.servlet.FrameworkServlet.service(FrameworkServlet.java:883) ~[spring-webmvc-5.2.2.RELEASE.jar:5.2.2.RELEASE]
	at javax.servlet.http.HttpServlet.service(HttpServlet.java:741) ~[tomcat-embed-core-9.0.29.jar:9.0.29]
	at jdk.internal.reflect.GeneratedMethodAccessor59.invoke(Unknown Source) ~[na:na]
	at java.base/jdk.internal.reflect.DelegatingMethodAccessorImpl.invoke(DelegatingMethodAccessorImpl.java:43) ~[na:na]
	at java.base/java.lang.reflect.Method.invoke(Method.java:566) ~[na:na]
	at org.apache.catalina.security.SecurityUtil$1.run(SecurityUtil.java:282) ~[tomcat-embed-core-9.0.29.jar:9.0.29]
	at org.apache.catalina.security.SecurityUtil$1.run(SecurityUtil.java:279) ~[tomcat-embed-core-9.0.29.jar:9.0.29]
	at java.base/java.security.AccessController.doPrivileged(Native Method) ~[na:na]
	at java.base/javax.security.auth.Subject.doAsPrivileged(Subject.java:550) ~[na:na]
	at org.apache.catalina.security.SecurityUtil.execute(SecurityUtil.java:314) ~[tomcat-embed-core-9.0.29.jar:9.0.29]
	at org.apache.catalina.security.SecurityUtil.doAsPrivilege(SecurityUtil.java:170) ~[tomcat-embed-core-9.0.29.jar:9.0.29]
	at org.apache.catalina.core.ApplicationFilterChain.internalDoFilter(ApplicationFilterChain.java:225) ~[tomcat-embed-core-9.0.29.jar:9.0.29]
	at org.apache.catalina.core.ApplicationFilterChain.access$000(ApplicationFilterChain.java:47) ~[tomcat-embed-core-9.0.29.jar:9.0.29]
	at org.apache.catalina.core.ApplicationFilterChain$1.run(ApplicationFilterChain.java:149) ~[tomcat-embed-core-9.0.29.jar:9.0.29]
	at org.apache.catalina.core.ApplicationFilterChain$1.run(ApplicationFilterChain.java:145) ~[tomcat-embed-core-9.0.29.jar:9.0.29]
	at java.base/java.security.AccessController.doPrivileged(Native Method) ~[na:na]
	at org.apache.catalina.core.ApplicationFilterChain.doFilter(ApplicationFilterChain.java:144) ~[tomcat-embed-core-9.0.29.jar:9.0.29]
	at org.apache.tomcat.websocket.server.WsFilter.doFilter(WsFilter.java:53) ~[tomcat-embed-websocket-9.0.29.jar:9.0.29]
	at jdk.internal.reflect.GeneratedMethodAccessor55.invoke(Unknown Source) ~[na:na]
	at java.base/jdk.internal.reflect.DelegatingMethodAccessorImpl.invoke(DelegatingMethodAccessorImpl.java:43) ~[na:na]
	at java.base/java.lang.reflect.Method.invoke(Method.java:566) ~[na:na]
	at org.apache.catalina.security.SecurityUtil$1.run(SecurityUtil.java:282) ~[tomcat-embed-core-9.0.29.jar:9.0.29]
	at org.apache.catalina.security.SecurityUtil$1.run(SecurityUtil.java:279) ~[tomcat-embed-core-9.0.29.jar:9.0.29]
	at java.base/java.security.AccessController.doPrivileged(Native Method) ~[na:na]
	at java.base/javax.security.auth.Subject.doAsPrivileged(Subject.java:550) ~[na:na]
	at org.apache.catalina.security.SecurityUtil.execute(SecurityUtil.java:314) ~[tomcat-embed-core-9.0.29.jar:9.0.29]
	at org.apache.catalina.security.SecurityUtil.doAsPrivilege(SecurityUtil.java:253) ~[tomcat-embed-core-9.0.29.jar:9.0.29]
	at org.apache.catalina.core.ApplicationFilterChain.internalDoFilter(ApplicationFilterChain.java:191) ~[tomcat-embed-core-9.0.29.jar:9.0.29]
	at org.apache.catalina.core.ApplicationFilterChain.access$000(ApplicationFilterChain.java:47) ~[tomcat-embed-core-9.0.29.jar:9.0.29]
	at org.apache.catalina.core.ApplicationFilterChain$1.run(ApplicationFilterChain.java:149) ~[tomcat-embed-core-9.0.29.jar:9.0.29]
	at org.apache.catalina.core.ApplicationFilterChain$1.run(ApplicationFilterChain.java:145) ~[tomcat-embed-core-9.0.29.jar:9.0.29]
	at java.base/java.security.AccessController.doPrivileged(Native Method) ~[na:na]
	at org.apache.catalina.core.ApplicationFilterChain.doFilter(ApplicationFilterChain.java:144) ~[tomcat-embed-core-9.0.29.jar:9.0.29]
	at org.springframework.security.web.FilterChainProxy$VirtualFilterChain.doFilter(FilterChainProxy.java:320) ~[spring-security-web-5.2.1.RELEASE.jar:5.2.1.RELEASE]
	at org.springframework.security.web.access.intercept.FilterSecurityInterceptor.invoke(FilterSecurityInterceptor.java:126) ~[spring-security-web-5.2.1.RELEASE.jar:5.2.1.RELEASE]
	at org.springframework.security.web.access.intercept.FilterSecurityInterceptor.doFilter(FilterSecurityInterceptor.java:90) ~[spring-security-web-5.2.1.RELEASE.jar:5.2.1.RELEASE]
	at org.springframework.security.web.FilterChainProxy$VirtualFilterChain.doFilter(FilterChainProxy.java:334) ~[spring-security-web-5.2.1.RELEASE.jar:5.2.1.RELEASE]
	at org.springframework.security.web.access.ExceptionTranslationFilter.doFilter(ExceptionTranslationFilter.java:118) ~[spring-security-web-5.2.1.RELEASE.jar:5.2.1.RELEASE]
	at org.springframework.security.web.FilterChainProxy$VirtualFilterChain.doFilter(FilterChainProxy.java:334) ~[spring-security-web-5.2.1.RELEASE.jar:5.2.1.RELEASE]
	at org.springframework.security.web.authentication.AnonymousAuthenticationFilter.doFilter(AnonymousAuthenticationFilter.java:111) ~[spring-security-web-5.2.1.RELEASE.jar:5.2.1.RELEASE]
	at org.springframework.security.web.FilterChainProxy$VirtualFilterChain.doFilter(FilterChainProxy.java:334) ~[spring-security-web-5.2.1.RELEASE.jar:5.2.1.RELEASE]
	at org.springframework.security.web.servletapi.SecurityContextHolderAwareRequestFilter.doFilter(SecurityContextHolderAwareRequestFilter.java:158) ~[spring-security-web-5.2.1.RELEASE.jar:5.2.1.RELEASE]
	at org.springframework.security.web.FilterChainProxy$VirtualFilterChain.doFilter(FilterChainProxy.java:334) ~[spring-security-web-5.2.1.RELEASE.jar:5.2.1.RELEASE]
	at org.springframework.security.web.savedrequest.RequestCacheAwareFilter.doFilter(RequestCacheAwareFilter.java:63) ~[spring-security-web-5.2.1.RELEASE.jar:5.2.1.RELEASE]
	at org.springframework.security.web.FilterChainProxy$VirtualFilterChain.doFilter(FilterChainProxy.java:334) ~[spring-security-web-5.2.1.RELEASE.jar:5.2.1.RELEASE]
	at org.springframework.security.web.authentication.www.BasicAuthenticationFilter.doFilterInternal(BasicAuthenticationFilter.java:203) ~[spring-security-web-5.2.1.RELEASE.jar:5.2.1.RELEASE]
	at org.springframework.web.filter.OncePerRequestFilter.doFilter(OncePerRequestFilter.java:119) ~[spring-web-5.2.2.RELEASE.jar:5.2.2.RELEASE]
	at org.springframework.security.web.FilterChainProxy$VirtualFilterChain.doFilter(FilterChainProxy.java:334) ~[spring-security-web-5.2.1.RELEASE.jar:5.2.1.RELEASE]
	at org.springframework.security.web.authentication.logout.LogoutFilter.doFilter(LogoutFilter.java:116) ~[spring-security-web-5.2.1.RELEASE.jar:5.2.1.RELEASE]
	at org.springframework.security.web.FilterChainProxy$VirtualFilterChain.doFilter(FilterChainProxy.java:334) ~[spring-security-web-5.2.1.RELEASE.jar:5.2.1.RELEASE]
	at org.springframework.security.web.header.HeaderWriterFilter.doHeadersAfter(HeaderWriterFilter.java:92) ~[spring-security-web-5.2.1.RELEASE.jar:5.2.1.RELEASE]
	at org.springframework.security.web.header.HeaderWriterFilter.doFilterInternal(HeaderWriterFilter.java:77) ~[spring-security-web-5.2.1.RELEASE.jar:5.2.1.RELEASE]
	at org.springframework.web.filter.OncePerRequestFilter.doFilter(OncePerRequestFilter.java:119) ~[spring-web-5.2.2.RELEASE.jar:5.2.2.RELEASE]
	at org.springframework.security.web.FilterChainProxy$VirtualFilterChain.doFilter(FilterChainProxy.java:334) ~[spring-security-web-5.2.1.RELEASE.jar:5.2.1.RELEASE]
	at org.springframework.security.web.context.SecurityContextPersistenceFilter.doFilter(SecurityContextPersistenceFilter.java:105) ~[spring-security-web-5.2.1.RELEASE.jar:5.2.1.RELEASE]
	at org.springframework.security.web.FilterChainProxy$VirtualFilterChain.doFilter(FilterChainProxy.java:334) ~[spring-security-web-5.2.1.RELEASE.jar:5.2.1.RELEASE]
	at org.springframework.security.web.context.request.async.WebAsyncManagerIntegrationFilter.doFilterInternal(WebAsyncManagerIntegrationFilter.java:56) ~[spring-security-web-5.2.1.RELEASE.jar:5.2.1.RELEASE]
	at org.springframework.web.filter.OncePerRequestFilter.doFilter(OncePerRequestFilter.java:119) ~[spring-web-5.2.2.RELEASE.jar:5.2.2.RELEASE]
	at org.springframework.security.web.FilterChainProxy$VirtualFilterChain.doFilter(FilterChainProxy.java:334) ~[spring-security-web-5.2.1.RELEASE.jar:5.2.1.RELEASE]
	at org.springframework.security.web.FilterChainProxy.doFilterInternal(FilterChainProxy.java:215) ~[spring-security-web-5.2.1.RELEASE.jar:5.2.1.RELEASE]
	at org.springframework.security.web.FilterChainProxy.doFilter(FilterChainProxy.java:178) ~[spring-security-web-5.2.1.RELEASE.jar:5.2.1.RELEASE]
	at org.springframework.web.filter.DelegatingFilterProxy.invokeDelegate(DelegatingFilterProxy.java:358) ~[spring-web-5.2.2.RELEASE.jar:5.2.2.RELEASE]
	at org.springframework.web.filter.DelegatingFilterProxy.doFilter(DelegatingFilterProxy.java:271) ~[spring-web-5.2.2.RELEASE.jar:5.2.2.RELEASE]
	at jdk.internal.reflect.GeneratedMethodAccessor55.invoke(Unknown Source) ~[na:na]
	at java.base/jdk.internal.reflect.DelegatingMethodAccessorImpl.invoke(DelegatingMethodAccessorImpl.java:43) ~[na:na]
	at java.base/java.lang.reflect.Method.invoke(Method.java:566) ~[na:na]
	at org.apache.catalina.security.SecurityUtil$1.run(SecurityUtil.java:282) ~[tomcat-embed-core-9.0.29.jar:9.0.29]
	at org.apache.catalina.security.SecurityUtil$1.run(SecurityUtil.java:279) ~[tomcat-embed-core-9.0.29.jar:9.0.29]
	at java.base/java.security.AccessController.doPrivileged(Native Method) ~[na:na]
	at java.base/javax.security.auth.Subject.doAsPrivileged(Subject.java:550) ~[na:na]
	at org.apache.catalina.security.SecurityUtil.execute(SecurityUtil.java:314) ~[tomcat-embed-core-9.0.29.jar:9.0.29]
	at org.apache.catalina.security.SecurityUtil.doAsPrivilege(SecurityUtil.java:253) ~[tomcat-embed-core-9.0.29.jar:9.0.29]
	at org.apache.catalina.core.ApplicationFilterChain.internalDoFilter(ApplicationFilterChain.java:191) ~[tomcat-embed-core-9.0.29.jar:9.0.29]
	at org.apache.catalina.core.ApplicationFilterChain.access$000(ApplicationFilterChain.java:47) ~[tomcat-embed-core-9.0.29.jar:9.0.29]
	at org.apache.catalina.core.ApplicationFilterChain$1.run(ApplicationFilterChain.java:149) ~[tomcat-embed-core-9.0.29.jar:9.0.29]
	at org.apache.catalina.core.ApplicationFilterChain$1.run(ApplicationFilterChain.java:145) ~[tomcat-embed-core-9.0.29.jar:9.0.29]
	at java.base/java.security.AccessController.doPrivileged(Native Method) ~[na:na]
	at org.apache.catalina.core.ApplicationFilterChain.doFilter(ApplicationFilterChain.java:144) ~[tomcat-embed-core-9.0.29.jar:9.0.29]
	at org.springframework.web.filter.RequestContextFilter.doFilterInternal(RequestContextFilter.java:100) ~[spring-web-5.2.2.RELEASE.jar:5.2.2.RELEASE]
	at org.springframework.web.filter.OncePerRequestFilter.doFilter(OncePerRequestFilter.java:119) ~[spring-web-5.2.2.RELEASE.jar:5.2.2.RELEASE]
	at jdk.internal.reflect.GeneratedMethodAccessor55.invoke(Unknown Source) ~[na:na]
	at java.base/jdk.internal.reflect.DelegatingMethodAccessorImpl.invoke(DelegatingMethodAccessorImpl.java:43) ~[na:na]
	at java.base/java.lang.reflect.Method.invoke(Method.java:566) ~[na:na]
	at org.apache.catalina.security.SecurityUtil$1.run(SecurityUtil.java:282) ~[tomcat-embed-core-9.0.29.jar:9.0.29]
	at org.apache.catalina.security.SecurityUtil$1.run(SecurityUtil.java:279) ~[tomcat-embed-core-9.0.29.jar:9.0.29]
	at java.base/java.security.AccessController.doPrivileged(Native Method) ~[na:na]
	at java.base/javax.security.auth.Subject.doAsPrivileged(Subject.java:550) ~[na:na]
	at org.apache.catalina.security.SecurityUtil.execute(SecurityUtil.java:314) ~[tomcat-embed-core-9.0.29.jar:9.0.29]
	at org.apache.catalina.security.SecurityUtil.doAsPrivilege(SecurityUtil.java:253) ~[tomcat-embed-core-9.0.29.jar:9.0.29]
	at org.apache.catalina.core.ApplicationFilterChain.internalDoFilter(ApplicationFilterChain.java:191) ~[tomcat-embed-core-9.0.29.jar:9.0.29]
	at org.apache.catalina.core.ApplicationFilterChain.access$000(ApplicationFilterChain.java:47) ~[tomcat-embed-core-9.0.29.jar:9.0.29]
	at org.apache.catalina.core.ApplicationFilterChain$1.run(ApplicationFilterChain.java:149) ~[tomcat-embed-core-9.0.29.jar:9.0.29]
	at org.apache.catalina.core.ApplicationFilterChain$1.run(ApplicationFilterChain.java:145) ~[tomcat-embed-core-9.0.29.jar:9.0.29]
	at java.base/java.security.AccessController.doPrivileged(Native Method) ~[na:na]
	at org.apache.catalina.core.ApplicationFilterChain.doFilter(ApplicationFilterChain.java:144) ~[tomcat-embed-core-9.0.29.jar:9.0.29]
	at org.springframework.web.filter.FormContentFilter.doFilterInternal(FormContentFilter.java:93) ~[spring-web-5.2.2.RELEASE.jar:5.2.2.RELEASE]
	at org.springframework.web.filter.OncePerRequestFilter.doFilter(OncePerRequestFilter.java:119) ~[spring-web-5.2.2.RELEASE.jar:5.2.2.RELEASE]
	at jdk.internal.reflect.GeneratedMethodAccessor55.invoke(Unknown Source) ~[na:na]
	at java.base/jdk.internal.reflect.DelegatingMethodAccessorImpl.invoke(DelegatingMethodAccessorImpl.java:43) ~[na:na]
	at java.base/java.lang.reflect.Method.invoke(Method.java:566) ~[na:na]
	at org.apache.catalina.security.SecurityUtil$1.run(SecurityUtil.java:282) ~[tomcat-embed-core-9.0.29.jar:9.0.29]
	at org.apache.catalina.security.SecurityUtil$1.run(SecurityUtil.java:279) ~[tomcat-embed-core-9.0.29.jar:9.0.29]
	at java.base/java.security.AccessController.doPrivileged(Native Method) ~[na:na]
	at java.base/javax.security.auth.Subject.doAsPrivileged(Subject.java:550) ~[na:na]
	at org.apache.catalina.security.SecurityUtil.execute(SecurityUtil.java:314) ~[tomcat-embed-core-9.0.29.jar:9.0.29]
	at org.apache.catalina.security.SecurityUtil.doAsPrivilege(SecurityUtil.java:253) ~[tomcat-embed-core-9.0.29.jar:9.0.29]
	at org.apache.catalina.core.ApplicationFilterChain.internalDoFilter(ApplicationFilterChain.java:191) ~[tomcat-embed-core-9.0.29.jar:9.0.29]
	at org.apache.catalina.core.ApplicationFilterChain.access$000(ApplicationFilterChain.java:47) ~[tomcat-embed-core-9.0.29.jar:9.0.29]
	at org.apache.catalina.core.ApplicationFilterChain$1.run(ApplicationFilterChain.java:149) ~[tomcat-embed-core-9.0.29.jar:9.0.29]
	at org.apache.catalina.core.ApplicationFilterChain$1.run(ApplicationFilterChain.java:145) ~[tomcat-embed-core-9.0.29.jar:9.0.29]
	at java.base/java.security.AccessController.doPrivileged(Native Method) ~[na:na]
	at org.apache.catalina.core.ApplicationFilterChain.doFilter(ApplicationFilterChain.java:144) ~[tomcat-embed-core-9.0.29.jar:9.0.29]
	at org.springframework.boot.actuate.metrics.web.servlet.WebMvcMetricsFilter.doFilterInternal(WebMvcMetricsFilter.java:108) ~[spring-boot-actuator-2.2.2.RELEASE.jar:2.2.2.RELEASE]
	at org.springframework.web.filter.OncePerRequestFilter.doFilter(OncePerRequestFilter.java:119) ~[spring-web-5.2.2.RELEASE.jar:5.2.2.RELEASE]
	at jdk.internal.reflect.GeneratedMethodAccessor55.invoke(Unknown Source) ~[na:na]
	at java.base/jdk.internal.reflect.DelegatingMethodAccessorImpl.invoke(DelegatingMethodAccessorImpl.java:43) ~[na:na]
	at java.base/java.lang.reflect.Method.invoke(Method.java:566) ~[na:na]
	at org.apache.catalina.security.SecurityUtil$1.run(SecurityUtil.java:282) ~[tomcat-embed-core-9.0.29.jar:9.0.29]
	at org.apache.catalina.security.SecurityUtil$1.run(SecurityUtil.java:279) ~[tomcat-embed-core-9.0.29.jar:9.0.29]
	at java.base/java.security.AccessController.doPrivileged(Native Method) ~[na:na]
	at java.base/javax.security.auth.Subject.doAsPrivileged(Subject.java:550) ~[na:na]
	at org.apache.catalina.security.SecurityUtil.execute(SecurityUtil.java:314) ~[tomcat-embed-core-9.0.29.jar:9.0.29]
	at org.apache.catalina.security.SecurityUtil.doAsPrivilege(SecurityUtil.java:253) ~[tomcat-embed-core-9.0.29.jar:9.0.29]
	at org.apache.catalina.core.ApplicationFilterChain.internalDoFilter(ApplicationFilterChain.java:191) ~[tomcat-embed-core-9.0.29.jar:9.0.29]
	at org.apache.catalina.core.ApplicationFilterChain.access$000(ApplicationFilterChain.java:47) ~[tomcat-embed-core-9.0.29.jar:9.0.29]
	at org.apache.catalina.core.ApplicationFilterChain$1.run(ApplicationFilterChain.java:149) ~[tomcat-embed-core-9.0.29.jar:9.0.29]
	at org.apache.catalina.core.ApplicationFilterChain$1.run(ApplicationFilterChain.java:145) ~[tomcat-embed-core-9.0.29.jar:9.0.29]
	at java.base/java.security.AccessController.doPrivileged(Native Method) ~[na:na]
	at org.apache.catalina.core.ApplicationFilterChain.doFilter(ApplicationFilterChain.java:144) ~[tomcat-embed-core-9.0.29.jar:9.0.29]
	at org.springframework.web.filter.CharacterEncodingFilter.doFilterInternal(CharacterEncodingFilter.java:201) ~[spring-web-5.2.2.RELEASE.jar:5.2.2.RELEASE]
	at org.springframework.web.filter.OncePerRequestFilter.doFilter(OncePerRequestFilter.java:119) ~[spring-web-5.2.2.RELEASE.jar:5.2.2.RELEASE]
	at jdk.internal.reflect.GeneratedMethodAccessor55.invoke(Unknown Source) ~[na:na]
	at java.base/jdk.internal.reflect.DelegatingMethodAccessorImpl.invoke(DelegatingMethodAccessorImpl.java:43) ~[na:na]
	at java.base/java.lang.reflect.Method.invoke(Method.java:566) ~[na:na]
	at org.apache.catalina.security.SecurityUtil$1.run(SecurityUtil.java:282) ~[tomcat-embed-core-9.0.29.jar:9.0.29]
	at org.apache.catalina.security.SecurityUtil$1.run(SecurityUtil.java:279) ~[tomcat-embed-core-9.0.29.jar:9.0.29]
	at java.base/java.security.AccessController.doPrivileged(Native Method) ~[na:na]
	at java.base/javax.security.auth.Subject.doAsPrivileged(Subject.java:550) ~[na:na]
	at org.apache.catalina.security.SecurityUtil.execute(SecurityUtil.java:314) ~[tomcat-embed-core-9.0.29.jar:9.0.29]
	at org.apache.catalina.security.SecurityUtil.doAsPrivilege(SecurityUtil.java:253) ~[tomcat-embed-core-9.0.29.jar:9.0.29]
	at org.apache.catalina.core.ApplicationFilterChain.internalDoFilter(ApplicationFilterChain.java:191) ~[tomcat-embed-core-9.0.29.jar:9.0.29]
	at org.apache.catalina.core.ApplicationFilterChain.access$000(ApplicationFilterChain.java:47) ~[tomcat-embed-core-9.0.29.jar:9.0.29]
	at org.apache.catalina.core.ApplicationFilterChain$1.run(ApplicationFilterChain.java:149) ~[tomcat-embed-core-9.0.29.jar:9.0.29]
	at org.apache.catalina.core.ApplicationFilterChain$1.run(ApplicationFilterChain.java:145) ~[tomcat-embed-core-9.0.29.jar:9.0.29]
	at java.base/java.security.AccessController.doPrivileged(Native Method) ~[na:na]
	at org.apache.catalina.core.ApplicationFilterChain.doFilter(ApplicationFilterChain.java:144) ~[tomcat-embed-core-9.0.29.jar:9.0.29]
	at org.apache.catalina.core.StandardWrapperValve.invoke(StandardWrapperValve.java:202) ~[tomcat-embed-core-9.0.29.jar:9.0.29]
	at org.apache.catalina.core.StandardContextValve.invoke(StandardContextValve.java:96) ~[tomcat-embed-core-9.0.29.jar:9.0.29]
	at org.apache.catalina.authenticator.AuthenticatorBase.invoke(AuthenticatorBase.java:526) ~[tomcat-embed-core-9.0.29.jar:9.0.29]
	at org.apache.catalina.core.StandardHostValve.invoke(StandardHostValve.java:139) ~[tomcat-embed-core-9.0.29.jar:9.0.29]
	at org.apache.catalina.valves.ErrorReportValve.invoke(ErrorReportValve.java:92) ~[tomcat-embed-core-9.0.29.jar:9.0.29]
	at org.apache.catalina.core.StandardEngineValve.invoke(StandardEngineValve.java:74) ~[tomcat-embed-core-9.0.29.jar:9.0.29]
	at org.apache.catalina.connector.CoyoteAdapter.service(CoyoteAdapter.java:343) ~[tomcat-embed-core-9.0.29.jar:9.0.29]
	at org.apache.coyote.http11.Http11Processor.service(Http11Processor.java:367) ~[tomcat-embed-core-9.0.29.jar:9.0.29]
	at org.apache.coyote.AbstractProcessorLight.process(AbstractProcessorLight.java:65) ~[tomcat-embed-core-9.0.29.jar:9.0.29]
	at org.apache.coyote.AbstractProtocol$ConnectionHandler.process(AbstractProtocol.java:860) ~[tomcat-embed-core-9.0.29.jar:9.0.29]
	at org.apache.tomcat.util.net.NioEndpoint$SocketProcessor.doRun(NioEndpoint.java:1591) ~[tomcat-embed-core-9.0.29.jar:9.0.29]
	at org.apache.tomcat.util.net.SocketProcessorBase.run(SocketProcessorBase.java:49) ~[tomcat-embed-core-9.0.29.jar:9.0.29]
	at java.base/java.util.concurrent.ThreadPoolExecutor.runWorker(ThreadPoolExecutor.java:1128) ~[na:na]
	at java.base/java.util.concurrent.ThreadPoolExecutor$Worker.run(ThreadPoolExecutor.java:628) ~[na:na]
	at org.apache.tomcat.util.threads.TaskThread$WrappingRunnable.run(TaskThread.java:61) ~[tomcat-embed-core-9.0.29.jar:9.0.29]
	at java.base/java.lang.Thread.run(Thread.java:834) ~[na:na]

Hibernate: SELECT count(*) FROM solved_quizzes
?[1;31m
Start test 193?[0m
Hibernate: select user0_.id as id1_3_, user0_.email as email2_3_, user0_.password as password3_3_ from users user0_ where user0_.email=?
Hibernate: select roles0_.user_id as user_id1_4_0_, roles0_.roles_id as roles_id2_4_0_, role1_.id as id1_1_1_, role1_.name as name2_1_1_ from users_roles roles0_ inner join roles role1_ on roles0_.roles_id=role1_.id where roles0_.user_id=?
Hibernate: SELECT * FROM solved_quizzes WHERE user = ? ORDER BY completed_at DESC limit ?
2021-05-11 22:56:03.570  INFO 2142 --- [nio-8889-exec-4] j.r.q.QueryParameterSetter$ErrorHandling : Silently ignoring

java.lang.IllegalArgumentException: Could not locate ordinal parameter [1], expecting one of []
	at org.hibernate.query.internal.ParameterMetadataImpl.getOrdinalParameterDescriptor(ParameterMetadataImpl.java:154) ~[hibernate-core-5.4.9.Final.jar:5.4.9.Final]
	at org.hibernate.query.internal.ParameterMetadataImpl.getQueryParameter(ParameterMetadataImpl.java:204) ~[hibernate-core-5.4.9.Final.jar:5.4.9.Final]
	at org.hibernate.query.internal.QueryParameterBindingsImpl.getBinding(QueryParameterBindingsImpl.java:182) ~[hibernate-core-5.4.9.Final.jar:5.4.9.Final]
	at org.hibernate.query.internal.AbstractProducedQuery.setParameter(AbstractProducedQuery.java:507) ~[hibernate-core-5.4.9.Final.jar:5.4.9.Final]
	at org.hibernate.query.internal.NativeQueryImpl.setParameter(NativeQueryImpl.java:613) ~[hibernate-core-5.4.9.Final.jar:5.4.9.Final]
	at org.hibernate.query.internal.NativeQueryImpl.setParameter(NativeQueryImpl.java:62) ~[hibernate-core-5.4.9.Final.jar:5.4.9.Final]
	at org.springframework.data.jpa.repository.query.QueryParameterSetter$BindableQuery.setParameter(QueryParameterSetter.java:335) ~[spring-data-jpa-2.2.3.RELEASE.jar:2.2.3.RELEASE]
	at org.springframework.data.jpa.repository.query.QueryParameterSetter$NamedOrIndexedQueryParameterSetter.lambda$setParameter$5(QueryParameterSetter.java:128) ~[spring-data-jpa-2.2.3.RELEASE.jar:2.2.3.RELEASE]
	at org.springframework.data.jpa.repository.query.QueryParameterSetter$ErrorHandling$2.execute(QueryParameterSetter.java:151) ~[spring-data-jpa-2.2.3.RELEASE.jar:2.2.3.RELEASE]
	at org.springframework.data.jpa.repository.query.QueryParameterSetter$NamedOrIndexedQueryParameterSetter.setParameter(QueryParameterSetter.java:128) ~[spring-data-jpa-2.2.3.RELEASE.jar:2.2.3.RELEASE]
	at org.springframework.data.jpa.repository.query.ParameterBinder.bind(ParameterBinder.java:82) ~[spring-data-jpa-2.2.3.RELEASE.jar:2.2.3.RELEASE]
	at org.springframework.data.jpa.repository.query.AbstractStringBasedJpaQuery.doCreateCountQuery(AbstractStringBasedJpaQuery.java:122) ~[spring-data-jpa-2.2.3.RELEASE.jar:2.2.3.RELEASE]
	at org.springframework.data.jpa.repository.query.AbstractJpaQuery.createCountQuery(AbstractJpaQuery.java:254) ~[spring-data-jpa-2.2.3.RELEASE.jar:2.2.3.RELEASE]
	at org.springframework.data.jpa.repository.query.JpaQueryExecution$PagedExecution.count(JpaQueryExecution.java:183) ~[spring-data-jpa-2.2.3.RELEASE.jar:2.2.3.RELEASE]
	at org.springframework.data.jpa.repository.query.JpaQueryExecution$PagedExecution.lambda$doExecute$0(JpaQueryExecution.java:178) ~[spring-data-jpa-2.2.3.RELEASE.jar:2.2.3.RELEASE]
	at org.springframework.data.repository.support.PageableExecutionUtils.getPage(PageableExecutionUtils.java:62) ~[spring-data-commons-2.2.3.RELEASE.jar:2.2.3.RELEASE]
	at org.springframework.data.jpa.repository.query.JpaQueryExecution$PagedExecution.doExecute(JpaQueryExecution.java:177) ~[spring-data-jpa-2.2.3.RELEASE.jar:2.2.3.RELEASE]
	at org.springframework.data.jpa.repository.query.JpaQueryExecution.execute(JpaQueryExecution.java:88) ~[spring-data-jpa-2.2.3.RELEASE.jar:2.2.3.RELEASE]
	at org.springframework.data.jpa.repository.query.AbstractJpaQuery.doExecute(AbstractJpaQuery.java:154) ~[spring-data-jpa-2.2.3.RELEASE.jar:2.2.3.RELEASE]
	at org.springframework.data.jpa.repository.query.AbstractJpaQuery.execute(AbstractJpaQuery.java:142) ~[spring-data-jpa-2.2.3.RELEASE.jar:2.2.3.RELEASE]
	at org.springframework.data.repository.core.support.RepositoryFactorySupport$QueryExecutorMethodInterceptor.doInvoke(RepositoryFactorySupport.java:618) ~[spring-data-commons-2.2.3.RELEASE.jar:2.2.3.RELEASE]
	at org.springframework.data.repository.core.support.RepositoryFactorySupport$QueryExecutorMethodInterceptor.invoke(RepositoryFactorySupport.java:605) ~[spring-data-commons-2.2.3.RELEASE.jar:2.2.3.RELEASE]
	at org.springframework.aop.framework.ReflectiveMethodInvocation.proceed(ReflectiveMethodInvocation.java:186) ~[spring-aop-5.2.2.RELEASE.jar:5.2.2.RELEASE]
	at org.springframework.transaction.interceptor.TransactionAspectSupport.invokeWithinTransaction(TransactionAspectSupport.java:366) ~[spring-tx-5.2.2.RELEASE.jar:5.2.2.RELEASE]
	at org.springframework.transaction.interceptor.TransactionInterceptor.invoke(TransactionInterceptor.java:99) ~[spring-tx-5.2.2.RELEASE.jar:5.2.2.RELEASE]
	at org.springframework.aop.framework.ReflectiveMethodInvocation.proceed(ReflectiveMethodInvocation.java:186) ~[spring-aop-5.2.2.RELEASE.jar:5.2.2.RELEASE]
	at org.springframework.dao.support.PersistenceExceptionTranslationInterceptor.invoke(PersistenceExceptionTranslationInterceptor.java:139) ~[spring-tx-5.2.2.RELEASE.jar:5.2.2.RELEASE]
	at org.springframework.aop.framework.ReflectiveMethodInvocation.proceed(ReflectiveMethodInvocation.java:186) ~[spring-aop-5.2.2.RELEASE.jar:5.2.2.RELEASE]
	at org.springframework.data.jpa.repository.support.CrudMethodMetadataPostProcessor$CrudMethodMetadataPopulatingMethodInterceptor.invoke(CrudMethodMetadataPostProcessor.java:149) ~[spring-data-jpa-2.2.3.RELEASE.jar:2.2.3.RELEASE]
	at org.springframework.aop.framework.ReflectiveMethodInvocation.proceed(ReflectiveMethodInvocation.java:186) ~[spring-aop-5.2.2.RELEASE.jar:5.2.2.RELEASE]
	at org.springframework.aop.interceptor.ExposeInvocationInterceptor.invoke(ExposeInvocationInterceptor.java:93) ~[spring-aop-5.2.2.RELEASE.jar:5.2.2.RELEASE]
	at org.springframework.aop.framework.ReflectiveMethodInvocation.proceed(ReflectiveMethodInvocation.java:186) ~[spring-aop-5.2.2.RELEASE.jar:5.2.2.RELEASE]
	at org.springframework.aop.framework.JdkDynamicAopProxy.invoke(JdkDynamicAopProxy.java:212) ~[spring-aop-5.2.2.RELEASE.jar:5.2.2.RELEASE]
	at com.sun.proxy.$Proxy137.findSolvedQuizzesByUser(Unknown Source) ~[na:na]
	at engine.QuizService.getSolvedQuizzes(QuizService.java:24) ~[main/:na]
	at engine.QuizController.getSolvedQuizzes(QuizController.java:131) ~[main/:na]
	at jdk.internal.reflect.GeneratedMethodAccessor121.invoke(Unknown Source) ~[na:na]
	at java.base/jdk.internal.reflect.DelegatingMethodAccessorImpl.invoke(DelegatingMethodAccessorImpl.java:43) ~[na:na]
	at java.base/java.lang.reflect.Method.invoke(Method.java:566) ~[na:na]
	at org.springframework.web.method.support.InvocableHandlerMethod.doInvoke(InvocableHandlerMethod.java:190) ~[spring-web-5.2.2.RELEASE.jar:5.2.2.RELEASE]
	at org.springframework.web.method.support.InvocableHandlerMethod.invokeForRequest(InvocableHandlerMethod.java:138) ~[spring-web-5.2.2.RELEASE.jar:5.2.2.RELEASE]
	at org.springframework.web.servlet.mvc.method.annotation.ServletInvocableHandlerMethod.invokeAndHandle(ServletInvocableHandlerMethod.java:106) ~[spring-webmvc-5.2.2.RELEASE.jar:5.2.2.RELEASE]
	at org.springframework.web.servlet.mvc.method.annotation.RequestMappingHandlerAdapter.invokeHandlerMethod(RequestMappingHandlerAdapter.java:888) ~[spring-webmvc-5.2.2.RELEASE.jar:5.2.2.RELEASE]
	at org.springframework.web.servlet.mvc.method.annotation.RequestMappingHandlerAdapter.handleInternal(RequestMappingHandlerAdapter.java:793) ~[spring-webmvc-5.2.2.RELEASE.jar:5.2.2.RELEASE]
	at org.springframework.web.servlet.mvc.method.AbstractHandlerMethodAdapter.handle(AbstractHandlerMethodAdapter.java:87) ~[spring-webmvc-5.2.2.RELEASE.jar:5.2.2.RELEASE]
	at org.springframework.web.servlet.DispatcherServlet.doDispatch(DispatcherServlet.java:1040) ~[spring-webmvc-5.2.2.RELEASE.jar:5.2.2.RELEASE]
	at org.springframework.web.servlet.DispatcherServlet.doService(DispatcherServlet.java:943) ~[spring-webmvc-5.2.2.RELEASE.jar:5.2.2.RELEASE]
	at org.springframework.web.servlet.FrameworkServlet.processRequest(FrameworkServlet.java:1006) ~[spring-webmvc-5.2.2.RELEASE.jar:5.2.2.RELEASE]
	at org.springframework.web.servlet.FrameworkServlet.doGet(FrameworkServlet.java:898) ~[spring-webmvc-5.2.2.RELEASE.jar:5.2.2.RELEASE]
	at javax.servlet.http.HttpServlet.service(HttpServlet.java:634) ~[tomcat-embed-core-9.0.29.jar:9.0.29]
	at org.springframework.web.servlet.FrameworkServlet.service(FrameworkServlet.java:883) ~[spring-webmvc-5.2.2.RELEASE.jar:5.2.2.RELEASE]
	at javax.servlet.http.HttpServlet.service(HttpServlet.java:741) ~[tomcat-embed-core-9.0.29.jar:9.0.29]
	at jdk.internal.reflect.GeneratedMethodAccessor59.invoke(Unknown Source) ~[na:na]
	at java.base/jdk.internal.reflect.DelegatingMethodAccessorImpl.invoke(DelegatingMethodAccessorImpl.java:43) ~[na:na]
	at java.base/java.lang.reflect.Method.invoke(Method.java:566) ~[na:na]
	at org.apache.catalina.security.SecurityUtil$1.run(SecurityUtil.java:282) ~[tomcat-embed-core-9.0.29.jar:9.0.29]
	at org.apache.catalina.security.SecurityUtil$1.run(SecurityUtil.java:279) ~[tomcat-embed-core-9.0.29.jar:9.0.29]
	at java.base/java.security.AccessController.doPrivileged(Native Method) ~[na:na]
	at java.base/javax.security.auth.Subject.doAsPrivileged(Subject.java:550) ~[na:na]
	at org.apache.catalina.security.SecurityUtil.execute(SecurityUtil.java:314) ~[tomcat-embed-core-9.0.29.jar:9.0.29]
	at org.apache.catalina.security.SecurityUtil.doAsPrivilege(SecurityUtil.java:170) ~[tomcat-embed-core-9.0.29.jar:9.0.29]
	at org.apache.catalina.core.ApplicationFilterChain.internalDoFilter(ApplicationFilterChain.java:225) ~[tomcat-embed-core-9.0.29.jar:9.0.29]
	at org.apache.catalina.core.ApplicationFilterChain.access$000(ApplicationFilterChain.java:47) ~[tomcat-embed-core-9.0.29.jar:9.0.29]
	at org.apache.catalina.core.ApplicationFilterChain$1.run(ApplicationFilterChain.java:149) ~[tomcat-embed-core-9.0.29.jar:9.0.29]
	at org.apache.catalina.core.ApplicationFilterChain$1.run(ApplicationFilterChain.java:145) ~[tomcat-embed-core-9.0.29.jar:9.0.29]
	at java.base/java.security.AccessController.doPrivileged(Native Method) ~[na:na]
	at org.apache.catalina.core.ApplicationFilterChain.doFilter(ApplicationFilterChain.java:144) ~[tomcat-embed-core-9.0.29.jar:9.0.29]
	at org.apache.tomcat.websocket.server.WsFilter.doFilter(WsFilter.java:53) ~[tomcat-embed-websocket-9.0.29.jar:9.0.29]
	at jdk.internal.reflect.GeneratedMethodAccessor55.invoke(Unknown Source) ~[na:na]
	at java.base/jdk.internal.reflect.DelegatingMethodAccessorImpl.invoke(DelegatingMethodAccessorImpl.java:43) ~[na:na]
	at java.base/java.lang.reflect.Method.invoke(Method.java:566) ~[na:na]
	at org.apache.catalina.security.SecurityUtil$1.run(SecurityUtil.java:282) ~[tomcat-embed-core-9.0.29.jar:9.0.29]
	at org.apache.catalina.security.SecurityUtil$1.run(SecurityUtil.java:279) ~[tomcat-embed-core-9.0.29.jar:9.0.29]
	at java.base/java.security.AccessController.doPrivileged(Native Method) ~[na:na]
	at java.base/javax.security.auth.Subject.doAsPrivileged(Subject.java:550) ~[na:na]
	at org.apache.catalina.security.SecurityUtil.execute(SecurityUtil.java:314) ~[tomcat-embed-core-9.0.29.jar:9.0.29]
	at org.apache.catalina.security.SecurityUtil.doAsPrivilege(SecurityUtil.java:253) ~[tomcat-embed-core-9.0.29.jar:9.0.29]
	at org.apache.catalina.core.ApplicationFilterChain.internalDoFilter(ApplicationFilterChain.java:191) ~[tomcat-embed-core-9.0.29.jar:9.0.29]
	at org.apache.catalina.core.ApplicationFilterChain.access$000(ApplicationFilterChain.java:47) ~[tomcat-embed-core-9.0.29.jar:9.0.29]
	at org.apache.catalina.core.ApplicationFilterChain$1.run(ApplicationFilterChain.java:149) ~[tomcat-embed-core-9.0.29.jar:9.0.29]
	at org.apache.catalina.core.ApplicationFilterChain$1.run(ApplicationFilterChain.java:145) ~[tomcat-embed-core-9.0.29.jar:9.0.29]
	at java.base/java.security.AccessController.doPrivileged(Native Method) ~[na:na]
	at org.apache.catalina.core.ApplicationFilterChain.doFilter(ApplicationFilterChain.java:144) ~[tomcat-embed-core-9.0.29.jar:9.0.29]
	at org.springframework.security.web.FilterChainProxy$VirtualFilterChain.doFilter(FilterChainProxy.java:320) ~[spring-security-web-5.2.1.RELEASE.jar:5.2.1.RELEASE]
	at org.springframework.security.web.access.intercept.FilterSecurityInterceptor.invoke(FilterSecurityInterceptor.java:126) ~[spring-security-web-5.2.1.RELEASE.jar:5.2.1.RELEASE]
	at org.springframework.security.web.access.intercept.FilterSecurityInterceptor.doFilter(FilterSecurityInterceptor.java:90) ~[spring-security-web-5.2.1.RELEASE.jar:5.2.1.RELEASE]
	at org.springframework.security.web.FilterChainProxy$VirtualFilterChain.doFilter(FilterChainProxy.java:334) ~[spring-security-web-5.2.1.RELEASE.jar:5.2.1.RELEASE]
	at org.springframework.security.web.access.ExceptionTranslationFilter.doFilter(ExceptionTranslationFilter.java:118) ~[spring-security-web-5.2.1.RELEASE.jar:5.2.1.RELEASE]
	at org.springframework.security.web.FilterChainProxy$VirtualFilterChain.doFilter(FilterChainProxy.java:334) ~[spring-security-web-5.2.1.RELEASE.jar:5.2.1.RELEASE]
	at org.springframework.security.web.authentication.AnonymousAuthenticationFilter.doFilter(AnonymousAuthenticationFilter.java:111) ~[spring-security-web-5.2.1.RELEASE.jar:5.2.1.RELEASE]
	at org.springframework.security.web.FilterChainProxy$VirtualFilterChain.doFilter(FilterChainProxy.java:334) ~[spring-security-web-5.2.1.RELEASE.jar:5.2.1.RELEASE]
	at org.springframework.security.web.servletapi.SecurityContextHolderAwareRequestFilter.doFilter(SecurityContextHolderAwareRequestFilter.java:158) ~[spring-security-web-5.2.1.RELEASE.jar:5.2.1.RELEASE]
	at org.springframework.security.web.FilterChainProxy$VirtualFilterChain.doFilter(FilterChainProxy.java:334) ~[spring-security-web-5.2.1.RELEASE.jar:5.2.1.RELEASE]
	at org.springframework.security.web.savedrequest.RequestCacheAwareFilter.doFilter(RequestCacheAwareFilter.java:63) ~[spring-security-web-5.2.1.RELEASE.jar:5.2.1.RELEASE]
	at org.springframework.security.web.FilterChainProxy$VirtualFilterChain.doFilter(FilterChainProxy.java:334) ~[spring-security-web-5.2.1.RELEASE.jar:5.2.1.RELEASE]
	at org.springframework.security.web.authentication.www.BasicAuthenticationFilter.doFilterInternal(BasicAuthenticationFilter.java:203) ~[spring-security-web-5.2.1.RELEASE.jar:5.2.1.RELEASE]
	at org.springframework.web.filter.OncePerRequestFilter.doFilter(OncePerRequestFilter.java:119) ~[spring-web-5.2.2.RELEASE.jar:5.2.2.RELEASE]
	at org.springframework.security.web.FilterChainProxy$VirtualFilterChain.doFilter(FilterChainProxy.java:334) ~[spring-security-web-5.2.1.RELEASE.jar:5.2.1.RELEASE]
	at org.springframework.security.web.authentication.logout.LogoutFilter.doFilter(LogoutFilter.java:116) ~[spring-security-web-5.2.1.RELEASE.jar:5.2.1.RELEASE]
	at org.springframework.security.web.FilterChainProxy$VirtualFilterChain.doFilter(FilterChainProxy.java:334) ~[spring-security-web-5.2.1.RELEASE.jar:5.2.1.RELEASE]
	at org.springframework.security.web.header.HeaderWriterFilter.doHeadersAfter(HeaderWriterFilter.java:92) ~[spring-security-web-5.2.1.RELEASE.jar:5.2.1.RELEASE]
	at org.springframework.security.web.header.HeaderWriterFilter.doFilterInternal(HeaderWriterFilter.java:77) ~[spring-security-web-5.2.1.RELEASE.jar:5.2.1.RELEASE]
	at org.springframework.web.filter.OncePerRequestFilter.doFilter(OncePerRequestFilter.java:119) ~[spring-web-5.2.2.RELEASE.jar:5.2.2.RELEASE]
	at org.springframework.security.web.FilterChainProxy$VirtualFilterChain.doFilter(FilterChainProxy.java:334) ~[spring-security-web-5.2.1.RELEASE.jar:5.2.1.RELEASE]
	at org.springframework.security.web.context.SecurityContextPersistenceFilter.doFilter(SecurityContextPersistenceFilter.java:105) ~[spring-security-web-5.2.1.RELEASE.jar:5.2.1.RELEASE]
	at org.springframework.security.web.FilterChainProxy$VirtualFilterChain.doFilter(FilterChainProxy.java:334) ~[spring-security-web-5.2.1.RELEASE.jar:5.2.1.RELEASE]
	at org.springframework.security.web.context.request.async.WebAsyncManagerIntegrationFilter.doFilterInternal(WebAsyncManagerIntegrationFilter.java:56) ~[spring-security-web-5.2.1.RELEASE.jar:5.2.1.RELEASE]
	at org.springframework.web.filter.OncePerRequestFilter.doFilter(OncePerRequestFilter.java:119) ~[spring-web-5.2.2.RELEASE.jar:5.2.2.RELEASE]
	at org.springframework.security.web.FilterChainProxy$VirtualFilterChain.doFilter(FilterChainProxy.java:334) ~[spring-security-web-5.2.1.RELEASE.jar:5.2.1.RELEASE]
	at org.springframework.security.web.FilterChainProxy.doFilterInternal(FilterChainProxy.java:215) ~[spring-security-web-5.2.1.RELEASE.jar:5.2.1.RELEASE]
	at org.springframework.security.web.FilterChainProxy.doFilter(FilterChainProxy.java:178) ~[spring-security-web-5.2.1.RELEASE.jar:5.2.1.RELEASE]
	at org.springframework.web.filter.DelegatingFilterProxy.invokeDelegate(DelegatingFilterProxy.java:358) ~[spring-web-5.2.2.RELEASE.jar:5.2.2.RELEASE]
	at org.springframework.web.filter.DelegatingFilterProxy.doFilter(DelegatingFilterProxy.java:271) ~[spring-web-5.2.2.RELEASE.jar:5.2.2.RELEASE]
	at jdk.internal.reflect.GeneratedMethodAccessor55.invoke(Unknown Source) ~[na:na]
	at java.base/jdk.internal.reflect.DelegatingMethodAccessorImpl.invoke(DelegatingMethodAccessorImpl.java:43) ~[na:na]
	at java.base/java.lang.reflect.Method.invoke(Method.java:566) ~[na:na]
	at org.apache.catalina.security.SecurityUtil$1.run(SecurityUtil.java:282) ~[tomcat-embed-core-9.0.29.jar:9.0.29]
	at org.apache.catalina.security.SecurityUtil$1.run(SecurityUtil.java:279) ~[tomcat-embed-core-9.0.29.jar:9.0.29]
	at java.base/java.security.AccessController.doPrivileged(Native Method) ~[na:na]
	at java.base/javax.security.auth.Subject.doAsPrivileged(Subject.java:550) ~[na:na]
	at org.apache.catalina.security.SecurityUtil.execute(SecurityUtil.java:314) ~[tomcat-embed-core-9.0.29.jar:9.0.29]
	at org.apache.catalina.security.SecurityUtil.doAsPrivilege(SecurityUtil.java:253) ~[tomcat-embed-core-9.0.29.jar:9.0.29]
	at org.apache.catalina.core.ApplicationFilterChain.internalDoFilter(ApplicationFilterChain.java:191) ~[tomcat-embed-core-9.0.29.jar:9.0.29]
	at org.apache.catalina.core.ApplicationFilterChain.access$000(ApplicationFilterChain.java:47) ~[tomcat-embed-core-9.0.29.jar:9.0.29]
	at org.apache.catalina.core.ApplicationFilterChain$1.run(ApplicationFilterChain.java:149) ~[tomcat-embed-core-9.0.29.jar:9.0.29]
	at org.apache.catalina.core.ApplicationFilterChain$1.run(ApplicationFilterChain.java:145) ~[tomcat-embed-core-9.0.29.jar:9.0.29]
	at java.base/java.security.AccessController.doPrivileged(Native Method) ~[na:na]
	at org.apache.catalina.core.ApplicationFilterChain.doFilter(ApplicationFilterChain.java:144) ~[tomcat-embed-core-9.0.29.jar:9.0.29]
	at org.springframework.web.filter.RequestContextFilter.doFilterInternal(RequestContextFilter.java:100) ~[spring-web-5.2.2.RELEASE.jar:5.2.2.RELEASE]
	at org.springframework.web.filter.OncePerRequestFilter.doFilter(OncePerRequestFilter.java:119) ~[spring-web-5.2.2.RELEASE.jar:5.2.2.RELEASE]
	at jdk.internal.reflect.GeneratedMethodAccessor55.invoke(Unknown Source) ~[na:na]
	at java.base/jdk.internal.reflect.DelegatingMethodAccessorImpl.invoke(DelegatingMethodAccessorImpl.java:43) ~[na:na]
	at java.base/java.lang.reflect.Method.invoke(Method.java:566) ~[na:na]
	at org.apache.catalina.security.SecurityUtil$1.run(SecurityUtil.java:282) ~[tomcat-embed-core-9.0.29.jar:9.0.29]
	at org.apache.catalina.security.SecurityUtil$1.run(SecurityUtil.java:279) ~[tomcat-embed-core-9.0.29.jar:9.0.29]
	at java.base/java.security.AccessController.doPrivileged(Native Method) ~[na:na]
	at java.base/javax.security.auth.Subject.doAsPrivileged(Subject.java:550) ~[na:na]
	at org.apache.catalina.security.SecurityUtil.execute(SecurityUtil.java:314) ~[tomcat-embed-core-9.0.29.jar:9.0.29]
	at org.apache.catalina.security.SecurityUtil.doAsPrivilege(SecurityUtil.java:253) ~[tomcat-embed-core-9.0.29.jar:9.0.29]
	at org.apache.catalina.core.ApplicationFilterChain.internalDoFilter(ApplicationFilterChain.java:191) ~[tomcat-embed-core-9.0.29.jar:9.0.29]
	at org.apache.catalina.core.ApplicationFilterChain.access$000(ApplicationFilterChain.java:47) ~[tomcat-embed-core-9.0.29.jar:9.0.29]
	at org.apache.catalina.core.ApplicationFilterChain$1.run(ApplicationFilterChain.java:149) ~[tomcat-embed-core-9.0.29.jar:9.0.29]
	at org.apache.catalina.core.ApplicationFilterChain$1.run(ApplicationFilterChain.java:145) ~[tomcat-embed-core-9.0.29.jar:9.0.29]
	at java.base/java.security.AccessController.doPrivileged(Native Method) ~[na:na]
	at org.apache.catalina.core.ApplicationFilterChain.doFilter(ApplicationFilterChain.java:144) ~[tomcat-embed-core-9.0.29.jar:9.0.29]
	at org.springframework.web.filter.FormContentFilter.doFilterInternal(FormContentFilter.java:93) ~[spring-web-5.2.2.RELEASE.jar:5.2.2.RELEASE]
	at org.springframework.web.filter.OncePerRequestFilter.doFilter(OncePerRequestFilter.java:119) ~[spring-web-5.2.2.RELEASE.jar:5.2.2.RELEASE]
	at jdk.internal.reflect.GeneratedMethodAccessor55.invoke(Unknown Source) ~[na:na]
	at java.base/jdk.internal.reflect.DelegatingMethodAccessorImpl.invoke(DelegatingMethodAccessorImpl.java:43) ~[na:na]
	at java.base/java.lang.reflect.Method.invoke(Method.java:566) ~[na:na]
	at org.apache.catalina.security.SecurityUtil$1.run(SecurityUtil.java:282) ~[tomcat-embed-core-9.0.29.jar:9.0.29]
	at org.apache.catalina.security.SecurityUtil$1.run(SecurityUtil.java:279) ~[tomcat-embed-core-9.0.29.jar:9.0.29]
	at java.base/java.security.AccessController.doPrivileged(Native Method) ~[na:na]
	at java.base/javax.security.auth.Subject.doAsPrivileged(Subject.java:550) ~[na:na]
	at org.apache.catalina.security.SecurityUtil.execute(SecurityUtil.java:314) ~[tomcat-embed-core-9.0.29.jar:9.0.29]
	at org.apache.catalina.security.SecurityUtil.doAsPrivilege(SecurityUtil.java:253) ~[tomcat-embed-core-9.0.29.jar:9.0.29]
	at org.apache.catalina.core.ApplicationFilterChain.internalDoFilter(ApplicationFilterChain.java:191) ~[tomcat-embed-core-9.0.29.jar:9.0.29]
	at org.apache.catalina.core.ApplicationFilterChain.access$000(ApplicationFilterChain.java:47) ~[tomcat-embed-core-9.0.29.jar:9.0.29]
	at org.apache.catalina.core.ApplicationFilterChain$1.run(ApplicationFilterChain.java:149) ~[tomcat-embed-core-9.0.29.jar:9.0.29]
	at org.apache.catalina.core.ApplicationFilterChain$1.run(ApplicationFilterChain.java:145) ~[tomcat-embed-core-9.0.29.jar:9.0.29]
	at java.base/java.security.AccessController.doPrivileged(Native Method) ~[na:na]
	at org.apache.catalina.core.ApplicationFilterChain.doFilter(ApplicationFilterChain.java:144) ~[tomcat-embed-core-9.0.29.jar:9.0.29]
	at org.springframework.boot.actuate.metrics.web.servlet.WebMvcMetricsFilter.doFilterInternal(WebMvcMetricsFilter.java:108) ~[spring-boot-actuator-2.2.2.RELEASE.jar:2.2.2.RELEASE]
	at org.springframework.web.filter.OncePerRequestFilter.doFilter(OncePerRequestFilter.java:119) ~[spring-web-5.2.2.RELEASE.jar:5.2.2.RELEASE]
	at jdk.internal.reflect.GeneratedMethodAccessor55.invoke(Unknown Source) ~[na:na]
	at java.base/jdk.internal.reflect.DelegatingMethodAccessorImpl.invoke(DelegatingMethodAccessorImpl.java:43) ~[na:na]
	at java.base/java.lang.reflect.Method.invoke(Method.java:566) ~[na:na]
	at org.apache.catalina.security.SecurityUtil$1.run(SecurityUtil.java:282) ~[tomcat-embed-core-9.0.29.jar:9.0.29]
	at org.apache.catalina.security.SecurityUtil$1.run(SecurityUtil.java:279) ~[tomcat-embed-core-9.0.29.jar:9.0.29]
	at java.base/java.security.AccessController.doPrivileged(Native Method) ~[na:na]
	at java.base/javax.security.auth.Subject.doAsPrivileged(Subject.java:550) ~[na:na]
	at org.apache.catalina.security.SecurityUtil.execute(SecurityUtil.java:314) ~[tomcat-embed-core-9.0.29.jar:9.0.29]
	at org.apache.catalina.security.SecurityUtil.doAsPrivilege(SecurityUtil.java:253) ~[tomcat-embed-core-9.0.29.jar:9.0.29]
	at org.apache.catalina.core.ApplicationFilterChain.internalDoFilter(ApplicationFilterChain.java:191) ~[tomcat-embed-core-9.0.29.jar:9.0.29]
	at org.apache.catalina.core.ApplicationFilterChain.access$000(ApplicationFilterChain.java:47) ~[tomcat-embed-core-9.0.29.jar:9.0.29]
	at org.apache.catalina.core.ApplicationFilterChain$1.run(ApplicationFilterChain.java:149) ~[tomcat-embed-core-9.0.29.jar:9.0.29]
	at org.apache.catalina.core.ApplicationFilterChain$1.run(ApplicationFilterChain.java:145) ~[tomcat-embed-core-9.0.29.jar:9.0.29]
	at java.base/java.security.AccessController.doPrivileged(Native Method) ~[na:na]
	at org.apache.catalina.core.ApplicationFilterChain.doFilter(ApplicationFilterChain.java:144) ~[tomcat-embed-core-9.0.29.jar:9.0.29]
	at org.springframework.web.filter.CharacterEncodingFilter.doFilterInternal(CharacterEncodingFilter.java:201) ~[spring-web-5.2.2.RELEASE.jar:5.2.2.RELEASE]
	at org.springframework.web.filter.OncePerRequestFilter.doFilter(OncePerRequestFilter.java:119) ~[spring-web-5.2.2.RELEASE.jar:5.2.2.RELEASE]
	at jdk.internal.reflect.GeneratedMethodAccessor55.invoke(Unknown Source) ~[na:na]
	at java.base/jdk.internal.reflect.DelegatingMethodAccessorImpl.invoke(DelegatingMethodAccessorImpl.java:43) ~[na:na]
	at java.base/java.lang.reflect.Method.invoke(Method.java:566) ~[na:na]
	at org.apache.catalina.security.SecurityUtil$1.run(SecurityUtil.java:282) ~[tomcat-embed-core-9.0.29.jar:9.0.29]
	at org.apache.catalina.security.SecurityUtil$1.run(SecurityUtil.java:279) ~[tomcat-embed-core-9.0.29.jar:9.0.29]
	at java.base/java.security.AccessController.doPrivileged(Native Method) ~[na:na]
	at java.base/javax.security.auth.Subject.doAsPrivileged(Subject.java:550) ~[na:na]
	at org.apache.catalina.security.SecurityUtil.execute(SecurityUtil.java:314) ~[tomcat-embed-core-9.0.29.jar:9.0.29]
	at org.apache.catalina.security.SecurityUtil.doAsPrivilege(SecurityUtil.java:253) ~[tomcat-embed-core-9.0.29.jar:9.0.29]
	at org.apache.catalina.core.ApplicationFilterChain.internalDoFilter(ApplicationFilterChain.java:191) ~[tomcat-embed-core-9.0.29.jar:9.0.29]
	at org.apache.catalina.core.ApplicationFilterChain.access$000(ApplicationFilterChain.java:47) ~[tomcat-embed-core-9.0.29.jar:9.0.29]
	at org.apache.catalina.core.ApplicationFilterChain$1.run(ApplicationFilterChain.java:149) ~[tomcat-embed-core-9.0.29.jar:9.0.29]
	at org.apache.catalina.core.ApplicationFilterChain$1.run(ApplicationFilterChain.java:145) ~[tomcat-embed-core-9.0.29.jar:9.0.29]
	at java.base/java.security.AccessController.doPrivileged(Native Method) ~[na:na]
	at org.apache.catalina.core.ApplicationFilterChain.doFilter(ApplicationFilterChain.java:144) ~[tomcat-embed-core-9.0.29.jar:9.0.29]
	at org.apache.catalina.core.StandardWrapperValve.invoke(StandardWrapperValve.java:202) ~[tomcat-embed-core-9.0.29.jar:9.0.29]
	at org.apache.catalina.core.StandardContextValve.invoke(StandardContextValve.java:96) ~[tomcat-embed-core-9.0.29.jar:9.0.29]
	at org.apache.catalina.authenticator.AuthenticatorBase.invoke(AuthenticatorBase.java:526) ~[tomcat-embed-core-9.0.29.jar:9.0.29]
	at org.apache.catalina.core.StandardHostValve.invoke(StandardHostValve.java:139) ~[tomcat-embed-core-9.0.29.jar:9.0.29]
	at org.apache.catalina.valves.ErrorReportValve.invoke(ErrorReportValve.java:92) ~[tomcat-embed-core-9.0.29.jar:9.0.29]
	at org.apache.catalina.core.StandardEngineValve.invoke(StandardEngineValve.java:74) ~[tomcat-embed-core-9.0.29.jar:9.0.29]
	at org.apache.catalina.connector.CoyoteAdapter.service(CoyoteAdapter.java:343) ~[tomcat-embed-core-9.0.29.jar:9.0.29]
	at org.apache.coyote.http11.Http11Processor.service(Http11Processor.java:367) ~[tomcat-embed-core-9.0.29.jar:9.0.29]
	at org.apache.coyote.AbstractProcessorLight.process(AbstractProcessorLight.java:65) ~[tomcat-embed-core-9.0.29.jar:9.0.29]
	at org.apache.coyote.AbstractProtocol$ConnectionHandler.process(AbstractProtocol.java:860) ~[tomcat-embed-core-9.0.29.jar:9.0.29]
	at org.apache.tomcat.util.net.NioEndpoint$SocketProcessor.doRun(NioEndpoint.java:1591) ~[tomcat-embed-core-9.0.29.jar:9.0.29]
	at org.apache.tomcat.util.net.SocketProcessorBase.run(SocketProcessorBase.java:49) ~[tomcat-embed-core-9.0.29.jar:9.0.29]
	at java.base/java.util.concurrent.ThreadPoolExecutor.runWorker(ThreadPoolExecutor.java:1128) ~[na:na]
	at java.base/java.util.concurrent.ThreadPoolExecutor$Worker.run(ThreadPoolExecutor.java:628) ~[na:na]
	at org.apache.tomcat.util.threads.TaskThread$WrappingRunnable.run(TaskThread.java:61) ~[tomcat-embed-core-9.0.29.jar:9.0.29]
	at java.base/java.lang.Thread.run(Thread.java:834) ~[na:na]

Hibernate: SELECT count(*) FROM solved_quizzes
?[1;31m
Start test 194?[0m
Hibernate: select user0_.id as id1_3_, user0_.email as email2_3_, user0_.password as password3_3_ from users user0_ where user0_.email=?
Hibernate: select roles0_.user_id as user_id1_4_0_, roles0_.roles_id as roles_id2_4_0_, role1_.id as id1_1_1_, role1_.name as name2_1_1_ from users_roles roles0_ inner join roles role1_ on roles0_.roles_id=role1_.id where roles0_.user_id=?
Hibernate: SELECT * FROM solved_quizzes WHERE user = ? ORDER BY completed_at DESC limit ?
2021-05-11 22:56:03.741  INFO 2142 --- [nio-8889-exec-5] j.r.q.QueryParameterSetter$ErrorHandling : Silently ignoring

java.lang.IllegalArgumentException: Could not locate ordinal parameter [1], expecting one of []
	at org.hibernate.query.internal.ParameterMetadataImpl.getOrdinalParameterDescriptor(ParameterMetadataImpl.java:154) ~[hibernate-core-5.4.9.Final.jar:5.4.9.Final]
	at org.hibernate.query.internal.ParameterMetadataImpl.getQueryParameter(ParameterMetadataImpl.java:204) ~[hibernate-core-5.4.9.Final.jar:5.4.9.Final]
	at org.hibernate.query.internal.QueryParameterBindingsImpl.getBinding(QueryParameterBindingsImpl.java:182) ~[hibernate-core-5.4.9.Final.jar:5.4.9.Final]
	at org.hibernate.query.internal.AbstractProducedQuery.setParameter(AbstractProducedQuery.java:507) ~[hibernate-core-5.4.9.Final.jar:5.4.9.Final]
	at org.hibernate.query.internal.NativeQueryImpl.setParameter(NativeQueryImpl.java:613) ~[hibernate-core-5.4.9.Final.jar:5.4.9.Final]
	at org.hibernate.query.internal.NativeQueryImpl.setParameter(NativeQueryImpl.java:62) ~[hibernate-core-5.4.9.Final.jar:5.4.9.Final]
	at org.springframework.data.jpa.repository.query.QueryParameterSetter$BindableQuery.setParameter(QueryParameterSetter.java:335) ~[spring-data-jpa-2.2.3.RELEASE.jar:2.2.3.RELEASE]
	at org.springframework.data.jpa.repository.query.QueryParameterSetter$NamedOrIndexedQueryParameterSetter.lambda$setParameter$5(QueryParameterSetter.java:128) ~[spring-data-jpa-2.2.3.RELEASE.jar:2.2.3.RELEASE]
	at org.springframework.data.jpa.repository.query.QueryParameterSetter$ErrorHandling$2.execute(QueryParameterSetter.java:151) ~[spring-data-jpa-2.2.3.RELEASE.jar:2.2.3.RELEASE]
	at org.springframework.data.jpa.repository.query.QueryParameterSetter$NamedOrIndexedQueryParameterSetter.setParameter(QueryParameterSetter.java:128) ~[spring-data-jpa-2.2.3.RELEASE.jar:2.2.3.RELEASE]
	at org.springframework.data.jpa.repository.query.ParameterBinder.bind(ParameterBinder.java:82) ~[spring-data-jpa-2.2.3.RELEASE.jar:2.2.3.RELEASE]
	at org.springframework.data.jpa.repository.query.AbstractStringBasedJpaQuery.doCreateCountQuery(AbstractStringBasedJpaQuery.java:122) ~[spring-data-jpa-2.2.3.RELEASE.jar:2.2.3.RELEASE]
	at org.springframework.data.jpa.repository.query.AbstractJpaQuery.createCountQuery(AbstractJpaQuery.java:254) ~[spring-data-jpa-2.2.3.RELEASE.jar:2.2.3.RELEASE]
	at org.springframework.data.jpa.repository.query.JpaQueryExecution$PagedExecution.count(JpaQueryExecution.java:183) ~[spring-data-jpa-2.2.3.RELEASE.jar:2.2.3.RELEASE]
	at org.springframework.data.jpa.repository.query.JpaQueryExecution$PagedExecution.lambda$doExecute$0(JpaQueryExecution.java:178) ~[spring-data-jpa-2.2.3.RELEASE.jar:2.2.3.RELEASE]
	at org.springframework.data.repository.support.PageableExecutionUtils.getPage(PageableExecutionUtils.java:62) ~[spring-data-commons-2.2.3.RELEASE.jar:2.2.3.RELEASE]
	at org.springframework.data.jpa.repository.query.JpaQueryExecution$PagedExecution.doExecute(JpaQueryExecution.java:177) ~[spring-data-jpa-2.2.3.RELEASE.jar:2.2.3.RELEASE]
	at org.springframework.data.jpa.repository.query.JpaQueryExecution.execute(JpaQueryExecution.java:88) ~[spring-data-jpa-2.2.3.RELEASE.jar:2.2.3.RELEASE]
	at org.springframework.data.jpa.repository.query.AbstractJpaQuery.doExecute(AbstractJpaQuery.java:154) ~[spring-data-jpa-2.2.3.RELEASE.jar:2.2.3.RELEASE]
	at org.springframework.data.jpa.repository.query.AbstractJpaQuery.execute(AbstractJpaQuery.java:142) ~[spring-data-jpa-2.2.3.RELEASE.jar:2.2.3.RELEASE]
	at org.springframework.data.repository.core.support.RepositoryFactorySupport$QueryExecutorMethodInterceptor.doInvoke(RepositoryFactorySupport.java:618) ~[spring-data-commons-2.2.3.RELEASE.jar:2.2.3.RELEASE]
	at org.springframework.data.repository.core.support.RepositoryFactorySupport$QueryExecutorMethodInterceptor.invoke(RepositoryFactorySupport.java:605) ~[spring-data-commons-2.2.3.RELEASE.jar:2.2.3.RELEASE]
	at org.springframework.aop.framework.ReflectiveMethodInvocation.proceed(ReflectiveMethodInvocation.java:186) ~[spring-aop-5.2.2.RELEASE.jar:5.2.2.RELEASE]
	at org.springframework.transaction.interceptor.TransactionAspectSupport.invokeWithinTransaction(TransactionAspectSupport.java:366) ~[spring-tx-5.2.2.RELEASE.jar:5.2.2.RELEASE]
	at org.springframework.transaction.interceptor.TransactionInterceptor.invoke(TransactionInterceptor.java:99) ~[spring-tx-5.2.2.RELEASE.jar:5.2.2.RELEASE]
	at org.springframework.aop.framework.ReflectiveMethodInvocation.proceed(ReflectiveMethodInvocation.java:186) ~[spring-aop-5.2.2.RELEASE.jar:5.2.2.RELEASE]
	at org.springframework.dao.support.PersistenceExceptionTranslationInterceptor.invoke(PersistenceExceptionTranslationInterceptor.java:139) ~[spring-tx-5.2.2.RELEASE.jar:5.2.2.RELEASE]
	at org.springframework.aop.framework.ReflectiveMethodInvocation.proceed(ReflectiveMethodInvocation.java:186) ~[spring-aop-5.2.2.RELEASE.jar:5.2.2.RELEASE]
	at org.springframework.data.jpa.repository.support.CrudMethodMetadataPostProcessor$CrudMethodMetadataPopulatingMethodInterceptor.invoke(CrudMethodMetadataPostProcessor.java:149) ~[spring-data-jpa-2.2.3.RELEASE.jar:2.2.3.RELEASE]
	at org.springframework.aop.framework.ReflectiveMethodInvocation.proceed(ReflectiveMethodInvocation.java:186) ~[spring-aop-5.2.2.RELEASE.jar:5.2.2.RELEASE]
	at org.springframework.aop.interceptor.ExposeInvocationInterceptor.invoke(ExposeInvocationInterceptor.java:93) ~[spring-aop-5.2.2.RELEASE.jar:5.2.2.RELEASE]
	at org.springframework.aop.framework.ReflectiveMethodInvocation.proceed(ReflectiveMethodInvocation.java:186) ~[spring-aop-5.2.2.RELEASE.jar:5.2.2.RELEASE]
	at org.springframework.aop.framework.JdkDynamicAopProxy.invoke(JdkDynamicAopProxy.java:212) ~[spring-aop-5.2.2.RELEASE.jar:5.2.2.RELEASE]
	at com.sun.proxy.$Proxy137.findSolvedQuizzesByUser(Unknown Source) ~[na:na]
	at engine.QuizService.getSolvedQuizzes(QuizService.java:24) ~[main/:na]
	at engine.QuizController.getSolvedQuizzes(QuizController.java:131) ~[main/:na]
	at jdk.internal.reflect.GeneratedMethodAccessor121.invoke(Unknown Source) ~[na:na]
	at java.base/jdk.internal.reflect.DelegatingMethodAccessorImpl.invoke(DelegatingMethodAccessorImpl.java:43) ~[na:na]
	at java.base/java.lang.reflect.Method.invoke(Method.java:566) ~[na:na]
	at org.springframework.web.method.support.InvocableHandlerMethod.doInvoke(InvocableHandlerMethod.java:190) ~[spring-web-5.2.2.RELEASE.jar:5.2.2.RELEASE]
	at org.springframework.web.method.support.InvocableHandlerMethod.invokeForRequest(InvocableHandlerMethod.java:138) ~[spring-web-5.2.2.RELEASE.jar:5.2.2.RELEASE]
	at org.springframework.web.servlet.mvc.method.annotation.ServletInvocableHandlerMethod.invokeAndHandle(ServletInvocableHandlerMethod.java:106) ~[spring-webmvc-5.2.2.RELEASE.jar:5.2.2.RELEASE]
	at org.springframework.web.servlet.mvc.method.annotation.RequestMappingHandlerAdapter.invokeHandlerMethod(RequestMappingHandlerAdapter.java:888) ~[spring-webmvc-5.2.2.RELEASE.jar:5.2.2.RELEASE]
	at org.springframework.web.servlet.mvc.method.annotation.RequestMappingHandlerAdapter.handleInternal(RequestMappingHandlerAdapter.java:793) ~[spring-webmvc-5.2.2.RELEASE.jar:5.2.2.RELEASE]
	at org.springframework.web.servlet.mvc.method.AbstractHandlerMethodAdapter.handle(AbstractHandlerMethodAdapter.java:87) ~[spring-webmvc-5.2.2.RELEASE.jar:5.2.2.RELEASE]
	at org.springframework.web.servlet.DispatcherServlet.doDispatch(DispatcherServlet.java:1040) ~[spring-webmvc-5.2.2.RELEASE.jar:5.2.2.RELEASE]
	at org.springframework.web.servlet.DispatcherServlet.doService(DispatcherServlet.java:943) ~[spring-webmvc-5.2.2.RELEASE.jar:5.2.2.RELEASE]
	at org.springframework.web.servlet.FrameworkServlet.processRequest(FrameworkServlet.java:1006) ~[spring-webmvc-5.2.2.RELEASE.jar:5.2.2.RELEASE]
	at org.springframework.web.servlet.FrameworkServlet.doGet(FrameworkServlet.java:898) ~[spring-webmvc-5.2.2.RELEASE.jar:5.2.2.RELEASE]
	at javax.servlet.http.HttpServlet.service(HttpServlet.java:634) ~[tomcat-embed-core-9.0.29.jar:9.0.29]
	at org.springframework.web.servlet.FrameworkServlet.service(FrameworkServlet.java:883) ~[spring-webmvc-5.2.2.RELEASE.jar:5.2.2.RELEASE]
	at javax.servlet.http.HttpServlet.service(HttpServlet.java:741) ~[tomcat-embed-core-9.0.29.jar:9.0.29]
	at jdk.internal.reflect.GeneratedMethodAccessor59.invoke(Unknown Source) ~[na:na]
	at java.base/jdk.internal.reflect.DelegatingMethodAccessorImpl.invoke(DelegatingMethodAccessorImpl.java:43) ~[na:na]
	at java.base/java.lang.reflect.Method.invoke(Method.java:566) ~[na:na]
	at org.apache.catalina.security.SecurityUtil$1.run(SecurityUtil.java:282) ~[tomcat-embed-core-9.0.29.jar:9.0.29]
	at org.apache.catalina.security.SecurityUtil$1.run(SecurityUtil.java:279) ~[tomcat-embed-core-9.0.29.jar:9.0.29]
	at java.base/java.security.AccessController.doPrivileged(Native Method) ~[na:na]
	at java.base/javax.security.auth.Subject.doAsPrivileged(Subject.java:550) ~[na:na]
	at org.apache.catalina.security.SecurityUtil.execute(SecurityUtil.java:314) ~[tomcat-embed-core-9.0.29.jar:9.0.29]
	at org.apache.catalina.security.SecurityUtil.doAsPrivilege(SecurityUtil.java:170) ~[tomcat-embed-core-9.0.29.jar:9.0.29]
	at org.apache.catalina.core.ApplicationFilterChain.internalDoFilter(ApplicationFilterChain.java:225) ~[tomcat-embed-core-9.0.29.jar:9.0.29]
	at org.apache.catalina.core.ApplicationFilterChain.access$000(ApplicationFilterChain.java:47) ~[tomcat-embed-core-9.0.29.jar:9.0.29]
	at org.apache.catalina.core.ApplicationFilterChain$1.run(ApplicationFilterChain.java:149) ~[tomcat-embed-core-9.0.29.jar:9.0.29]
	at org.apache.catalina.core.ApplicationFilterChain$1.run(ApplicationFilterChain.java:145) ~[tomcat-embed-core-9.0.29.jar:9.0.29]
	at java.base/java.security.AccessController.doPrivileged(Native Method) ~[na:na]
	at org.apache.catalina.core.ApplicationFilterChain.doFilter(ApplicationFilterChain.java:144) ~[tomcat-embed-core-9.0.29.jar:9.0.29]
	at org.apache.tomcat.websocket.server.WsFilter.doFilter(WsFilter.java:53) ~[tomcat-embed-websocket-9.0.29.jar:9.0.29]
	at jdk.internal.reflect.GeneratedMethodAccessor55.invoke(Unknown Source) ~[na:na]
	at java.base/jdk.internal.reflect.DelegatingMethodAccessorImpl.invoke(DelegatingMethodAccessorImpl.java:43) ~[na:na]
	at java.base/java.lang.reflect.Method.invoke(Method.java:566) ~[na:na]
	at org.apache.catalina.security.SecurityUtil$1.run(SecurityUtil.java:282) ~[tomcat-embed-core-9.0.29.jar:9.0.29]
	at org.apache.catalina.security.SecurityUtil$1.run(SecurityUtil.java:279) ~[tomcat-embed-core-9.0.29.jar:9.0.29]
	at java.base/java.security.AccessController.doPrivileged(Native Method) ~[na:na]
	at java.base/javax.security.auth.Subject.doAsPrivileged(Subject.java:550) ~[na:na]
	at org.apache.catalina.security.SecurityUtil.execute(SecurityUtil.java:314) ~[tomcat-embed-core-9.0.29.jar:9.0.29]
	at org.apache.catalina.security.SecurityUtil.doAsPrivilege(SecurityUtil.java:253) ~[tomcat-embed-core-9.0.29.jar:9.0.29]
	at org.apache.catalina.core.ApplicationFilterChain.internalDoFilter(ApplicationFilterChain.java:191) ~[tomcat-embed-core-9.0.29.jar:9.0.29]
	at org.apache.catalina.core.ApplicationFilterChain.access$000(ApplicationFilterChain.java:47) ~[tomcat-embed-core-9.0.29.jar:9.0.29]
	at org.apache.catalina.core.ApplicationFilterChain$1.run(ApplicationFilterChain.java:149) ~[tomcat-embed-core-9.0.29.jar:9.0.29]
	at org.apache.catalina.core.ApplicationFilterChain$1.run(ApplicationFilterChain.java:145) ~[tomcat-embed-core-9.0.29.jar:9.0.29]
	at java.base/java.security.AccessController.doPrivileged(Native Method) ~[na:na]
	at org.apache.catalina.core.ApplicationFilterChain.doFilter(ApplicationFilterChain.java:144) ~[tomcat-embed-core-9.0.29.jar:9.0.29]
	at org.springframework.security.web.FilterChainProxy$VirtualFilterChain.doFilter(FilterChainProxy.java:320) ~[spring-security-web-5.2.1.RELEASE.jar:5.2.1.RELEASE]
	at org.springframework.security.web.access.intercept.FilterSecurityInterceptor.invoke(FilterSecurityInterceptor.java:126) ~[spring-security-web-5.2.1.RELEASE.jar:5.2.1.RELEASE]
	at org.springframework.security.web.access.intercept.FilterSecurityInterceptor.doFilter(FilterSecurityInterceptor.java:90) ~[spring-security-web-5.2.1.RELEASE.jar:5.2.1.RELEASE]
	at org.springframework.security.web.FilterChainProxy$VirtualFilterChain.doFilter(FilterChainProxy.java:334) ~[spring-security-web-5.2.1.RELEASE.jar:5.2.1.RELEASE]
	at org.springframework.security.web.access.ExceptionTranslationFilter.doFilter(ExceptionTranslationFilter.java:118) ~[spring-security-web-5.2.1.RELEASE.jar:5.2.1.RELEASE]
	at org.springframework.security.web.FilterChainProxy$VirtualFilterChain.doFilter(FilterChainProxy.java:334) ~[spring-security-web-5.2.1.RELEASE.jar:5.2.1.RELEASE]
	at org.springframework.security.web.authentication.AnonymousAuthenticationFilter.doFilter(AnonymousAuthenticationFilter.java:111) ~[spring-security-web-5.2.1.RELEASE.jar:5.2.1.RELEASE]
	at org.springframework.security.web.FilterChainProxy$VirtualFilterChain.doFilter(FilterChainProxy.java:334) ~[spring-security-web-5.2.1.RELEASE.jar:5.2.1.RELEASE]
	at org.springframework.security.web.servletapi.SecurityContextHolderAwareRequestFilter.doFilter(SecurityContextHolderAwareRequestFilter.java:158) ~[spring-security-web-5.2.1.RELEASE.jar:5.2.1.RELEASE]
	at org.springframework.security.web.FilterChainProxy$VirtualFilterChain.doFilter(FilterChainProxy.java:334) ~[spring-security-web-5.2.1.RELEASE.jar:5.2.1.RELEASE]
	at org.springframework.security.web.savedrequest.RequestCacheAwareFilter.doFilter(RequestCacheAwareFilter.java:63) ~[spring-security-web-5.2.1.RELEASE.jar:5.2.1.RELEASE]
	at org.springframework.security.web.FilterChainProxy$VirtualFilterChain.doFilter(FilterChainProxy.java:334) ~[spring-security-web-5.2.1.RELEASE.jar:5.2.1.RELEASE]
	at org.springframework.security.web.authentication.www.BasicAuthenticationFilter.doFilterInternal(BasicAuthenticationFilter.java:203) ~[spring-security-web-5.2.1.RELEASE.jar:5.2.1.RELEASE]
	at org.springframework.web.filter.OncePerRequestFilter.doFilter(OncePerRequestFilter.java:119) ~[spring-web-5.2.2.RELEASE.jar:5.2.2.RELEASE]
	at org.springframework.security.web.FilterChainProxy$VirtualFilterChain.doFilter(FilterChainProxy.java:334) ~[spring-security-web-5.2.1.RELEASE.jar:5.2.1.RELEASE]
	at org.springframework.security.web.authentication.logout.LogoutFilter.doFilter(LogoutFilter.java:116) ~[spring-security-web-5.2.1.RELEASE.jar:5.2.1.RELEASE]
	at org.springframework.security.web.FilterChainProxy$VirtualFilterChain.doFilter(FilterChainProxy.java:334) ~[spring-security-web-5.2.1.RELEASE.jar:5.2.1.RELEASE]
	at org.springframework.security.web.header.HeaderWriterFilter.doHeadersAfter(HeaderWriterFilter.java:92) ~[spring-security-web-5.2.1.RELEASE.jar:5.2.1.RELEASE]
	at org.springframework.security.web.header.HeaderWriterFilter.doFilterInternal(HeaderWriterFilter.java:77) ~[spring-security-web-5.2.1.RELEASE.jar:5.2.1.RELEASE]
	at org.springframework.web.filter.OncePerRequestFilter.doFilter(OncePerRequestFilter.java:119) ~[spring-web-5.2.2.RELEASE.jar:5.2.2.RELEASE]
	at org.springframework.security.web.FilterChainProxy$VirtualFilterChain.doFilter(FilterChainProxy.java:334) ~[spring-security-web-5.2.1.RELEASE.jar:5.2.1.RELEASE]
	at org.springframework.security.web.context.SecurityContextPersistenceFilter.doFilter(SecurityContextPersistenceFilter.java:105) ~[spring-security-web-5.2.1.RELEASE.jar:5.2.1.RELEASE]
	at org.springframework.security.web.FilterChainProxy$VirtualFilterChain.doFilter(FilterChainProxy.java:334) ~[spring-security-web-5.2.1.RELEASE.jar:5.2.1.RELEASE]
	at org.springframework.security.web.context.request.async.WebAsyncManagerIntegrationFilter.doFilterInternal(WebAsyncManagerIntegrationFilter.java:56) ~[spring-security-web-5.2.1.RELEASE.jar:5.2.1.RELEASE]
	at org.springframework.web.filter.OncePerRequestFilter.doFilter(OncePerRequestFilter.java:119) ~[spring-web-5.2.2.RELEASE.jar:5.2.2.RELEASE]
	at org.springframework.security.web.FilterChainProxy$VirtualFilterChain.doFilter(FilterChainProxy.java:334) ~[spring-security-web-5.2.1.RELEASE.jar:5.2.1.RELEASE]
	at org.springframework.security.web.FilterChainProxy.doFilterInternal(FilterChainProxy.java:215) ~[spring-security-web-5.2.1.RELEASE.jar:5.2.1.RELEASE]
	at org.springframework.security.web.FilterChainProxy.doFilter(FilterChainProxy.java:178) ~[spring-security-web-5.2.1.RELEASE.jar:5.2.1.RELEASE]
	at org.springframework.web.filter.DelegatingFilterProxy.invokeDelegate(DelegatingFilterProxy.java:358) ~[spring-web-5.2.2.RELEASE.jar:5.2.2.RELEASE]
	at org.springframework.web.filter.DelegatingFilterProxy.doFilter(DelegatingFilterProxy.java:271) ~[spring-web-5.2.2.RELEASE.jar:5.2.2.RELEASE]
	at jdk.internal.reflect.GeneratedMethodAccessor55.invoke(Unknown Source) ~[na:na]
	at java.base/jdk.internal.reflect.DelegatingMethodAccessorImpl.invoke(DelegatingMethodAccessorImpl.java:43) ~[na:na]
	at java.base/java.lang.reflect.Method.invoke(Method.java:566) ~[na:na]
	at org.apache.catalina.security.SecurityUtil$1.run(SecurityUtil.java:282) ~[tomcat-embed-core-9.0.29.jar:9.0.29]
	at org.apache.catalina.security.SecurityUtil$1.run(SecurityUtil.java:279) ~[tomcat-embed-core-9.0.29.jar:9.0.29]
	at java.base/java.security.AccessController.doPrivileged(Native Method) ~[na:na]
	at java.base/javax.security.auth.Subject.doAsPrivileged(Subject.java:550) ~[na:na]
	at org.apache.catalina.security.SecurityUtil.execute(SecurityUtil.java:314) ~[tomcat-embed-core-9.0.29.jar:9.0.29]
	at org.apache.catalina.security.SecurityUtil.doAsPrivilege(SecurityUtil.java:253) ~[tomcat-embed-core-9.0.29.jar:9.0.29]
	at org.apache.catalina.core.ApplicationFilterChain.internalDoFilter(ApplicationFilterChain.java:191) ~[tomcat-embed-core-9.0.29.jar:9.0.29]
	at org.apache.catalina.core.ApplicationFilterChain.access$000(ApplicationFilterChain.java:47) ~[tomcat-embed-core-9.0.29.jar:9.0.29]
	at org.apache.catalina.core.ApplicationFilterChain$1.run(ApplicationFilterChain.java:149) ~[tomcat-embed-core-9.0.29.jar:9.0.29]
	at org.apache.catalina.core.ApplicationFilterChain$1.run(ApplicationFilterChain.java:145) ~[tomcat-embed-core-9.0.29.jar:9.0.29]
	at java.base/java.security.AccessController.doPrivileged(Native Method) ~[na:na]
	at org.apache.catalina.core.ApplicationFilterChain.doFilter(ApplicationFilterChain.java:144) ~[tomcat-embed-core-9.0.29.jar:9.0.29]
	at org.springframework.web.filter.RequestContextFilter.doFilterInternal(RequestContextFilter.java:100) ~[spring-web-5.2.2.RELEASE.jar:5.2.2.RELEASE]
	at org.springframework.web.filter.OncePerRequestFilter.doFilter(OncePerRequestFilter.java:119) ~[spring-web-5.2.2.RELEASE.jar:5.2.2.RELEASE]
	at jdk.internal.reflect.GeneratedMethodAccessor55.invoke(Unknown Source) ~[na:na]
	at java.base/jdk.internal.reflect.DelegatingMethodAccessorImpl.invoke(DelegatingMethodAccessorImpl.java:43) ~[na:na]
	at java.base/java.lang.reflect.Method.invoke(Method.java:566) ~[na:na]
	at org.apache.catalina.security.SecurityUtil$1.run(SecurityUtil.java:282) ~[tomcat-embed-core-9.0.29.jar:9.0.29]
	at org.apache.catalina.security.SecurityUtil$1.run(SecurityUtil.java:279) ~[tomcat-embed-core-9.0.29.jar:9.0.29]
	at java.base/java.security.AccessController.doPrivileged(Native Method) ~[na:na]
	at java.base/javax.security.auth.Subject.doAsPrivileged(Subject.java:550) ~[na:na]
	at org.apache.catalina.security.SecurityUtil.execute(SecurityUtil.java:314) ~[tomcat-embed-core-9.0.29.jar:9.0.29]
	at org.apache.catalina.security.SecurityUtil.doAsPrivilege(SecurityUtil.java:253) ~[tomcat-embed-core-9.0.29.jar:9.0.29]
	at org.apache.catalina.core.ApplicationFilterChain.internalDoFilter(ApplicationFilterChain.java:191) ~[tomcat-embed-core-9.0.29.jar:9.0.29]
	at org.apache.catalina.core.ApplicationFilterChain.access$000(ApplicationFilterChain.java:47) ~[tomcat-embed-core-9.0.29.jar:9.0.29]
	at org.apache.catalina.core.ApplicationFilterChain$1.run(ApplicationFilterChain.java:149) ~[tomcat-embed-core-9.0.29.jar:9.0.29]
	at org.apache.catalina.core.ApplicationFilterChain$1.run(ApplicationFilterChain.java:145) ~[tomcat-embed-core-9.0.29.jar:9.0.29]
	at java.base/java.security.AccessController.doPrivileged(Native Method) ~[na:na]
	at org.apache.catalina.core.ApplicationFilterChain.doFilter(ApplicationFilterChain.java:144) ~[tomcat-embed-core-9.0.29.jar:9.0.29]
	at org.springframework.web.filter.FormContentFilter.doFilterInternal(FormContentFilter.java:93) ~[spring-web-5.2.2.RELEASE.jar:5.2.2.RELEASE]
	at org.springframework.web.filter.OncePerRequestFilter.doFilter(OncePerRequestFilter.java:119) ~[spring-web-5.2.2.RELEASE.jar:5.2.2.RELEASE]
	at jdk.internal.reflect.GeneratedMethodAccessor55.invoke(Unknown Source) ~[na:na]
	at java.base/jdk.internal.reflect.DelegatingMethodAccessorImpl.invoke(DelegatingMethodAccessorImpl.java:43) ~[na:na]
	at java.base/java.lang.reflect.Method.invoke(Method.java:566) ~[na:na]
	at org.apache.catalina.security.SecurityUtil$1.run(SecurityUtil.java:282) ~[tomcat-embed-core-9.0.29.jar:9.0.29]
	at org.apache.catalina.security.SecurityUtil$1.run(SecurityUtil.java:279) ~[tomcat-embed-core-9.0.29.jar:9.0.29]
	at java.base/java.security.AccessController.doPrivileged(Native Method) ~[na:na]
	at java.base/javax.security.auth.Subject.doAsPrivileged(Subject.java:550) ~[na:na]
	at org.apache.catalina.security.SecurityUtil.execute(SecurityUtil.java:314) ~[tomcat-embed-core-9.0.29.jar:9.0.29]
	at org.apache.catalina.security.SecurityUtil.doAsPrivilege(SecurityUtil.java:253) ~[tomcat-embed-core-9.0.29.jar:9.0.29]
	at org.apache.catalina.core.ApplicationFilterChain.internalDoFilter(ApplicationFilterChain.java:191) ~[tomcat-embed-core-9.0.29.jar:9.0.29]
	at org.apache.catalina.core.ApplicationFilterChain.access$000(ApplicationFilterChain.java:47) ~[tomcat-embed-core-9.0.29.jar:9.0.29]
	at org.apache.catalina.core.ApplicationFilterChain$1.run(ApplicationFilterChain.java:149) ~[tomcat-embed-core-9.0.29.jar:9.0.29]
	at org.apache.catalina.core.ApplicationFilterChain$1.run(ApplicationFilterChain.java:145) ~[tomcat-embed-core-9.0.29.jar:9.0.29]
	at java.base/java.security.AccessController.doPrivileged(Native Method) ~[na:na]
	at org.apache.catalina.core.ApplicationFilterChain.doFilter(ApplicationFilterChain.java:144) ~[tomcat-embed-core-9.0.29.jar:9.0.29]
	at org.springframework.boot.actuate.metrics.web.servlet.WebMvcMetricsFilter.doFilterInternal(WebMvcMetricsFilter.java:108) ~[spring-boot-actuator-2.2.2.RELEASE.jar:2.2.2.RELEASE]
	at org.springframework.web.filter.OncePerRequestFilter.doFilter(OncePerRequestFilter.java:119) ~[spring-web-5.2.2.RELEASE.jar:5.2.2.RELEASE]
	at jdk.internal.reflect.GeneratedMethodAccessor55.invoke(Unknown Source) ~[na:na]
	at java.base/jdk.internal.reflect.DelegatingMethodAccessorImpl.invoke(DelegatingMethodAccessorImpl.java:43) ~[na:na]
	at java.base/java.lang.reflect.Method.invoke(Method.java:566) ~[na:na]
	at org.apache.catalina.security.SecurityUtil$1.run(SecurityUtil.java:282) ~[tomcat-embed-core-9.0.29.jar:9.0.29]
	at org.apache.catalina.security.SecurityUtil$1.run(SecurityUtil.java:279) ~[tomcat-embed-core-9.0.29.jar:9.0.29]
	at java.base/java.security.AccessController.doPrivileged(Native Method) ~[na:na]
	at java.base/javax.security.auth.Subject.doAsPrivileged(Subject.java:550) ~[na:na]
	at org.apache.catalina.security.SecurityUtil.execute(SecurityUtil.java:314) ~[tomcat-embed-core-9.0.29.jar:9.0.29]
	at org.apache.catalina.security.SecurityUtil.doAsPrivilege(SecurityUtil.java:253) ~[tomcat-embed-core-9.0.29.jar:9.0.29]
	at org.apache.catalina.core.ApplicationFilterChain.internalDoFilter(ApplicationFilterChain.java:191) ~[tomcat-embed-core-9.0.29.jar:9.0.29]
	at org.apache.catalina.core.ApplicationFilterChain.access$000(ApplicationFilterChain.java:47) ~[tomcat-embed-core-9.0.29.jar:9.0.29]
	at org.apache.catalina.core.ApplicationFilterChain$1.run(ApplicationFilterChain.java:149) ~[tomcat-embed-core-9.0.29.jar:9.0.29]
	at org.apache.catalina.core.ApplicationFilterChain$1.run(ApplicationFilterChain.java:145) ~[tomcat-embed-core-9.0.29.jar:9.0.29]
	at java.base/java.security.AccessController.doPrivileged(Native Method) ~[na:na]
	at org.apache.catalina.core.ApplicationFilterChain.doFilter(ApplicationFilterChain.java:144) ~[tomcat-embed-core-9.0.29.jar:9.0.29]
	at org.springframework.web.filter.CharacterEncodingFilter.doFilterInternal(CharacterEncodingFilter.java:201) ~[spring-web-5.2.2.RELEASE.jar:5.2.2.RELEASE]
	at org.springframework.web.filter.OncePerRequestFilter.doFilter(OncePerRequestFilter.java:119) ~[spring-web-5.2.2.RELEASE.jar:5.2.2.RELEASE]
	at jdk.internal.reflect.GeneratedMethodAccessor55.invoke(Unknown Source) ~[na:na]
	at java.base/jdk.internal.reflect.DelegatingMethodAccessorImpl.invoke(DelegatingMethodAccessorImpl.java:43) ~[na:na]
	at java.base/java.lang.reflect.Method.invoke(Method.java:566) ~[na:na]
	at org.apache.catalina.security.SecurityUtil$1.run(SecurityUtil.java:282) ~[tomcat-embed-core-9.0.29.jar:9.0.29]
	at org.apache.catalina.security.SecurityUtil$1.run(SecurityUtil.java:279) ~[tomcat-embed-core-9.0.29.jar:9.0.29]
	at java.base/java.security.AccessController.doPrivileged(Native Method) ~[na:na]
	at java.base/javax.security.auth.Subject.doAsPrivileged(Subject.java:550) ~[na:na]
	at org.apache.catalina.security.SecurityUtil.execute(SecurityUtil.java:314) ~[tomcat-embed-core-9.0.29.jar:9.0.29]
	at org.apache.catalina.security.SecurityUtil.doAsPrivilege(SecurityUtil.java:253) ~[tomcat-embed-core-9.0.29.jar:9.0.29]
	at org.apache.catalina.core.ApplicationFilterChain.internalDoFilter(ApplicationFilterChain.java:191) ~[tomcat-embed-core-9.0.29.jar:9.0.29]
	at org.apache.catalina.core.ApplicationFilterChain.access$000(ApplicationFilterChain.java:47) ~[tomcat-embed-core-9.0.29.jar:9.0.29]
	at org.apache.catalina.core.ApplicationFilterChain$1.run(ApplicationFilterChain.java:149) ~[tomcat-embed-core-9.0.29.jar:9.0.29]
	at org.apache.catalina.core.ApplicationFilterChain$1.run(ApplicationFilterChain.java:145) ~[tomcat-embed-core-9.0.29.jar:9.0.29]
	at java.base/java.security.AccessController.doPrivileged(Native Method) ~[na:na]
	at org.apache.catalina.core.ApplicationFilterChain.doFilter(ApplicationFilterChain.java:144) ~[tomcat-embed-core-9.0.29.jar:9.0.29]
	at org.apache.catalina.core.StandardWrapperValve.invoke(StandardWrapperValve.java:202) ~[tomcat-embed-core-9.0.29.jar:9.0.29]
	at org.apache.catalina.core.StandardContextValve.invoke(StandardContextValve.java:96) ~[tomcat-embed-core-9.0.29.jar:9.0.29]
	at org.apache.catalina.authenticator.AuthenticatorBase.invoke(AuthenticatorBase.java:526) ~[tomcat-embed-core-9.0.29.jar:9.0.29]
	at org.apache.catalina.core.StandardHostValve.invoke(StandardHostValve.java:139) ~[tomcat-embed-core-9.0.29.jar:9.0.29]
	at org.apache.catalina.valves.ErrorReportValve.invoke(ErrorReportValve.java:92) ~[tomcat-embed-core-9.0.29.jar:9.0.29]
	at org.apache.catalina.core.StandardEngineValve.invoke(StandardEngineValve.java:74) ~[tomcat-embed-core-9.0.29.jar:9.0.29]
	at org.apache.catalina.connector.CoyoteAdapter.service(CoyoteAdapter.java:343) ~[tomcat-embed-core-9.0.29.jar:9.0.29]
	at org.apache.coyote.http11.Http11Processor.service(Http11Processor.java:367) ~[tomcat-embed-core-9.0.29.jar:9.0.29]
	at org.apache.coyote.AbstractProcessorLight.process(AbstractProcessorLight.java:65) ~[tomcat-embed-core-9.0.29.jar:9.0.29]
	at org.apache.coyote.AbstractProtocol$ConnectionHandler.process(AbstractProtocol.java:860) ~[tomcat-embed-core-9.0.29.jar:9.0.29]
	at org.apache.tomcat.util.net.NioEndpoint$SocketProcessor.doRun(NioEndpoint.java:1591) ~[tomcat-embed-core-9.0.29.jar:9.0.29]
	at org.apache.tomcat.util.net.SocketProcessorBase.run(SocketProcessorBase.java:49) ~[tomcat-embed-core-9.0.29.jar:9.0.29]
	at java.base/java.util.concurrent.ThreadPoolExecutor.runWorker(ThreadPoolExecutor.java:1128) ~[na:na]
	at java.base/java.util.concurrent.ThreadPoolExecutor$Worker.run(ThreadPoolExecutor.java:628) ~[na:na]
	at org.apache.tomcat.util.threads.TaskThread$WrappingRunnable.run(TaskThread.java:61) ~[tomcat-embed-core-9.0.29.jar:9.0.29]
	at java.base/java.lang.Thread.run(Thread.java:834) ~[na:na]

Hibernate: SELECT count(*) FROM solved_quizzes
?[1;31m
Start test 195?[0m
Hibernate: select user0_.id as id1_3_, user0_.email as email2_3_, user0_.password as password3_3_ from users user0_ where user0_.email=?
Hibernate: select roles0_.user_id as user_id1_4_0_, roles0_.roles_id as roles_id2_4_0_, role1_.id as id1_1_1_, role1_.name as name2_1_1_ from users_roles roles0_ inner join roles role1_ on roles0_.roles_id=role1_.id where roles0_.user_id=?
Hibernate: SELECT * FROM solved_quizzes WHERE user = ? ORDER BY completed_at DESC limit ? offset ?
?[1;31m
Start test 196?[0m
Hibernate: select user0_.id as id1_3_, user0_.email as email2_3_, user0_.password as password3_3_ from users user0_ where user0_.email=?
Hibernate: select roles0_.user_id as user_id1_4_0_, roles0_.roles_id as roles_id2_4_0_, role1_.id as id1_1_1_, role1_.name as name2_1_1_ from users_roles roles0_ inner join roles role1_ on roles0_.roles_id=role1_.id where roles0_.user_id=?
Hibernate: SELECT * FROM solved_quizzes WHERE user = ? ORDER BY completed_at DESC limit ? offset ?
?[1;31m
Start test 197?[0m
Hibernate: select user0_.id as id1_3_, user0_.email as email2_3_, user0_.password as password3_3_ from users user0_ where user0_.email=?
Hibernate: select roles0_.user_id as user_id1_4_0_, roles0_.roles_id as roles_id2_4_0_, role1_.id as id1_1_1_, role1_.name as name2_1_1_ from users_roles roles0_ inner join roles role1_ on roles0_.roles_id=role1_.id where roles0_.user_id=?
Hibernate: select quiz0_.id as id1_0_0_, quiz0_.answer as answer2_0_0_, quiz0_.creator as creator3_0_0_, quiz0_.options as options4_0_0_, quiz0_.text as text5_0_0_, quiz0_.title as title6_0_0_ from quizzes quiz0_ where quiz0_.id=?
Hibernate: delete from quizzes where id=?
?[1;31m
Start test 198?[0m
Hibernate: select user0_.id as id1_3_, user0_.email as email2_3_, user0_.password as password3_3_ from users user0_ where user0_.email=?
Hibernate: select roles0_.user_id as user_id1_4_0_, roles0_.roles_id as roles_id2_4_0_, role1_.id as id1_1_1_, role1_.name as name2_1_1_ from users_roles roles0_ inner join roles role1_ on roles0_.roles_id=role1_.id where roles0_.user_id=?
Hibernate: select quiz0_.id as id1_0_0_, quiz0_.answer as answer2_0_0_, quiz0_.creator as creator3_0_0_, quiz0_.options as options4_0_0_, quiz0_.text as text5_0_0_, quiz0_.title as title6_0_0_ from quizzes quiz0_ where quiz0_.id=?
?[1;31m
Start test 199?[0m
Hibernate: select user0_.id as id1_3_, user0_.email as email2_3_, user0_.password as password3_3_ from users user0_ where user0_.email=?
Hibernate: select roles0_.user_id as user_id1_4_0_, roles0_.roles_id as roles_id2_4_0_, role1_.id as id1_1_1_, role1_.name as name2_1_1_ from users_roles roles0_ inner join roles role1_ on roles0_.roles_id=role1_.id where roles0_.user_id=?
Hibernate: select quiz0_.id as id1_0_0_, quiz0_.answer as answer2_0_0_, quiz0_.creator as creator3_0_0_, quiz0_.options as options4_0_0_, quiz0_.text as text5_0_0_, quiz0_.title as title6_0_0_ from quizzes quiz0_ where quiz0_.id=?
?[1;31m
Start test 200?[0m
Hibernate: select user0_.id as id1_3_, user0_.email as email2_3_, user0_.password as password3_3_ from users user0_ where user0_.email=?
Hibernate: select roles0_.user_id as user_id1_4_0_, roles0_.roles_id as roles_id2_4_0_, role1_.id as id1_1_1_, role1_.name as name2_1_1_ from users_roles roles0_ inner join roles role1_ on roles0_.roles_id=role1_.id where roles0_.user_id=?
Hibernate: select quiz0_.id as id1_0_0_, quiz0_.answer as answer2_0_0_, quiz0_.creator as creator3_0_0_, quiz0_.options as options4_0_0_, quiz0_.text as text5_0_0_, quiz0_.title as title6_0_0_ from quizzes quiz0_ where quiz0_.id=?
?[1;31m
Start test 201?[0m
Hibernate: select user0_.id as id1_3_, user0_.email as email2_3_, user0_.password as password3_3_ from users user0_ where user0_.email=?
Hibernate: select roles0_.user_id as user_id1_4_0_, roles0_.roles_id as roles_id2_4_0_, role1_.id as id1_1_1_, role1_.name as name2_1_1_ from users_roles roles0_ inner join roles role1_ on roles0_.roles_id=role1_.id where roles0_.user_id=?
Hibernate: select quiz0_.id as id1_0_0_, quiz0_.answer as answer2_0_0_, quiz0_.creator as creator3_0_0_, quiz0_.options as options4_0_0_, quiz0_.text as text5_0_0_, quiz0_.title as title6_0_0_ from quizzes quiz0_ where quiz0_.id=?
?[1;31m
Start test 202?[0m
Hibernate: select user0_.id as id1_3_, user0_.email as email2_3_, user0_.password as password3_3_ from users user0_ where user0_.email=?
Hibernate: select roles0_.user_id as user_id1_4_0_, roles0_.roles_id as roles_id2_4_0_, role1_.id as id1_1_1_, role1_.name as name2_1_1_ from users_roles roles0_ inner join roles role1_ on roles0_.roles_id=role1_.id where roles0_.user_id=?
Hibernate: select quiz0_.id as id1_0_0_, quiz0_.answer as answer2_0_0_, quiz0_.creator as creator3_0_0_, quiz0_.options as options4_0_0_, quiz0_.text as text5_0_0_, quiz0_.title as title6_0_0_ from quizzes quiz0_ where quiz0_.id=?
?[1;31m
Start test 203?[0m
Hibernate: select user0_.id as id1_3_, user0_.email as email2_3_, user0_.password as password3_3_ from users user0_ where user0_.email=?
Hibernate: select roles0_.user_id as user_id1_4_0_, roles0_.roles_id as roles_id2_4_0_, role1_.id as id1_1_1_, role1_.name as name2_1_1_ from users_roles roles0_ inner join roles role1_ on roles0_.roles_id=role1_.id where roles0_.user_id=?
Hibernate: select quiz0_.id as id1_0_0_, quiz0_.answer as answer2_0_0_, quiz0_.creator as creator3_0_0_, quiz0_.options as options4_0_0_, quiz0_.text as text5_0_0_, quiz0_.title as title6_0_0_ from quizzes quiz0_ where quiz0_.id=?
?[1;31m
Start test 204?[0m
Hibernate: select user0_.id as id1_3_, user0_.email as email2_3_, user0_.password as password3_3_ from users user0_ where user0_.email=?
Hibernate: select roles0_.user_id as user_id1_4_0_, roles0_.roles_id as roles_id2_4_0_, role1_.id as id1_1_1_, role1_.name as name2_1_1_ from users_roles roles0_ inner join roles role1_ on roles0_.roles_id=role1_.id where roles0_.user_id=?
Hibernate: select quiz0_.id as id1_0_0_, quiz0_.answer as answer2_0_0_, quiz0_.creator as creator3_0_0_, quiz0_.options as options4_0_0_, quiz0_.text as text5_0_0_, quiz0_.title as title6_0_0_ from quizzes quiz0_ where quiz0_.id=?
?[1;31m
Start test 205?[0m
Hibernate: select user0_.id as id1_3_, user0_.email as email2_3_, user0_.password as password3_3_ from users user0_ where user0_.email=?
Hibernate: select roles0_.user_id as user_id1_4_0_, roles0_.roles_id as roles_id2_4_0_, role1_.id as id1_1_1_, role1_.name as name2_1_1_ from users_roles roles0_ inner join roles role1_ on roles0_.roles_id=role1_.id where roles0_.user_id=?
Hibernate: select quiz0_.id as id1_0_0_, quiz0_.answer as answer2_0_0_, quiz0_.creator as creator3_0_0_, quiz0_.options as options4_0_0_, quiz0_.text as text5_0_0_, quiz0_.title as title6_0_0_ from quizzes quiz0_ where quiz0_.id=?
Hibernate: delete from quizzes where id=?
?[1;31m
Start test 206?[0m
Hibernate: select user0_.id as id1_3_, user0_.email as email2_3_, user0_.password as password3_3_ from users user0_ where user0_.email=?
Hibernate: select roles0_.user_id as user_id1_4_0_, roles0_.roles_id as roles_id2_4_0_, role1_.id as id1_1_1_, role1_.name as name2_1_1_ from users_roles roles0_ inner join roles role1_ on roles0_.roles_id=role1_.id where roles0_.user_id=?
Hibernate: select quiz0_.id as id1_0_0_, quiz0_.answer as answer2_0_0_, quiz0_.creator as creator3_0_0_, quiz0_.options as options4_0_0_, quiz0_.text as text5_0_0_, quiz0_.title as title6_0_0_ from quizzes quiz0_ where quiz0_.id=?
?[1;31m
Start test 207?[0m
Hibernate: select user0_.id as id1_3_, user0_.email as email2_3_, user0_.password as password3_3_ from users user0_ where user0_.email=?
Hibernate: select roles0_.user_id as user_id1_4_0_, roles0_.roles_id as roles_id2_4_0_, role1_.id as id1_1_1_, role1_.name as name2_1_1_ from users_roles roles0_ inner join roles role1_ on roles0_.roles_id=role1_.id where roles0_.user_id=?
Hibernate: select quiz0_.id as id1_0_0_, quiz0_.answer as answer2_0_0_, quiz0_.creator as creator3_0_0_, quiz0_.options as options4_0_0_, quiz0_.text as text5_0_0_, quiz0_.title as title6_0_0_ from quizzes quiz0_ where quiz0_.id=?
?[1;31m
Start test 208?[0m
Hibernate: select user0_.id as id1_3_, user0_.email as email2_3_, user0_.password as password3_3_ from users user0_ where user0_.email=?
Hibernate: select roles0_.user_id as user_id1_4_0_, roles0_.roles_id as roles_id2_4_0_, role1_.id as id1_1_1_, role1_.name as name2_1_1_ from users_roles roles0_ inner join roles role1_ on roles0_.roles_id=role1_.id where roles0_.user_id=?
Hibernate: select quiz0_.id as id1_0_0_, quiz0_.answer as answer2_0_0_, quiz0_.creator as creator3_0_0_, quiz0_.options as options4_0_0_, quiz0_.text as text5_0_0_, quiz0_.title as title6_0_0_ from quizzes quiz0_ where quiz0_.id=?
?[1;31m
Start test 209?[0m
Hibernate: select user0_.id as id1_3_, user0_.email as email2_3_, user0_.password as password3_3_ from users user0_ where user0_.email=?
Hibernate: select roles0_.user_id as user_id1_4_0_, roles0_.roles_id as roles_id2_4_0_, role1_.id as id1_1_1_, role1_.name as name2_1_1_ from users_roles roles0_ inner join roles role1_ on roles0_.roles_id=role1_.id where roles0_.user_id=?
Hibernate: select quiz0_.id as id1_0_0_, quiz0_.answer as answer2_0_0_, quiz0_.creator as creator3_0_0_, quiz0_.options as options4_0_0_, quiz0_.text as text5_0_0_, quiz0_.title as title6_0_0_ from quizzes quiz0_ where quiz0_.id=?
?[1;31m
Start test 210?[0m
Hibernate: select user0_.id as id1_3_, user0_.email as email2_3_, user0_.password as password3_3_ from users user0_ where user0_.email=?
Hibernate: select roles0_.user_id as user_id1_4_0_, roles0_.roles_id as roles_id2_4_0_, role1_.id as id1_1_1_, role1_.name as name2_1_1_ from users_roles roles0_ inner join roles role1_ on roles0_.roles_id=role1_.id where roles0_.user_id=?
Hibernate: select quiz0_.id as id1_0_0_, quiz0_.answer as answer2_0_0_, quiz0_.creator as creator3_0_0_, quiz0_.options as options4_0_0_, quiz0_.text as text5_0_0_, quiz0_.title as title6_0_0_ from quizzes quiz0_ where quiz0_.id=?
?[1;31m
Start test 211?[0m
Hibernate: select user0_.id as id1_3_, user0_.email as email2_3_, user0_.password as password3_3_ from users user0_ where user0_.email=?
Hibernate: select roles0_.user_id as user_id1_4_0_, roles0_.roles_id as roles_id2_4_0_, role1_.id as id1_1_1_, role1_.name as name2_1_1_ from users_roles roles0_ inner join roles role1_ on roles0_.roles_id=role1_.id where roles0_.user_id=?
Hibernate: select quiz0_.id as id1_0_0_, quiz0_.answer as answer2_0_0_, quiz0_.creator as creator3_0_0_, quiz0_.options as options4_0_0_, quiz0_.text as text5_0_0_, quiz0_.title as title6_0_0_ from quizzes quiz0_ where quiz0_.id=?
?[1;31m
Start test 212?[0m
Hibernate: select user0_.id as id1_3_, user0_.email as email2_3_, user0_.password as password3_3_ from users user0_ where user0_.email=?
Hibernate: select roles0_.user_id as user_id1_4_0_, roles0_.roles_id as roles_id2_4_0_, role1_.id as id1_1_1_, role1_.name as name2_1_1_ from users_roles roles0_ inner join roles role1_ on roles0_.roles_id=role1_.id where roles0_.user_id=?
Hibernate: select quiz0_.id as id1_0_, quiz0_.answer as answer2_0_, quiz0_.creator as creator3_0_, quiz0_.options as options4_0_, quiz0_.text as text5_0_, quiz0_.title as title6_0_ from quizzes quiz0_ limit ?
?[1;31m
Start test 213?[0m
Hibernate: select user0_.id as id1_3_, user0_.email as email2_3_, user0_.password as password3_3_ from users user0_ where user0_.email=?
Hibernate: select roles0_.user_id as user_id1_4_0_, roles0_.roles_id as roles_id2_4_0_, role1_.id as id1_1_1_, role1_.name as name2_1_1_ from users_roles roles0_ inner join roles role1_ on roles0_.roles_id=role1_.id where roles0_.user_id=?
Hibernate: select quiz0_.id as id1_0_, quiz0_.answer as answer2_0_, quiz0_.creator as creator3_0_, quiz0_.options as options4_0_, quiz0_.text as text5_0_, quiz0_.title as title6_0_ from quizzes quiz0_ limit ?
?[1;31m
Start test 214?[0m
Hibernate: select user0_.id as id1_3_, user0_.email as email2_3_, user0_.password as password3_3_ from users user0_ where user0_.email=?
Hibernate: select roles0_.user_id as user_id1_4_0_, roles0_.roles_id as roles_id2_4_0_, role1_.id as id1_1_1_, role1_.name as name2_1_1_ from users_roles roles0_ inner join roles role1_ on roles0_.roles_id=role1_.id where roles0_.user_id=?
Hibernate: select quiz0_.id as id1_0_0_, quiz0_.answer as answer2_0_0_, quiz0_.creator as creator3_0_0_, quiz0_.options as options4_0_0_, quiz0_.text as text5_0_0_, quiz0_.title as title6_0_0_ from quizzes quiz0_ where quiz0_.id=?
?[1;31m
Start test 215?[0m
Hibernate: select user0_.id as id1_3_, user0_.email as email2_3_, user0_.password as password3_3_ from users user0_ where user0_.email=?
Hibernate: select roles0_.user_id as user_id1_4_0_, roles0_.roles_id as roles_id2_4_0_, role1_.id as id1_1_1_, role1_.name as name2_1_1_ from users_roles roles0_ inner join roles role1_ on roles0_.roles_id=role1_.id where roles0_.user_id=?
Hibernate: select quiz0_.id as id1_0_0_, quiz0_.answer as answer2_0_0_, quiz0_.creator as creator3_0_0_, quiz0_.options as options4_0_0_, quiz0_.text as text5_0_0_, quiz0_.title as title6_0_0_ from quizzes quiz0_ where quiz0_.id=?
?[1;31m
Start test 216?[0m
Hibernate: select user0_.id as id1_3_, user0_.email as email2_3_, user0_.password as password3_3_ from users user0_ where user0_.email=?
Hibernate: select roles0_.user_id as user_id1_4_0_, roles0_.roles_id as roles_id2_4_0_, role1_.id as id1_1_1_, role1_.name as name2_1_1_ from users_roles roles0_ inner join roles role1_ on roles0_.roles_id=role1_.id where roles0_.user_id=?
Hibernate: select quiz0_.id as id1_0_0_, quiz0_.answer as answer2_0_0_, quiz0_.creator as creator3_0_0_, quiz0_.options as options4_0_0_, quiz0_.text as text5_0_0_, quiz0_.title as title6_0_0_ from quizzes quiz0_ where quiz0_.id=?
?[1;31m
Start test 217?[0m
Hibernate: select user0_.id as id1_3_, user0_.email as email2_3_, user0_.password as password3_3_ from users user0_ where user0_.email=?
Hibernate: select roles0_.user_id as user_id1_4_0_, roles0_.roles_id as roles_id2_4_0_, role1_.id as id1_1_1_, role1_.name as name2_1_1_ from users_roles roles0_ inner join roles role1_ on roles0_.roles_id=role1_.id where roles0_.user_id=?
Hibernate: select quiz0_.id as id1_0_0_, quiz0_.answer as answer2_0_0_, quiz0_.creator as creator3_0_0_, quiz0_.options as options4_0_0_, quiz0_.text as text5_0_0_, quiz0_.title as title6_0_0_ from quizzes quiz0_ where quiz0_.id=?
?[1;31m
Start test 218?[0m
Hibernate: select user0_.id as id1_3_, user0_.email as email2_3_, user0_.password as password3_3_ from users user0_ where user0_.email=?
Hibernate: select roles0_.user_id as user_id1_4_0_, roles0_.roles_id as roles_id2_4_0_, role1_.id as id1_1_1_, role1_.name as name2_1_1_ from users_roles roles0_ inner join roles role1_ on roles0_.roles_id=role1_.id where roles0_.user_id=?
Hibernate: call next value for hibernate_sequence
Hibernate: insert into quizzes (answer, creator, options, text, title, id) values (?, ?, ?, ?, ?, ?)
?[1;31m
Start test 219?[0m
Hibernate: select user0_.id as id1_3_, user0_.email as email2_3_, user0_.password as password3_3_ from users user0_ where user0_.email=?
Hibernate: select roles0_.user_id as user_id1_4_0_, roles0_.roles_id as roles_id2_4_0_, role1_.id as id1_1_1_, role1_.name as name2_1_1_ from users_roles roles0_ inner join roles role1_ on roles0_.roles_id=role1_.id where roles0_.user_id=?
Hibernate: call next value for hibernate_sequence
Hibernate: insert into quizzes (answer, creator, options, text, title, id) values (?, ?, ?, ?, ?, ?)
?[1;31m
Start test 220?[0m
Hibernate: select user0_.id as id1_3_, user0_.email as email2_3_, user0_.password as password3_3_ from users user0_ where user0_.email=?
Hibernate: select roles0_.user_id as user_id1_4_0_, roles0_.roles_id as roles_id2_4_0_, role1_.id as id1_1_1_, role1_.name as name2_1_1_ from users_roles roles0_ inner join roles role1_ on roles0_.roles_id=role1_.id where roles0_.user_id=?
Hibernate: call next value for hibernate_sequence
Hibernate: insert into quizzes (answer, creator, options, text, title, id) values (?, ?, ?, ?, ?, ?)
?[1;31m
Start test 221?[0m
Hibernate: select user0_.id as id1_3_, user0_.email as email2_3_, user0_.password as password3_3_ from users user0_ where user0_.email=?
Hibernate: select roles0_.user_id as user_id1_4_0_, roles0_.roles_id as roles_id2_4_0_, role1_.id as id1_1_1_, role1_.name as name2_1_1_ from users_roles roles0_ inner join roles role1_ on roles0_.roles_id=role1_.id where roles0_.user_id=?
Hibernate: call next value for hibernate_sequence
Hibernate: insert into quizzes (answer, creator, options, text, title, id) values (?, ?, ?, ?, ?, ?)
?[1;31m
Start test 222?[0m
Hibernate: select user0_.id as id1_3_, user0_.email as email2_3_, user0_.password as password3_3_ from users user0_ where user0_.email=?
Hibernate: select roles0_.user_id as user_id1_4_0_, roles0_.roles_id as roles_id2_4_0_, role1_.id as id1_1_1_, role1_.name as name2_1_1_ from users_roles roles0_ inner join roles role1_ on roles0_.roles_id=role1_.id where roles0_.user_id=?
Hibernate: call next value for hibernate_sequence
Hibernate: insert into quizzes (answer, creator, options, text, title, id) values (?, ?, ?, ?, ?, ?)
?[1;31m
Start test 223?[0m
Hibernate: select user0_.id as id1_3_, user0_.email as email2_3_, user0_.password as password3_3_ from users user0_ where user0_.email=?
Hibernate: select roles0_.user_id as user_id1_4_0_, roles0_.roles_id as roles_id2_4_0_, role1_.id as id1_1_1_, role1_.name as name2_1_1_ from users_roles roles0_ inner join roles role1_ on roles0_.roles_id=role1_.id where roles0_.user_id=?
Hibernate: call next value for hibernate_sequence
Hibernate: insert into quizzes (answer, creator, options, text, title, id) values (?, ?, ?, ?, ?, ?)
?[1;31m
Start test 224?[0m
Hibernate: select user0_.id as id1_3_, user0_.email as email2_3_, user0_.password as password3_3_ from users user0_ where user0_.email=?
Hibernate: select roles0_.user_id as user_id1_4_0_, roles0_.roles_id as roles_id2_4_0_, role1_.id as id1_1_1_, role1_.name as name2_1_1_ from users_roles roles0_ inner join roles role1_ on roles0_.roles_id=role1_.id where roles0_.user_id=?
Hibernate: call next value for hibernate_sequence
Hibernate: insert into quizzes (answer, creator, options, text, title, id) values (?, ?, ?, ?, ?, ?)
?[1;31m
Start test 225?[0m
Hibernate: select user0_.id as id1_3_, user0_.email as email2_3_, user0_.password as password3_3_ from users user0_ where user0_.email=?
Hibernate: select roles0_.user_id as user_id1_4_0_, roles0_.roles_id as roles_id2_4_0_, role1_.id as id1_1_1_, role1_.name as name2_1_1_ from users_roles roles0_ inner join roles role1_ on roles0_.roles_id=role1_.id where roles0_.user_id=?
Hibernate: call next value for hibernate_sequence
Hibernate: insert into quizzes (answer, creator, options, text, title, id) values (?, ?, ?, ?, ?, ?)
?[1;31m
Start test 226?[0m
Hibernate: select user0_.id as id1_3_, user0_.email as email2_3_, user0_.password as password3_3_ from users user0_ where user0_.email=?
Hibernate: select roles0_.user_id as user_id1_4_0_, roles0_.roles_id as roles_id2_4_0_, role1_.id as id1_1_1_, role1_.name as name2_1_1_ from users_roles roles0_ inner join roles role1_ on roles0_.roles_id=role1_.id where roles0_.user_id=?
Hibernate: call next value for hibernate_sequence
Hibernate: insert into quizzes (answer, creator, options, text, title, id) values (?, ?, ?, ?, ?, ?)
?[1;31m
Start test 227?[0m
Hibernate: select user0_.id as id1_3_, user0_.email as email2_3_, user0_.password as password3_3_ from users user0_ where user0_.email=?
Hibernate: select roles0_.user_id as user_id1_4_0_, roles0_.roles_id as roles_id2_4_0_, role1_.id as id1_1_1_, role1_.name as name2_1_1_ from users_roles roles0_ inner join roles role1_ on roles0_.roles_id=role1_.id where roles0_.user_id=?
Hibernate: call next value for hibernate_sequence
Hibernate: insert into quizzes (answer, creator, options, text, title, id) values (?, ?, ?, ?, ?, ?)
?[1;31m
Start test 228?[0m
Hibernate: select user0_.id as id1_3_, user0_.email as email2_3_, user0_.password as password3_3_ from users user0_ where user0_.email=?
Hibernate: select roles0_.user_id as user_id1_4_0_, roles0_.roles_id as roles_id2_4_0_, role1_.id as id1_1_1_, role1_.name as name2_1_1_ from users_roles roles0_ inner join roles role1_ on roles0_.roles_id=role1_.id where roles0_.user_id=?
Hibernate: select quiz0_.id as id1_0_, quiz0_.answer as answer2_0_, quiz0_.creator as creator3_0_, quiz0_.options as options4_0_, quiz0_.text as text5_0_, quiz0_.title as title6_0_ from quizzes quiz0_ limit ?
Hibernate: select count(quiz0_.id) as col_0_0_ from quizzes quiz0_
?[1;31m
Start test 229?[0m
Hibernate: select user0_.id as id1_3_, user0_.email as email2_3_, user0_.password as password3_3_ from users user0_ where user0_.email=?
Hibernate: select roles0_.user_id as user_id1_4_0_, roles0_.roles_id as roles_id2_4_0_, role1_.id as id1_1_1_, role1_.name as name2_1_1_ from users_roles roles0_ inner join roles role1_ on roles0_.roles_id=role1_.id where roles0_.user_id=?
Hibernate: select quiz0_.id as id1_0_, quiz0_.answer as answer2_0_, quiz0_.creator as creator3_0_, quiz0_.options as options4_0_, quiz0_.text as text5_0_, quiz0_.title as title6_0_ from quizzes quiz0_ limit ?
Hibernate: select count(quiz0_.id) as col_0_0_ from quizzes quiz0_
?[1;31m
Start test 230?[0m
Hibernate: select user0_.id as id1_3_, user0_.email as email2_3_, user0_.password as password3_3_ from users user0_ where user0_.email=?
Hibernate: select roles0_.user_id as user_id1_4_0_, roles0_.roles_id as roles_id2_4_0_, role1_.id as id1_1_1_, role1_.name as name2_1_1_ from users_roles roles0_ inner join roles role1_ on roles0_.roles_id=role1_.id where roles0_.user_id=?
Hibernate: select quiz0_.id as id1_0_, quiz0_.answer as answer2_0_, quiz0_.creator as creator3_0_, quiz0_.options as options4_0_, quiz0_.text as text5_0_, quiz0_.title as title6_0_ from quizzes quiz0_ limit ? offset ?
?[1;31m
Start test 231?[0m
Hibernate: select user0_.id as id1_3_, user0_.email as email2_3_, user0_.password as password3_3_ from users user0_ where user0_.email=?
Hibernate: select roles0_.user_id as user_id1_4_0_, roles0_.roles_id as roles_id2_4_0_, role1_.id as id1_1_1_, role1_.name as name2_1_1_ from users_roles roles0_ inner join roles role1_ on roles0_.roles_id=role1_.id where roles0_.user_id=?
Hibernate: select quiz0_.id as id1_0_, quiz0_.answer as answer2_0_, quiz0_.creator as creator3_0_, quiz0_.options as options4_0_, quiz0_.text as text5_0_, quiz0_.title as title6_0_ from quizzes quiz0_ limit ? offset ?
]]></system-out>
  <system-err><![CDATA[]]></system-err>
</testsuite>
