<?xml version="1.0" encoding="UTF-8"?>
<testsuite name="tests.WebQuizEngineTest" tests="1" skipped="0" failures="0" errors="0" timestamp="2021-04-21T19:54:04" hostname="MacBook-Air-Petr.local" time="11.406">
  <properties/>
  <testcase name="start" classname="tests.WebQuizEngineTest" time="11.406"/>
  <system-out><![CDATA[?[1;31m
Start test 1?[0m

  .   ____          _            __ _ _
 /\\ / ___'_ __ _ _(_)_ __  __ _ \ \ \ \
( ( )\___ | '_ | '_| | '_ \/ _` | \ \ \ \
 \\/  ___)| |_)| | | | | || (_| |  ) ) ) )
  '  |____| .__|_| |_|_| |_\__, | / / / /
 =========|_|==============|___/=/_/_/_/
 :: Spring Boot ::        (v2.2.2.RELEASE)

2021-04-21 22:54:10.274  INFO 17852 --- [    Test worker] engine.WebQuizEngine                     : Starting WebQuizEngine on MacBook-Air-Petr.local with PID 17852 (started by petrkireev in /Users/petrkireev/IdeaProjects/Web Quiz Engine/Web Quiz Engine/task)
2021-04-21 22:54:10.280  INFO 17852 --- [    Test worker] engine.WebQuizEngine                     : No active profile set, falling back to default profiles: default
2021-04-21 22:54:12.848  INFO 17852 --- [    Test worker] o.s.b.w.embedded.tomcat.TomcatWebServer  : Tomcat initialized with port(s): 8889 (http)
2021-04-21 22:54:12.873  INFO 17852 --- [    Test worker] o.apache.catalina.core.StandardService   : Starting service [Tomcat]
2021-04-21 22:54:12.874  INFO 17852 --- [    Test worker] org.apache.catalina.core.StandardEngine  : Starting Servlet engine: [Apache Tomcat/9.0.29]
2021-04-21 22:54:13.079  INFO 17852 --- [    Test worker] o.a.c.c.C.[Tomcat].[localhost].[/]       : Initializing Spring embedded WebApplicationContext
2021-04-21 22:54:13.079  INFO 17852 --- [    Test worker] o.s.web.context.ContextLoader            : Root WebApplicationContext: initialization completed in 2713 ms
2021-04-21 22:54:13.697  INFO 17852 --- [    Test worker] o.s.s.concurrent.ThreadPoolTaskExecutor  : Initializing ExecutorService 'applicationTaskExecutor'
2021-04-21 22:54:14.072  INFO 17852 --- [    Test worker] o.s.b.a.e.web.EndpointLinksResolver      : Exposing 14 endpoint(s) beneath base path '/actuator'
2021-04-21 22:54:14.166  INFO 17852 --- [    Test worker] o.s.b.w.embedded.tomcat.TomcatWebServer  : Tomcat started on port(s): 8889 (http) with context path ''
2021-04-21 22:54:14.178  INFO 17852 --- [    Test worker] engine.WebQuizEngine                     : Started WebQuizEngine in 9.648 seconds (JVM running for 11.008)
2021-04-21 22:54:14.934  INFO 17852 --- [nio-8889-exec-1] o.a.c.c.C.[Tomcat].[localhost].[/]       : Initializing Spring DispatcherServlet 'dispatcherServlet'
2021-04-21 22:54:14.936  INFO 17852 --- [nio-8889-exec-1] o.s.web.servlet.DispatcherServlet        : Initializing Servlet 'dispatcherServlet'
2021-04-21 22:54:14.949  INFO 17852 --- [nio-8889-exec-1] o.s.web.servlet.DispatcherServlet        : Completed initialization in 12 ms
?[1;31m
Start test 2?[0m
?[1;31m
Start test 3?[0m
?[1;31m
Start test 4?[0m
?[1;31m
Start test 5?[0m
?[1;31m
Start test 6?[0m
?[1;31m
Start test 7?[0m
?[1;31m
Start test 8?[0m
?[1;31m
Start test 9?[0m
?[1;31m
Start test 10?[0m
id: 0
title: The Java Logo
answer: 2

?[1;31m
Start test 11?[0m
id: 0
title: The Java Logo
answer: 2

?[1;31m
Start test 12?[0m
id: 0
title: The Java Logo
answer: 2

?[1;31m
Start test 13?[0m
id: 0
title: The Java Logo
answer: 2

?[1;31m
Start test 14?[0m
id: 1
title: The Ultimate Question
answer: 1

?[1;31m
Start test 15?[0m
id: 1
title: The Ultimate Question
answer: 1

?[1;31m
Start test 16?[0m
id: 1
title: The Ultimate Question
answer: 1

?[1;31m
Start test 17?[0m
id: 1
title: The Ultimate Question
answer: 1

]]></system-out>
  <system-err><![CDATA[]]></system-err>
</testsuite>
